<?xml version="1.0" encoding="UTF-8"?>
<coverage generated="1661592942934" clover="3.2.0">
  <project timestamp="1661592942934" name="All files">
    <metrics statements="2396" coveredstatements="1840" conditionals="588" coveredconditionals="269" methods="290" coveredmethods="205" elements="3274" coveredelements="2314" complexity="0" loc="2396" ncloc="2396" packages="44" files="178" classes="178"/>
    <package name="backend">
      <metrics statements="69" coveredstatements="54" conditionals="8" coveredconditionals="3" methods="5" coveredmethods="2"/>
      <file name="app.js" path="/home/zoutigo/projets/school-platform/backend/app.js">
        <metrics statements="69" coveredstatements="54" conditionals="8" coveredconditionals="3" methods="5" coveredmethods="2"/>
        <line num="2" count="39" type="stmt"/>
        <line num="3" count="39" type="stmt"/>
        <line num="4" count="39" type="stmt"/>
        <line num="5" count="39" type="stmt"/>
        <line num="6" count="39" type="stmt"/>
        <line num="7" count="39" type="stmt"/>
        <line num="9" count="39" type="stmt"/>
        <line num="11" count="39" type="stmt"/>
        <line num="14" count="39" type="stmt"/>
        <line num="15" count="39" type="stmt"/>
        <line num="16" count="39" type="stmt"/>
        <line num="17" count="39" type="stmt"/>
        <line num="18" count="39" type="stmt"/>
        <line num="19" count="39" type="stmt"/>
        <line num="20" count="39" type="stmt"/>
        <line num="21" count="39" type="stmt"/>
        <line num="22" count="39" type="stmt"/>
        <line num="39" count="39" type="stmt"/>
        <line num="40" count="39" type="stmt"/>
        <line num="41" count="39" type="stmt"/>
        <line num="42" count="39" type="stmt"/>
        <line num="43" count="39" type="stmt"/>
        <line num="48" count="39" type="stmt"/>
        <line num="50" count="39" type="stmt"/>
        <line num="54" count="39" type="stmt"/>
        <line num="56" count="39" type="cond" truecount="1" falsecount="1"/>
        <line num="57" count="0" type="stmt"/>
        <line num="61" count="0" type="stmt"/>
        <line num="64" count="39" type="stmt"/>
        <line num="66" count="39" type="stmt"/>
        <line num="71" count="311" type="cond" truecount="1" falsecount="1"/>
        <line num="72" count="0" type="cond" truecount="0" falsecount="2"/>
        <line num="74" count="0" type="stmt"/>
        <line num="76" count="0" type="stmt"/>
        <line num="78" count="0" type="stmt"/>
        <line num="84" count="39" type="stmt"/>
        <line num="85" count="0" type="stmt"/>
        <line num="86" count="0" type="stmt"/>
        <line num="87" count="0" type="stmt"/>
        <line num="91" count="0" type="stmt"/>
        <line num="94" count="39" type="stmt"/>
        <line num="95" count="39" type="stmt"/>
        <line num="96" count="39" type="stmt"/>
        <line num="97" count="39" type="stmt"/>
        <line num="99" count="39" type="stmt"/>
        <line num="100" count="39" type="stmt"/>
        <line num="101" count="39" type="stmt"/>
        <line num="104" count="39" type="stmt"/>
        <line num="108" count="39" type="stmt"/>
        <line num="109" count="39" type="stmt"/>
        <line num="110" count="39" type="stmt"/>
        <line num="111" count="39" type="stmt"/>
        <line num="112" count="39" type="stmt"/>
        <line num="113" count="39" type="stmt"/>
        <line num="114" count="39" type="stmt"/>
        <line num="115" count="39" type="stmt"/>
        <line num="116" count="39" type="stmt"/>
        <line num="117" count="39" type="stmt"/>
        <line num="138" count="39" type="stmt"/>
        <line num="140" count="39" type="cond" truecount="1" falsecount="1"/>
        <line num="141" count="0" type="stmt"/>
        <line num="142" count="0" type="stmt"/>
        <line num="143" count="0" type="stmt"/>
        <line num="144" count="0" type="stmt"/>
        <line num="149" count="39" type="stmt"/>
        <line num="151" count="39" type="stmt"/>
        <line num="152" count="39" type="stmt"/>
        <line num="153" count="0" type="stmt"/>
        <line num="155" count="39" type="stmt"/>
      </file>
    </package>
    <package name="backend.config">
      <metrics statements="4" coveredstatements="4" conditionals="0" coveredconditionals="0" methods="0" coveredmethods="0"/>
      <file name="database.js" path="/home/zoutigo/projets/school-platform/backend/config/database.js">
        <metrics statements="4" coveredstatements="4" conditionals="0" coveredconditionals="0" methods="0" coveredmethods="0"/>
        <line num="1" count="39" type="stmt"/>
        <line num="3" count="39" type="stmt"/>
        <line num="5" count="39" type="stmt"/>
        <line num="23" count="39" type="stmt"/>
      </file>
    </package>
    <package name="backend.constants">
      <metrics statements="57" coveredstatements="24" conditionals="30" coveredconditionals="0" methods="3" coveredmethods="0"/>
      <file name="albumLink.js" path="/home/zoutigo/projets/school-platform/backend/constants/albumLink.js">
        <metrics statements="17" coveredstatements="2" conditionals="14" coveredconditionals="0" methods="1" coveredmethods="0"/>
        <line num="1" count="39" type="stmt"/>
        <line num="2" count="0" type="cond" truecount="0" falsecount="14"/>
        <line num="4" count="0" type="stmt"/>
        <line num="6" count="0" type="stmt"/>
        <line num="8" count="0" type="stmt"/>
        <line num="10" count="0" type="stmt"/>
        <line num="12" count="0" type="stmt"/>
        <line num="14" count="0" type="stmt"/>
        <line num="16" count="0" type="stmt"/>
        <line num="18" count="0" type="stmt"/>
        <line num="20" count="0" type="stmt"/>
        <line num="22" count="0" type="stmt"/>
        <line num="24" count="0" type="stmt"/>
        <line num="26" count="0" type="stmt"/>
        <line num="28" count="0" type="stmt"/>
        <line num="31" count="0" type="stmt"/>
        <line num="35" count="39" type="stmt"/>
      </file>
      <file name="classroomAliasses.js" path="/home/zoutigo/projets/school-platform/backend/constants/classroomAliasses.js">
        <metrics statements="2" coveredstatements="2" conditionals="0" coveredconditionals="0" methods="0" coveredmethods="0"/>
        <line num="1" count="39" type="stmt"/>
        <line num="13" count="39" type="stmt"/>
      </file>
      <file name="imageMimeTypes.js" path="/home/zoutigo/projets/school-platform/backend/constants/imageMimeTypes.js">
        <metrics statements="2" coveredstatements="2" conditionals="0" coveredconditionals="0" methods="0" coveredmethods="0"/>
        <line num="1" count="39" type="stmt"/>
        <line num="9" count="39" type="stmt"/>
      </file>
      <file name="includes.js" path="/home/zoutigo/projets/school-platform/backend/constants/includes.js">
        <metrics statements="3" coveredstatements="3" conditionals="0" coveredconditionals="0" methods="0" coveredmethods="0"/>
        <line num="1" count="39" type="stmt"/>
        <line num="2" count="39" type="stmt"/>
        <line num="4" count="39" type="stmt"/>
      </file>
      <file name="inlinerOptions.js" path="/home/zoutigo/projets/school-platform/backend/constants/inlinerOptions.js">
        <metrics statements="1" coveredstatements="1" conditionals="0" coveredconditionals="0" methods="0" coveredmethods="0"/>
        <line num="1" count="39" type="stmt"/>
      </file>
      <file name="maxsize.js" path="/home/zoutigo/projets/school-platform/backend/constants/maxsize.js">
        <metrics statements="2" coveredstatements="2" conditionals="0" coveredconditionals="0" methods="0" coveredmethods="0"/>
        <line num="1" count="39" type="stmt"/>
        <line num="2" count="39" type="stmt"/>
      </file>
      <file name="pageRawContent.js" path="/home/zoutigo/projets/school-platform/backend/constants/pageRawContent.js">
        <metrics statements="1" coveredstatements="1" conditionals="0" coveredconditionals="0" methods="0" coveredmethods="0"/>
        <line num="1" count="39" type="stmt"/>
      </file>
      <file name="paperLink.js" path="/home/zoutigo/projets/school-platform/backend/constants/paperLink.js">
        <metrics statements="11" coveredstatements="2" conditionals="8" coveredconditionals="0" methods="1" coveredmethods="0"/>
        <line num="1" count="39" type="stmt"/>
        <line num="2" count="0" type="cond" truecount="0" falsecount="8"/>
        <line num="4" count="0" type="stmt"/>
        <line num="6" count="0" type="stmt"/>
        <line num="8" count="0" type="stmt"/>
        <line num="10" count="0" type="stmt"/>
        <line num="12" count="0" type="stmt"/>
        <line num="14" count="0" type="stmt"/>
        <line num="16" count="0" type="stmt"/>
        <line num="19" count="0" type="stmt"/>
        <line num="23" count="39" type="stmt"/>
      </file>
      <file name="paperVariantList.js" path="/home/zoutigo/projets/school-platform/backend/constants/paperVariantList.js">
        <metrics statements="2" coveredstatements="2" conditionals="0" coveredconditionals="0" methods="0" coveredmethods="0"/>
        <line num="1" count="48" type="stmt"/>
        <line num="13" count="48" type="stmt"/>
      </file>
      <file name="paperintrotext.js" path="/home/zoutigo/projets/school-platform/backend/constants/paperintrotext.js">
        <metrics statements="11" coveredstatements="2" conditionals="8" coveredconditionals="0" methods="1" coveredmethods="0"/>
        <line num="1" count="39" type="stmt"/>
        <line num="2" count="0" type="cond" truecount="0" falsecount="8"/>
        <line num="4" count="0" type="stmt"/>
        <line num="6" count="0" type="stmt"/>
        <line num="8" count="0" type="stmt"/>
        <line num="10" count="0" type="stmt"/>
        <line num="12" count="0" type="stmt"/>
        <line num="14" count="0" type="stmt"/>
        <line num="16" count="0" type="stmt"/>
        <line num="19" count="0" type="stmt"/>
        <line num="23" count="39" type="stmt"/>
      </file>
      <file name="regex.js" path="/home/zoutigo/projets/school-platform/backend/constants/regex.js">
        <metrics statements="1" coveredstatements="1" conditionals="0" coveredconditionals="0" methods="0" coveredmethods="0"/>
        <line num="1" count="39" type="stmt"/>
      </file>
      <file name="testFolders.js" path="/home/zoutigo/projets/school-platform/backend/constants/testFolders.js">
        <metrics statements="2" coveredstatements="2" conditionals="0" coveredconditionals="0" methods="0" coveredmethods="0"/>
        <line num="1" count="15" type="stmt"/>
        <line num="2" count="15" type="stmt"/>
      </file>
      <file name="texts.js" path="/home/zoutigo/projets/school-platform/backend/constants/texts.js">
        <metrics statements="2" coveredstatements="2" conditionals="0" coveredconditionals="0" methods="0" coveredmethods="0"/>
        <line num="1" count="39" type="stmt"/>
        <line num="2" count="39" type="stmt"/>
      </file>
    </package>
    <package name="backend.database">
      <metrics statements="2" coveredstatements="2" conditionals="0" coveredconditionals="0" methods="0" coveredmethods="0"/>
      <file name="config.js" path="/home/zoutigo/projets/school-platform/backend/database/config.js">
        <metrics statements="2" coveredstatements="2" conditionals="0" coveredconditionals="0" methods="0" coveredmethods="0"/>
        <line num="1" count="48" type="stmt"/>
        <line num="3" count="48" type="stmt"/>
      </file>
    </package>
    <package name="backend.database.models">
      <metrics statements="130" coveredstatements="129" conditionals="29" coveredconditionals="18" methods="42" coveredmethods="40"/>
      <file name="albums.js" path="/home/zoutigo/projets/school-platform/backend/database/models/albums.js">
        <metrics statements="13" coveredstatements="13" conditionals="4" coveredconditionals="2" methods="4" coveredmethods="4"/>
        <line num="1" count="48" type="stmt"/>
        <line num="2" count="48" type="stmt"/>
        <line num="4" count="48" type="stmt"/>
        <line num="12" count="48" type="stmt"/>
        <line num="17" count="48" type="stmt"/>
        <line num="20" count="48" type="stmt"/>
        <line num="68" count="13" type="stmt"/>
        <line num="70" count="13" type="cond" truecount="1" falsecount="1"/>
        <line num="72" count="13" type="stmt"/>
        <line num="76" count="14" type="stmt"/>
        <line num="77" count="14" type="cond" truecount="1" falsecount="1"/>
        <line num="79" count="14" type="stmt"/>
        <line num="89" count="48" type="stmt"/>
      </file>
      <file name="cards.js" path="/home/zoutigo/projets/school-platform/backend/database/models/cards.js">
        <metrics statements="14" coveredstatements="14" conditionals="4" coveredconditionals="2" methods="5" coveredmethods="5"/>
        <line num="1" count="48" type="stmt"/>
        <line num="2" count="48" type="stmt"/>
        <line num="4" count="48" type="stmt"/>
        <line num="12" count="48" type="stmt"/>
        <line num="17" count="48" type="stmt"/>
        <line num="21" count="10" type="stmt"/>
        <line num="24" count="48" type="stmt"/>
        <line num="75" count="6" type="stmt"/>
        <line num="77" count="6" type="cond" truecount="1" falsecount="1"/>
        <line num="79" count="6" type="stmt"/>
        <line num="83" count="1" type="stmt"/>
        <line num="84" count="1" type="cond" truecount="1" falsecount="1"/>
        <line num="86" count="1" type="stmt"/>
        <line num="96" count="48" type="stmt"/>
      </file>
      <file name="dialogs.js" path="/home/zoutigo/projets/school-platform/backend/database/models/dialogs.js">
        <metrics statements="4" coveredstatements="4" conditionals="0" coveredconditionals="0" methods="2" coveredmethods="2"/>
        <line num="1" count="48" type="stmt"/>
        <line num="3" count="48" type="stmt"/>
        <line num="14" count="48" type="stmt"/>
        <line num="55" count="48" type="stmt"/>
      </file>
      <file name="entities.js" path="/home/zoutigo/projets/school-platform/backend/database/models/entities.js">
        <metrics statements="17" coveredstatements="17" conditionals="4" coveredconditionals="2" methods="4" coveredmethods="4"/>
        <line num="1" count="48" type="stmt"/>
        <line num="2" count="48" type="stmt"/>
        <line num="4" count="48" type="stmt"/>
        <line num="12" count="48" type="stmt"/>
        <line num="18" count="48" type="stmt"/>
        <line num="20" count="48" type="stmt"/>
        <line num="25" count="48" type="stmt"/>
        <line num="27" count="48" type="stmt"/>
        <line num="32" count="48" type="stmt"/>
        <line num="35" count="48" type="stmt"/>
        <line num="77" count="33" type="stmt"/>
        <line num="79" count="33" type="cond" truecount="1" falsecount="1"/>
        <line num="81" count="33" type="stmt"/>
        <line num="85" count="12" type="stmt"/>
        <line num="86" count="12" type="cond" truecount="1" falsecount="1"/>
        <line num="88" count="12" type="stmt"/>
        <line num="98" count="48" type="stmt"/>
      </file>
      <file name="files.js" path="/home/zoutigo/projets/school-platform/backend/database/models/files.js">
        <metrics statements="4" coveredstatements="4" conditionals="0" coveredconditionals="0" methods="2" coveredmethods="2"/>
        <line num="1" count="48" type="stmt"/>
        <line num="3" count="48" type="stmt"/>
        <line num="14" count="48" type="stmt"/>
        <line num="54" count="48" type="stmt"/>
      </file>
      <file name="index.js" path="/home/zoutigo/projets/school-platform/backend/database/models/index.js">
        <metrics statements="20" coveredstatements="19" conditionals="9" coveredconditionals="6" methods="3" coveredmethods="3"/>
        <line num="3" count="48" type="stmt"/>
        <line num="4" count="48" type="stmt"/>
        <line num="5" count="48" type="stmt"/>
        <line num="7" count="48" type="stmt"/>
        <line num="8" count="48" type="cond" truecount="1" falsecount="1"/>
        <line num="11" count="48" type="stmt"/>
        <line num="12" count="48" type="stmt"/>
        <line num="15" count="48" type="cond" truecount="1" falsecount="1"/>
        <line num="16" count="0" type="stmt"/>
        <line num="18" count="48" type="stmt"/>
        <line num="26" count="48" type="stmt"/>
        <line num="28" count="672" type="stmt"/>
        <line num="34" count="624" type="stmt"/>
        <line num="38" count="624" type="stmt"/>
        <line num="41" count="48" type="stmt"/>
        <line num="42" count="528" type="cond" truecount="1" falsecount="1"/>
        <line num="43" count="528" type="stmt"/>
        <line num="47" count="48" type="stmt"/>
        <line num="48" count="48" type="stmt"/>
        <line num="50" count="48" type="stmt"/>
      </file>
      <file name="mails.js" path="/home/zoutigo/projets/school-platform/backend/database/models/mails.js">
        <metrics statements="4" coveredstatements="4" conditionals="0" coveredconditionals="0" methods="2" coveredmethods="1"/>
        <line num="1" count="48" type="stmt"/>
        <line num="3" count="48" type="stmt"/>
        <line num="14" count="48" type="stmt"/>
        <line num="25" count="48" type="stmt"/>
      </file>
      <file name="pages.js" path="/home/zoutigo/projets/school-platform/backend/database/models/pages.js">
        <metrics statements="11" coveredstatements="11" conditionals="4" coveredconditionals="2" methods="4" coveredmethods="4"/>
        <line num="1" count="48" type="stmt"/>
        <line num="2" count="48" type="stmt"/>
        <line num="4" count="48" type="stmt"/>
        <line num="15" count="48" type="stmt"/>
        <line num="55" count="9" type="stmt"/>
        <line num="57" count="9" type="cond" truecount="1" falsecount="1"/>
        <line num="59" count="9" type="stmt"/>
        <line num="63" count="2" type="stmt"/>
        <line num="64" count="2" type="cond" truecount="1" falsecount="1"/>
        <line num="66" count="2" type="stmt"/>
        <line num="76" count="48" type="stmt"/>
      </file>
      <file name="papers.js" path="/home/zoutigo/projets/school-platform/backend/database/models/papers.js">
        <metrics statements="7" coveredstatements="7" conditionals="0" coveredconditionals="0" methods="2" coveredmethods="2"/>
        <line num="1" count="48" type="stmt"/>
        <line num="2" count="48" type="stmt"/>
        <line num="4" count="48" type="stmt"/>
        <line num="12" count="48" type="stmt"/>
        <line num="17" count="48" type="stmt"/>
        <line num="20" count="48" type="stmt"/>
        <line num="91" count="48" type="stmt"/>
      </file>
      <file name="preinscriptions.js" path="/home/zoutigo/projets/school-platform/backend/database/models/preinscriptions.js">
        <metrics statements="4" coveredstatements="4" conditionals="0" coveredconditionals="0" methods="2" coveredmethods="1"/>
        <line num="1" count="48" type="stmt"/>
        <line num="3" count="48" type="stmt"/>
        <line num="14" count="48" type="stmt"/>
        <line num="25" count="48" type="stmt"/>
      </file>
      <file name="roles.js" path="/home/zoutigo/projets/school-platform/backend/database/models/roles.js">
        <metrics statements="9" coveredstatements="9" conditionals="2" coveredconditionals="2" methods="4" coveredmethods="4"/>
        <line num="1" count="48" type="stmt"/>
        <line num="2" count="48" type="stmt"/>
        <line num="4" count="48" type="stmt"/>
        <line num="9" count="140" type="stmt"/>
        <line num="12" count="48" type="stmt"/>
        <line num="53" count="84" type="stmt"/>
        <line num="54" count="84" type="cond" truecount="2" falsecount="0"/>
        <line num="56" count="72" type="stmt"/>
        <line num="66" count="48" type="stmt"/>
      </file>
      <file name="suggestions.js" path="/home/zoutigo/projets/school-platform/backend/database/models/suggestions.js">
        <metrics statements="4" coveredstatements="4" conditionals="0" coveredconditionals="0" methods="2" coveredmethods="2"/>
        <line num="1" count="48" type="stmt"/>
        <line num="3" count="48" type="stmt"/>
        <line num="14" count="48" type="stmt"/>
        <line num="25" count="48" type="stmt"/>
      </file>
      <file name="user_roles.js" path="/home/zoutigo/projets/school-platform/backend/database/models/user_roles.js">
        <metrics statements="4" coveredstatements="4" conditionals="0" coveredconditionals="0" methods="2" coveredmethods="2"/>
        <line num="1" count="48" type="stmt"/>
        <line num="3" count="48" type="stmt"/>
        <line num="26" count="48" type="stmt"/>
        <line num="61" count="48" type="stmt"/>
      </file>
      <file name="users.js" path="/home/zoutigo/projets/school-platform/backend/database/models/users.js">
        <metrics statements="15" coveredstatements="15" conditionals="2" coveredconditionals="2" methods="4" coveredmethods="4"/>
        <line num="1" count="48" type="stmt"/>
        <line num="2" count="48" type="stmt"/>
        <line num="4" count="48" type="stmt"/>
        <line num="7" count="48" type="stmt"/>
        <line num="12" count="48" type="stmt"/>
        <line num="17" count="48" type="stmt"/>
        <line num="22" count="48" type="stmt"/>
        <line num="30" count="16" type="stmt"/>
        <line num="33" count="48" type="stmt"/>
        <line num="107" count="87" type="stmt"/>
        <line num="108" count="87" type="cond" truecount="2" falsecount="0"/>
        <line num="109" count="75" type="stmt"/>
        <line num="110" count="75" type="stmt"/>
        <line num="112" count="75" type="stmt"/>
        <line num="122" count="48" type="stmt"/>
      </file>
    </package>
    <package name="backend.globalServices.mailer">
      <metrics statements="87" coveredstatements="31" conditionals="10" coveredconditionals="2" methods="11" coveredmethods="0"/>
      <file name="index.js" path="/home/zoutigo/projets/school-platform/backend/globalServices/mailer/index.js">
        <metrics statements="78" coveredstatements="28" conditionals="8" coveredconditionals="2" methods="9" coveredmethods="0"/>
        <line num="1" count="39" type="stmt"/>
        <line num="2" count="39" type="stmt"/>
        <line num="3" count="39" type="stmt"/>
        <line num="4" count="39" type="stmt"/>
        <line num="5" count="39" type="stmt"/>
        <line num="6" count="39" type="stmt"/>
        <line num="7" count="39" type="stmt"/>
        <line num="8" count="39" type="stmt"/>
        <line num="9" count="39" type="stmt"/>
        <line num="10" count="39" type="stmt"/>
        <line num="11" count="39" type="stmt"/>
        <line num="13" count="39" type="stmt"/>
        <line num="15" count="39" type="stmt"/>
        <line num="19" count="39" type="stmt"/>
        <line num="23" count="39" type="stmt"/>
        <line num="24" count="39" type="stmt"/>
        <line num="27" count="39" type="cond" truecount="1" falsecount="1"/>
        <line num="45" count="39" type="stmt"/>
        <line num="47" count="39" type="cond" truecount="1" falsecount="1"/>
        <line num="51" count="39" type="stmt"/>
        <line num="52" count="0" type="stmt"/>
        <line num="63" count="0" type="stmt"/>
        <line num="64" count="0" type="stmt"/>
        <line num="68" count="0" type="stmt"/>
        <line num="72" count="0" type="stmt"/>
        <line num="73" count="0" type="stmt"/>
        <line num="76" count="0" type="stmt"/>
        <line num="82" count="0" type="stmt"/>
        <line num="84" count="0" type="stmt"/>
        <line num="87" count="39" type="stmt"/>
        <line num="88" count="0" type="stmt"/>
        <line num="99" count="0" type="stmt"/>
        <line num="100" count="0" type="stmt"/>
        <line num="105" count="0" type="stmt"/>
        <line num="106" count="0" type="stmt"/>
        <line num="107" count="0" type="stmt"/>
        <line num="114" count="0" type="stmt"/>
        <line num="121" count="0" type="stmt"/>
        <line num="123" count="0" type="stmt"/>
        <line num="127" count="39" type="stmt"/>
        <line num="128" count="0" type="stmt"/>
        <line num="179" count="0" type="stmt"/>
        <line num="181" count="39" type="stmt"/>
        <line num="182" count="0" type="cond" truecount="0" falsecount="2"/>
        <line num="185" count="0" type="stmt"/>
        <line num="235" count="0" type="cond" truecount="0" falsecount="2"/>
        <line num="236" count="0" type="stmt"/>
        <line num="244" count="0" type="stmt"/>
        <line num="247" count="39" type="stmt"/>
        <line num="248" count="0" type="stmt"/>
        <line num="259" count="0" type="stmt"/>
        <line num="261" count="0" type="stmt"/>
        <line num="268" count="0" type="stmt"/>
        <line num="275" count="0" type="stmt"/>
        <line num="277" count="39" type="stmt"/>
        <line num="278" count="0" type="stmt"/>
        <line num="289" count="0" type="stmt"/>
        <line num="290" count="0" type="stmt"/>
        <line num="300" count="0" type="stmt"/>
        <line num="307" count="0" type="stmt"/>
        <line num="309" count="39" type="stmt"/>
        <line num="310" count="0" type="stmt"/>
        <line num="321" count="0" type="stmt"/>
        <line num="323" count="0" type="stmt"/>
        <line num="331" count="0" type="stmt"/>
        <line num="338" count="0" type="stmt"/>
        <line num="340" count="39" type="stmt"/>
        <line num="341" count="0" type="stmt"/>
        <line num="352" count="0" type="stmt"/>
        <line num="354" count="0" type="stmt"/>
        <line num="361" count="0" type="stmt"/>
        <line num="368" count="0" type="stmt"/>
        <line num="370" count="39" type="stmt"/>
        <line num="371" count="0" type="stmt"/>
        <line num="382" count="0" type="stmt"/>
        <line num="384" count="0" type="stmt"/>
        <line num="392" count="0" type="stmt"/>
        <line num="399" count="0" type="stmt"/>
      </file>
      <file name="sendMailService.js" path="/home/zoutigo/projets/school-platform/backend/globalServices/mailer/sendMailService.js">
        <metrics statements="9" coveredstatements="3" conditionals="2" coveredconditionals="0" methods="2" coveredmethods="0"/>
        <line num="1" count="39" type="stmt"/>
        <line num="3" count="39" type="stmt"/>
        <line num="4" count="0" type="stmt"/>
        <line num="6" count="0" type="stmt"/>
        <line num="7" count="0" type="stmt"/>
        <line num="8" count="0" type="cond" truecount="0" falsecount="2"/>
        <line num="9" count="0" type="stmt"/>
        <line num="12" count="0" type="stmt"/>
        <line num="16" count="39" type="stmt"/>
      </file>
    </package>
    <package name="backend.globalServices.uploads">
      <metrics statements="40" coveredstatements="24" conditionals="18" coveredconditionals="1" methods="6" coveredmethods="2"/>
      <file name="deleteFileStorageService.js" path="/home/zoutigo/projets/school-platform/backend/globalServices/uploads/deleteFileStorageService.js">
        <metrics statements="8" coveredstatements="3" conditionals="8" coveredconditionals="0" methods="2" coveredmethods="0"/>
        <line num="1" count="39" type="stmt"/>
        <line num="3" count="39" type="cond" truecount="0" falsecount="2"/>
        <line num="4" count="0" type="cond" truecount="0" falsecount="2"/>
        <line num="5" count="0" type="stmt"/>
        <line num="6" count="0" type="cond" truecount="0" falsecount="2"/>
        <line num="9" count="0" type="cond" truecount="0" falsecount="2"/>
        <line num="10" count="0" type="stmt"/>
        <line num="13" count="39" type="stmt"/>
      </file>
      <file name="deleteFilesStorageService.js" path="/home/zoutigo/projets/school-platform/backend/globalServices/uploads/deleteFilesStorageService.js">
        <metrics statements="11" coveredstatements="3" conditionals="8" coveredconditionals="0" methods="2" coveredmethods="0"/>
        <line num="1" count="39" type="stmt"/>
        <line num="3" count="39" type="cond" truecount="0" falsecount="2"/>
        <line num="4" count="0" type="stmt"/>
        <line num="6" count="0" type="cond" truecount="0" falsecount="2"/>
        <line num="7" count="0" type="stmt"/>
        <line num="8" count="0" type="stmt"/>
        <line num="9" count="0" type="cond" truecount="0" falsecount="2"/>
        <line num="10" count="0" type="stmt"/>
        <line num="16" count="0" type="cond" truecount="0" falsecount="2"/>
        <line num="17" count="0" type="stmt"/>
        <line num="20" count="39" type="stmt"/>
      </file>
      <file name="storeImageService.js" path="/home/zoutigo/projets/school-platform/backend/globalServices/uploads/storeImageService.js">
        <metrics statements="21" coveredstatements="18" conditionals="2" coveredconditionals="1" methods="2" coveredmethods="2"/>
        <line num="1" count="39" type="stmt"/>
        <line num="2" count="39" type="stmt"/>
        <line num="3" count="39" type="stmt"/>
        <line num="4" count="39" type="stmt"/>
        <line num="6" count="39" type="stmt"/>
        <line num="8" count="39" type="stmt"/>
        <line num="10" count="39" type="stmt"/>
        <line num="11" count="19" type="stmt"/>
        <line num="12" count="19" type="stmt"/>
        <line num="21" count="19" type="stmt"/>
        <line num="23" count="19" type="stmt"/>
        <line num="24" count="19" type="cond" truecount="1" falsecount="1"/>
        <line num="25" count="0" type="stmt"/>
        <line num="29" count="19" type="stmt"/>
        <line num="30" count="19" type="stmt"/>
        <line num="31" count="19" type="stmt"/>
        <line num="33" count="19" type="stmt"/>
        <line num="35" count="19" type="stmt"/>
        <line num="37" count="0" type="stmt"/>
        <line num="39" count="0" type="stmt"/>
        <line num="43" count="39" type="stmt"/>
      </file>
    </package>
    <package name="backend.middlewares">
      <metrics statements="39" coveredstatements="35" conditionals="10" coveredconditionals="7" methods="7" coveredmethods="7"/>
      <file name="handleErrors.js" path="/home/zoutigo/projets/school-platform/backend/middlewares/handleErrors.js">
        <metrics statements="6" coveredstatements="5" conditionals="2" coveredconditionals="1" methods="1" coveredmethods="1"/>
        <line num="1" count="39" type="stmt"/>
        <line num="3" count="39" type="stmt"/>
        <line num="4" count="18" type="cond" truecount="1" falsecount="1"/>
        <line num="5" count="18" type="stmt"/>
        <line num="11" count="0" type="stmt"/>
        <line num="17" count="39" type="stmt"/>
      </file>
      <file name="uploadFilesMiddleware.js" path="/home/zoutigo/projets/school-platform/backend/middlewares/uploadFilesMiddleware.js">
        <metrics statements="22" coveredstatements="19" conditionals="4" coveredconditionals="2" methods="4" coveredmethods="4"/>
        <line num="1" count="39" type="stmt"/>
        <line num="2" count="39" type="stmt"/>
        <line num="3" count="39" type="stmt"/>
        <line num="4" count="39" type="stmt"/>
        <line num="5" count="39" type="stmt"/>
        <line num="7" count="39" type="stmt"/>
        <line num="9" count="39" type="stmt"/>
        <line num="10" count="78" type="stmt"/>
        <line num="12" count="11" type="stmt"/>
        <line num="13" count="11" type="cond" truecount="1" falsecount="1"/>
        <line num="14" count="0" type="stmt"/>
        <line num="16" count="11" type="stmt"/>
        <line num="19" count="11" type="stmt"/>
        <line num="20" count="11" type="stmt"/>
        <line num="24" count="11" type="stmt"/>
        <line num="27" count="78" type="stmt"/>
        <line num="28" count="11" type="cond" truecount="1" falsecount="1"/>
        <line num="29" count="11" type="stmt"/>
        <line num="31" count="0" type="stmt"/>
        <line num="32" count="0" type="stmt"/>
        <line num="36" count="78" type="stmt"/>
        <line num="45" count="39" type="stmt"/>
      </file>
      <file name="validate.js" path="/home/zoutigo/projets/school-platform/backend/middlewares/validate.js">
        <metrics statements="11" coveredstatements="11" conditionals="4" coveredconditionals="4" methods="2" coveredmethods="2"/>
        <line num="1" count="39" type="stmt"/>
        <line num="2" count="39" type="stmt"/>
        <line num="4" count="1404" type="stmt"/>
        <line num="6" count="292" type="stmt"/>
        <line num="8" count="1111" type="stmt"/>
        <line num="9" count="1111" type="cond" truecount="2" falsecount="0"/>
        <line num="12" count="292" type="stmt"/>
        <line num="13" count="292" type="cond" truecount="2" falsecount="0"/>
        <line num="14" count="291" type="stmt"/>
        <line num="17" count="1" type="stmt"/>
        <line num="22" count="39" type="stmt"/>
      </file>
    </package>
    <package name="backend.models">
      <metrics statements="90" coveredstatements="90" conditionals="0" coveredconditionals="0" methods="0" coveredmethods="0"/>
      <file name="AlbumP.js" path="/home/zoutigo/projets/school-platform/backend/models/AlbumP.js">
        <metrics statements="7" coveredstatements="7" conditionals="0" coveredconditionals="0" methods="0" coveredmethods="0"/>
        <line num="1" count="39" type="stmt"/>
        <line num="2" count="39" type="stmt"/>
        <line num="3" count="39" type="stmt"/>
        <line num="5" count="39" type="stmt"/>
        <line num="40" count="39" type="stmt"/>
        <line num="41" count="39" type="stmt"/>
        <line num="43" count="39" type="stmt"/>
      </file>
      <file name="DialogP.js" path="/home/zoutigo/projets/school-platform/backend/models/DialogP.js">
        <metrics statements="4" coveredstatements="4" conditionals="0" coveredconditionals="0" methods="0" coveredmethods="0"/>
        <line num="1" count="39" type="stmt"/>
        <line num="2" count="39" type="stmt"/>
        <line num="4" count="39" type="stmt"/>
        <line num="34" count="39" type="stmt"/>
      </file>
      <file name="EntityP.js" path="/home/zoutigo/projets/school-platform/backend/models/EntityP.js">
        <metrics statements="20" coveredstatements="20" conditionals="0" coveredconditionals="0" methods="0" coveredmethods="0"/>
        <line num="1" count="39" type="stmt"/>
        <line num="2" count="39" type="stmt"/>
        <line num="3" count="39" type="stmt"/>
        <line num="4" count="39" type="stmt"/>
        <line num="5" count="39" type="stmt"/>
        <line num="6" count="39" type="stmt"/>
        <line num="7" count="39" type="stmt"/>
        <line num="8" count="39" type="stmt"/>
        <line num="10" count="39" type="stmt"/>
        <line num="36" count="39" type="stmt"/>
        <line num="37" count="39" type="stmt"/>
        <line num="39" count="39" type="stmt"/>
        <line num="40" count="39" type="stmt"/>
        <line num="42" count="39" type="stmt"/>
        <line num="43" count="39" type="stmt"/>
        <line num="45" count="39" type="stmt"/>
        <line num="46" count="39" type="stmt"/>
        <line num="48" count="39" type="stmt"/>
        <line num="49" count="39" type="stmt"/>
        <line num="51" count="39" type="stmt"/>
      </file>
      <file name="EventP.js" path="/home/zoutigo/projets/school-platform/backend/models/EventP.js">
        <metrics statements="4" coveredstatements="4" conditionals="0" coveredconditionals="0" methods="0" coveredmethods="0"/>
        <line num="1" count="39" type="stmt"/>
        <line num="2" count="39" type="stmt"/>
        <line num="4" count="39" type="stmt"/>
        <line num="34" count="39" type="stmt"/>
      </file>
      <file name="FileP.js" path="/home/zoutigo/projets/school-platform/backend/models/FileP.js">
        <metrics statements="4" coveredstatements="4" conditionals="0" coveredconditionals="0" methods="0" coveredmethods="0"/>
        <line num="1" count="39" type="stmt"/>
        <line num="2" count="39" type="stmt"/>
        <line num="4" count="39" type="stmt"/>
        <line num="25" count="39" type="stmt"/>
      </file>
      <file name="MailP.js" path="/home/zoutigo/projets/school-platform/backend/models/MailP.js">
        <metrics statements="7" coveredstatements="7" conditionals="0" coveredconditionals="0" methods="0" coveredmethods="0"/>
        <line num="1" count="39" type="stmt"/>
        <line num="2" count="39" type="stmt"/>
        <line num="3" count="39" type="stmt"/>
        <line num="5" count="39" type="stmt"/>
        <line num="57" count="39" type="stmt"/>
        <line num="58" count="39" type="stmt"/>
        <line num="60" count="39" type="stmt"/>
      </file>
      <file name="PaperP.js" path="/home/zoutigo/projets/school-platform/backend/models/PaperP.js">
        <metrics statements="4" coveredstatements="4" conditionals="0" coveredconditionals="0" methods="0" coveredmethods="0"/>
        <line num="1" count="39" type="stmt"/>
        <line num="2" count="39" type="stmt"/>
        <line num="4" count="39" type="stmt"/>
        <line num="50" count="39" type="stmt"/>
      </file>
      <file name="PreinscriptionP.js" path="/home/zoutigo/projets/school-platform/backend/models/PreinscriptionP.js">
        <metrics statements="7" coveredstatements="7" conditionals="0" coveredconditionals="0" methods="0" coveredmethods="0"/>
        <line num="1" count="39" type="stmt"/>
        <line num="2" count="39" type="stmt"/>
        <line num="3" count="39" type="stmt"/>
        <line num="5" count="39" type="stmt"/>
        <line num="41" count="39" type="stmt"/>
        <line num="42" count="39" type="stmt"/>
        <line num="44" count="39" type="stmt"/>
      </file>
      <file name="RoleP.js" path="/home/zoutigo/projets/school-platform/backend/models/RoleP.js">
        <metrics statements="4" coveredstatements="4" conditionals="0" coveredconditionals="0" methods="0" coveredmethods="0"/>
        <line num="1" count="39" type="stmt"/>
        <line num="2" count="39" type="stmt"/>
        <line num="4" count="39" type="stmt"/>
        <line num="19" count="39" type="stmt"/>
      </file>
      <file name="SuggestionP.js" path="/home/zoutigo/projets/school-platform/backend/models/SuggestionP.js">
        <metrics statements="4" coveredstatements="4" conditionals="0" coveredconditionals="0" methods="0" coveredmethods="0"/>
        <line num="1" count="39" type="stmt"/>
        <line num="2" count="39" type="stmt"/>
        <line num="4" count="39" type="stmt"/>
        <line num="33" count="39" type="stmt"/>
      </file>
      <file name="UserP.js" path="/home/zoutigo/projets/school-platform/backend/models/UserP.js">
        <metrics statements="25" coveredstatements="25" conditionals="0" coveredconditionals="0" methods="0" coveredmethods="0"/>
        <line num="1" count="39" type="stmt"/>
        <line num="2" count="39" type="stmt"/>
        <line num="3" count="39" type="stmt"/>
        <line num="4" count="39" type="stmt"/>
        <line num="5" count="39" type="stmt"/>
        <line num="6" count="39" type="stmt"/>
        <line num="7" count="39" type="stmt"/>
        <line num="8" count="39" type="stmt"/>
        <line num="9" count="39" type="stmt"/>
        <line num="11" count="39" type="stmt"/>
        <line num="62" count="39" type="stmt"/>
        <line num="63" count="39" type="stmt"/>
        <line num="65" count="39" type="stmt"/>
        <line num="66" count="39" type="stmt"/>
        <line num="68" count="39" type="stmt"/>
        <line num="69" count="39" type="stmt"/>
        <line num="71" count="39" type="stmt"/>
        <line num="72" count="39" type="stmt"/>
        <line num="74" count="39" type="stmt"/>
        <line num="75" count="39" type="stmt"/>
        <line num="77" count="39" type="stmt"/>
        <line num="78" count="39" type="stmt"/>
        <line num="80" count="39" type="stmt"/>
        <line num="81" count="39" type="stmt"/>
        <line num="83" count="39" type="stmt"/>
      </file>
    </package>
    <package name="backend.modules.albumModule">
      <metrics statements="98" coveredstatements="81" conditionals="40" coveredconditionals="23" methods="5" coveredmethods="5"/>
      <file name="albumController.js" path="/home/zoutigo/projets/school-platform/backend/modules/albumModule/albumController.js">
        <metrics statements="79" coveredstatements="62" conditionals="40" coveredconditionals="23" methods="5" coveredmethods="5"/>
        <line num="1" count="39" type="stmt"/>
        <line num="2" count="39" type="stmt"/>
        <line num="3" count="39" type="stmt"/>
        <line num="4" count="39" type="stmt"/>
        <line num="5" count="39" type="stmt"/>
        <line num="6" count="39" type="stmt"/>
        <line num="7" count="39" type="stmt"/>
        <line num="8" count="39" type="stmt"/>
        <line num="9" count="39" type="stmt"/>
        <line num="10" count="39" type="stmt"/>
        <line num="11" count="39" type="stmt"/>
        <line num="12" count="39" type="stmt"/>
        <line num="14" count="39" type="stmt"/>
        <line num="16" count="39" type="stmt"/>
        <line num="17" count="9" type="stmt"/>
        <line num="18" count="9" type="stmt"/>
        <line num="22" count="9" type="cond" truecount="1" falsecount="1"/>
        <line num="24" count="9" type="stmt"/>
        <line num="29" count="9" type="cond" truecount="1" falsecount="1"/>
        <line num="30" count="0" type="stmt"/>
        <line num="32" count="9" type="stmt"/>
        <line num="37" count="0" type="stmt"/>
        <line num="39" count="0" type="stmt"/>
        <line num="42" count="39" type="stmt"/>
        <line num="43" count="2" type="stmt"/>
        <line num="45" count="2" type="stmt"/>
        <line num="46" count="2" type="stmt"/>
        <line num="47" count="2" type="cond" truecount="1" falsecount="1"/>
        <line num="48" count="2" type="cond" truecount="2" falsecount="0"/>
        <line num="49" count="1" type="stmt"/>
        <line num="53" count="0" type="stmt"/>
        <line num="54" count="0" type="stmt"/>
        <line num="57" count="39" type="stmt"/>
        <line num="58" count="1" type="stmt"/>
        <line num="59" count="1" type="stmt"/>
        <line num="61" count="1" type="cond" truecount="1" falsecount="1"/>
        <line num="62" count="1" type="cond" truecount="3" falsecount="1"/>
        <line num="63" count="0" type="stmt"/>
        <line num="64" count="1" type="stmt"/>
        <line num="66" count="0" type="stmt"/>
        <line num="67" count="0" type="stmt"/>
        <line num="70" count="39" type="stmt"/>
        <line num="71" count="3" type="stmt"/>
        <line num="72" count="3" type="cond" truecount="2" falsecount="2"/>
        <line num="73" count="0" type="stmt"/>
        <line num="74" count="3" type="stmt"/>
        <line num="76" count="3" type="stmt"/>
        <line num="77" count="3" type="stmt"/>
        <line num="78" count="3" type="stmt"/>
        <line num="80" count="3" type="cond" truecount="1" falsecount="1"/>
        <line num="82" count="3" type="stmt"/>
        <line num="83" count="3" type="cond" truecount="1" falsecount="1"/>
        <line num="84" count="0" type="stmt"/>
        <line num="86" count="3" type="stmt"/>
        <line num="88" count="3" type="cond" truecount="1" falsecount="1"/>
        <line num="89" count="3" type="stmt"/>
        <line num="93" count="3" type="stmt"/>
        <line num="94" count="3" type="stmt"/>
        <line num="97" count="3" type="cond" truecount="2" falsecount="0"/>
        <line num="99" count="1" type="stmt"/>
        <line num="101" count="1" type="stmt"/>
        <line num="102" count="1" type="stmt"/>
        <line num="104" count="3" type="cond" truecount="1" falsecount="1"/>
        <line num="110" count="0" type="cond" truecount="0" falsecount="3"/>
        <line num="111" count="0" type="stmt"/>
        <line num="114" count="3" type="cond" truecount="1" falsecount="1"/>
        <line num="115" count="3" type="stmt"/>
        <line num="120" count="0" type="stmt"/>
        <line num="124" count="0" type="stmt"/>
        <line num="125" count="0" type="stmt"/>
        <line num="128" count="39" type="stmt"/>
        <line num="129" count="1" type="stmt"/>
        <line num="131" count="1" type="stmt"/>
        <line num="132" count="1" type="stmt"/>
        <line num="134" count="1" type="cond" truecount="1" falsecount="1"/>
        <line num="135" count="1" type="cond" truecount="1" falsecount="1"/>
        <line num="136" count="1" type="stmt"/>
        <line num="138" count="0" type="stmt"/>
        <line num="139" count="0" type="stmt"/>
      </file>
      <file name="albumRouter.js" path="/home/zoutigo/projets/school-platform/backend/modules/albumModule/albumRouter.js">
        <metrics statements="19" coveredstatements="19" conditionals="0" coveredconditionals="0" methods="0" coveredmethods="0"/>
        <line num="1" count="39" type="stmt"/>
        <line num="2" count="39" type="stmt"/>
        <line num="4" count="39" type="stmt"/>
        <line num="11" count="39" type="stmt"/>
        <line num="12" count="39" type="stmt"/>
        <line num="13" count="39" type="stmt"/>
        <line num="14" count="39" type="stmt"/>
        <line num="15" count="39" type="stmt"/>
        <line num="16" count="39" type="stmt"/>
        <line num="17" count="39" type="stmt"/>
        <line num="18" count="39" type="stmt"/>
        <line num="20" count="39" type="stmt"/>
        <line num="22" count="39" type="stmt"/>
        <line num="30" count="39" type="stmt"/>
        <line num="40" count="39" type="stmt"/>
        <line num="43" count="39" type="stmt"/>
        <line num="46" count="39" type="stmt"/>
        <line num="56" count="39" type="stmt"/>
        <line num="64" count="39" type="stmt"/>
      </file>
    </package>
    <package name="backend.modules.albumModule.middlewares">
      <metrics statements="22" coveredstatements="19" conditionals="7" coveredconditionals="6" methods="4" coveredmethods="4"/>
      <file name="albumAuthorization.js" path="/home/zoutigo/projets/school-platform/backend/modules/albumModule/middlewares/albumAuthorization.js">
        <metrics statements="22" coveredstatements="19" conditionals="7" coveredconditionals="6" methods="4" coveredmethods="4"/>
        <line num="1" count="39" type="stmt"/>
        <line num="2" count="39" type="stmt"/>
        <line num="3" count="39" type="stmt"/>
        <line num="4" count="39" type="stmt"/>
        <line num="6" count="39" type="stmt"/>
        <line num="7" count="13" type="stmt"/>
        <line num="8" count="13" type="stmt"/>
        <line num="9" count="13" type="stmt"/>
        <line num="13" count="13" type="stmt"/>
        <line num="22" count="13" type="stmt"/>
        <line num="23" count="13" type="stmt"/>
        <line num="26" count="13" type="stmt"/>
        <line num="28" count="13" type="stmt"/>
        <line num="30" count="13" type="stmt"/>
        <line num="35" count="13" type="cond" truecount="3" falsecount="0"/>
        <line num="39" count="13" type="cond" truecount="2" falsecount="0"/>
        <line num="41" count="13" type="cond" truecount="1" falsecount="1"/>
        <line num="44" count="0" type="stmt"/>
        <line num="51" count="13" type="stmt"/>
        <line num="55" count="0" type="stmt"/>
        <line num="57" count="0" type="stmt"/>
        <line num="61" count="39" type="stmt"/>
      </file>
    </package>
    <package name="backend.modules.albumModule.middlewares.validators">
      <metrics statements="43" coveredstatements="29" conditionals="14" coveredconditionals="4" methods="7" coveredmethods="3"/>
      <file name="deleteAlbumValidator.js" path="/home/zoutigo/projets/school-platform/backend/modules/albumModule/middlewares/validators/deleteAlbumValidator.js">
        <metrics statements="4" coveredstatements="4" conditionals="0" coveredconditionals="0" methods="0" coveredmethods="0"/>
        <line num="1" count="39" type="stmt"/>
        <line num="2" count="39" type="stmt"/>
        <line num="4" count="39" type="stmt"/>
        <line num="19" count="39" type="stmt"/>
      </file>
      <file name="getAlbumValidator.js" path="/home/zoutigo/projets/school-platform/backend/modules/albumModule/middlewares/validators/getAlbumValidator.js">
        <metrics statements="4" coveredstatements="4" conditionals="0" coveredconditionals="0" methods="0" coveredmethods="0"/>
        <line num="1" count="39" type="stmt"/>
        <line num="2" count="39" type="stmt"/>
        <line num="4" count="39" type="stmt"/>
        <line num="13" count="39" type="stmt"/>
      </file>
      <file name="listAlbumValidator.js" path="/home/zoutigo/projets/school-platform/backend/modules/albumModule/middlewares/validators/listAlbumValidator.js">
        <metrics statements="5" coveredstatements="5" conditionals="0" coveredconditionals="0" methods="0" coveredmethods="0"/>
        <line num="1" count="39" type="stmt"/>
        <line num="2" count="39" type="stmt"/>
        <line num="3" count="39" type="stmt"/>
        <line num="5" count="39" type="stmt"/>
        <line num="51" count="39" type="stmt"/>
      </file>
      <file name="postAlbumValidator.js" path="/home/zoutigo/projets/school-platform/backend/modules/albumModule/middlewares/validators/postAlbumValidator.js">
        <metrics statements="13" coveredstatements="11" conditionals="6" coveredconditionals="4" methods="3" coveredmethods="3"/>
        <line num="1" count="39" type="stmt"/>
        <line num="2" count="39" type="stmt"/>
        <line num="3" count="39" type="stmt"/>
        <line num="5" count="39" type="stmt"/>
        <line num="36" count="9" type="cond" truecount="3" falsecount="1"/>
        <line num="37" count="9" type="stmt"/>
        <line num="39" count="0" type="stmt"/>
        <line num="43" count="9" type="stmt"/>
        <line num="45" count="9" type="stmt"/>
        <line num="46" count="10" type="cond" truecount="1" falsecount="1"/>
        <line num="47" count="0" type="stmt"/>
        <line num="51" count="9" type="stmt"/>
        <line num="56" count="39" type="stmt"/>
      </file>
      <file name="putAlbumValidator.js" path="/home/zoutigo/projets/school-platform/backend/modules/albumModule/middlewares/validators/putAlbumValidator.js">
        <metrics statements="17" coveredstatements="5" conditionals="8" coveredconditionals="0" methods="4" coveredmethods="0"/>
        <line num="1" count="39" type="stmt"/>
        <line num="2" count="39" type="stmt"/>
        <line num="3" count="39" type="stmt"/>
        <line num="5" count="39" type="stmt"/>
        <line num="50" count="0" type="cond" truecount="0" falsecount="4"/>
        <line num="51" count="0" type="stmt"/>
        <line num="53" count="0" type="stmt"/>
        <line num="58" count="0" type="stmt"/>
        <line num="60" count="0" type="stmt"/>
        <line num="61" count="0" type="cond" truecount="0" falsecount="2"/>
        <line num="62" count="0" type="stmt"/>
        <line num="66" count="0" type="stmt"/>
        <line num="70" count="0" type="stmt"/>
        <line num="72" count="0" type="cond" truecount="0" falsecount="2"/>
        <line num="73" count="0" type="stmt"/>
        <line num="76" count="0" type="stmt"/>
        <line num="81" count="39" type="stmt"/>
      </file>
    </package>
    <package name="backend.modules.albumModule.services">
      <metrics statements="111" coveredstatements="92" conditionals="25" coveredconditionals="15" methods="11" coveredmethods="11"/>
      <file name="createAlbumFilesService.js" path="/home/zoutigo/projets/school-platform/backend/modules/albumModule/services/createAlbumFilesService.js">
        <metrics statements="25" coveredstatements="20" conditionals="11" coveredconditionals="6" methods="3" coveredmethods="3"/>
        <line num="1" count="39" type="stmt"/>
        <line num="2" count="39" type="stmt"/>
        <line num="3" count="39" type="stmt"/>
        <line num="5" count="39" type="stmt"/>
        <line num="6" count="10" type="stmt"/>
        <line num="7" count="10" type="stmt"/>
        <line num="9" count="10" type="stmt"/>
        <line num="11" count="10" type="stmt"/>
        <line num="17" count="11" type="stmt"/>
        <line num="18" count="11" type="cond" truecount="1" falsecount="1"/>
        <line num="19" count="0" type="stmt"/>
        <line num="21" count="11" type="stmt"/>
        <line num="25" count="10" type="cond" truecount="4" falsecount="1"/>
        <line num="26" count="0" type="stmt"/>
        <line num="31" count="10" type="stmt"/>
        <line num="33" count="11" type="stmt"/>
        <line num="34" count="11" type="stmt"/>
        <line num="35" count="11" type="stmt"/>
        <line num="39" count="10" type="cond" truecount="1" falsecount="1"/>
        <line num="40" count="0" type="stmt"/>
        <line num="45" count="10" type="stmt"/>
        <line num="58" count="10" type="stmt"/>
        <line num="63" count="0" type="stmt"/>
        <line num="64" count="0" type="stmt"/>
        <line num="71" count="39" type="stmt"/>
      </file>
      <file name="createAlbumService.js" path="/home/zoutigo/projets/school-platform/backend/modules/albumModule/services/createAlbumService.js">
        <metrics statements="16" coveredstatements="14" conditionals="0" coveredconditionals="0" methods="1" coveredmethods="1"/>
        <line num="1" count="39" type="stmt"/>
        <line num="3" count="39" type="stmt"/>
        <line num="4" count="39" type="stmt"/>
        <line num="6" count="39" type="stmt"/>
        <line num="8" count="39" type="stmt"/>
        <line num="9" count="9" type="stmt"/>
        <line num="11" count="9" type="stmt"/>
        <line num="12" count="9" type="stmt"/>
        <line num="15" count="9" type="stmt"/>
        <line num="16" count="9" type="stmt"/>
        <line num="21" count="9" type="stmt"/>
        <line num="23" count="9" type="stmt"/>
        <line num="25" count="9" type="stmt"/>
        <line num="30" count="0" type="stmt"/>
        <line num="32" count="0" type="stmt"/>
        <line num="39" count="39" type="stmt"/>
      </file>
      <file name="deleteAlbumFilesService.js" path="/home/zoutigo/projets/school-platform/backend/modules/albumModule/services/deleteAlbumFilesService.js">
        <metrics statements="17" coveredstatements="14" conditionals="2" coveredconditionals="1" methods="2" coveredmethods="2"/>
        <line num="1" count="39" type="stmt"/>
        <line num="2" count="39" type="stmt"/>
        <line num="4" count="39" type="stmt"/>
        <line num="5" count="1" type="stmt"/>
        <line num="6" count="1" type="stmt"/>
        <line num="11" count="1" type="stmt"/>
        <line num="13" count="2" type="stmt"/>
        <line num="14" count="2" type="stmt"/>
        <line num="15" count="2" type="stmt"/>
        <line num="16" count="2" type="stmt"/>
        <line num="20" count="1" type="cond" truecount="1" falsecount="1"/>
        <line num="21" count="0" type="stmt"/>
        <line num="27" count="1" type="stmt"/>
        <line num="43" count="1" type="stmt"/>
        <line num="48" count="0" type="stmt"/>
        <line num="49" count="0" type="stmt"/>
        <line num="56" count="39" type="stmt"/>
      </file>
      <file name="deleteAlbumService.js" path="/home/zoutigo/projets/school-platform/backend/modules/albumModule/services/deleteAlbumService.js">
        <metrics statements="9" coveredstatements="7" conditionals="0" coveredconditionals="0" methods="1" coveredmethods="1"/>
        <line num="1" count="39" type="stmt"/>
        <line num="2" count="39" type="stmt"/>
        <line num="4" count="39" type="stmt"/>
        <line num="5" count="1" type="stmt"/>
        <line num="6" count="1" type="stmt"/>
        <line num="10" count="1" type="stmt"/>
        <line num="12" count="0" type="stmt"/>
        <line num="13" count="0" type="stmt"/>
        <line num="17" count="39" type="stmt"/>
      </file>
      <file name="getAlbumService.js" path="/home/zoutigo/projets/school-platform/backend/modules/albumModule/services/getAlbumService.js">
        <metrics statements="7" coveredstatements="6" conditionals="0" coveredconditionals="0" methods="1" coveredmethods="1"/>
        <line num="1" count="39" type="stmt"/>
        <line num="3" count="39" type="stmt"/>
        <line num="4" count="2" type="stmt"/>
        <line num="5" count="2" type="stmt"/>
        <line num="23" count="2" type="stmt"/>
        <line num="25" count="0" type="stmt"/>
        <line num="32" count="39" type="stmt"/>
      </file>
      <file name="listAlbumsService.js" path="/home/zoutigo/projets/school-platform/backend/modules/albumModule/services/listAlbumsService.js">
        <metrics statements="13" coveredstatements="11" conditionals="8" coveredconditionals="4" methods="1" coveredmethods="1"/>
        <line num="2" count="39" type="stmt"/>
        <line num="4" count="39" type="stmt"/>
        <line num="5" count="1" type="stmt"/>
        <line num="6" count="1" type="stmt"/>
        <line num="24" count="1" type="stmt"/>
        <line num="26" count="1" type="cond" truecount="2" falsecount="2"/>
        <line num="32" count="1" type="cond" truecount="1" falsecount="1"/>
        <line num="33" count="0" type="stmt"/>
        <line num="35" count="1" type="stmt"/>
        <line num="38" count="1" type="cond" truecount="1" falsecount="1"/>
        <line num="45" count="1" type="stmt"/>
        <line num="47" count="0" type="stmt"/>
        <line num="54" count="39" type="stmt"/>
      </file>
      <file name="putAlbumFilesService.js" path="/home/zoutigo/projets/school-platform/backend/modules/albumModule/services/putAlbumFilesService.js">
        <metrics statements="14" coveredstatements="12" conditionals="4" coveredconditionals="4" methods="1" coveredmethods="1"/>
        <line num="1" count="39" type="stmt"/>
        <line num="2" count="39" type="stmt"/>
        <line num="3" count="39" type="stmt"/>
        <line num="5" count="39" type="stmt"/>
        <line num="6" count="3" type="stmt"/>
        <line num="7" count="3" type="stmt"/>
        <line num="9" count="3" type="cond" truecount="4" falsecount="0"/>
        <line num="11" count="1" type="stmt"/>
        <line num="12" count="1" type="stmt"/>
        <line num="18" count="2" type="stmt"/>
        <line num="35" count="2" type="stmt"/>
        <line num="40" count="0" type="stmt"/>
        <line num="41" count="0" type="stmt"/>
        <line num="48" count="39" type="stmt"/>
      </file>
      <file name="putAlbumService.js" path="/home/zoutigo/projets/school-platform/backend/modules/albumModule/services/putAlbumService.js">
        <metrics statements="10" coveredstatements="8" conditionals="0" coveredconditionals="0" methods="1" coveredmethods="1"/>
        <line num="1" count="39" type="stmt"/>
        <line num="2" count="39" type="stmt"/>
        <line num="4" count="39" type="stmt"/>
        <line num="5" count="3" type="stmt"/>
        <line num="6" count="3" type="stmt"/>
        <line num="8" count="3" type="stmt"/>
        <line num="26" count="3" type="stmt"/>
        <line num="28" count="0" type="stmt"/>
        <line num="29" count="0" type="stmt"/>
        <line num="33" count="39" type="stmt"/>
      </file>
    </package>
    <package name="backend.modules.authModule">
      <metrics statements="41" coveredstatements="34" conditionals="18" coveredconditionals="10" methods="2" coveredmethods="2"/>
      <file name="authController.js" path="/home/zoutigo/projets/school-platform/backend/modules/authModule/authController.js">
        <metrics statements="32" coveredstatements="25" conditionals="18" coveredconditionals="10" methods="2" coveredmethods="2"/>
        <line num="1" count="39" type="stmt"/>
        <line num="2" count="39" type="stmt"/>
        <line num="3" count="39" type="stmt"/>
        <line num="4" count="39" type="stmt"/>
        <line num="5" count="39" type="stmt"/>
        <line num="6" count="39" type="stmt"/>
        <line num="7" count="39" type="stmt"/>
        <line num="9" count="39" type="stmt"/>
        <line num="10" count="57" type="stmt"/>
        <line num="12" count="57" type="stmt"/>
        <line num="13" count="57" type="stmt"/>
        <line num="14" count="57" type="cond" truecount="1" falsecount="1"/>
        <line num="15" count="57" type="cond" truecount="1" falsecount="1"/>
        <line num="16" count="0" type="stmt"/>
        <line num="18" count="57" type="stmt"/>
        <line num="20" count="57" type="cond" truecount="3" falsecount="1"/>
        <line num="21" count="0" type="stmt"/>
        <line num="27" count="57" type="stmt"/>
        <line num="28" count="57" type="cond" truecount="1" falsecount="1"/>
        <line num="29" count="0" type="stmt"/>
        <line num="31" count="57" type="stmt"/>
        <line num="36" count="0" type="stmt"/>
        <line num="39" count="39" type="stmt"/>
        <line num="40" count="65" type="stmt"/>
        <line num="42" count="65" type="stmt"/>
        <line num="50" count="65" type="stmt"/>
        <line num="52" count="65" type="cond" truecount="1" falsecount="1"/>
        <line num="54" count="65" type="cond" truecount="3" falsecount="1"/>
        <line num="55" count="65" type="stmt"/>
        <line num="61" count="0" type="stmt"/>
        <line num="63" count="0" type="cond" truecount="0" falsecount="2"/>
        <line num="64" count="0" type="stmt"/>
      </file>
      <file name="authIncludes.js" path="/home/zoutigo/projets/school-platform/backend/modules/authModule/authIncludes.js">
        <metrics statements="2" coveredstatements="2" conditionals="0" coveredconditionals="0" methods="0" coveredmethods="0"/>
        <line num="1" count="39" type="stmt"/>
        <line num="3" count="39" type="stmt"/>
      </file>
      <file name="authRouter.js" path="/home/zoutigo/projets/school-platform/backend/modules/authModule/authRouter.js">
        <metrics statements="7" coveredstatements="7" conditionals="0" coveredconditionals="0" methods="0" coveredmethods="0"/>
        <line num="1" count="39" type="stmt"/>
        <line num="2" count="39" type="stmt"/>
        <line num="3" count="39" type="stmt"/>
        <line num="4" count="39" type="stmt"/>
        <line num="7" count="39" type="stmt"/>
        <line num="10" count="39" type="stmt"/>
        <line num="12" count="39" type="stmt"/>
      </file>
    </package>
    <package name="backend.modules.authModule.middlewares">
      <metrics statements="23" coveredstatements="20" conditionals="6" coveredconditionals="4" methods="1" coveredmethods="1"/>
      <file name="verifyTokenMiiddleware.js" path="/home/zoutigo/projets/school-platform/backend/modules/authModule/middlewares/verifyTokenMiiddleware.js">
        <metrics statements="23" coveredstatements="20" conditionals="6" coveredconditionals="4" methods="1" coveredmethods="1"/>
        <line num="2" count="39" type="stmt"/>
        <line num="8" count="39" type="stmt"/>
        <line num="9" count="39" type="stmt"/>
        <line num="10" count="39" type="stmt"/>
        <line num="12" count="39" type="stmt"/>
        <line num="13" count="87" type="stmt"/>
        <line num="14" count="87" type="cond" truecount="2" falsecount="0"/>
        <line num="15" count="12" type="stmt"/>
        <line num="22" count="75" type="stmt"/>
        <line num="23" count="75" type="stmt"/>
        <line num="24" count="75" type="stmt"/>
        <line num="25" count="75" type="stmt"/>
        <line num="26" count="75" type="cond" truecount="1" falsecount="1"/>
        <line num="27" count="75" type="stmt"/>
        <line num="29" count="75" type="stmt"/>
        <line num="43" count="75" type="cond" truecount="1" falsecount="1"/>
        <line num="44" count="0" type="stmt"/>
        <line num="46" count="75" type="stmt"/>
        <line num="47" count="75" type="stmt"/>
        <line num="49" count="0" type="stmt"/>
        <line num="50" count="0" type="stmt"/>
        <line num="56" count="75" type="stmt"/>
        <line num="59" count="39" type="stmt"/>
      </file>
    </package>
    <package name="backend.modules.authModule.middlewares.authorizations">
      <metrics statements="23" coveredstatements="21" conditionals="9" coveredconditionals="6" methods="4" coveredmethods="4"/>
      <file name="isAdminMiddleWare.js" path="/home/zoutigo/projets/school-platform/backend/modules/authModule/middlewares/authorizations/isAdminMiddleWare.js">
        <metrics statements="11" coveredstatements="10" conditionals="2" coveredconditionals="1" methods="2" coveredmethods="2"/>
        <line num="1" count="39" type="stmt"/>
        <line num="3" count="39" type="stmt"/>
        <line num="4" count="29" type="stmt"/>
        <line num="6" count="29" type="stmt"/>
        <line num="8" count="29" type="stmt"/>
        <line num="10" count="29" type="stmt"/>
        <line num="12" count="29" type="stmt"/>
        <line num="14" count="29" type="cond" truecount="1" falsecount="1"/>
        <line num="15" count="0" type="stmt"/>
        <line num="19" count="29" type="stmt"/>
        <line num="22" count="39" type="stmt"/>
      </file>
      <file name="isSuperuserMiddleware.js" path="/home/zoutigo/projets/school-platform/backend/modules/authModule/middlewares/authorizations/isSuperuserMiddleware.js">
        <metrics statements="12" coveredstatements="11" conditionals="7" coveredconditionals="5" methods="2" coveredmethods="2"/>
        <line num="1" count="39" type="stmt"/>
        <line num="3" count="39" type="stmt"/>
        <line num="4" count="8" type="stmt"/>
        <line num="6" count="8" type="stmt"/>
        <line num="8" count="8" type="stmt"/>
        <line num="10" count="8" type="stmt"/>
        <line num="12" count="8" type="cond" truecount="2" falsecount="1"/>
        <line num="16" count="8" type="cond" truecount="2" falsecount="0"/>
        <line num="18" count="8" type="cond" truecount="1" falsecount="1"/>
        <line num="19" count="0" type="stmt"/>
        <line num="23" count="8" type="stmt"/>
        <line num="26" count="39" type="stmt"/>
      </file>
    </package>
    <package name="backend.modules.authModule.middlewares.validators">
      <metrics statements="18" coveredstatements="16" conditionals="4" coveredconditionals="2" methods="3" coveredmethods="3"/>
      <file name="loginValidator.js" path="/home/zoutigo/projets/school-platform/backend/modules/authModule/middlewares/validators/loginValidator.js">
        <metrics statements="5" coveredstatements="5" conditionals="0" coveredconditionals="0" methods="0" coveredmethods="0"/>
        <line num="1" count="39" type="stmt"/>
        <line num="2" count="39" type="stmt"/>
        <line num="3" count="39" type="stmt"/>
        <line num="5" count="39" type="stmt"/>
        <line num="22" count="39" type="stmt"/>
      </file>
      <file name="registerValidator.js" path="/home/zoutigo/projets/school-platform/backend/modules/authModule/middlewares/validators/registerValidator.js">
        <metrics statements="13" coveredstatements="11" conditionals="4" coveredconditionals="2" methods="3" coveredmethods="3"/>
        <line num="1" count="39" type="stmt"/>
        <line num="2" count="39" type="stmt"/>
        <line num="3" count="39" type="stmt"/>
        <line num="4" count="39" type="stmt"/>
        <line num="5" count="39" type="stmt"/>
        <line num="7" count="39" type="stmt"/>
        <line num="31" count="65" type="stmt"/>
        <line num="38" count="65" type="cond" truecount="1" falsecount="1"/>
        <line num="40" count="0" type="stmt"/>
        <line num="57" count="65" type="cond" truecount="1" falsecount="1"/>
        <line num="58" count="0" type="stmt"/>
        <line num="60" count="65" type="stmt"/>
        <line num="64" count="39" type="stmt"/>
      </file>
    </package>
    <package name="backend.modules.authModule.services">
      <metrics statements="25" coveredstatements="23" conditionals="0" coveredconditionals="0" methods="4" coveredmethods="4"/>
      <file name="createUserService.js" path="/home/zoutigo/projets/school-platform/backend/modules/authModule/services/createUserService.js">
        <metrics statements="7" coveredstatements="6" conditionals="0" coveredconditionals="0" methods="1" coveredmethods="1"/>
        <line num="1" count="39" type="stmt"/>
        <line num="3" count="39" type="stmt"/>
        <line num="4" count="65" type="stmt"/>
        <line num="5" count="65" type="stmt"/>
        <line num="7" count="65" type="stmt"/>
        <line num="9" count="0" type="stmt"/>
        <line num="13" count="39" type="stmt"/>
      </file>
      <file name="generateTokenService.js" path="/home/zoutigo/projets/school-platform/backend/modules/authModule/services/generateTokenService.js">
        <metrics statements="5" coveredstatements="5" conditionals="0" coveredconditionals="0" methods="1" coveredmethods="1"/>
        <line num="1" count="39" type="stmt"/>
        <line num="2" count="39" type="stmt"/>
        <line num="5" count="39" type="stmt"/>
        <line num="6" count="69" type="stmt"/>
        <line num="21" count="39" type="stmt"/>
      </file>
      <file name="verifyPasswordService.js" path="/home/zoutigo/projets/school-platform/backend/modules/authModule/services/verifyPasswordService.js">
        <metrics statements="5" coveredstatements="5" conditionals="0" coveredconditionals="0" methods="1" coveredmethods="1"/>
        <line num="1" count="39" type="stmt"/>
        <line num="3" count="39" type="stmt"/>
        <line num="4" count="57" type="stmt"/>
        <line num="5" count="57" type="stmt"/>
        <line num="8" count="39" type="stmt"/>
      </file>
      <file name="verifyUserService.js" path="/home/zoutigo/projets/school-platform/backend/modules/authModule/services/verifyUserService.js">
        <metrics statements="8" coveredstatements="7" conditionals="0" coveredconditionals="0" methods="1" coveredmethods="1"/>
        <line num="1" count="39" type="stmt"/>
        <line num="2" count="39" type="stmt"/>
        <line num="4" count="39" type="stmt"/>
        <line num="5" count="57" type="stmt"/>
        <line num="6" count="57" type="stmt"/>
        <line num="10" count="57" type="stmt"/>
        <line num="12" count="0" type="stmt"/>
        <line num="16" count="39" type="stmt"/>
      </file>
    </package>
    <package name="backend.modules.cardModule">
      <metrics statements="97" coveredstatements="80" conditionals="40" coveredconditionals="22" methods="5" coveredmethods="5"/>
      <file name="cardController.js" path="/home/zoutigo/projets/school-platform/backend/modules/cardModule/cardController.js">
        <metrics statements="79" coveredstatements="62" conditionals="40" coveredconditionals="22" methods="5" coveredmethods="5"/>
        <line num="1" count="39" type="stmt"/>
        <line num="2" count="39" type="stmt"/>
        <line num="3" count="39" type="stmt"/>
        <line num="4" count="39" type="stmt"/>
        <line num="5" count="39" type="stmt"/>
        <line num="6" count="39" type="stmt"/>
        <line num="7" count="39" type="stmt"/>
        <line num="8" count="39" type="stmt"/>
        <line num="9" count="39" type="stmt"/>
        <line num="10" count="39" type="stmt"/>
        <line num="11" count="39" type="stmt"/>
        <line num="12" count="39" type="stmt"/>
        <line num="14" count="39" type="stmt"/>
        <line num="16" count="39" type="stmt"/>
        <line num="17" count="6" type="stmt"/>
        <line num="18" count="6" type="stmt"/>
        <line num="20" count="6" type="cond" truecount="1" falsecount="1"/>
        <line num="22" count="6" type="stmt"/>
        <line num="27" count="6" type="cond" truecount="1" falsecount="1"/>
        <line num="28" count="0" type="stmt"/>
        <line num="30" count="6" type="stmt"/>
        <line num="35" count="0" type="stmt"/>
        <line num="37" count="0" type="stmt"/>
        <line num="40" count="39" type="stmt"/>
        <line num="41" count="2" type="stmt"/>
        <line num="43" count="2" type="stmt"/>
        <line num="44" count="2" type="stmt"/>
        <line num="45" count="2" type="cond" truecount="1" falsecount="1"/>
        <line num="46" count="2" type="cond" truecount="2" falsecount="0"/>
        <line num="47" count="1" type="stmt"/>
        <line num="51" count="0" type="stmt"/>
        <line num="52" count="0" type="stmt"/>
        <line num="55" count="39" type="stmt"/>
        <line num="56" count="1" type="stmt"/>
        <line num="57" count="1" type="stmt"/>
        <line num="59" count="1" type="cond" truecount="1" falsecount="1"/>
        <line num="60" count="1" type="cond" truecount="3" falsecount="1"/>
        <line num="61" count="0" type="stmt"/>
        <line num="62" count="1" type="stmt"/>
        <line num="64" count="0" type="stmt"/>
        <line num="65" count="0" type="stmt"/>
        <line num="68" count="39" type="stmt"/>
        <line num="69" count="1" type="stmt"/>
        <line num="70" count="1" type="cond" truecount="2" falsecount="2"/>
        <line num="71" count="0" type="stmt"/>
        <line num="72" count="1" type="stmt"/>
        <line num="74" count="1" type="stmt"/>
        <line num="75" count="1" type="stmt"/>
        <line num="76" count="1" type="stmt"/>
        <line num="78" count="1" type="cond" truecount="1" falsecount="1"/>
        <line num="80" count="1" type="stmt"/>
        <line num="81" count="1" type="cond" truecount="1" falsecount="1"/>
        <line num="82" count="0" type="stmt"/>
        <line num="84" count="1" type="stmt"/>
        <line num="86" count="1" type="cond" truecount="1" falsecount="1"/>
        <line num="87" count="1" type="stmt"/>
        <line num="91" count="1" type="stmt"/>
        <line num="92" count="1" type="stmt"/>
        <line num="95" count="1" type="cond" truecount="1" falsecount="1"/>
        <line num="97" count="1" type="stmt"/>
        <line num="99" count="1" type="stmt"/>
        <line num="100" count="1" type="stmt"/>
        <line num="102" count="1" type="cond" truecount="4" falsecount="1"/>
        <line num="104" count="0" type="cond" truecount="0" falsecount="3"/>
        <line num="105" count="0" type="stmt"/>
        <line num="108" count="1" type="cond" truecount="1" falsecount="1"/>
        <line num="109" count="1" type="stmt"/>
        <line num="114" count="0" type="stmt"/>
        <line num="118" count="0" type="stmt"/>
        <line num="119" count="0" type="stmt"/>
        <line num="122" count="39" type="stmt"/>
        <line num="123" count="1" type="stmt"/>
        <line num="125" count="1" type="stmt"/>
        <line num="126" count="1" type="stmt"/>
        <line num="128" count="1" type="cond" truecount="1" falsecount="1"/>
        <line num="129" count="1" type="cond" truecount="1" falsecount="1"/>
        <line num="130" count="1" type="stmt"/>
        <line num="132" count="0" type="stmt"/>
        <line num="133" count="0" type="stmt"/>
      </file>
      <file name="cardRouter.js" path="/home/zoutigo/projets/school-platform/backend/modules/cardModule/cardRouter.js">
        <metrics statements="18" coveredstatements="18" conditionals="0" coveredconditionals="0" methods="0" coveredmethods="0"/>
        <line num="1" count="39" type="stmt"/>
        <line num="2" count="39" type="stmt"/>
        <line num="4" count="39" type="stmt"/>
        <line num="11" count="39" type="stmt"/>
        <line num="12" count="39" type="stmt"/>
        <line num="13" count="39" type="stmt"/>
        <line num="14" count="39" type="stmt"/>
        <line num="15" count="39" type="stmt"/>
        <line num="16" count="39" type="stmt"/>
        <line num="17" count="39" type="stmt"/>
        <line num="19" count="39" type="stmt"/>
        <line num="21" count="39" type="stmt"/>
        <line num="29" count="39" type="stmt"/>
        <line num="39" count="39" type="stmt"/>
        <line num="42" count="39" type="stmt"/>
        <line num="45" count="39" type="stmt"/>
        <line num="55" count="39" type="stmt"/>
        <line num="63" count="39" type="stmt"/>
      </file>
    </package>
    <package name="backend.modules.cardModule.middlewares.validators">
      <metrics statements="34" coveredstatements="24" conditionals="12" coveredconditionals="4" methods="6" coveredmethods="3"/>
      <file name="deleteCardValidator.js" path="/home/zoutigo/projets/school-platform/backend/modules/cardModule/middlewares/validators/deleteCardValidator.js">
        <metrics statements="4" coveredstatements="4" conditionals="0" coveredconditionals="0" methods="0" coveredmethods="0"/>
        <line num="1" count="39" type="stmt"/>
        <line num="2" count="39" type="stmt"/>
        <line num="4" count="39" type="stmt"/>
        <line num="13" count="39" type="stmt"/>
      </file>
      <file name="getCardValidator.js" path="/home/zoutigo/projets/school-platform/backend/modules/cardModule/middlewares/validators/getCardValidator.js">
        <metrics statements="4" coveredstatements="4" conditionals="0" coveredconditionals="0" methods="0" coveredmethods="0"/>
        <line num="1" count="39" type="stmt"/>
        <line num="2" count="39" type="stmt"/>
        <line num="4" count="39" type="stmt"/>
        <line num="13" count="39" type="stmt"/>
      </file>
      <file name="postCardValidator.js" path="/home/zoutigo/projets/school-platform/backend/modules/cardModule/middlewares/validators/postCardValidator.js">
        <metrics statements="13" coveredstatements="11" conditionals="6" coveredconditionals="4" methods="3" coveredmethods="3"/>
        <line num="1" count="39" type="stmt"/>
        <line num="2" count="39" type="stmt"/>
        <line num="3" count="39" type="stmt"/>
        <line num="5" count="39" type="stmt"/>
        <line num="33" count="6" type="cond" truecount="3" falsecount="1"/>
        <line num="34" count="6" type="stmt"/>
        <line num="36" count="0" type="stmt"/>
        <line num="40" count="6" type="stmt"/>
        <line num="42" count="6" type="stmt"/>
        <line num="43" count="8" type="cond" truecount="1" falsecount="1"/>
        <line num="44" count="0" type="stmt"/>
        <line num="48" count="6" type="stmt"/>
        <line num="53" count="39" type="stmt"/>
      </file>
      <file name="putCardValidator.js" path="/home/zoutigo/projets/school-platform/backend/modules/cardModule/middlewares/validators/putCardValidator.js">
        <metrics statements="13" coveredstatements="5" conditionals="6" coveredconditionals="0" methods="3" coveredmethods="0"/>
        <line num="1" count="39" type="stmt"/>
        <line num="2" count="39" type="stmt"/>
        <line num="3" count="39" type="stmt"/>
        <line num="5" count="39" type="stmt"/>
        <line num="48" count="0" type="cond" truecount="0" falsecount="4"/>
        <line num="49" count="0" type="stmt"/>
        <line num="51" count="0" type="stmt"/>
        <line num="56" count="0" type="stmt"/>
        <line num="58" count="0" type="stmt"/>
        <line num="59" count="0" type="cond" truecount="0" falsecount="2"/>
        <line num="60" count="0" type="stmt"/>
        <line num="64" count="0" type="stmt"/>
        <line num="69" count="39" type="stmt"/>
      </file>
    </package>
    <package name="backend.modules.cardModule.services">
      <metrics statements="106" coveredstatements="84" conditionals="17" coveredconditionals="10" methods="11" coveredmethods="11"/>
[...]
        <metrics statements="10" coveredstatements="8" conditionals="2" coveredconditionals="2" methods="1" coveredmethods="1"/>
        <line num="1" count="39" type="stmt"/>
        <line num="2" count="39" type="stmt"/>
        <line num="4" count="39" type="stmt"/>
        <line num="5" count="2" type="stmt"/>
        <line num="16" count="2" type="stmt"/>
        <line num="18" count="2" type="cond" truecount="2" falsecount="0"/>
        <line num="27" count="2" type="stmt"/>
        <line num="29" count="0" type="stmt"/>
        <line num="30" count="0" type="stmt"/>
        <line num="34" count="39" type="stmt"/>
      </file>
      <file name="putUserClassroomService.js" path="/home/zoutigo/projets/school-platform/backend/modules/userModule/services/putUserClassroomService.js">
        <metrics statements="13" coveredstatements="4" conditionals="0" coveredconditionals="0" methods="1" coveredmethods="0"/>
        <line num="1" count="39" type="stmt"/>
        <line num="2" count="39" type="stmt"/>
        <line num="4" count="39" type="stmt"/>
        <line num="5" count="0" type="stmt"/>
        <line num="6" count="0" type="stmt"/>
        <line num="11" count="0" type="stmt"/>
        <line num="13" count="0" type="stmt"/>
        <line num="21" count="0" type="stmt"/>
        <line num="23" count="0" type="stmt"/>
        <line num="38" count="0" type="stmt"/>
        <line num="40" count="0" type="stmt"/>
        <line num="45" count="0" type="stmt"/>
        <line num="52" count="39" type="stmt"/>
      </file>
      <file name="putUserRoleService.js" path="/home/zoutigo/projets/school-platform/backend/modules/userModule/services/putUserRoleService.js">
        <metrics statements="14" coveredstatements="12" conditionals="0" coveredconditionals="0" methods="1" coveredmethods="1"/>
        <line num="1" count="39" type="stmt"/>
        <line num="3" count="39" type="stmt"/>
        <line num="4" count="39" type="stmt"/>
        <line num="6" count="39" type="stmt"/>
        <line num="7" count="11" type="stmt"/>
        <line num="8" count="11" type="stmt"/>
        <line num="15" count="11" type="stmt"/>
        <line num="24" count="11" type="stmt"/>
        <line num="31" count="11" type="stmt"/>
        <line num="33" count="11" type="stmt"/>
        <line num="43" count="11" type="stmt"/>
        <line num="45" count="0" type="stmt"/>
        <line num="46" count="0" type="stmt"/>
        <line num="53" count="39" type="stmt"/>
      </file>
      <file name="putUserService.js" path="/home/zoutigo/projets/school-platform/backend/modules/userModule/services/putUserService.js">
        <metrics statements="9" coveredstatements="7" conditionals="0" coveredconditionals="0" methods="1" coveredmethods="1"/>
        <line num="1" count="39" type="stmt"/>
        <line num="3" count="39" type="stmt"/>
        <line num="4" count="12" type="stmt"/>
        <line num="5" count="12" type="stmt"/>
        <line num="7" count="12" type="stmt"/>
        <line num="22" count="12" type="stmt"/>
        <line num="24" count="0" type="stmt"/>
        <line num="25" count="0" type="stmt"/>
        <line num="29" count="39" type="stmt"/>
      </file>
    </package>
    <package name="backend.routes">
      <metrics statements="5" coveredstatements="4" conditionals="0" coveredconditionals="0" methods="1" coveredmethods="0"/>
      <file name="index.js" path="/home/zoutigo/projets/school-platform/backend/routes/index.js">
        <metrics statements="5" coveredstatements="4" conditionals="0" coveredconditionals="0" methods="1" coveredmethods="0"/>
        <line num="1" count="39" type="stmt"/>
        <line num="3" count="39" type="stmt"/>
        <line num="6" count="39" type="stmt"/>
        <line num="7" count="0" type="stmt"/>
        <line num="10" count="39" type="stmt"/>
      </file>
    </package>
    <package name="backend.service">
      <metrics statements="99" coveredstatements="43" conditionals="8" coveredconditionals="1" methods="12" coveredmethods="0"/>
      <file name="backup.js" path="/home/zoutigo/projets/school-platform/backend/service/backup.js">
        <metrics statements="21" coveredstatements="15" conditionals="2" coveredconditionals="0" methods="3" coveredmethods="0"/>
        <line num="1" count="39" type="stmt"/>
        <line num="2" count="39" type="stmt"/>
        <line num="3" count="39" type="stmt"/>
        <line num="4" count="39" type="stmt"/>
        <line num="6" count="39" type="stmt"/>
        <line num="8" count="39" type="stmt"/>
        <line num="9" count="39" type="stmt"/>
        <line num="10" count="39" type="stmt"/>
        <line num="11" count="39" type="stmt"/>
        <line num="12" count="39" type="stmt"/>
        <line num="14" count="39" type="stmt"/>
        <line num="15" count="39" type="stmt"/>
        <line num="17" count="39" type="stmt"/>
        <line num="19" count="39" type="stmt"/>
        <line num="20" count="0" type="stmt"/>
        <line num="21" count="0" type="cond" truecount="0" falsecount="2"/>
        <line num="22" count="0" type="stmt"/>
        <line num="24" count="0" type="stmt"/>
        <line num="32" count="0" type="stmt"/>
        <line num="35" count="0" type="stmt"/>
        <line num="39" count="39" type="stmt"/>
      </file>
      <file name="mailer.js" path="/home/zoutigo/projets/school-platform/backend/service/mailer.js">
        <metrics statements="78" coveredstatements="28" conditionals="6" coveredconditionals="1" methods="9" coveredmethods="0"/>
        <line num="1" count="39" type="stmt"/>
        <line num="2" count="39" type="stmt"/>
        <line num="3" count="39" type="stmt"/>
        <line num="4" count="39" type="stmt"/>
        <line num="5" count="39" type="stmt"/>
        <line num="6" count="39" type="stmt"/>
        <line num="7" count="39" type="stmt"/>
        <line num="8" count="39" type="stmt"/>
        <line num="9" count="39" type="stmt"/>
        <line num="10" count="39" type="stmt"/>
        <line num="11" count="39" type="stmt"/>
        <line num="13" count="39" type="stmt"/>
        <line num="15" count="39" type="stmt"/>
        <line num="19" count="39" type="stmt"/>
        <line num="23" count="39" type="stmt"/>
        <line num="24" count="39" type="stmt"/>
        <line num="26" count="39" type="stmt"/>
        <line num="42" count="39" type="stmt"/>
        <line num="44" count="39" type="cond" truecount="1" falsecount="1"/>
        <line num="48" count="39" type="stmt"/>
        <line num="49" count="0" type="stmt"/>
        <line num="54" count="0" type="stmt"/>
        <line num="55" count="0" type="stmt"/>
        <line num="59" count="0" type="stmt"/>
        <line num="63" count="0" type="stmt"/>
        <line num="64" count="0" type="stmt"/>
        <line num="67" count="0" type="stmt"/>
        <line num="73" count="0" type="stmt"/>
        <line num="75" count="0" type="stmt"/>
        <line num="78" count="39" type="stmt"/>
        <line num="79" count="0" type="stmt"/>
        <line num="84" count="0" type="stmt"/>
        <line num="85" count="0" type="stmt"/>
        <line num="90" count="0" type="stmt"/>
        <line num="91" count="0" type="stmt"/>
        <line num="92" count="0" type="stmt"/>
        <line num="99" count="0" type="stmt"/>
        <line num="106" count="0" type="stmt"/>
        <line num="108" count="0" type="stmt"/>
        <line num="112" count="39" type="stmt"/>
        <line num="113" count="0" type="stmt"/>
        <line num="164" count="0" type="stmt"/>
        <line num="166" count="39" type="stmt"/>
        <line num="167" count="0" type="cond" truecount="0" falsecount="2"/>
        <line num="170" count="0" type="stmt"/>
        <line num="220" count="0" type="cond" truecount="0" falsecount="2"/>
        <line num="221" count="0" type="stmt"/>
        <line num="229" count="0" type="stmt"/>
        <line num="232" count="39" type="stmt"/>
        <line num="233" count="0" type="stmt"/>
        <line num="238" count="0" type="stmt"/>
        <line num="240" count="0" type="stmt"/>
        <line num="247" count="0" type="stmt"/>
        <line num="254" count="0" type="stmt"/>
        <line num="256" count="39" type="stmt"/>
        <line num="257" count="0" type="stmt"/>
        <line num="262" count="0" type="stmt"/>
        <line num="263" count="0" type="stmt"/>
        <line num="273" count="0" type="stmt"/>
        <line num="280" count="0" type="stmt"/>
        <line num="282" count="39" type="stmt"/>
        <line num="283" count="0" type="stmt"/>
        <line num="288" count="0" type="stmt"/>
        <line num="290" count="0" type="stmt"/>
        <line num="298" count="0" type="stmt"/>
        <line num="305" count="0" type="stmt"/>
        <line num="307" count="39" type="stmt"/>
        <line num="308" count="0" type="stmt"/>
        <line num="313" count="0" type="stmt"/>
        <line num="315" count="0" type="stmt"/>
        <line num="322" count="0" type="stmt"/>
        <line num="329" count="0" type="stmt"/>
        <line num="331" count="39" type="stmt"/>
        <line num="332" count="0" type="stmt"/>
        <line num="337" count="0" type="stmt"/>
        <line num="339" count="0" type="stmt"/>
        <line num="347" count="0" type="stmt"/>
        <line num="354" count="0" type="stmt"/>
      </file>
    </package>
    <package name="backend.tasks">
      <metrics statements="41" coveredstatements="20" conditionals="2" coveredconditionals="0" methods="8" coveredmethods="0"/>
      <file name="emailFromClassroomPost.js" path="/home/zoutigo/projets/school-platform/backend/tasks/emailFromClassroomPost.js">
        <metrics statements="7" coveredstatements="5" conditionals="0" coveredconditionals="0" methods="1" coveredmethods="0"/>
        <line num="1" count="39" type="stmt"/>
        <line num="2" count="39" type="stmt"/>
        <line num="3" count="39" type="stmt"/>
        <line num="5" count="39" type="stmt"/>
        <line num="9" count="0" type="stmt"/>
        <line num="10" count="0" type="stmt"/>
        <line num="18" count="39" type="stmt"/>
      </file>
      <file name="emailFromEntityPost.js" path="/home/zoutigo/projets/school-platform/backend/tasks/emailFromEntityPost.js">
        <metrics statements="7" coveredstatements="5" conditionals="0" coveredconditionals="0" methods="1" coveredmethods="0"/>
        <line num="1" count="39" type="stmt"/>
        <line num="3" count="39" type="stmt"/>
        <line num="4" count="39" type="stmt"/>
        <line num="6" count="39" type="stmt"/>
        <line num="10" count="0" type="stmt"/>
        <line num="11" count="0" type="stmt"/>
        <line num="19" count="39" type="stmt"/>
      </file>
      <file name="emailToAllUsers.js" path="/home/zoutigo/projets/school-platform/backend/tasks/emailToAllUsers.js">
        <metrics statements="21" coveredstatements="6" conditionals="2" coveredconditionals="0" methods="5" coveredmethods="0"/>
        <line num="1" count="39" type="stmt"/>
        <line num="2" count="39" type="stmt"/>
        <line num="3" count="39" type="stmt"/>
        <line num="4" count="39" type="stmt"/>
        <line num="6" count="39" type="stmt"/>
        <line num="9" count="0" type="stmt"/>
        <line num="10" count="0" type="stmt"/>
        <line num="11" count="0" type="stmt"/>
        <line num="14" count="0" type="stmt"/>
        <line num="18" count="0" type="stmt"/>
        <line num="19" count="0" type="stmt"/>
        <line num="20" count="0" type="stmt"/>
        <line num="22" count="0" type="stmt"/>
        <line num="23" count="0" type="stmt"/>
        <line num="24" count="0" type="cond" truecount="0" falsecount="2"/>
        <line num="25" count="0" type="stmt"/>
        <line num="29" count="0" type="stmt"/>
        <line num="30" count="0" type="stmt"/>
        <line num="35" count="0" type="stmt"/>
        <line num="39" count="0" type="stmt"/>
        <line num="48" count="39" type="stmt"/>
      </file>
      <file name="makePgDbBackup.js" path="/home/zoutigo/projets/school-platform/backend/tasks/makePgDbBackup.js">
        <metrics statements="6" coveredstatements="4" conditionals="0" coveredconditionals="0" methods="1" coveredmethods="0"/>
        <line num="1" count="39" type="stmt"/>
        <line num="2" count="39" type="stmt"/>
        <line num="4" count="39" type="stmt"/>
        <line num="8" count="0" type="stmt"/>
        <line num="9" count="0" type="stmt"/>
        <line num="17" count="39" type="stmt"/>
      </file>
    </package>
    <package name="backend.utils">
      <metrics statements="102" coveredstatements="55" conditionals="40" coveredconditionals="5" methods="23" coveredmethods="7"/>
      <file name="cleanDirectory.js" path="/home/zoutigo/projets/school-platform/backend/utils/cleanDirectory.js">
        <metrics statements="6" coveredstatements="5" conditionals="0" coveredconditionals="0" methods="3" coveredmethods="3"/>
        <line num="1" count="15" type="stmt"/>
        <line num="4" count="24" type="stmt"/>
        <line num="5" count="24" type="stmt"/>
        <line num="8" count="29" type="stmt"/>
        <line num="11" count="0" type="stmt"/>
        <line num="15" count="15" type="stmt"/>
      </file>
      <file name="errorLogger.js" path="/home/zoutigo/projets/school-platform/backend/utils/errorLogger.js">
        <metrics statements="6" coveredstatements="4" conditionals="2" coveredconditionals="0" methods="1" coveredmethods="0"/>
        <line num="1" count="39" type="stmt"/>
        <line num="3" count="39" type="stmt"/>
        <line num="5" count="39" type="stmt"/>
        <line num="6" count="0" type="cond" truecount="0" falsecount="2"/>
        <line num="7" count="0" type="stmt"/>
        <line num="11" count="39" type="stmt"/>
      </file>
      <file name="errors.js" path="/home/zoutigo/projets/school-platform/backend/utils/errors.js">
        <metrics statements="16" coveredstatements="9" conditionals="12" coveredconditionals="5" methods="2" coveredmethods="2"/>
        <line num="6" count="18" type="stmt"/>
        <line num="7" count="18" type="stmt"/>
        <line num="11" count="18" type="cond" truecount="2" falsecount="0"/>
        <line num="12" count="1" type="stmt"/>
        <line num="14" count="17" type="cond" truecount="2" falsecount="0"/>
        <line num="15" count="5" type="stmt"/>
        <line num="17" count="12" type="cond" truecount="1" falsecount="1"/>
        <line num="18" count="12" type="stmt"/>
        <line num="20" count="0" type="cond" truecount="0" falsecount="2"/>
        <line num="21" count="0" type="stmt"/>
        <line num="23" count="0" type="cond" truecount="0" falsecount="2"/>
        <line num="24" count="0" type="stmt"/>
        <line num="26" count="0" type="cond" truecount="0" falsecount="2"/>
        <line num="27" count="0" type="stmt"/>
        <line num="30" count="0" type="stmt"/>
        <line num="41" count="39" type="stmt"/>
      </file>
      <file name="filterAlbumEmailClients.js" path="/home/zoutigo/projets/school-platform/backend/utils/filterAlbumEmailClients.js">
        <metrics statements="30" coveredstatements="12" conditionals="12" coveredconditionals="0" methods="7" coveredmethods="0"/>
        <line num="1" count="39" type="stmt"/>
        <line num="2" count="39" type="stmt"/>
        <line num="3" count="39" type="stmt"/>
        <line num="4" count="39" type="stmt"/>
        <line num="5" count="39" type="stmt"/>
        <line num="6" count="39" type="stmt"/>
        <line num="7" count="39" type="stmt"/>
        <line num="8" count="39" type="stmt"/>
        <line num="10" count="39" type="stmt"/>
        <line num="11" count="39" type="stmt"/>
        <line num="13" count="39" type="stmt"/>
        <line num="14" count="0" type="stmt"/>
        <line num="15" count="0" type="stmt"/>
        <line num="20" count="0" type="stmt"/>
        <line num="43" count="0" type="cond" truecount="0" falsecount="2"/>
        <line num="45" count="0" type="stmt"/>
        <line num="48" count="0" type="stmt"/>
        <line num="51" count="0" type="cond" truecount="0" falsecount="2"/>
        <line num="52" count="0" type="stmt"/>
        <line num="55" count="0" type="cond" truecount="0" falsecount="2"/>
        <line num="58" count="0" type="cond" truecount="0" falsecount="2"/>
        <line num="59" count="0" type="stmt"/>
        <line num="61" count="0" type="stmt"/>
        <line num="74" count="0" type="stmt"/>
        <line num="76" count="0" type="stmt"/>
        <line num="77" count="0" type="stmt"/>
        <line num="78" count="0" type="cond" truecount="0" falsecount="2"/>
        <line num="79" count="0" type="stmt"/>
        <line num="86" count="0" type="stmt"/>
        <line num="90" count="39" type="stmt"/>
      </file>
      <file name="filterPaperEmailClients.js" path="/home/zoutigo/projets/school-platform/backend/utils/filterPaperEmailClients.js">
        <metrics statements="31" coveredstatements="13" conditionals="14" coveredconditionals="0" methods="8" coveredmethods="0"/>
        <line num="1" count="39" type="stmt"/>
        <line num="2" count="39" type="stmt"/>
        <line num="3" count="39" type="stmt"/>
        <line num="4" count="39" type="stmt"/>
        <line num="5" count="39" type="stmt"/>
        <line num="6" count="39" type="stmt"/>
        <line num="7" count="39" type="stmt"/>
        <line num="8" count="39" type="stmt"/>
        <line num="10" count="39" type="stmt"/>
        <line num="11" count="39" type="stmt"/>
        <line num="13" count="39" type="stmt"/>
        <line num="15" count="39" type="stmt"/>
        <line num="16" count="0" type="stmt"/>
        <line num="17" count="0" type="stmt"/>
        <line num="22" count="0" type="stmt"/>
        <line num="38" count="0" type="cond" truecount="0" falsecount="2"/>
        <line num="40" count="0" type="stmt"/>
        <line num="44" count="0" type="cond" truecount="0" falsecount="2"/>
        <line num="48" count="0" type="cond" truecount="0" falsecount="2"/>
        <line num="49" count="0" type="stmt"/>
        <line num="51" count="0" type="cond" truecount="0" falsecount="2"/>
        <line num="54" count="0" type="cond" truecount="0" falsecount="2"/>
        <line num="55" count="0" type="stmt"/>
        <line num="57" count="0" type="stmt"/>
        <line num="70" count="0" type="stmt"/>
        <line num="72" count="0" type="stmt"/>
        <line num="73" count="0" type="stmt"/>
        <line num="74" count="0" type="cond" truecount="0" falsecount="2"/>
        <line num="75" count="0" type="stmt"/>
        <line num="83" count="0" type="stmt"/>
        <line num="87" count="39" type="stmt"/>
      </file>
      <file name="slugify.js" path="/home/zoutigo/projets/school-platform/backend/utils/slugify.js">
        <metrics statements="3" coveredstatements="3" conditionals="0" coveredconditionals="0" methods="1" coveredmethods="1"/>
        <line num="1" count="48" type="stmt"/>
        <line num="2" count="172" type="stmt"/>
        <line num="6" count="48" type="stmt"/>
      </file>
      <file name="truncate.js" path="/home/zoutigo/projets/school-platform/backend/utils/truncate.js">
        <metrics statements="10" coveredstatements="9" conditionals="0" coveredconditionals="0" methods="1" coveredmethods="1"/>
        <line num="1" count="48" type="stmt"/>
        <line num="2" count="48" type="stmt"/>
        <line num="3" count="48" type="stmt"/>
        <line num="5" count="48" type="stmt"/>
        <line num="6" count="96" type="stmt"/>
        <line num="7" count="96" type="stmt"/>
        <line num="8" count="96" type="stmt"/>
        <line num="9" count="96" type="stmt"/>
        <line num="18" count="0" type="stmt"/>
        <line num="22" count="48" type="stmt"/>
      </file>
    </package>
  </project>
</coverage>
