{"/home/zoutigo/projets/school-platform/backend/app.js": {"path":"/home/zoutigo/projets/school-platform/backend/app.js","statementMap":{"0":{"start":{"line":2,"column":16},"end":{"line":2,"column":34}},"1":{"start":{"line":3,"column":13},"end":{"line":3,"column":28}},"2":{"start":{"line":4,"column":21},"end":{"line":4,"column":45}},"3":{"start":{"line":5,"column":15},"end":{"line":5,"column":32}},"4":{"start":{"line":6,"column":15},"end":{"line":6,"column":32}},"5":{"start":{"line":7,"column":13},"end":{"line":7,"column":28}},"6":{"start":{"line":9,"column":21},"end":{"line":9,"column":58}},"7":{"start":{"line":11,"column":20},"end":{"line":11,"column":45}},"8":{"start":{"line":14,"column":20},"end":{"line":14,"column":62}},"9":{"start":{"line":15,"column":19},"end":{"line":15,"column":61}},"10":{"start":{"line":16,"column":20},"end":{"line":16,"column":62}},"11":{"start":{"line":17,"column":21},"end":{"line":17,"column":47}},"12":{"start":{"line":18,"column":21},"end":{"line":18,"column":47}},"13":{"start":{"line":19,"column":23},"end":{"line":19,"column":51}},"14":{"start":{"line":21,"column":21},"end":{"line":21,"column":47}},"15":{"start":{"line":22,"column":20},"end":{"line":22,"column":45}},"16":{"start":{"line":23,"column":24},"end":{"line":23,"column":53}},"17":{"start":{"line":24,"column":22},"end":{"line":24,"column":49}},"18":{"start":{"line":25,"column":30},"end":{"line":25,"column":65}},"19":{"start":{"line":26,"column":21},"end":{"line":26,"column":47}},"20":{"start":{"line":27,"column":26},"end":{"line":27,"column":57}},"21":{"start":{"line":28,"column":22},"end":{"line":28,"column":49}},"22":{"start":{"line":29,"column":22},"end":{"line":29,"column":49}},"23":{"start":{"line":30,"column":23},"end":{"line":30,"column":52}},"24":{"start":{"line":31,"column":19},"end":{"line":31,"column":44}},"25":{"start":{"line":32,"column":25},"end":{"line":32,"column":55}},"26":{"start":{"line":33,"column":20},"end":{"line":33,"column":45}},"27":{"start":{"line":34,"column":11},"end":{"line":34,"column":39}},"28":{"start":{"line":35,"column":28},"end":{"line":35,"column":62}},"29":{"start":{"line":36,"column":28},"end":{"line":36,"column":66}},"30":{"start":{"line":37,"column":31},"end":{"line":37,"column":72}},"31":{"start":{"line":38,"column":23},"end":{"line":38,"column":56}},"32":{"start":{"line":43,"column":0},"end":{"line":43,"column":15}},"33":{"start":{"line":45,"column":12},"end":{"line":45,"column":21}},"34":{"start":{"line":49,"column":0},"end":{"line":55,"column":3}},"35":{"start":{"line":51,"column":4},"end":{"line":51,"column":46}},"36":{"start":{"line":54,"column":4},"end":{"line":54,"column":66}},"37":{"start":{"line":57,"column":23},"end":{"line":57,"column":75}},"38":{"start":{"line":59,"column":0},"end":{"line":76,"column":1}},"39":{"start":{"line":64,"column":6},"end":{"line":64,"column":46}},"40":{"start":{"line":64,"column":19},"end":{"line":64,"column":46}},"41":{"start":{"line":65,"column":6},"end":{"line":70,"column":7}},"42":{"start":{"line":67,"column":10},"end":{"line":68,"column":51}},"43":{"start":{"line":69,"column":8},"end":{"line":69,"column":46}},"44":{"start":{"line":71,"column":6},"end":{"line":71,"column":33}},"45":{"start":{"line":77,"column":0},"end":{"line":85,"column":2}},"46":{"start":{"line":78,"column":2},"end":{"line":78,"column":48}},"47":{"start":{"line":79,"column":2},"end":{"line":79,"column":79}},"48":{"start":{"line":80,"column":2},"end":{"line":83,"column":3}},"49":{"start":{"line":84,"column":2},"end":{"line":84,"column":8}},"50":{"start":{"line":87,"column":0},"end":{"line":87,"column":61}},"51":{"start":{"line":88,"column":0},"end":{"line":88,"column":73}},"52":{"start":{"line":89,"column":0},"end":{"line":89,"column":71}},"53":{"start":{"line":90,"column":0},"end":{"line":90,"column":73}},"54":{"start":{"line":92,"column":0},"end":{"line":92,"column":22}},"55":{"start":{"line":93,"column":0},"end":{"line":93,"column":71}},"56":{"start":{"line":94,"column":0},"end":{"line":96,"column":1}},"57":{"start":{"line":97,"column":0},"end":{"line":97,"column":23}},"58":{"start":{"line":101,"column":0},"end":{"line":101,"column":25}},"59":{"start":{"line":102,"column":0},"end":{"line":102,"column":32}},"60":{"start":{"line":103,"column":0},"end":{"line":103,"column":34}},"61":{"start":{"line":104,"column":0},"end":{"line":104,"column":34}},"62":{"start":{"line":105,"column":0},"end":{"line":105,"column":30}},"63":{"start":{"line":106,"column":0},"end":{"line":106,"column":32}},"64":{"start":{"line":107,"column":0},"end":{"line":107,"column":32}},"65":{"start":{"line":108,"column":0},"end":{"line":108,"column":36}},"66":{"start":{"line":109,"column":0},"end":{"line":109,"column":30}},"67":{"start":{"line":110,"column":0},"end":{"line":110,"column":32}},"68":{"start":{"line":111,"column":0},"end":{"line":111,"column":30}},"69":{"start":{"line":112,"column":0},"end":{"line":112,"column":38}},"70":{"start":{"line":113,"column":0},"end":{"line":113,"column":34}},"71":{"start":{"line":114,"column":0},"end":{"line":114,"column":50}},"72":{"start":{"line":115,"column":0},"end":{"line":115,"column":32}},"73":{"start":{"line":116,"column":0},"end":{"line":116,"column":42}},"74":{"start":{"line":117,"column":0},"end":{"line":117,"column":34}},"75":{"start":{"line":118,"column":0},"end":{"line":118,"column":34}},"76":{"start":{"line":119,"column":0},"end":{"line":119,"column":36}},"77":{"start":{"line":120,"column":0},"end":{"line":120,"column":29}},"78":{"start":{"line":121,"column":0},"end":{"line":121,"column":40}},"79":{"start":{"line":122,"column":0},"end":{"line":122,"column":30}},"80":{"start":{"line":125,"column":0},"end":{"line":125,"column":21}},"81":{"start":{"line":127,"column":0},"end":{"line":127,"column":27}},"82":{"start":{"line":128,"column":0},"end":{"line":128,"column":27}},"83":{"start":{"line":129,"column":0},"end":{"line":129,"column":30}},"84":{"start":{"line":130,"column":0},"end":{"line":130,"column":22}},"85":{"start":{"line":138,"column":13},"end":{"line":138,"column":60}},"86":{"start":{"line":140,"column":0},"end":{"line":140,"column":29}},"87":{"start":{"line":141,"column":0},"end":{"line":143,"column":2}},"88":{"start":{"line":142,"column":2},"end":{"line":142,"column":38}},"89":{"start":{"line":144,"column":0},"end":{"line":144,"column":20}}},"fnMap":{"0":{"name":"(anonymous_0)","decl":{"start":{"line":50,"column":8},"end":{"line":50,"column":9}},"loc":{"start":{"line":50,"column":14},"end":{"line":52,"column":3}},"line":50},"1":{"name":"(anonymous_1)","decl":{"start":{"line":53,"column":9},"end":{"line":53,"column":10}},"loc":{"start":{"line":54,"column":4},"end":{"line":54,"column":66}},"line":54},"2":{"name":"(anonymous_2)","decl":{"start":{"line":61,"column":12},"end":{"line":61,"column":13}},"loc":{"start":{"line":61,"column":40},"end":{"line":72,"column":5}},"line":61},"3":{"name":"(anonymous_3)","decl":{"start":{"line":77,"column":12},"end":{"line":77,"column":13}},"loc":{"start":{"line":77,"column":32},"end":{"line":85,"column":1}},"line":77},"4":{"name":"(anonymous_4)","decl":{"start":{"line":141,"column":13},"end":{"line":141,"column":14}},"loc":{"start":{"line":141,"column":27},"end":{"line":143,"column":1}},"line":141}},"branchMap":{"0":{"loc":{"start":{"line":64,"column":6},"end":{"line":64,"column":46}},"type":"if","locations":[{"start":{"line":64,"column":6},"end":{"line":64,"column":46}},{"start":{},"end":{}}],"line":64},"1":{"loc":{"start":{"line":65,"column":6},"end":{"line":70,"column":7}},"type":"if","locations":[{"start":{"line":65,"column":6},"end":{"line":70,"column":7}},{"start":{},"end":{}}],"line":65}},"s":{"0":9,"1":9,"2":9,"3":9,"4":9,"5":9,"6":9,"7":9,"8":9,"9":9,"10":9,"11":9,"12":9,"13":9,"14":9,"15":9,"16":9,"17":9,"18":9,"19":9,"20":9,"21":9,"22":9,"23":9,"24":9,"25":9,"26":9,"27":9,"28":9,"29":9,"30":9,"31":9,"32":9,"33":9,"34":9,"35":9,"36":0,"37":9,"38":9,"39":28,"40":28,"41":0,"42":0,"43":0,"44":0,"45":9,"46":0,"47":0,"48":0,"49":0,"50":9,"51":9,"52":9,"53":9,"54":9,"55":9,"56":9,"57":9,"58":9,"59":9,"60":9,"61":9,"62":9,"63":9,"64":9,"65":9,"66":9,"67":9,"68":9,"69":9,"70":9,"71":9,"72":9,"73":9,"74":9,"75":9,"76":9,"77":9,"78":9,"79":9,"80":9,"81":9,"82":9,"83":9,"84":9,"85":9,"86":9,"87":9,"88":0,"89":9},"f":{"0":9,"1":0,"2":28,"3":0,"4":0},"b":{"0":[28,0],"1":[0,0]},"_coverageSchema":"1a1c01bbd47fc00a2c39e90264f33305004495a9","hash":"7e8bc57abb48aea27718d4562cb19bea29e4ec24"}
,"/home/zoutigo/projets/school-platform/backend/config/database.js": {"path":"/home/zoutigo/projets/school-platform/backend/config/database.js","statementMap":{"0":{"start":{"line":1,"column":18},"end":{"line":1,"column":38}},"1":{"start":{"line":3,"column":0},"end":{"line":3,"column":26}},"2":{"start":{"line":5,"column":11},"end":{"line":21,"column":1}},"3":{"start":{"line":23,"column":0},"end":{"line":23,"column":19}}},"fnMap":{},"branchMap":{},"s":{"0":9,"1":9,"2":9,"3":9},"f":{},"b":{},"_coverageSchema":"1a1c01bbd47fc00a2c39e90264f33305004495a9","hash":"6301fc1e5744536fc01c5b3d3ffc0630e20c1b4e"}
,"/home/zoutigo/projets/school-platform/backend/constants/albumLink.js": {"path":"/home/zoutigo/projets/school-platform/backend/constants/albumLink.js","statementMap":{"0":{"start":{"line":1,"column":18},"end":{"line":33,"column":1}},"1":{"start":{"line":2,"column":2},"end":{"line":32,"column":3}},"2":{"start":{"line":4,"column":6},"end":{"line":4,"column":42}},"3":{"start":{"line":6,"column":6},"end":{"line":6,"column":44}},"4":{"start":{"line":8,"column":6},"end":{"line":8,"column":45}},"5":{"start":{"line":10,"column":6},"end":{"line":10,"column":46}},"6":{"start":{"line":12,"column":6},"end":{"line":12,"column":45}},"7":{"start":{"line":14,"column":6},"end":{"line":14,"column":33}},"8":{"start":{"line":16,"column":6},"end":{"line":16,"column":34}},"9":{"start":{"line":18,"column":6},"end":{"line":18,"column":34}},"10":{"start":{"line":20,"column":6},"end":{"line":20,"column":34}},"11":{"start":{"line":22,"column":6},"end":{"line":22,"column":34}},"12":{"start":{"line":24,"column":6},"end":{"line":24,"column":41}},"13":{"start":{"line":26,"column":6},"end":{"line":26,"column":36}},"14":{"start":{"line":28,"column":6},"end":{"line":28,"column":36}},"15":{"start":{"line":31,"column":6},"end":{"line":31,"column":39}},"16":{"start":{"line":35,"column":0},"end":{"line":35,"column":26}}},"fnMap":{"0":{"name":"(anonymous_0)","decl":{"start":{"line":1,"column":18},"end":{"line":1,"column":19}},"loc":{"start":{"line":1,"column":29},"end":{"line":33,"column":1}},"line":1}},"branchMap":{"0":{"loc":{"start":{"line":2,"column":2},"end":{"line":32,"column":3}},"type":"switch","locations":[{"start":{"line":3,"column":4},"end":{"line":4,"column":42}},{"start":{"line":5,"column":4},"end":{"line":6,"column":44}},{"start":{"line":7,"column":4},"end":{"line":8,"column":45}},{"start":{"line":9,"column":4},"end":{"line":10,"column":46}},{"start":{"line":11,"column":4},"end":{"line":12,"column":45}},{"start":{"line":13,"column":4},"end":{"line":14,"column":33}},{"start":{"line":15,"column":4},"end":{"line":16,"column":34}},{"start":{"line":17,"column":4},"end":{"line":18,"column":34}},{"start":{"line":19,"column":4},"end":{"line":20,"column":34}},{"start":{"line":21,"column":4},"end":{"line":22,"column":34}},{"start":{"line":23,"column":4},"end":{"line":24,"column":41}},{"start":{"line":25,"column":4},"end":{"line":26,"column":36}},{"start":{"line":27,"column":4},"end":{"line":28,"column":36}},{"start":{"line":30,"column":4},"end":{"line":31,"column":39}}],"line":2}},"s":{"0":9,"1":0,"2":0,"3":0,"4":0,"5":0,"6":0,"7":0,"8":0,"9":0,"10":0,"11":0,"12":0,"13":0,"14":0,"15":0,"16":9},"f":{"0":0},"b":{"0":[0,0,0,0,0,0,0,0,0,0,0,0,0,0]},"_coverageSchema":"1a1c01bbd47fc00a2c39e90264f33305004495a9","hash":"875fdbf5d8d9d4ef9e771441bdbf180e59367289"}
,"/home/zoutigo/projets/school-platform/backend/constants/classroomAliasses.js": {"path":"/home/zoutigo/projets/school-platform/backend/constants/classroomAliasses.js","statementMap":{"0":{"start":{"line":1,"column":27},"end":{"line":11,"column":1}},"1":{"start":{"line":13,"column":0},"end":{"line":13,"column":35}}},"fnMap":{},"branchMap":{},"s":{"0":9,"1":9},"f":{},"b":{},"_coverageSchema":"1a1c01bbd47fc00a2c39e90264f33305004495a9","hash":"40a68aac6eee4c2a5c13027278c2c95a4de9b677"}
,"/home/zoutigo/projets/school-platform/backend/constants/entitiesdatas.js": {"path":"/home/zoutigo/projets/school-platform/backend/constants/entitiesdatas.js","statementMap":{"0":{"start":{"line":1,"column":0},"end":{"line":197,"column":1}}},"fnMap":{},"branchMap":{},"s":{"0":9},"f":{},"b":{},"_coverageSchema":"1a1c01bbd47fc00a2c39e90264f33305004495a9","hash":"ec5ca84b9c7a3e327ab7da5e9fff220a0d8ca915"}
,"/home/zoutigo/projets/school-platform/backend/constants/includes.js": {"path":"/home/zoutigo/projets/school-platform/backend/constants/includes.js","statementMap":{"0":{"start":{"line":1,"column":16},"end":{"line":1,"column":44}},"1":{"start":{"line":2,"column":14},"end":{"line":2,"column":40}},"2":{"start":{"line":4,"column":0},"end":{"line":15,"column":1}}},"fnMap":{},"branchMap":{},"s":{"0":9,"1":9,"2":9},"f":{},"b":{},"_coverageSchema":"1a1c01bbd47fc00a2c39e90264f33305004495a9","hash":"0b2e1afe376c8639e5ece344da1ec67ac8f0196c"}
,"/home/zoutigo/projets/school-platform/backend/constants/inlinerOptions.js": {"path":"/home/zoutigo/projets/school-platform/backend/constants/inlinerOptions.js","statementMap":{"0":{"start":{"line":1,"column":0},"end":{"line":6,"column":1}}},"fnMap":{},"branchMap":{},"s":{"0":9},"f":{},"b":{},"_coverageSchema":"1a1c01bbd47fc00a2c39e90264f33305004495a9","hash":"39c5298316809359927cb4275a490fa0a0c9bd85"}
,"/home/zoutigo/projets/school-platform/backend/constants/mainsrows.js": {"path":"/home/zoutigo/projets/school-platform/backend/constants/mainsrows.js","statementMap":{"0":{"start":{"line":1,"column":0},"end":{"line":1,"column":26}},"1":{"start":{"line":3,"column":0},"end":{"line":9,"column":1}},"2":{"start":{"line":10,"column":0},"end":{"line":16,"column":1}},"3":{"start":{"line":17,"column":0},"end":{"line":23,"column":1}},"4":{"start":{"line":24,"column":0},"end":{"line":29,"column":1}},"5":{"start":{"line":30,"column":0},"end":{"line":34,"column":1}}},"fnMap":{},"branchMap":{},"s":{"0":9,"1":9,"2":9,"3":9,"4":9,"5":9},"f":{},"b":{},"_coverageSchema":"1a1c01bbd47fc00a2c39e90264f33305004495a9","hash":"fe521ded5cfd2bbb874e5c01425e1d581072b159"}
,"/home/zoutigo/projets/school-platform/backend/constants/pageRawContent.js": {"path":"/home/zoutigo/projets/school-platform/backend/constants/pageRawContent.js","statementMap":{"0":{"start":{"line":1,"column":0},"end":{"line":78,"column":1}}},"fnMap":{},"branchMap":{},"s":{"0":9},"f":{},"b":{},"_coverageSchema":"1a1c01bbd47fc00a2c39e90264f33305004495a9","hash":"b9b7a71d0130a840198251e6a4f3f177a8e56bd3"}
,"/home/zoutigo/projets/school-platform/backend/constants/pagesDatas.js": {"path":"/home/zoutigo/projets/school-platform/backend/constants/pagesDatas.js","statementMap":{"0":{"start":{"line":1,"column":0},"end":{"line":1376,"column":1}}},"fnMap":{},"branchMap":{},"s":{"0":9},"f":{},"b":{},"_coverageSchema":"1a1c01bbd47fc00a2c39e90264f33305004495a9","hash":"44d3058c2e7cf9c3d73ec65112fffd96c13479dc"}
,"/home/zoutigo/projets/school-platform/backend/constants/paperLink.js": {"path":"/home/zoutigo/projets/school-platform/backend/constants/paperLink.js","statementMap":{"0":{"start":{"line":1,"column":18},"end":{"line":21,"column":1}},"1":{"start":{"line":2,"column":2},"end":{"line":20,"column":3}},"2":{"start":{"line":4,"column":6},"end":{"line":4,"column":36}},"3":{"start":{"line":6,"column":6},"end":{"line":6,"column":49}},"4":{"start":{"line":8,"column":6},"end":{"line":8,"column":52}},"5":{"start":{"line":10,"column":6},"end":{"line":10,"column":50}},"6":{"start":{"line":12,"column":6},"end":{"line":12,"column":41}},"7":{"start":{"line":14,"column":6},"end":{"line":14,"column":42}},"8":{"start":{"line":16,"column":6},"end":{"line":16,"column":40}},"9":{"start":{"line":19,"column":6},"end":{"line":19,"column":39}},"10":{"start":{"line":23,"column":0},"end":{"line":23,"column":26}}},"fnMap":{"0":{"name":"(anonymous_0)","decl":{"start":{"line":1,"column":18},"end":{"line":1,"column":19}},"loc":{"start":{"line":1,"column":29},"end":{"line":21,"column":1}},"line":1}},"branchMap":{"0":{"loc":{"start":{"line":2,"column":2},"end":{"line":20,"column":3}},"type":"switch","locations":[{"start":{"line":3,"column":4},"end":{"line":4,"column":36}},{"start":{"line":5,"column":4},"end":{"line":6,"column":49}},{"start":{"line":7,"column":4},"end":{"line":8,"column":52}},{"start":{"line":9,"column":4},"end":{"line":10,"column":50}},{"start":{"line":11,"column":4},"end":{"line":12,"column":41}},{"start":{"line":13,"column":4},"end":{"line":14,"column":42}},{"start":{"line":15,"column":4},"end":{"line":16,"column":40}},{"start":{"line":18,"column":4},"end":{"line":19,"column":39}}],"line":2}},"s":{"0":9,"1":0,"2":0,"3":0,"4":0,"5":0,"6":0,"7":0,"8":0,"9":0,"10":9},"f":{"0":0},"b":{"0":[0,0,0,0,0,0,0,0]},"_coverageSchema":"1a1c01bbd47fc00a2c39e90264f33305004495a9","hash":"81c638c2d6fdd76db57056c33a959a23c4735635"}
,"/home/zoutigo/projets/school-platform/backend/constants/paperintrotext.js": {"path":"/home/zoutigo/projets/school-platform/backend/constants/paperintrotext.js","statementMap":{"0":{"start":{"line":1,"column":23},"end":{"line":21,"column":1}},"1":{"start":{"line":2,"column":2},"end":{"line":20,"column":3}},"2":{"start":{"line":4,"column":6},"end":{"line":4,"column":44}},"3":{"start":{"line":6,"column":6},"end":{"line":6,"column":77}},"4":{"start":{"line":8,"column":6},"end":{"line":8,"column":69}},"5":{"start":{"line":10,"column":6},"end":{"line":10,"column":50}},"6":{"start":{"line":12,"column":6},"end":{"line":12,"column":57}},"7":{"start":{"line":14,"column":6},"end":{"line":14,"column":59}},"8":{"start":{"line":16,"column":6},"end":{"line":16,"column":89}},"9":{"start":{"line":19,"column":6},"end":{"line":19,"column":44}},"10":{"start":{"line":23,"column":0},"end":{"line":23,"column":31}}},"fnMap":{"0":{"name":"(anonymous_0)","decl":{"start":{"line":1,"column":23},"end":{"line":1,"column":24}},"loc":{"start":{"line":1,"column":34},"end":{"line":21,"column":1}},"line":1}},"branchMap":{"0":{"loc":{"start":{"line":2,"column":2},"end":{"line":20,"column":3}},"type":"switch","locations":[{"start":{"line":3,"column":4},"end":{"line":4,"column":44}},{"start":{"line":5,"column":4},"end":{"line":6,"column":77}},{"start":{"line":7,"column":4},"end":{"line":8,"column":69}},{"start":{"line":9,"column":4},"end":{"line":10,"column":50}},{"start":{"line":11,"column":4},"end":{"line":12,"column":57}},{"start":{"line":13,"column":4},"end":{"line":14,"column":59}},{"start":{"line":15,"column":4},"end":{"line":16,"column":89}},{"start":{"line":18,"column":4},"end":{"line":19,"column":44}}],"line":2}},"s":{"0":9,"1":0,"2":0,"3":0,"4":0,"5":0,"6":0,"7":0,"8":0,"9":0,"10":9},"f":{"0":0},"b":{"0":[0,0,0,0,0,0,0,0]},"_coverageSchema":"1a1c01bbd47fc00a2c39e90264f33305004495a9","hash":"df2e0ff570084da4dd42115c48775c36fd6105f6"}
,"/home/zoutigo/projets/school-platform/backend/constants/regex.js": {"path":"/home/zoutigo/projets/school-platform/backend/constants/regex.js","statementMap":{"0":{"start":{"line":1,"column":0},"end":{"line":1,"column":75}}},"fnMap":{},"branchMap":{},"s":{"0":9},"f":{},"b":{},"_coverageSchema":"1a1c01bbd47fc00a2c39e90264f33305004495a9","hash":"3c34a2799ea38cfccae26c408eec6136605037a0"}
,"/home/zoutigo/projets/school-platform/backend/constants/texts.js": {"path":"/home/zoutigo/projets/school-platform/backend/constants/texts.js","statementMap":{"0":{"start":{"line":1,"column":0},"end":{"line":1,"column":328}},"1":{"start":{"line":2,"column":0},"end":{"line":2,"column":76}}},"fnMap":{},"branchMap":{},"s":{"0":9,"1":9},"f":{},"b":{},"_coverageSchema":"1a1c01bbd47fc00a2c39e90264f33305004495a9","hash":"2ff948f567007aee6d51d702ed9d59ba1c88ae6e"}
,"/home/zoutigo/projets/school-platform/backend/controllers/albumController.js": {"path":"/home/zoutigo/projets/school-platform/backend/controllers/albumController.js","statementMap":{"0":{"start":{"line":1,"column":11},"end":{"line":1,"column":24}},"1":{"start":{"line":2,"column":14},"end":{"line":2,"column":30}},"2":{"start":{"line":3,"column":13},"end":{"line":3,"column":28}},"3":{"start":{"line":4,"column":15},"end":{"line":4,"column":42}},"4":{"start":{"line":5,"column":16},"end":{"line":5,"column":44}},"5":{"start":{"line":6,"column":14},"end":{"line":6,"column":40}},"6":{"start":{"line":7,"column":36},"end":{"line":7,"column":66}},"7":{"start":{"line":9,"column":47},"end":{"line":9,"column":73}},"8":{"start":{"line":10,"column":27},"end":{"line":10,"column":66}},"9":{"start":{"line":12,"column":22},"end":{"line":21,"column":1}},"10":{"start":{"line":23,"column":0},"end":{"line":197,"column":1}},"11":{"start":{"line":24,"column":53},"end":{"line":24,"column":61}},"12":{"start":{"line":25,"column":47},"end":{"line":25,"column":56}},"13":{"start":{"line":26,"column":19},"end":{"line":26,"column":54}},"14":{"start":{"line":27,"column":19},"end":{"line":27,"column":50}},"15":{"start":{"line":29,"column":2},"end":{"line":30,"column":54}},"16":{"start":{"line":30,"column":4},"end":{"line":30,"column":54}},"17":{"start":{"line":31,"column":17},"end":{"line":31,"column":73}},"18":{"start":{"line":33,"column":2},"end":{"line":41,"column":3}},"19":{"start":{"line":34,"column":4},"end":{"line":40,"column":7}},"20":{"start":{"line":35,"column":6},"end":{"line":40,"column":7}},"21":{"start":{"line":43,"column":22},"end":{"line":43,"column":27}},"22":{"start":{"line":45,"column":2},"end":{"line":49,"column":4}},"23":{"start":{"line":46,"column":4},"end":{"line":48,"column":5}},"24":{"start":{"line":47,"column":6},"end":{"line":47,"column":26}},"25":{"start":{"line":51,"column":24},"end":{"line":51,"column":76}},"26":{"start":{"line":53,"column":2},"end":{"line":55,"column":3}},"27":{"start":{"line":54,"column":4},"end":{"line":54,"column":48}},"28":{"start":{"line":57,"column":2},"end":{"line":62,"column":5}},"29":{"start":{"line":58,"column":4},"end":{"line":62,"column":5}},"30":{"start":{"line":64,"column":17},"end":{"line":64,"column":41}},"31":{"start":{"line":65,"column":2},"end":{"line":67,"column":3}},"32":{"start":{"line":66,"column":4},"end":{"line":66,"column":46}},"33":{"start":{"line":69,"column":39},"end":{"line":69,"column":47}},"34":{"start":{"line":71,"column":2},"end":{"line":196,"column":3}},"35":{"start":{"line":72,"column":4},"end":{"line":73,"column":69}},"36":{"start":{"line":73,"column":6},"end":{"line":73,"column":69}},"37":{"start":{"line":75,"column":4},"end":{"line":80,"column":7}},"38":{"start":{"line":76,"column":6},"end":{"line":80,"column":7}},"39":{"start":{"line":81,"column":4},"end":{"line":86,"column":7}},"40":{"start":{"line":82,"column":6},"end":{"line":86,"column":7}},"41":{"start":{"line":88,"column":4},"end":{"line":123,"column":5}},"42":{"start":{"line":89,"column":25},"end":{"line":92,"column":8}},"43":{"start":{"line":93,"column":6},"end":{"line":120,"column":7}},"44":{"start":{"line":94,"column":28},"end":{"line":94,"column":45}},"45":{"start":{"line":95,"column":26},"end":{"line":95,"column":65}},"46":{"start":{"line":96,"column":26},"end":{"line":96,"column":50}},"47":{"start":{"line":97,"column":8},"end":{"line":101,"column":10}},"48":{"start":{"line":98,"column":10},"end":{"line":100,"column":11}},"49":{"start":{"line":99,"column":12},"end":{"line":99,"column":35}},"50":{"start":{"line":102,"column":41},"end":{"line":102,"column":49}},"51":{"start":{"line":103,"column":20},"end":{"line":103,"column":55}},"52":{"start":{"line":104,"column":28},"end":{"line":104,"column":53}},"53":{"start":{"line":106,"column":8},"end":{"line":106,"column":69}},"54":{"start":{"line":109,"column":10},"end":{"line":111,"column":45}},"55":{"start":{"line":113,"column":8},"end":{"line":118,"column":10}},"56":{"start":{"line":119,"column":8},"end":{"line":119,"column":76}},"57":{"start":{"line":122,"column":6},"end":{"line":122,"column":44}},"58":{"start":{"line":124,"column":9},"end":{"line":196,"column":3}},"59":{"start":{"line":127,"column":25},"end":{"line":130,"column":6}},"60":{"start":{"line":131,"column":4},"end":{"line":131,"column":74}},"61":{"start":{"line":131,"column":23},"end":{"line":131,"column":74}},"62":{"start":{"line":133,"column":20},"end":{"line":137,"column":5}},"63":{"start":{"line":139,"column":4},"end":{"line":155,"column":5}},"64":{"start":{"line":140,"column":27},"end":{"line":142,"column":8}},"65":{"start":{"line":144,"column":6},"end":{"line":152,"column":7}},"66":{"start":{"line":145,"column":8},"end":{"line":147,"column":9}},"67":{"start":{"line":146,"column":10},"end":{"line":146,"column":68}},"68":{"start":{"line":148,"column":8},"end":{"line":151,"column":10}},"69":{"start":{"line":154,"column":6},"end":{"line":154,"column":40}},"70":{"start":{"line":156,"column":9},"end":{"line":196,"column":3}},"71":{"start":{"line":157,"column":4},"end":{"line":193,"column":5}},"72":{"start":{"line":158,"column":28},"end":{"line":161,"column":8}},"73":{"start":{"line":163,"column":6},"end":{"line":164,"column":68}},"74":{"start":{"line":164,"column":8},"end":{"line":164,"column":68}},"75":{"start":{"line":165,"column":34},"end":{"line":165,"column":36}},"76":{"start":{"line":167,"column":6},"end":{"line":179,"column":7}},"77":{"start":{"line":168,"column":8},"end":{"line":178,"column":10}},"78":{"start":{"line":169,"column":10},"end":{"line":177,"column":12}},"79":{"start":{"line":170,"column":12},"end":{"line":172,"column":13}},"80":{"start":{"line":171,"column":14},"end":{"line":171,"column":43}},"81":{"start":{"line":173,"column":33},"end":{"line":175,"column":14}},"82":{"start":{"line":176,"column":12},"end":{"line":176,"column":56}},"83":{"start":{"line":181,"column":6},"end":{"line":182,"column":47}},"84":{"start":{"line":182,"column":8},"end":{"line":182,"column":47}},"85":{"start":{"line":188,"column":27},"end":{"line":188,"column":56}},"86":{"start":{"line":189,"column":6},"end":{"line":190,"column":77}},"87":{"start":{"line":190,"column":8},"end":{"line":190,"column":77}},"88":{"start":{"line":192,"column":6},"end":{"line":192,"column":22}},"89":{"start":{"line":195,"column":4},"end":{"line":195,"column":76}},"90":{"start":{"line":199,"column":0},"end":{"line":232,"column":1}},"91":{"start":{"line":200,"column":17},"end":{"line":200,"column":42}},"92":{"start":{"line":201,"column":2},"end":{"line":203,"column":3}},"93":{"start":{"line":202,"column":4},"end":{"line":202,"column":46}},"94":{"start":{"line":205,"column":2},"end":{"line":212,"column":3}},"95":{"start":{"line":206,"column":19},"end":{"line":208,"column":6}},"96":{"start":{"line":209,"column":4},"end":{"line":209,"column":73}},"97":{"start":{"line":209,"column":17},"end":{"line":209,"column":73}},"98":{"start":{"line":210,"column":4},"end":{"line":210,"column":34}},"99":{"start":{"line":211,"column":4},"end":{"line":211,"column":32}},"100":{"start":{"line":214,"column":2},"end":{"line":231,"column":3}},"101":{"start":{"line":215,"column":19},"end":{"line":222,"column":6}},"102":{"start":{"line":224,"column":4},"end":{"line":227,"column":7}},"103":{"start":{"line":225,"column":6},"end":{"line":227,"column":7}},"104":{"start":{"line":228,"column":4},"end":{"line":228,"column":39}},"105":{"start":{"line":230,"column":4},"end":{"line":230,"column":20}},"106":{"start":{"line":234,"column":0},"end":{"line":357,"column":1}},"107":{"start":{"line":235,"column":53},"end":{"line":235,"column":61}},"108":{"start":{"line":236,"column":57},"end":{"line":236,"column":66}},"109":{"start":{"line":238,"column":2},"end":{"line":239,"column":80}},"110":{"start":{"line":239,"column":4},"end":{"line":239,"column":80}},"111":{"start":{"line":242,"column":4},"end":{"line":244,"column":64}},"112":{"start":{"line":246,"column":22},"end":{"line":246,"column":27}},"113":{"start":{"line":248,"column":2},"end":{"line":252,"column":4}},"114":{"start":{"line":249,"column":4},"end":{"line":251,"column":5}},"115":{"start":{"line":250,"column":6},"end":{"line":250,"column":26}},"116":{"start":{"line":254,"column":24},"end":{"line":254,"column":76}},"117":{"start":{"line":260,"column":2},"end":{"line":265,"column":5}},"118":{"start":{"line":261,"column":4},"end":{"line":265,"column":5}},"119":{"start":{"line":267,"column":2},"end":{"line":268,"column":70}},"120":{"start":{"line":268,"column":4},"end":{"line":268,"column":70}},"121":{"start":{"line":270,"column":2},"end":{"line":272,"column":3}},"122":{"start":{"line":271,"column":4},"end":{"line":271,"column":75}},"123":{"start":{"line":275,"column":16},"end":{"line":280,"column":10}},"124":{"start":{"line":282,"column":2},"end":{"line":283,"column":78}},"125":{"start":{"line":283,"column":4},"end":{"line":283,"column":78}},"126":{"start":{"line":285,"column":2},"end":{"line":356,"column":3}},"127":{"start":{"line":286,"column":4},"end":{"line":335,"column":5}},"128":{"start":{"line":288,"column":26},"end":{"line":288,"column":43}},"129":{"start":{"line":289,"column":24},"end":{"line":289,"column":69}},"130":{"start":{"line":290,"column":24},"end":{"line":290,"column":48}},"131":{"start":{"line":292,"column":6},"end":{"line":296,"column":8}},"132":{"start":{"line":293,"column":8},"end":{"line":295,"column":9}},"133":{"start":{"line":294,"column":10},"end":{"line":294,"column":33}},"134":{"start":{"line":298,"column":6},"end":{"line":320,"column":8}},"135":{"start":{"line":299,"column":41},"end":{"line":299,"column":46}},"136":{"start":{"line":300,"column":20},"end":{"line":300,"column":55}},"137":{"start":{"line":301,"column":28},"end":{"line":301,"column":53}},"138":{"start":{"line":303,"column":8},"end":{"line":303,"column":69}},"139":{"start":{"line":310,"column":10},"end":{"line":312,"column":51}},"140":{"start":{"line":314,"column":8},"end":{"line":319,"column":10}},"141":{"start":{"line":332,"column":6},"end":{"line":332,"column":69}},"142":{"start":{"line":334,"column":6},"end":{"line":334,"column":62}},"143":{"start":{"line":336,"column":9},"end":{"line":356,"column":3}},"144":{"start":{"line":337,"column":4},"end":{"line":355,"column":5}},"145":{"start":{"line":338,"column":27},"end":{"line":338,"column":29}},"146":{"start":{"line":340,"column":6},"end":{"line":348,"column":8}},"147":{"start":{"line":341,"column":8},"end":{"line":347,"column":9}},"148":{"start":{"line":342,"column":10},"end":{"line":342,"column":32}},"149":{"start":{"line":344,"column":10},"end":{"line":346,"column":12}},"150":{"start":{"line":350,"column":6},"end":{"line":350,"column":67}},"151":{"start":{"line":350,"column":35},"end":{"line":350,"column":67}},"152":{"start":{"line":352,"column":6},"end":{"line":352,"column":65}},"153":{"start":{"line":354,"column":6},"end":{"line":354,"column":38}}},"fnMap":{"0":{"name":"(anonymous_0)","decl":{"start":{"line":23,"column":27},"end":{"line":23,"column":28}},"loc":{"start":{"line":23,"column":53},"end":{"line":197,"column":1}},"line":23},"1":{"name":"(anonymous_1)","decl":{"start":{"line":45,"column":12},"end":{"line":45,"column":13}},"loc":{"start":{"line":45,"column":22},"end":{"line":49,"column":3}},"line":45},"2":{"name":"(anonymous_2)","decl":{"start":{"line":97,"column":29},"end":{"line":97,"column":30}},"loc":{"start":{"line":97,"column":40},"end":{"line":101,"column":9}},"line":97},"3":{"name":"(anonymous_3)","decl":{"start":{"line":168,"column":36},"end":{"line":168,"column":37}},"loc":{"start":{"line":168,"column":46},"end":{"line":178,"column":9}},"line":168},"4":{"name":"(anonymous_4)","decl":{"start":{"line":169,"column":35},"end":{"line":169,"column":36}},"loc":{"start":{"line":169,"column":50},"end":{"line":177,"column":11}},"line":169},"5":{"name":"(anonymous_5)","decl":{"start":{"line":199,"column":27},"end":{"line":199,"column":28}},"loc":{"start":{"line":199,"column":53},"end":{"line":232,"column":1}},"line":199},"6":{"name":"(anonymous_6)","decl":{"start":{"line":234,"column":33},"end":{"line":234,"column":34}},"loc":{"start":{"line":234,"column":59},"end":{"line":357,"column":1}},"line":234},"7":{"name":"(anonymous_7)","decl":{"start":{"line":248,"column":12},"end":{"line":248,"column":13}},"loc":{"start":{"line":248,"column":22},"end":{"line":252,"column":3}},"line":248},"8":{"name":"(anonymous_8)","decl":{"start":{"line":292,"column":27},"end":{"line":292,"column":28}},"loc":{"start":{"line":292,"column":38},"end":{"line":296,"column":7}},"line":292},"9":{"name":"(anonymous_9)","decl":{"start":{"line":298,"column":24},"end":{"line":298,"column":25}},"loc":{"start":{"line":298,"column":41},"end":{"line":320,"column":7}},"line":298},"10":{"name":"(anonymous_10)","decl":{"start":{"line":340,"column":26},"end":{"line":340,"column":27}},"loc":{"start":{"line":340,"column":41},"end":{"line":348,"column":7}},"line":340}},"branchMap":{"0":{"loc":{"start":{"line":26,"column":19},"end":{"line":26,"column":54}},"type":"cond-expr","locations":[{"start":{"line":26,"column":30},"end":{"line":26,"column":47}},{"start":{"line":26,"column":50},"end":{"line":26,"column":54}}],"line":26},"1":{"loc":{"start":{"line":27,"column":19},"end":{"line":27,"column":50}},"type":"cond-expr","locations":[{"start":{"line":27,"column":30},"end":{"line":27,"column":43}},{"start":{"line":27,"column":46},"end":{"line":27,"column":50}}],"line":27},"2":{"loc":{"start":{"line":29,"column":2},"end":{"line":30,"column":54}},"type":"if","locations":[{"start":{"line":29,"column":2},"end":{"line":30,"column":54}},{"start":{},"end":{}}],"line":29},"3":{"loc":{"start":{"line":29,"column":6},"end":{"line":29,"column":41}},"type":"binary-expr","locations":[{"start":{"line":29,"column":6},"end":{"line":29,"column":25}},{"start":{"line":29,"column":29},"end":{"line":29,"column":41}}],"line":29},"4":{"loc":{"start":{"line":33,"column":2},"end":{"line":41,"column":3}},"type":"if","locations":[{"start":{"line":33,"column":2},"end":{"line":41,"column":3}},{"start":{},"end":{}}],"line":33},"5":{"loc":{"start":{"line":34,"column":4},"end":{"line":40,"column":7}},"type":"if","locations":[{"start":{"line":34,"column":4},"end":{"line":40,"column":7}},{"start":{},"end":{}}],"line":34},"6":{"loc":{"start":{"line":46,"column":4},"end":{"line":48,"column":5}},"type":"if","locations":[{"start":{"line":46,"column":4},"end":{"line":48,"column":5}},{"start":{},"end":{}}],"line":46},"7":{"loc":{"start":{"line":51,"column":24},"end":{"line":51,"column":76}},"type":"binary-expr","locations":[{"start":{"line":51,"column":24},"end":{"line":51,"column":31}},{"start":{"line":51,"column":35},"end":{"line":51,"column":44}},{"start":{"line":51,"column":48},"end":{"line":51,"column":59}},{"start":{"line":51,"column":63},"end":{"line":51,"column":76}}],"line":51},"8":{"loc":{"start":{"line":53,"column":2},"end":{"line":55,"column":3}},"type":"if","locations":[{"start":{"line":53,"column":2},"end":{"line":55,"column":3}},{"start":{},"end":{}}],"line":53},"9":{"loc":{"start":{"line":53,"column":6},"end":{"line":53,"column":74}},"type":"binary-expr","locations":[{"start":{"line":53,"column":6},"end":{"line":53,"column":38}},{"start":{"line":53,"column":42},"end":{"line":53,"column":61}},{"start":{"line":53,"column":65},"end":{"line":53,"column":74}}],"line":53},"10":{"loc":{"start":{"line":57,"column":2},"end":{"line":62,"column":5}},"type":"if","locations":[{"start":{"line":57,"column":2},"end":{"line":62,"column":5}},{"start":{},"end":{}}],"line":57},"11":{"loc":{"start":{"line":65,"column":2},"end":{"line":67,"column":3}},"type":"if","locations":[{"start":{"line":65,"column":2},"end":{"line":67,"column":3}},{"start":{},"end":{}}],"line":65},"12":{"loc":{"start":{"line":71,"column":2},"end":{"line":196,"column":3}},"type":"if","locations":[{"start":{"line":71,"column":2},"end":{"line":196,"column":3}},{"start":{"line":124,"column":9},"end":{"line":196,"column":3}}],"line":71},"13":{"loc":{"start":{"line":72,"column":4},"end":{"line":73,"column":69}},"type":"if","locations":[{"start":{"line":72,"column":4},"end":{"line":73,"column":69}},{"start":{},"end":{}}],"line":72},"14":{"loc":{"start":{"line":75,"column":4},"end":{"line":80,"column":7}},"type":"if","locations":[{"start":{"line":75,"column":4},"end":{"line":80,"column":7}},{"start":{},"end":{}}],"line":75},"15":{"loc":{"start":{"line":81,"column":4},"end":{"line":86,"column":7}},"type":"if","locations":[{"start":{"line":81,"column":4},"end":{"line":86,"column":7}},{"start":{},"end":{}}],"line":81},"16":{"loc":{"start":{"line":81,"column":8},"end":{"line":81,"column":39}},"type":"binary-expr","locations":[{"start":{"line":81,"column":8},"end":{"line":81,"column":13}},{"start":{"line":81,"column":17},"end":{"line":81,"column":23}},{"start":{"line":81,"column":27},"end":{"line":81,"column":39}}],"line":81},"17":{"loc":{"start":{"line":93,"column":6},"end":{"line":120,"column":7}},"type":"if","locations":[{"start":{"line":93,"column":6},"end":{"line":120,"column":7}},{"start":{},"end":{}}],"line":93},"18":{"loc":{"start":{"line":98,"column":10},"end":{"line":100,"column":11}},"type":"if","locations":[{"start":{"line":98,"column":10},"end":{"line":100,"column":11}},{"start":{},"end":{}}],"line":98},"19":{"loc":{"start":{"line":109,"column":10},"end":{"line":111,"column":45}},"type":"cond-expr","locations":[{"start":{"line":110,"column":14},"end":{"line":110,"column":45}},{"start":{"line":111,"column":14},"end":{"line":111,"column":45}}],"line":109},"20":{"loc":{"start":{"line":124,"column":9},"end":{"line":196,"column":3}},"type":"if","locations":[{"start":{"line":124,"column":9},"end":{"line":196,"column":3}},{"start":{"line":156,"column":9},"end":{"line":196,"column":3}}],"line":124},"21":{"loc":{"start":{"line":124,"column":13},"end":{"line":124,"column":43}},"type":"binary-expr","locations":[{"start":{"line":124,"column":13},"end":{"line":124,"column":32}},{"start":{"line":124,"column":36},"end":{"line":124,"column":43}}],"line":124},"22":{"loc":{"start":{"line":131,"column":4},"end":{"line":131,"column":74}},"type":"if","locations":[{"start":{"line":131,"column":4},"end":{"line":131,"column":74}},{"start":{},"end":{}}],"line":131},"23":{"loc":{"start":{"line":134,"column":12},"end":{"line":134,"column":46}},"type":"binary-expr","locations":[{"start":{"line":134,"column":12},"end":{"line":134,"column":25}},{"start":{"line":134,"column":29},"end":{"line":134,"column":46}}],"line":134},"24":{"loc":{"start":{"line":135,"column":19},"end":{"line":135,"column":67}},"type":"binary-expr","locations":[{"start":{"line":135,"column":19},"end":{"line":135,"column":39}},{"start":{"line":135,"column":43},"end":{"line":135,"column":67}}],"line":135},"25":{"loc":{"start":{"line":144,"column":6},"end":{"line":152,"column":7}},"type":"if","locations":[{"start":{"line":144,"column":6},"end":{"line":152,"column":7}},{"start":{},"end":{}}],"line":144},"26":{"loc":{"start":{"line":145,"column":8},"end":{"line":147,"column":9}},"type":"if","locations":[{"start":{"line":145,"column":8},"end":{"line":147,"column":9}},{"start":{},"end":{}}],"line":145},"27":{"loc":{"start":{"line":156,"column":9},"end":{"line":196,"column":3}},"type":"if","locations":[{"start":{"line":156,"column":9},"end":{"line":196,"column":3}},{"start":{"line":194,"column":9},"end":{"line":196,"column":3}}],"line":156},"28":{"loc":{"start":{"line":156,"column":13},"end":{"line":156,"column":43}},"type":"binary-expr","locations":[{"start":{"line":156,"column":13},"end":{"line":156,"column":32}},{"start":{"line":156,"column":36},"end":{"line":156,"column":43}}],"line":156},"29":{"loc":{"start":{"line":163,"column":6},"end":{"line":164,"column":68}},"type":"if","locations":[{"start":{"line":163,"column":6},"end":{"line":164,"column":68}},{"start":{},"end":{}}],"line":163},"30":{"loc":{"start":{"line":167,"column":6},"end":{"line":179,"column":7}},"type":"if","locations":[{"start":{"line":167,"column":6},"end":{"line":179,"column":7}},{"start":{},"end":{}}],"line":167},"31":{"loc":{"start":{"line":167,"column":10},"end":{"line":167,"column":56}},"type":"binary-expr","locations":[{"start":{"line":167,"column":10},"end":{"line":167,"column":29}},{"start":{"line":167,"column":33},"end":{"line":167,"column":56}}],"line":167},"32":{"loc":{"start":{"line":170,"column":12},"end":{"line":172,"column":13}},"type":"if","locations":[{"start":{"line":170,"column":12},"end":{"line":172,"column":13}},{"start":{},"end":{}}],"line":170},"33":{"loc":{"start":{"line":181,"column":6},"end":{"line":182,"column":47}},"type":"if","locations":[{"start":{"line":181,"column":6},"end":{"line":182,"column":47}},{"start":{},"end":{}}],"line":181},"34":{"loc":{"start":{"line":189,"column":6},"end":{"line":190,"column":77}},"type":"if","locations":[{"start":{"line":189,"column":6},"end":{"line":190,"column":77}},{"start":{},"end":{}}],"line":189},"35":{"loc":{"start":{"line":201,"column":2},"end":{"line":203,"column":3}},"type":"if","locations":[{"start":{"line":201,"column":2},"end":{"line":203,"column":3}},{"start":{},"end":{}}],"line":201},"36":{"loc":{"start":{"line":205,"column":2},"end":{"line":212,"column":3}},"type":"if","locations":[{"start":{"line":205,"column":2},"end":{"line":212,"column":3}},{"start":{},"end":{}}],"line":205},"37":{"loc":{"start":{"line":209,"column":4},"end":{"line":209,"column":73}},"type":"if","locations":[{"start":{"line":209,"column":4},"end":{"line":209,"column":73}},{"start":{},"end":{}}],"line":209},"38":{"loc":{"start":{"line":224,"column":4},"end":{"line":227,"column":7}},"type":"if","locations":[{"start":{"line":224,"column":4},"end":{"line":227,"column":7}},{"start":{},"end":{}}],"line":224},"39":{"loc":{"start":{"line":238,"column":2},"end":{"line":239,"column":80}},"type":"if","locations":[{"start":{"line":238,"column":2},"end":{"line":239,"column":80}},{"start":{},"end":{}}],"line":238},"40":{"loc":{"start":{"line":238,"column":6},"end":{"line":238,"column":41}},"type":"binary-expr","locations":[{"start":{"line":238,"column":6},"end":{"line":238,"column":25}},{"start":{"line":238,"column":29},"end":{"line":238,"column":41}}],"line":238},"41":{"loc":{"start":{"line":242,"column":4},"end":{"line":244,"column":64}},"type":"cond-expr","locations":[{"start":{"line":243,"column":8},"end":{"line":243,"column":12}},{"start":{"line":244,"column":8},"end":{"line":244,"column":64}}],"line":242},"42":{"loc":{"start":{"line":249,"column":4},"end":{"line":251,"column":5}},"type":"if","locations":[{"start":{"line":249,"column":4},"end":{"line":251,"column":5}},{"start":{},"end":{}}],"line":249},"43":{"loc":{"start":{"line":254,"column":24},"end":{"line":254,"column":76}},"type":"binary-expr","locations":[{"start":{"line":254,"column":24},"end":{"line":254,"column":31}},{"start":{"line":254,"column":35},"end":{"line":254,"column":44}},{"start":{"line":254,"column":48},"end":{"line":254,"column":59}},{"start":{"line":254,"column":63},"end":{"line":254,"column":76}}],"line":254},"44":{"loc":{"start":{"line":260,"column":2},"end":{"line":265,"column":5}},"type":"if","locations":[{"start":{"line":260,"column":2},"end":{"line":265,"column":5}},{"start":{},"end":{}}],"line":260},"45":{"loc":{"start":{"line":267,"column":2},"end":{"line":268,"column":70}},"type":"if","locations":[{"start":{"line":267,"column":2},"end":{"line":268,"column":70}},{"start":{},"end":{}}],"line":267},"46":{"loc":{"start":{"line":267,"column":6},"end":{"line":267,"column":65}},"type":"binary-expr","locations":[{"start":{"line":267,"column":7},"end":{"line":267,"column":17}},{"start":{"line":267,"column":21},"end":{"line":267,"column":41}},{"start":{"line":267,"column":46},"end":{"line":267,"column":65}}],"line":267},"47":{"loc":{"start":{"line":270,"column":2},"end":{"line":272,"column":3}},"type":"if","locations":[{"start":{"line":270,"column":2},"end":{"line":272,"column":3}},{"start":{},"end":{}}],"line":270},"48":{"loc":{"start":{"line":270,"column":6},"end":{"line":270,"column":47}},"type":"binary-expr","locations":[{"start":{"line":270,"column":6},"end":{"line":270,"column":22}},{"start":{"line":270,"column":26},"end":{"line":270,"column":47}}],"line":270},"49":{"loc":{"start":{"line":275,"column":16},"end":{"line":280,"column":10}},"type":"cond-expr","locations":[{"start":{"line":276,"column":6},"end":{"line":279,"column":8}},{"start":{"line":280,"column":6},"end":{"line":280,"column":10}}],"line":275},"50":{"loc":{"start":{"line":282,"column":2},"end":{"line":283,"column":78}},"type":"if","locations":[{"start":{"line":282,"column":2},"end":{"line":283,"column":78}},{"start":{},"end":{}}],"line":282},"51":{"loc":{"start":{"line":285,"column":2},"end":{"line":356,"column":3}},"type":"if","locations":[{"start":{"line":285,"column":2},"end":{"line":356,"column":3}},{"start":{"line":336,"column":9},"end":{"line":356,"column":3}}],"line":285},"52":{"loc":{"start":{"line":293,"column":8},"end":{"line":295,"column":9}},"type":"if","locations":[{"start":{"line":293,"column":8},"end":{"line":295,"column":9}},{"start":{},"end":{}}],"line":293},"53":{"loc":{"start":{"line":310,"column":10},"end":{"line":312,"column":51}},"type":"cond-expr","locations":[{"start":{"line":311,"column":14},"end":{"line":311,"column":51}},{"start":{"line":312,"column":14},"end":{"line":312,"column":51}}],"line":310},"54":{"loc":{"start":{"line":336,"column":9},"end":{"line":356,"column":3}},"type":"if","locations":[{"start":{"line":336,"column":9},"end":{"line":356,"column":3}},{"start":{},"end":{}}],"line":336},"55":{"loc":{"start":{"line":336,"column":13},"end":{"line":336,"column":55}},"type":"binary-expr","locations":[{"start":{"line":336,"column":13},"end":{"line":336,"column":32}},{"start":{"line":336,"column":36},"end":{"line":336,"column":43}},{"start":{"line":336,"column":47},"end":{"line":336,"column":55}}],"line":336},"56":{"loc":{"start":{"line":341,"column":8},"end":{"line":347,"column":9}},"type":"if","locations":[{"start":{"line":341,"column":8},"end":{"line":347,"column":9}},{"start":{"line":343,"column":15},"end":{"line":347,"column":9}}],"line":341},"57":{"loc":{"start":{"line":350,"column":6},"end":{"line":350,"column":67}},"type":"if","locations":[{"start":{"line":350,"column":6},"end":{"line":350,"column":67}},{"start":{},"end":{}}],"line":350}},"s":{"0":9,"1":9,"2":9,"3":9,"4":9,"5":9,"6":9,"7":9,"8":9,"9":9,"10":9,"11":0,"12":0,"13":0,"14":0,"15":0,"16":0,"17":0,"18":0,"19":0,"20":0,"21":0,"22":0,"23":0,"24":0,"25":0,"26":0,"27":0,"28":0,"29":0,"30":0,"31":0,"32":0,"33":0,"34":0,"35":0,"36":0,"37":0,"38":0,"39":0,"40":0,"41":0,"42":0,"43":0,"44":0,"45":0,"46":0,"47":0,"48":0,"49":0,"50":0,"51":0,"52":0,"53":0,"54":0,"55":0,"56":0,"57":0,"58":0,"59":0,"60":0,"61":0,"62":0,"63":0,"64":0,"65":0,"66":0,"67":0,"68":0,"69":0,"70":0,"71":0,"72":0,"73":0,"74":0,"75":0,"76":0,"77":0,"78":0,"79":0,"80":0,"81":0,"82":0,"83":0,"84":0,"85":0,"86":0,"87":0,"88":0,"89":0,"90":9,"91":0,"92":0,"93":0,"94":0,"95":0,"96":0,"97":0,"98":0,"99":0,"100":0,"101":0,"102":0,"103":0,"104":0,"105":0,"106":9,"107":0,"108":0,"109":0,"110":0,"111":0,"112":0,"113":0,"114":0,"115":0,"116":0,"117":0,"118":0,"119":0,"120":0,"121":0,"122":0,"123":0,"124":0,"125":0,"126":0,"127":0,"128":0,"129":0,"130":0,"131":0,"132":0,"133":0,"134":0,"135":0,"136":0,"137":0,"138":0,"139":0,"140":0,"141":0,"142":0,"143":0,"144":0,"145":0,"146":0,"147":0,"148":0,"149":0,"150":0,"151":0,"152":0,"153":0},"f":{"0":0,"1":0,"2":0,"3":0,"4":0,"5":0,"6":0,"7":0,"8":0,"9":0,"10":0},"b":{"0":[0,0],"1":[0,0],"2":[0,0],"3":[0,0],"4":[0,0],"5":[0,0],"6":[0,0],"7":[0,0,0,0],"8":[0,0],"9":[0,0,0],"10":[0,0],"11":[0,0],"12":[0,0],"13":[0,0],"14":[0,0],"15":[0,0],"16":[0,0,0],"17":[0,0],"18":[0,0],"19":[0,0],"20":[0,0],"21":[0,0],"22":[0,0],"23":[0,0],"24":[0,0],"25":[0,0],"26":[0,0],"27":[0,0],"28":[0,0],"29":[0,0],"30":[0,0],"31":[0,0],"32":[0,0],"33":[0,0],"34":[0,0],"35":[0,0],"36":[0,0],"37":[0,0],"38":[0,0],"39":[0,0],"40":[0,0],"41":[0,0],"42":[0,0],"43":[0,0,0,0],"44":[0,0],"45":[0,0],"46":[0,0,0],"47":[0,0],"48":[0,0],"49":[0,0],"50":[0,0],"51":[0,0],"52":[0,0],"53":[0,0],"54":[0,0],"55":[0,0,0],"56":[0,0],"57":[0,0]},"_coverageSchema":"1a1c01bbd47fc00a2c39e90264f33305004495a9","hash":"1593b7d34ffa1f953a63698bc45632244f241233"}
,"/home/zoutigo/projets/school-platform/backend/controllers/cheminController.js": {"path":"/home/zoutigo/projets/school-platform/backend/controllers/cheminController.js","statementMap":{"0":{"start":{"line":2,"column":11},"end":{"line":2,"column":24}},"1":{"start":{"line":3,"column":14},"end":{"line":3,"column":40}},"2":{"start":{"line":4,"column":14},"end":{"line":4,"column":40}},"3":{"start":{"line":5,"column":14},"end":{"line":5,"column":40}},"4":{"start":{"line":6,"column":23},"end":{"line":6,"column":53}},"5":{"start":{"line":8,"column":47},"end":{"line":8,"column":73}},"6":{"start":{"line":9,"column":28},"end":{"line":9,"column":68}},"7":{"start":{"line":11,"column":0},"end":{"line":143,"column":1}},"8":{"start":{"line":12,"column":33},"end":{"line":12,"column":41}},"9":{"start":{"line":13,"column":35},"end":{"line":13,"column":44}},"10":{"start":{"line":14,"column":19},"end":{"line":14,"column":54}},"11":{"start":{"line":15,"column":19},"end":{"line":15,"column":50}},"12":{"start":{"line":16,"column":24},"end":{"line":16,"column":44}},"13":{"start":{"line":18,"column":2},"end":{"line":20,"column":3}},"14":{"start":{"line":19,"column":4},"end":{"line":19,"column":48}},"15":{"start":{"line":22,"column":2},"end":{"line":25,"column":5}},"16":{"start":{"line":23,"column":4},"end":{"line":25,"column":5}},"17":{"start":{"line":27,"column":17},"end":{"line":27,"column":42}},"18":{"start":{"line":28,"column":2},"end":{"line":30,"column":3}},"19":{"start":{"line":29,"column":4},"end":{"line":29,"column":46}},"20":{"start":{"line":32,"column":51},"end":{"line":32,"column":59}},"21":{"start":{"line":34,"column":2},"end":{"line":142,"column":3}},"22":{"start":{"line":35,"column":4},"end":{"line":36,"column":69}},"23":{"start":{"line":36,"column":6},"end":{"line":36,"column":69}},"24":{"start":{"line":38,"column":4},"end":{"line":43,"column":7}},"25":{"start":{"line":39,"column":6},"end":{"line":43,"column":7}},"26":{"start":{"line":44,"column":4},"end":{"line":52,"column":7}},"27":{"start":{"line":45,"column":6},"end":{"line":52,"column":7}},"28":{"start":{"line":54,"column":19},"end":{"line":54,"column":27}},"29":{"start":{"line":56,"column":22},"end":{"line":56,"column":41}},"30":{"start":{"line":57,"column":4},"end":{"line":57,"column":33}},"31":{"start":{"line":58,"column":4},"end":{"line":58,"column":33}},"32":{"start":{"line":59,"column":4},"end":{"line":73,"column":5}},"33":{"start":{"line":60,"column":26},"end":{"line":60,"column":48}},"34":{"start":{"line":61,"column":24},"end":{"line":66,"column":8}},"35":{"start":{"line":67,"column":6},"end":{"line":67,"column":42}},"36":{"start":{"line":68,"column":6},"end":{"line":70,"column":7}},"37":{"start":{"line":69,"column":8},"end":{"line":69,"column":77}},"38":{"start":{"line":72,"column":6},"end":{"line":72,"column":44}},"39":{"start":{"line":74,"column":9},"end":{"line":142,"column":3}},"40":{"start":{"line":77,"column":26},"end":{"line":77,"column":74}},"41":{"start":{"line":78,"column":4},"end":{"line":78,"column":77}},"42":{"start":{"line":78,"column":24},"end":{"line":78,"column":77}},"43":{"start":{"line":79,"column":4},"end":{"line":87,"column":5}},"44":{"start":{"line":80,"column":6},"end":{"line":86,"column":8}},"45":{"start":{"line":81,"column":28},"end":{"line":83,"column":10}},"46":{"start":{"line":84,"column":8},"end":{"line":84,"column":51}},"47":{"start":{"line":85,"column":8},"end":{"line":85,"column":33}},"48":{"start":{"line":85,"column":17},"end":{"line":85,"column":33}},"49":{"start":{"line":88,"column":4},"end":{"line":111,"column":5}},"50":{"start":{"line":89,"column":22},"end":{"line":95,"column":7}},"51":{"start":{"line":96,"column":28},"end":{"line":98,"column":8}},"52":{"start":{"line":100,"column":6},"end":{"line":108,"column":7}},"53":{"start":{"line":101,"column":8},"end":{"line":103,"column":9}},"54":{"start":{"line":102,"column":10},"end":{"line":102,"column":69}},"55":{"start":{"line":104,"column":8},"end":{"line":107,"column":10}},"56":{"start":{"line":110,"column":6},"end":{"line":110,"column":44}},"57":{"start":{"line":112,"column":9},"end":{"line":142,"column":3}},"58":{"start":{"line":113,"column":4},"end":{"line":139,"column":5}},"59":{"start":{"line":114,"column":29},"end":{"line":122,"column":8}},"60":{"start":{"line":124,"column":6},"end":{"line":125,"column":72}},"61":{"start":{"line":125,"column":8},"end":{"line":125,"column":72}},"62":{"start":{"line":126,"column":6},"end":{"line":130,"column":8}},"63":{"start":{"line":127,"column":8},"end":{"line":129,"column":10}},"64":{"start":{"line":128,"column":10},"end":{"line":128,"column":35}},"65":{"start":{"line":128,"column":19},"end":{"line":128,"column":35}},"66":{"start":{"line":132,"column":28},"end":{"line":132,"column":58}},"67":{"start":{"line":134,"column":6},"end":{"line":136,"column":7}},"68":{"start":{"line":135,"column":8},"end":{"line":135,"column":78}},"69":{"start":{"line":138,"column":6},"end":{"line":138,"column":22}},"70":{"start":{"line":141,"column":4},"end":{"line":141,"column":71}},"71":{"start":{"line":145,"column":0},"end":{"line":168,"column":1}},"72":{"start":{"line":146,"column":17},"end":{"line":146,"column":43}},"73":{"start":{"line":147,"column":2},"end":{"line":149,"column":3}},"74":{"start":{"line":148,"column":4},"end":{"line":148,"column":46}},"75":{"start":{"line":151,"column":2},"end":{"line":167,"column":3}},"76":{"start":{"line":152,"column":20},"end":{"line":161,"column":6}},"77":{"start":{"line":163,"column":4},"end":{"line":163,"column":77}},"78":{"start":{"line":163,"column":28},"end":{"line":163,"column":77}},"79":{"start":{"line":164,"column":4},"end":{"line":164,"column":40}},"80":{"start":{"line":166,"column":4},"end":{"line":166,"column":20}}},"fnMap":{"0":{"name":"(anonymous_0)","decl":{"start":{"line":11,"column":28},"end":{"line":11,"column":29}},"loc":{"start":{"line":11,"column":54},"end":{"line":143,"column":1}},"line":11},"1":{"name":"(anonymous_1)","decl":{"start":{"line":80,"column":40},"end":{"line":80,"column":41}},"loc":{"start":{"line":80,"column":55},"end":{"line":86,"column":7}},"line":80},"2":{"name":"(anonymous_2)","decl":{"start":{"line":126,"column":35},"end":{"line":126,"column":36}},"loc":{"start":{"line":126,"column":45},"end":{"line":130,"column":7}},"line":126},"3":{"name":"(anonymous_3)","decl":{"start":{"line":127,"column":33},"end":{"line":127,"column":34}},"loc":{"start":{"line":127,"column":42},"end":{"line":129,"column":9}},"line":127},"4":{"name":"(anonymous_4)","decl":{"start":{"line":145,"column":28},"end":{"line":145,"column":29}},"loc":{"start":{"line":145,"column":54},"end":{"line":168,"column":1}},"line":145}},"branchMap":{"0":{"loc":{"start":{"line":14,"column":19},"end":{"line":14,"column":54}},"type":"cond-expr","locations":[{"start":{"line":14,"column":30},"end":{"line":14,"column":47}},{"start":{"line":14,"column":50},"end":{"line":14,"column":54}}],"line":14},"1":{"loc":{"start":{"line":15,"column":19},"end":{"line":15,"column":50}},"type":"cond-expr","locations":[{"start":{"line":15,"column":30},"end":{"line":15,"column":43}},{"start":{"line":15,"column":46},"end":{"line":15,"column":50}}],"line":15},"2":{"loc":{"start":{"line":16,"column":24},"end":{"line":16,"column":44}},"type":"binary-expr","locations":[{"start":{"line":16,"column":24},"end":{"line":16,"column":31}},{"start":{"line":16,"column":35},"end":{"line":16,"column":44}}],"line":16},"3":{"loc":{"start":{"line":18,"column":2},"end":{"line":20,"column":3}},"type":"if","locations":[{"start":{"line":18,"column":2},"end":{"line":20,"column":3}},{"start":{},"end":{}}],"line":18},"4":{"loc":{"start":{"line":18,"column":6},"end":{"line":18,"column":61}},"type":"binary-expr","locations":[{"start":{"line":18,"column":6},"end":{"line":18,"column":38}},{"start":{"line":18,"column":42},"end":{"line":18,"column":61}}],"line":18},"5":{"loc":{"start":{"line":22,"column":2},"end":{"line":25,"column":5}},"type":"if","locations":[{"start":{"line":22,"column":2},"end":{"line":25,"column":5}},{"start":{},"end":{}}],"line":22},"6":{"loc":{"start":{"line":28,"column":2},"end":{"line":30,"column":3}},"type":"if","locations":[{"start":{"line":28,"column":2},"end":{"line":30,"column":3}},{"start":{},"end":{}}],"line":28},"7":{"loc":{"start":{"line":28,"column":6},"end":{"line":28,"column":46}},"type":"binary-expr","locations":[{"start":{"line":28,"column":6},"end":{"line":28,"column":23}},{"start":{"line":28,"column":27},"end":{"line":28,"column":46}}],"line":28},"8":{"loc":{"start":{"line":34,"column":2},"end":{"line":142,"column":3}},"type":"if","locations":[{"start":{"line":34,"column":2},"end":{"line":142,"column":3}},{"start":{"line":74,"column":9},"end":{"line":142,"column":3}}],"line":34},"9":{"loc":{"start":{"line":35,"column":4},"end":{"line":36,"column":69}},"type":"if","locations":[{"start":{"line":35,"column":4},"end":{"line":36,"column":69}},{"start":{},"end":{}}],"line":35},"10":{"loc":{"start":{"line":38,"column":4},"end":{"line":43,"column":7}},"type":"if","locations":[{"start":{"line":38,"column":4},"end":{"line":43,"column":7}},{"start":{},"end":{}}],"line":38},"11":{"loc":{"start":{"line":38,"column":8},"end":{"line":38,"column":30}},"type":"binary-expr","locations":[{"start":{"line":38,"column":8},"end":{"line":38,"column":17}},{"start":{"line":38,"column":21},"end":{"line":38,"column":30}}],"line":38},"12":{"loc":{"start":{"line":44,"column":4},"end":{"line":52,"column":7}},"type":"if","locations":[{"start":{"line":44,"column":4},"end":{"line":52,"column":7}},{"start":{},"end":{}}],"line":44},"13":{"loc":{"start":{"line":44,"column":8},"end":{"line":44,"column":45}},"type":"binary-expr","locations":[{"start":{"line":44,"column":8},"end":{"line":44,"column":19}},{"start":{"line":44,"column":23},"end":{"line":44,"column":29}},{"start":{"line":44,"column":33},"end":{"line":44,"column":45}}],"line":44},"14":{"loc":{"start":{"line":68,"column":6},"end":{"line":70,"column":7}},"type":"if","locations":[{"start":{"line":68,"column":6},"end":{"line":70,"column":7}},{"start":{},"end":{}}],"line":68},"15":{"loc":{"start":{"line":74,"column":9},"end":{"line":142,"column":3}},"type":"if","locations":[{"start":{"line":74,"column":9},"end":{"line":142,"column":3}},{"start":{"line":112,"column":9},"end":{"line":142,"column":3}}],"line":74},"16":{"loc":{"start":{"line":74,"column":13},"end":{"line":74,"column":44}},"type":"binary-expr","locations":[{"start":{"line":74,"column":13},"end":{"line":74,"column":32}},{"start":{"line":74,"column":36},"end":{"line":74,"column":44}}],"line":74},"17":{"loc":{"start":{"line":78,"column":4},"end":{"line":78,"column":77}},"type":"if","locations":[{"start":{"line":78,"column":4},"end":{"line":78,"column":77}},{"start":{},"end":{}}],"line":78},"18":{"loc":{"start":{"line":79,"column":4},"end":{"line":87,"column":5}},"type":"if","locations":[{"start":{"line":79,"column":4},"end":{"line":87,"column":5}},{"start":{},"end":{}}],"line":79},"19":{"loc":{"start":{"line":85,"column":8},"end":{"line":85,"column":33}},"type":"if","locations":[{"start":{"line":85,"column":8},"end":{"line":85,"column":33}},{"start":{},"end":{}}],"line":85},"20":{"loc":{"start":{"line":90,"column":15},"end":{"line":90,"column":52}},"type":"binary-expr","locations":[{"start":{"line":90,"column":15},"end":{"line":90,"column":29}},{"start":{"line":90,"column":33},"end":{"line":90,"column":52}}],"line":90},"21":{"loc":{"start":{"line":91,"column":14},"end":{"line":91,"column":49}},"type":"binary-expr","locations":[{"start":{"line":91,"column":14},"end":{"line":91,"column":27}},{"start":{"line":91,"column":31},"end":{"line":91,"column":49}}],"line":91},"22":{"loc":{"start":{"line":92,"column":21},"end":{"line":92,"column":70}},"type":"binary-expr","locations":[{"start":{"line":92,"column":21},"end":{"line":92,"column":41}},{"start":{"line":92,"column":45},"end":{"line":92,"column":70}}],"line":92},"23":{"loc":{"start":{"line":93,"column":18},"end":{"line":93,"column":71}},"type":"cond-expr","locations":[{"start":{"line":93,"column":29},"end":{"line":93,"column":46}},{"start":{"line":93,"column":49},"end":{"line":93,"column":71}}],"line":93},"24":{"loc":{"start":{"line":94,"column":18},"end":{"line":94,"column":67}},"type":"cond-expr","locations":[{"start":{"line":94,"column":29},"end":{"line":94,"column":42}},{"start":{"line":94,"column":45},"end":{"line":94,"column":67}}],"line":94},"25":{"loc":{"start":{"line":100,"column":6},"end":{"line":108,"column":7}},"type":"if","locations":[{"start":{"line":100,"column":6},"end":{"line":108,"column":7}},{"start":{},"end":{}}],"line":100},"26":{"loc":{"start":{"line":101,"column":8},"end":{"line":103,"column":9}},"type":"if","locations":[{"start":{"line":101,"column":8},"end":{"line":103,"column":9}},{"start":{},"end":{}}],"line":101},"27":{"loc":{"start":{"line":112,"column":9},"end":{"line":142,"column":3}},"type":"if","locations":[{"start":{"line":112,"column":9},"end":{"line":142,"column":3}},{"start":{"line":140,"column":9},"end":{"line":142,"column":3}}],"line":112},"28":{"loc":{"start":{"line":112,"column":13},"end":{"line":112,"column":44}},"type":"binary-expr","locations":[{"start":{"line":112,"column":13},"end":{"line":112,"column":32}},{"start":{"line":112,"column":36},"end":{"line":112,"column":44}}],"line":112},"29":{"loc":{"start":{"line":124,"column":6},"end":{"line":125,"column":72}},"type":"if","locations":[{"start":{"line":124,"column":6},"end":{"line":125,"column":72}},{"start":{},"end":{}}],"line":124},"30":{"loc":{"start":{"line":128,"column":10},"end":{"line":128,"column":35}},"type":"if","locations":[{"start":{"line":128,"column":10},"end":{"line":128,"column":35}},{"start":{},"end":{}}],"line":128},"31":{"loc":{"start":{"line":134,"column":6},"end":{"line":136,"column":7}},"type":"if","locations":[{"start":{"line":134,"column":6},"end":{"line":136,"column":7}},{"start":{},"end":{}}],"line":134},"32":{"loc":{"start":{"line":147,"column":2},"end":{"line":149,"column":3}},"type":"if","locations":[{"start":{"line":147,"column":2},"end":{"line":149,"column":3}},{"start":{},"end":{}}],"line":147},"33":{"loc":{"start":{"line":163,"column":4},"end":{"line":163,"column":77}},"type":"if","locations":[{"start":{"line":163,"column":4},"end":{"line":163,"column":77}},{"start":{},"end":{}}],"line":163}},"s":{"0":9,"1":9,"2":9,"3":9,"4":9,"5":9,"6":9,"7":9,"8":0,"9":0,"10":0,"11":0,"12":0,"13":0,"14":0,"15":0,"16":0,"17":0,"18":0,"19":0,"20":0,"21":0,"22":0,"23":0,"24":0,"25":0,"26":0,"27":0,"28":0,"29":0,"30":0,"31":0,"32":0,"33":0,"34":0,"35":0,"36":0,"37":0,"38":0,"39":0,"40":0,"41":0,"42":0,"43":0,"44":0,"45":0,"46":0,"47":0,"48":0,"49":0,"50":0,"51":0,"52":0,"53":0,"54":0,"55":0,"56":0,"57":0,"58":0,"59":0,"60":0,"61":0,"62":0,"63":0,"64":0,"65":0,"66":0,"67":0,"68":0,"69":0,"70":0,"71":9,"72":0,"73":0,"74":0,"75":0,"76":0,"77":0,"78":0,"79":0,"80":0},"f":{"0":0,"1":0,"2":0,"3":0,"4":0},"b":{"0":[0,0],"1":[0,0],"2":[0,0],"3":[0,0],"4":[0,0],"5":[0,0],"6":[0,0],"7":[0,0],"8":[0,0],"9":[0,0],"10":[0,0],"11":[0,0],"12":[0,0],"13":[0,0,0],"14":[0,0],"15":[0,0],"16":[0,0],"17":[0,0],"18":[0,0],"19":[0,0],"20":[0,0],"21":[0,0],"22":[0,0],"23":[0,0],"24":[0,0],"25":[0,0],"26":[0,0],"27":[0,0],"28":[0,0],"29":[0,0],"30":[0,0],"31":[0,0],"32":[0,0],"33":[0,0]},"_coverageSchema":"1a1c01bbd47fc00a2c39e90264f33305004495a9","hash":"96c41aebd6b7993465c34eda4a2f067674120eb2"}
,"/home/zoutigo/projets/school-platform/backend/controllers/dialogController.js": {"path":"/home/zoutigo/projets/school-platform/backend/controllers/dialogController.js","statementMap":{"0":{"start":{"line":2,"column":15},"end":{"line":2,"column":35}},"1":{"start":{"line":3,"column":16},"end":{"line":3,"column":44}},"2":{"start":{"line":4,"column":47},"end":{"line":4,"column":73}},"3":{"start":{"line":5,"column":28},"end":{"line":5,"column":68}},"4":{"start":{"line":7,"column":0},"end":{"line":7,"column":26}},"5":{"start":{"line":9,"column":0},"end":{"line":71,"column":1}},"6":{"start":{"line":10,"column":58},"end":{"line":10,"column":66}},"7":{"start":{"line":11,"column":35},"end":{"line":11,"column":44}},"8":{"start":{"line":12,"column":24},"end":{"line":12,"column":59}},"9":{"start":{"line":14,"column":2},"end":{"line":16,"column":3}},"10":{"start":{"line":15,"column":4},"end":{"line":15,"column":48}},"11":{"start":{"line":18,"column":2},"end":{"line":21,"column":5}},"12":{"start":{"line":19,"column":4},"end":{"line":21,"column":5}},"13":{"start":{"line":23,"column":17},"end":{"line":23,"column":42}},"14":{"start":{"line":24,"column":2},"end":{"line":26,"column":3}},"15":{"start":{"line":25,"column":4},"end":{"line":25,"column":46}},"16":{"start":{"line":28,"column":2},"end":{"line":70,"column":3}},"17":{"start":{"line":29,"column":19},"end":{"line":29,"column":27}},"18":{"start":{"line":30,"column":4},"end":{"line":30,"column":26}},"19":{"start":{"line":32,"column":4},"end":{"line":39,"column":5}},"20":{"start":{"line":33,"column":26},"end":{"line":33,"column":54}},"21":{"start":{"line":34,"column":6},"end":{"line":36,"column":7}},"22":{"start":{"line":35,"column":8},"end":{"line":35,"column":76}},"23":{"start":{"line":38,"column":6},"end":{"line":38,"column":22}},"24":{"start":{"line":40,"column":9},"end":{"line":70,"column":3}},"25":{"start":{"line":43,"column":4},"end":{"line":58,"column":5}},"26":{"start":{"line":44,"column":28},"end":{"line":46,"column":8}},"27":{"start":{"line":48,"column":6},"end":{"line":55,"column":7}},"28":{"start":{"line":49,"column":8},"end":{"line":53,"column":9}},"29":{"start":{"line":50,"column":10},"end":{"line":52,"column":62}},"30":{"start":{"line":54,"column":8},"end":{"line":54,"column":80}},"31":{"start":{"line":57,"column":6},"end":{"line":57,"column":22}},"32":{"start":{"line":59,"column":9},"end":{"line":70,"column":3}},"33":{"start":{"line":60,"column":4},"end":{"line":67,"column":5}},"34":{"start":{"line":61,"column":28},"end":{"line":61,"column":78}},"35":{"start":{"line":62,"column":6},"end":{"line":64,"column":7}},"36":{"start":{"line":63,"column":8},"end":{"line":63,"column":79}},"37":{"start":{"line":66,"column":6},"end":{"line":66,"column":22}},"38":{"start":{"line":69,"column":4},"end":{"line":69,"column":49}},"39":{"start":{"line":73,"column":0},"end":{"line":98,"column":1}},"40":{"start":{"line":74,"column":16},"end":{"line":74,"column":36}},"41":{"start":{"line":76,"column":17},"end":{"line":76,"column":43}},"42":{"start":{"line":77,"column":2},"end":{"line":79,"column":3}},"43":{"start":{"line":78,"column":4},"end":{"line":78,"column":46}},"44":{"start":{"line":81,"column":2},"end":{"line":97,"column":3}},"45":{"start":{"line":82,"column":20},"end":{"line":91,"column":6}},"46":{"start":{"line":93,"column":4},"end":{"line":93,"column":79}},"47":{"start":{"line":93,"column":28},"end":{"line":93,"column":79}},"48":{"start":{"line":94,"column":4},"end":{"line":94,"column":40}},"49":{"start":{"line":96,"column":4},"end":{"line":96,"column":13}}},"fnMap":{"0":{"name":"(anonymous_0)","decl":{"start":{"line":9,"column":28},"end":{"line":9,"column":29}},"loc":{"start":{"line":9,"column":54},"end":{"line":71,"column":1}},"line":9},"1":{"name":"(anonymous_1)","decl":{"start":{"line":73,"column":28},"end":{"line":73,"column":29}},"loc":{"start":{"line":73,"column":54},"end":{"line":98,"column":1}},"line":73}},"branchMap":{"0":{"loc":{"start":{"line":12,"column":24},"end":{"line":12,"column":59}},"type":"binary-expr","locations":[{"start":{"line":12,"column":24},"end":{"line":12,"column":31}},{"start":{"line":12,"column":35},"end":{"line":12,"column":44}},{"start":{"line":12,"column":48},"end":{"line":12,"column":59}}],"line":12},"1":{"loc":{"start":{"line":14,"column":2},"end":{"line":16,"column":3}},"type":"if","locations":[{"start":{"line":14,"column":2},"end":{"line":16,"column":3}},{"start":{},"end":{}}],"line":14},"2":{"loc":{"start":{"line":14,"column":6},"end":{"line":14,"column":61}},"type":"binary-expr","locations":[{"start":{"line":14,"column":6},"end":{"line":14,"column":38}},{"start":{"line":14,"column":42},"end":{"line":14,"column":61}}],"line":14},"3":{"loc":{"start":{"line":18,"column":2},"end":{"line":21,"column":5}},"type":"if","locations":[{"start":{"line":18,"column":2},"end":{"line":21,"column":5}},{"start":{},"end":{}}],"line":18},"4":{"loc":{"start":{"line":24,"column":2},"end":{"line":26,"column":3}},"type":"if","locations":[{"start":{"line":24,"column":2},"end":{"line":26,"column":3}},{"start":{},"end":{}}],"line":24},"5":{"loc":{"start":{"line":28,"column":2},"end":{"line":70,"column":3}},"type":"if","locations":[{"start":{"line":28,"column":2},"end":{"line":70,"column":3}},{"start":{"line":40,"column":9},"end":{"line":70,"column":3}}],"line":28},"6":{"loc":{"start":{"line":34,"column":6},"end":{"line":36,"column":7}},"type":"if","locations":[{"start":{"line":34,"column":6},"end":{"line":36,"column":7}},{"start":{},"end":{}}],"line":34},"7":{"loc":{"start":{"line":40,"column":9},"end":{"line":70,"column":3}},"type":"if","locations":[{"start":{"line":40,"column":9},"end":{"line":70,"column":3}},{"start":{"line":59,"column":9},"end":{"line":70,"column":3}}],"line":40},"8":{"loc":{"start":{"line":40,"column":13},"end":{"line":40,"column":44}},"type":"binary-expr","locations":[{"start":{"line":40,"column":13},"end":{"line":40,"column":32}},{"start":{"line":40,"column":36},"end":{"line":40,"column":44}}],"line":40},"9":{"loc":{"start":{"line":48,"column":6},"end":{"line":55,"column":7}},"type":"if","locations":[{"start":{"line":48,"column":6},"end":{"line":55,"column":7}},{"start":{},"end":{}}],"line":48},"10":{"loc":{"start":{"line":49,"column":8},"end":{"line":53,"column":9}},"type":"if","locations":[{"start":{"line":49,"column":8},"end":{"line":53,"column":9}},{"start":{},"end":{}}],"line":49},"11":{"loc":{"start":{"line":59,"column":9},"end":{"line":70,"column":3}},"type":"if","locations":[{"start":{"line":59,"column":9},"end":{"line":70,"column":3}},{"start":{"line":68,"column":9},"end":{"line":70,"column":3}}],"line":59},"12":{"loc":{"start":{"line":59,"column":13},"end":{"line":59,"column":44}},"type":"binary-expr","locations":[{"start":{"line":59,"column":13},"end":{"line":59,"column":32}},{"start":{"line":59,"column":36},"end":{"line":59,"column":44}}],"line":59},"13":{"loc":{"start":{"line":62,"column":6},"end":{"line":64,"column":7}},"type":"if","locations":[{"start":{"line":62,"column":6},"end":{"line":64,"column":7}},{"start":{},"end":{}}],"line":62},"14":{"loc":{"start":{"line":77,"column":2},"end":{"line":79,"column":3}},"type":"if","locations":[{"start":{"line":77,"column":2},"end":{"line":79,"column":3}},{"start":{},"end":{}}],"line":77},"15":{"loc":{"start":{"line":93,"column":4},"end":{"line":93,"column":79}},"type":"if","locations":[{"start":{"line":93,"column":4},"end":{"line":93,"column":79}},{"start":{},"end":{}}],"line":93}},"s":{"0":9,"1":9,"2":9,"3":9,"4":9,"5":9,"6":0,"7":0,"8":0,"9":0,"10":0,"11":0,"12":0,"13":0,"14":0,"15":0,"16":0,"17":0,"18":0,"19":0,"20":0,"21":0,"22":0,"23":0,"24":0,"25":0,"26":0,"27":0,"28":0,"29":0,"30":0,"31":0,"32":0,"33":0,"34":0,"35":0,"36":0,"37":0,"38":0,"39":9,"40":0,"41":0,"42":0,"43":0,"44":0,"45":0,"46":0,"47":0,"48":0,"49":0},"f":{"0":0,"1":0},"b":{"0":[0,0,0],"1":[0,0],"2":[0,0],"3":[0,0],"4":[0,0],"5":[0,0],"6":[0,0],"7":[0,0],"8":[0,0],"9":[0,0],"10":[0,0],"11":[0,0],"12":[0,0],"13":[0,0],"14":[0,0],"15":[0,0]},"_coverageSchema":"1a1c01bbd47fc00a2c39e90264f33305004495a9","hash":"7657455d4f43fe68de3600b211b1399748917856"}
,"/home/zoutigo/projets/school-platform/backend/controllers/entityController.js": {"path":"/home/zoutigo/projets/school-platform/backend/controllers/entityController.js","statementMap":{"0":{"start":{"line":3,"column":16},"end":{"line":3,"column":44}},"1":{"start":{"line":4,"column":14},"end":{"line":4,"column":40}},"2":{"start":{"line":5,"column":14},"end":{"line":5,"column":40}},"3":{"start":{"line":6,"column":47},"end":{"line":6,"column":73}},"4":{"start":{"line":7,"column":28},"end":{"line":7,"column":68}},"5":{"start":{"line":9,"column":0},"end":{"line":95,"column":1}},"6":{"start":{"line":16,"column":6},"end":{"line":16,"column":14}},"7":{"start":{"line":17,"column":35},"end":{"line":17,"column":44}},"8":{"start":{"line":19,"column":2},"end":{"line":21,"column":3}},"9":{"start":{"line":20,"column":4},"end":{"line":20,"column":48}},"10":{"start":{"line":23,"column":25},"end":{"line":25,"column":10}},"11":{"start":{"line":28,"column":4},"end":{"line":32,"column":10}},"12":{"start":{"line":30,"column":23},"end":{"line":30,"column":68}},"13":{"start":{"line":34,"column":24},"end":{"line":34,"column":51}},"14":{"start":{"line":36,"column":24},"end":{"line":36,"column":76}},"15":{"start":{"line":38,"column":2},"end":{"line":41,"column":5}},"16":{"start":{"line":39,"column":4},"end":{"line":41,"column":5}},"17":{"start":{"line":43,"column":17},"end":{"line":43,"column":42}},"18":{"start":{"line":44,"column":2},"end":{"line":46,"column":3}},"19":{"start":{"line":45,"column":4},"end":{"line":45,"column":46}},"20":{"start":{"line":48,"column":26},"end":{"line":48,"column":34}},"21":{"start":{"line":50,"column":2},"end":{"line":94,"column":3}},"22":{"start":{"line":53,"column":4},"end":{"line":56,"column":7}},"23":{"start":{"line":54,"column":6},"end":{"line":56,"column":7}},"24":{"start":{"line":58,"column":19},"end":{"line":58,"column":27}},"25":{"start":{"line":61,"column":4},"end":{"line":68,"column":5}},"26":{"start":{"line":62,"column":26},"end":{"line":62,"column":54}},"27":{"start":{"line":63,"column":6},"end":{"line":65,"column":7}},"28":{"start":{"line":64,"column":8},"end":{"line":64,"column":77}},"29":{"start":{"line":67,"column":6},"end":{"line":67,"column":22}},"30":{"start":{"line":69,"column":9},"end":{"line":94,"column":3}},"31":{"start":{"line":70,"column":4},"end":{"line":70,"column":76}},"32":{"start":{"line":70,"column":25},"end":{"line":70,"column":76}},"33":{"start":{"line":71,"column":4},"end":{"line":82,"column":5}},"34":{"start":{"line":72,"column":28},"end":{"line":74,"column":8}},"35":{"start":{"line":75,"column":6},"end":{"line":79,"column":7}},"36":{"start":{"line":76,"column":8},"end":{"line":78,"column":10}},"37":{"start":{"line":81,"column":6},"end":{"line":81,"column":22}},"38":{"start":{"line":83,"column":9},"end":{"line":94,"column":3}},"39":{"start":{"line":84,"column":4},"end":{"line":91,"column":5}},"40":{"start":{"line":85,"column":28},"end":{"line":85,"column":67}},"41":{"start":{"line":86,"column":6},"end":{"line":88,"column":7}},"42":{"start":{"line":87,"column":8},"end":{"line":87,"column":79}},"43":{"start":{"line":90,"column":6},"end":{"line":90,"column":22}},"44":{"start":{"line":93,"column":4},"end":{"line":93,"column":49}},"45":{"start":{"line":97,"column":0},"end":{"line":122,"column":1}},"46":{"start":{"line":98,"column":17},"end":{"line":98,"column":43}},"47":{"start":{"line":99,"column":2},"end":{"line":101,"column":3}},"48":{"start":{"line":100,"column":4},"end":{"line":100,"column":46}},"49":{"start":{"line":103,"column":2},"end":{"line":121,"column":3}},"50":{"start":{"line":104,"column":21},"end":{"line":115,"column":6}},"51":{"start":{"line":117,"column":4},"end":{"line":117,"column":73}},"52":{"start":{"line":117,"column":29},"end":{"line":117,"column":73}},"53":{"start":{"line":118,"column":4},"end":{"line":118,"column":41}},"54":{"start":{"line":120,"column":4},"end":{"line":120,"column":20}}},"fnMap":{"0":{"name":"(anonymous_0)","decl":{"start":{"line":9,"column":28},"end":{"line":9,"column":29}},"loc":{"start":{"line":9,"column":54},"end":{"line":95,"column":1}},"line":9},"1":{"name":"(anonymous_1)","decl":{"start":{"line":30,"column":10},"end":{"line":30,"column":11}},"loc":{"start":{"line":30,"column":23},"end":{"line":30,"column":68}},"line":30},"2":{"name":"(anonymous_2)","decl":{"start":{"line":97,"column":29},"end":{"line":97,"column":30}},"loc":{"start":{"line":97,"column":55},"end":{"line":122,"column":1}},"line":97}},"branchMap":{"0":{"loc":{"start":{"line":19,"column":2},"end":{"line":21,"column":3}},"type":"if","locations":[{"start":{"line":19,"column":2},"end":{"line":21,"column":3}},{"start":{},"end":{}}],"line":19},"1":{"loc":{"start":{"line":19,"column":6},"end":{"line":19,"column":61}},"type":"binary-expr","locations":[{"start":{"line":19,"column":6},"end":{"line":19,"column":38}},{"start":{"line":19,"column":42},"end":{"line":19,"column":61}}],"line":19},"2":{"loc":{"start":{"line":23,"column":25},"end":{"line":25,"column":10}},"type":"cond-expr","locations":[{"start":{"line":24,"column":6},"end":{"line":24,"column":74}},{"start":{"line":25,"column":6},"end":{"line":25,"column":10}}],"line":23},"3":{"loc":{"start":{"line":28,"column":4},"end":{"line":32,"column":10}},"type":"cond-expr","locations":[{"start":{"line":29,"column":8},"end":{"line":31,"column":9}},{"start":{"line":32,"column":8},"end":{"line":32,"column":10}}],"line":28},"4":{"loc":{"start":{"line":28,"column":4},"end":{"line":28,"column":65}},"type":"binary-expr","locations":[{"start":{"line":28,"column":4},"end":{"line":28,"column":18}},{"start":{"line":28,"column":22},"end":{"line":28,"column":36}},{"start":{"line":28,"column":40},"end":{"line":28,"column":65}}],"line":28},"5":{"loc":{"start":{"line":36,"column":24},"end":{"line":36,"column":76}},"type":"binary-expr","locations":[{"start":{"line":36,"column":24},"end":{"line":36,"column":31}},{"start":{"line":36,"column":35},"end":{"line":36,"column":44}},{"start":{"line":36,"column":48},"end":{"line":36,"column":59}},{"start":{"line":36,"column":63},"end":{"line":36,"column":76}}],"line":36},"6":{"loc":{"start":{"line":38,"column":2},"end":{"line":41,"column":5}},"type":"if","locations":[{"start":{"line":38,"column":2},"end":{"line":41,"column":5}},{"start":{},"end":{}}],"line":38},"7":{"loc":{"start":{"line":44,"column":2},"end":{"line":46,"column":3}},"type":"if","locations":[{"start":{"line":44,"column":2},"end":{"line":46,"column":3}},{"start":{},"end":{}}],"line":44},"8":{"loc":{"start":{"line":50,"column":2},"end":{"line":94,"column":3}},"type":"if","locations":[{"start":{"line":50,"column":2},"end":{"line":94,"column":3}},{"start":{"line":69,"column":9},"end":{"line":94,"column":3}}],"line":50},"9":{"loc":{"start":{"line":53,"column":4},"end":{"line":56,"column":7}},"type":"if","locations":[{"start":{"line":53,"column":4},"end":{"line":56,"column":7}},{"start":{},"end":{}}],"line":53},"10":{"loc":{"start":{"line":53,"column":8},"end":{"line":53,"column":23}},"type":"binary-expr","locations":[{"start":{"line":53,"column":8},"end":{"line":53,"column":13}},{"start":{"line":53,"column":17},"end":{"line":53,"column":23}}],"line":53},"11":{"loc":{"start":{"line":63,"column":6},"end":{"line":65,"column":7}},"type":"if","locations":[{"start":{"line":63,"column":6},"end":{"line":65,"column":7}},{"start":{},"end":{}}],"line":63},"12":{"loc":{"start":{"line":69,"column":9},"end":{"line":94,"column":3}},"type":"if","locations":[{"start":{"line":69,"column":9},"end":{"line":94,"column":3}},{"start":{"line":83,"column":9},"end":{"line":94,"column":3}}],"line":69},"13":{"loc":{"start":{"line":69,"column":13},"end":{"line":69,"column":44}},"type":"binary-expr","locations":[{"start":{"line":69,"column":13},"end":{"line":69,"column":32}},{"start":{"line":69,"column":36},"end":{"line":69,"column":44}}],"line":69},"14":{"loc":{"start":{"line":70,"column":4},"end":{"line":70,"column":76}},"type":"if","locations":[{"start":{"line":70,"column":4},"end":{"line":70,"column":76}},{"start":{},"end":{}}],"line":70},"15":{"loc":{"start":{"line":75,"column":6},"end":{"line":79,"column":7}},"type":"if","locations":[{"start":{"line":75,"column":6},"end":{"line":79,"column":7}},{"start":{},"end":{}}],"line":75},"16":{"loc":{"start":{"line":83,"column":9},"end":{"line":94,
[...]
,"/home/zoutigo/projets/school-platform/backend/validators/pageValidator.js": {"path":"/home/zoutigo/projets/school-platform/backend/validators/pageValidator.js","statementMap":{"0":{"start":{"line":3,"column":12},"end":{"line":3,"column":26}},"1":{"start":{"line":4,"column":21},"end":{"line":4,"column":45}},"2":{"start":{"line":5,"column":20},"end":{"line":5,"column":47}},"3":{"start":{"line":6,"column":0},"end":{"line":6,"column":43}},"4":{"start":{"line":8,"column":16},"end":{"line":21,"column":2}},"5":{"start":{"line":9,"column":17},"end":{"line":19,"column":3}},"6":{"start":{"line":15,"column":10},"end":{"line":15,"column":36}},"7":{"start":{"line":20,"column":2},"end":{"line":20,"column":15}},"8":{"start":{"line":23,"column":0},"end":{"line":64,"column":1}},"9":{"start":{"line":24,"column":20},"end":{"line":53,"column":3}},"10":{"start":{"line":25,"column":4},"end":{"line":52,"column":5}},"11":{"start":{"line":27,"column":8},"end":{"line":29,"column":25}},"12":{"start":{"line":31,"column":8},"end":{"line":33,"column":25}},"13":{"start":{"line":36,"column":8},"end":{"line":38,"column":25}},"14":{"start":{"line":41,"column":8},"end":{"line":43,"column":25}},"15":{"start":{"line":46,"column":8},"end":{"line":48,"column":25}},"16":{"start":{"line":51,"column":8},"end":{"line":51,"column":19}},"17":{"start":{"line":54,"column":21},"end":{"line":61,"column":4}},"18":{"start":{"line":55,"column":4},"end":{"line":60,"column":5}},"19":{"start":{"line":56,"column":6},"end":{"line":59,"column":71}},"20":{"start":{"line":57,"column":26},"end":{"line":57,"column":41}},"21":{"start":{"line":58,"column":8},"end":{"line":58,"column":50}},"22":{"start":{"line":58,"column":19},"end":{"line":58,"column":50}},"23":{"start":{"line":59,"column":13},"end":{"line":59,"column":71}},"24":{"start":{"line":62,"column":17},"end":{"line":62,"column":66}},"25":{"start":{"line":62,"column":46},"end":{"line":62,"column":65}},"26":{"start":{"line":63,"column":2},"end":{"line":63,"column":15}}},"fnMap":{"0":{"name":"(anonymous_0)","decl":{"start":{"line":8,"column":27},"end":{"line":8,"column":28}},"loc":{"start":{"line":8,"column":36},"end":{"line":21,"column":1}},"line":8},"1":{"name":"(anonymous_1)","decl":{"start":{"line":14,"column":8},"end":{"line":14,"column":9}},"loc":{"start":{"line":14,"column":24},"end":{"line":16,"column":9}},"line":14},"2":{"name":"(anonymous_2)","decl":{"start":{"line":23,"column":31},"end":{"line":23,"column":32}},"loc":{"start":{"line":23,"column":42},"end":{"line":64,"column":1}},"line":23},"3":{"name":"(anonymous_3)","decl":{"start":{"line":24,"column":20},"end":{"line":24,"column":21}},"loc":{"start":{"line":24,"column":30},"end":{"line":53,"column":3}},"line":24},"4":{"name":"(anonymous_4)","decl":{"start":{"line":54,"column":40},"end":{"line":54,"column":41}},"loc":{"start":{"line":54,"column":50},"end":{"line":61,"column":3}},"line":54},"5":{"name":"(anonymous_5)","decl":{"start":{"line":62,"column":35},"end":{"line":62,"column":36}},"loc":{"start":{"line":62,"column":46},"end":{"line":62,"column":65}},"line":62}},"branchMap":{"0":{"loc":{"start":{"line":25,"column":4},"end":{"line":52,"column":5}},"type":"switch","locations":[{"start":{"line":26,"column":6},"end":{"line":29,"column":25}},{"start":{"line":30,"column":6},"end":{"line":33,"column":25}},{"start":{"line":35,"column":6},"end":{"line":38,"column":25}},{"start":{"line":40,"column":6},"end":{"line":43,"column":25}},{"start":{"line":45,"column":6},"end":{"line":48,"column":25}},{"start":{"line":50,"column":6},"end":{"line":51,"column":19}}],"line":25},"1":{"loc":{"start":{"line":55,"column":4},"end":{"line":60,"column":5}},"type":"if","locations":[{"start":{"line":55,"column":4},"end":{"line":60,"column":5}},{"start":{},"end":{}}],"line":55},"2":{"loc":{"start":{"line":56,"column":6},"end":{"line":59,"column":71}},"type":"if","locations":[{"start":{"line":56,"column":6},"end":{"line":59,"column":71}},{"start":{"line":59,"column":13},"end":{"line":59,"column":71}}],"line":56},"3":{"loc":{"start":{"line":58,"column":8},"end":{"line":58,"column":50}},"type":"if","locations":[{"start":{"line":58,"column":8},"end":{"line":58,"column":50}},{"start":{},"end":{}}],"line":58}},"s":{"0":9,"1":9,"2":9,"3":9,"4":9,"5":9,"6":0,"7":9,"8":9,"9":0,"10":0,"11":0,"12":0,"13":0,"14":0,"15":0,"16":0,"17":0,"18":0,"19":0,"20":0,"21":0,"22":0,"23":0,"24":0,"25":0,"26":0},"f":{"0":9,"1":0,"2":0,"3":0,"4":0,"5":0},"b":{"0":[0,0,0,0,0,0],"1":[0,0],"2":[0,0],"3":[0,0]},"_coverageSchema":"1a1c01bbd47fc00a2c39e90264f33305004495a9","hash":"49fd0452503fae604b806c4388d3e57c4c9b96c6"}
,"/home/zoutigo/projets/school-platform/backend/validators/paperValidator.js": {"path":"/home/zoutigo/projets/school-platform/backend/validators/paperValidator.js","statementMap":{"0":{"start":{"line":3,"column":12},"end":{"line":3,"column":26}},"1":{"start":{"line":4,"column":21},"end":{"line":4,"column":45}},"2":{"start":{"line":5,"column":20},"end":{"line":5,"column":47}},"3":{"start":{"line":6,"column":0},"end":{"line":6,"column":43}},"4":{"start":{"line":8,"column":16},"end":{"line":21,"column":2}},"5":{"start":{"line":9,"column":17},"end":{"line":19,"column":3}},"6":{"start":{"line":15,"column":10},"end":{"line":15,"column":36}},"7":{"start":{"line":20,"column":2},"end":{"line":20,"column":15}},"8":{"start":{"line":23,"column":0},"end":{"line":128,"column":1}},"9":{"start":{"line":24,"column":20},"end":{"line":117,"column":3}},"10":{"start":{"line":25,"column":4},"end":{"line":116,"column":5}},"11":{"start":{"line":27,"column":8},"end":{"line":29,"column":25}},"12":{"start":{"line":32,"column":8},"end":{"line":45,"column":25}},"13":{"start":{"line":48,"column":8},"end":{"line":62,"column":25}},"14":{"start":{"line":65,"column":8},"end":{"line":67,"column":25}},"15":{"start":{"line":70,"column":8},"end":{"line":72,"column":25}},"16":{"start":{"line":75,"column":8},"end":{"line":77,"column":25}},"17":{"start":{"line":80,"column":8},"end":{"line":82,"column":25}},"18":{"start":{"line":85,"column":8},"end":{"line":87,"column":25}},"19":{"start":{"line":90,"column":8},"end":{"line":92,"column":25}},"20":{"start":{"line":95,"column":8},"end":{"line":97,"column":25}},"21":{"start":{"line":100,"column":8},"end":{"line":102,"column":25}},"22":{"start":{"line":105,"column":8},"end":{"line":107,"column":25}},"23":{"start":{"line":110,"column":8},"end":{"line":112,"column":25}},"24":{"start":{"line":115,"column":8},"end":{"line":115,"column":19}},"25":{"start":{"line":118,"column":21},"end":{"line":125,"column":4}},"26":{"start":{"line":119,"column":4},"end":{"line":124,"column":5}},"27":{"start":{"line":120,"column":6},"end":{"line":123,"column":71}},"28":{"start":{"line":121,"column":26},"end":{"line":121,"column":41}},"29":{"start":{"line":122,"column":8},"end":{"line":122,"column":50}},"30":{"start":{"line":122,"column":19},"end":{"line":122,"column":50}},"31":{"start":{"line":123,"column":13},"end":{"line":123,"column":71}},"32":{"start":{"line":126,"column":17},"end":{"line":126,"column":66}},"33":{"start":{"line":126,"column":46},"end":{"line":126,"column":65}},"34":{"start":{"line":127,"column":2},"end":{"line":127,"column":15}}},"fnMap":{"0":{"name":"(anonymous_0)","decl":{"start":{"line":8,"column":27},"end":{"line":8,"column":28}},"loc":{"start":{"line":8,"column":36},"end":{"line":21,"column":1}},"line":8},"1":{"name":"(anonymous_1)","decl":{"start":{"line":14,"column":8},"end":{"line":14,"column":9}},"loc":{"start":{"line":14,"column":24},"end":{"line":16,"column":9}},"line":14},"2":{"name":"(anonymous_2)","decl":{"start":{"line":23,"column":32},"end":{"line":23,"column":33}},"loc":{"start":{"line":23,"column":43},"end":{"line":128,"column":1}},"line":23},"3":{"name":"(anonymous_3)","decl":{"start":{"line":24,"column":20},"end":{"line":24,"column":21}},"loc":{"start":{"line":24,"column":30},"end":{"line":117,"column":3}},"line":24},"4":{"name":"(anonymous_4)","decl":{"start":{"line":118,"column":40},"end":{"line":118,"column":41}},"loc":{"start":{"line":118,"column":50},"end":{"line":125,"column":3}},"line":118},"5":{"name":"(anonymous_5)","decl":{"start":{"line":126,"column":35},"end":{"line":126,"column":36}},"loc":{"start":{"line":126,"column":46},"end":{"line":126,"column":65}},"line":126}},"branchMap":{"0":{"loc":{"start":{"line":25,"column":4},"end":{"line":116,"column":5}},"type":"switch","locations":[{"start":{"line":26,"column":6},"end":{"line":29,"column":25}},{"start":{"line":31,"column":6},"end":{"line":45,"column":25}},{"start":{"line":47,"column":6},"end":{"line":62,"column":25}},{"start":{"line":64,"column":6},"end":{"line":67,"column":25}},{"start":{"line":69,"column":6},"end":{"line":72,"column":25}},{"start":{"line":74,"column":6},"end":{"line":77,"column":25}},{"start":{"line":79,"column":6},"end":{"line":82,"column":25}},{"start":{"line":84,"column":6},"end":{"line":87,"column":25}},{"start":{"line":89,"column":6},"end":{"line":92,"column":25}},{"start":{"line":94,"column":6},"end":{"line":97,"column":25}},{"start":{"line":99,"column":6},"end":{"line":102,"column":25}},{"start":{"line":104,"column":6},"end":{"line":107,"column":25}},{"start":{"line":109,"column":6},"end":{"line":112,"column":25}},{"start":{"line":114,"column":6},"end":{"line":115,"column":19}}],"line":25},"1":{"loc":{"start":{"line":119,"column":4},"end":{"line":124,"column":5}},"type":"if","locations":[{"start":{"line":119,"column":4},"end":{"line":124,"column":5}},{"start":{},"end":{}}],"line":119},"2":{"loc":{"start":{"line":120,"column":6},"end":{"line":123,"column":71}},"type":"if","locations":[{"start":{"line":120,"column":6},"end":{"line":123,"column":71}},{"start":{"line":123,"column":13},"end":{"line":123,"column":71}}],"line":120},"3":{"loc":{"start":{"line":122,"column":8},"end":{"line":122,"column":50}},"type":"if","locations":[{"start":{"line":122,"column":8},"end":{"line":122,"column":50}},{"start":{},"end":{}}],"line":122}},"s":{"0":9,"1":9,"2":9,"3":9,"4":9,"5":9,"6":0,"7":9,"8":9,"9":0,"10":0,"11":0,"12":0,"13":0,"14":0,"15":0,"16":0,"17":0,"18":0,"19":0,"20":0,"21":0,"22":0,"23":0,"24":0,"25":0,"26":0,"27":0,"28":0,"29":0,"30":0,"31":0,"32":0,"33":0,"34":0},"f":{"0":9,"1":0,"2":0,"3":0,"4":0,"5":0},"b":{"0":[0,0,0,0,0,0,0,0,0,0,0,0,0,0],"1":[0,0],"2":[0,0],"3":[0,0]},"_coverageSchema":"1a1c01bbd47fc00a2c39e90264f33305004495a9","hash":"63c26dbfb8790b0588de9bccbb2436c5665431e9"}
,"/home/zoutigo/projets/school-platform/backend/validators/preinscriptionValidator.js": {"path":"/home/zoutigo/projets/school-platform/backend/validators/preinscriptionValidator.js","statementMap":{"0":{"start":{"line":3,"column":12},"end":{"line":3,"column":26}},"1":{"start":{"line":4,"column":21},"end":{"line":4,"column":45}},"2":{"start":{"line":5,"column":0},"end":{"line":5,"column":43}},"3":{"start":{"line":6,"column":20},"end":{"line":6,"column":47}},"4":{"start":{"line":8,"column":16},"end":{"line":21,"column":2}},"5":{"start":{"line":9,"column":17},"end":{"line":19,"column":3}},"6":{"start":{"line":15,"column":10},"end":{"line":15,"column":36}},"7":{"start":{"line":20,"column":2},"end":{"line":20,"column":15}},"8":{"start":{"line":23,"column":0},"end":{"line":75,"column":1}},"9":{"start":{"line":24,"column":20},"end":{"line":64,"column":3}},"10":{"start":{"line":25,"column":4},"end":{"line":63,"column":5}},"11":{"start":{"line":27,"column":8},"end":{"line":29,"column":25}},"12":{"start":{"line":32,"column":8},"end":{"line":34,"column":25}},"13":{"start":{"line":37,"column":8},"end":{"line":39,"column":25}},"14":{"start":{"line":42,"column":8},"end":{"line":44,"column":25}},"15":{"start":{"line":47,"column":8},"end":{"line":49,"column":25}},"16":{"start":{"line":52,"column":8},"end":{"line":54,"column":25}},"17":{"start":{"line":57,"column":8},"end":{"line":59,"column":25}},"18":{"start":{"line":62,"column":8},"end":{"line":62,"column":19}},"19":{"start":{"line":65,"column":21},"end":{"line":72,"column":4}},"20":{"start":{"line":66,"column":4},"end":{"line":71,"column":5}},"21":{"start":{"line":67,"column":6},"end":{"line":70,"column":71}},"22":{"start":{"line":68,"column":26},"end":{"line":68,"column":41}},"23":{"start":{"line":69,"column":8},"end":{"line":69,"column":50}},"24":{"start":{"line":69,"column":19},"end":{"line":69,"column":50}},"25":{"start":{"line":70,"column":13},"end":{"line":70,"column":71}},"26":{"start":{"line":73,"column":17},"end":{"line":73,"column":66}},"27":{"start":{"line":73,"column":46},"end":{"line":73,"column":65}},"28":{"start":{"line":74,"column":2},"end":{"line":74,"column":15}}},"fnMap":{"0":{"name":"(anonymous_0)","decl":{"start":{"line":8,"column":27},"end":{"line":8,"column":28}},"loc":{"start":{"line":8,"column":36},"end":{"line":21,"column":1}},"line":8},"1":{"name":"(anonymous_1)","decl":{"start":{"line":14,"column":8},"end":{"line":14,"column":9}},"loc":{"start":{"line":14,"column":24},"end":{"line":16,"column":9}},"line":14},"2":{"name":"(anonymous_2)","decl":{"start":{"line":23,"column":41},"end":{"line":23,"column":42}},"loc":{"start":{"line":23,"column":52},"end":{"line":75,"column":1}},"line":23},"3":{"name":"(anonymous_3)","decl":{"start":{"line":24,"column":20},"end":{"line":24,"column":21}},"loc":{"start":{"line":24,"column":30},"end":{"line":64,"column":3}},"line":24},"4":{"name":"(anonymous_4)","decl":{"start":{"line":65,"column":40},"end":{"line":65,"column":41}},"loc":{"start":{"line":65,"column":50},"end":{"line":72,"column":3}},"line":65},"5":{"name":"(anonymous_5)","decl":{"start":{"line":73,"column":35},"end":{"line":73,"column":36}},"loc":{"start":{"line":73,"column":46},"end":{"line":73,"column":65}},"line":73}},"branchMap":{"0":{"loc":{"start":{"line":25,"column":4},"end":{"line":63,"column":5}},"type":"switch","locations":[{"start":{"line":26,"column":6},"end":{"line":29,"column":25}},{"start":{"line":31,"column":6},"end":{"line":34,"column":25}},{"start":{"line":36,"column":6},"end":{"line":39,"column":25}},{"start":{"line":41,"column":6},"end":{"line":44,"column":25}},{"start":{"line":46,"column":6},"end":{"line":49,"column":25}},{"start":{"line":51,"column":6},"end":{"line":54,"column":25}},{"start":{"line":56,"column":6},"end":{"line":59,"column":25}},{"start":{"line":61,"column":6},"end":{"line":62,"column":19}}],"line":25},"1":{"loc":{"start":{"line":66,"column":4},"end":{"line":71,"column":5}},"type":"if","locations":[{"start":{"line":66,"column":4},"end":{"line":71,"column":5}},{"start":{},"end":{}}],"line":66},"2":{"loc":{"start":{"line":67,"column":6},"end":{"line":70,"column":71}},"type":"if","locations":[{"start":{"line":67,"column":6},"end":{"line":70,"column":71}},{"start":{"line":70,"column":13},"end":{"line":70,"column":71}}],"line":67},"3":{"loc":{"start":{"line":69,"column":8},"end":{"line":69,"column":50}},"type":"if","locations":[{"start":{"line":69,"column":8},"end":{"line":69,"column":50}},{"start":{},"end":{}}],"line":69}},"s":{"0":9,"1":9,"2":9,"3":9,"4":9,"5":9,"6":0,"7":9,"8":9,"9":0,"10":0,"11":0,"12":0,"13":0,"14":0,"15":0,"16":0,"17":0,"18":0,"19":0,"20":0,"21":0,"22":0,"23":0,"24":0,"25":0,"26":0,"27":0,"28":0},"f":{"0":9,"1":0,"2":0,"3":0,"4":0,"5":0},"b":{"0":[0,0,0,0,0,0,0,0],"1":[0,0],"2":[0,0],"3":[0,0]},"_coverageSchema":"1a1c01bbd47fc00a2c39e90264f33305004495a9","hash":"7400823c767d9b04e18ae761623b903538a041d3"}
,"/home/zoutigo/projets/school-platform/backend/validators/suggestionValidator.js": {"path":"/home/zoutigo/projets/school-platform/backend/validators/suggestionValidator.js","statementMap":{"0":{"start":{"line":3,"column":12},"end":{"line":3,"column":26}},"1":{"start":{"line":4,"column":20},"end":{"line":4,"column":47}},"2":{"start":{"line":5,"column":0},"end":{"line":5,"column":43}},"3":{"start":{"line":7,"column":0},"end":{"line":51,"column":1}},"4":{"start":{"line":8,"column":20},"end":{"line":40,"column":3}},"5":{"start":{"line":9,"column":4},"end":{"line":39,"column":5}},"6":{"start":{"line":11,"column":8},"end":{"line":13,"column":25}},"7":{"start":{"line":16,"column":8},"end":{"line":18,"column":25}},"8":{"start":{"line":21,"column":8},"end":{"line":25,"column":25}},"9":{"start":{"line":28,"column":8},"end":{"line":30,"column":25}},"10":{"start":{"line":33,"column":8},"end":{"line":35,"column":25}},"11":{"start":{"line":38,"column":8},"end":{"line":38,"column":19}},"12":{"start":{"line":41,"column":21},"end":{"line":48,"column":4}},"13":{"start":{"line":42,"column":4},"end":{"line":47,"column":5}},"14":{"start":{"line":43,"column":6},"end":{"line":46,"column":71}},"15":{"start":{"line":44,"column":26},"end":{"line":44,"column":41}},"16":{"start":{"line":45,"column":8},"end":{"line":45,"column":50}},"17":{"start":{"line":45,"column":19},"end":{"line":45,"column":50}},"18":{"start":{"line":46,"column":13},"end":{"line":46,"column":71}},"19":{"start":{"line":49,"column":17},"end":{"line":49,"column":66}},"20":{"start":{"line":49,"column":46},"end":{"line":49,"column":65}},"21":{"start":{"line":50,"column":2},"end":{"line":50,"column":15}}},"fnMap":{"0":{"name":"(anonymous_0)","decl":{"start":{"line":7,"column":37},"end":{"line":7,"column":38}},"loc":{"start":{"line":7,"column":48},"end":{"line":51,"column":1}},"line":7},"1":{"name":"(anonymous_1)","decl":{"start":{"line":8,"column":20},"end":{"line":8,"column":21}},"loc":{"start":{"line":8,"column":30},"end":{"line":40,"column":3}},"line":8},"2":{"name":"(anonymous_2)","decl":{"start":{"line":41,"column":40},"end":{"line":41,"column":41}},"loc":{"start":{"line":41,"column":50},"end":{"line":48,"column":3}},"line":41},"3":{"name":"(anonymous_3)","decl":{"start":{"line":49,"column":35},"end":{"line":49,"column":36}},"loc":{"start":{"line":49,"column":46},"end":{"line":49,"column":65}},"line":49}},"branchMap":{"0":{"loc":{"start":{"line":9,"column":4},"end":{"line":39,"column":5}},"type":"switch","locations":[{"start":{"line":10,"column":6},"end":{"line":13,"column":25}},{"start":{"line":15,"column":6},"end":{"line":18,"column":25}},{"start":{"line":20,"column":6},"end":{"line":25,"column":25}},{"start":{"line":27,"column":6},"end":{"line":30,"column":25}},{"start":{"line":32,"column":6},"end":{"line":35,"column":25}},{"start":{"line":37,"column":6},"end":{"line":38,"column":19}}],"line":9},"1":{"loc":{"start":{"line":42,"column":4},"end":{"line":47,"column":5}},"type":"if","locations":[{"start":{"line":42,"column":4},"end":{"line":47,"column":5}},{"start":{},"end":{}}],"line":42},"2":{"loc":{"start":{"line":43,"column":6},"end":{"line":46,"column":71}},"type":"if","locations":[{"start":{"line":43,"column":6},"end":{"line":46,"column":71}},{"start":{"line":46,"column":13},"end":{"line":46,"column":71}}],"line":43},"3":{"loc":{"start":{"line":45,"column":8},"end":{"line":45,"column":50}},"type":"if","locations":[{"start":{"line":45,"column":8},"end":{"line":45,"column":50}},{"start":{},"end":{}}],"line":45}},"s":{"0":9,"1":9,"2":9,"3":9,"4":0,"5":0,"6":0,"7":0,"8":0,"9":0,"10":0,"11":0,"12":0,"13":0,"14":0,"15":0,"16":0,"17":0,"18":0,"19":0,"20":0,"21":0},"f":{"0":0,"1":0,"2":0,"3":0},"b":{"0":[0,0,0,0,0,0],"1":[0,0],"2":[0,0],"3":[0,0]},"_coverageSchema":"1a1c01bbd47fc00a2c39e90264f33305004495a9","hash":"e85c4a32d08bb68ccd0e8d4f0915a00860351d49"}
}
