{"/home/zoutigo/projets/school-platform/backend/app.js": {"path":"/home/zoutigo/projets/school-platform/backend/app.js","statementMap":{"0":{"start":{"line":2,"column":16},"end":{"line":2,"column":34}},"1":{"start":{"line":3,"column":13},"end":{"line":3,"column":28}},"2":{"start":{"line":4,"column":21},"end":{"line":4,"column":45}},"3":{"start":{"line":5,"column":15},"end":{"line":5,"column":32}},"4":{"start":{"line":6,"column":15},"end":{"line":6,"column":32}},"5":{"start":{"line":7,"column":13},"end":{"line":7,"column":28}},"6":{"start":{"line":9,"column":21},"end":{"line":9,"column":58}},"7":{"start":{"line":11,"column":20},"end":{"line":11,"column":45}},"8":{"start":{"line":14,"column":20},"end":{"line":14,"column":62}},"9":{"start":{"line":15,"column":19},"end":{"line":15,"column":61}},"10":{"start":{"line":16,"column":20},"end":{"line":16,"column":62}},"11":{"start":{"line":17,"column":23},"end":{"line":17,"column":69}},"12":{"start":{"line":18,"column":21},"end":{"line":18,"column":65}},"13":{"start":{"line":19,"column":21},"end":{"line":19,"column":65}},"14":{"start":{"line":20,"column":20},"end":{"line":20,"column":62}},"15":{"start":{"line":21,"column":20},"end":{"line":21,"column":62}},"16":{"start":{"line":22,"column":23},"end":{"line":22,"column":69}},"17":{"start":{"line":39,"column":11},"end":{"line":39,"column":39}},"18":{"start":{"line":40,"column":28},"end":{"line":40,"column":62}},"19":{"start":{"line":41,"column":28},"end":{"line":41,"column":66}},"20":{"start":{"line":42,"column":31},"end":{"line":42,"column":72}},"21":{"start":{"line":43,"column":23},"end":{"line":43,"column":56}},"22":{"start":{"line":48,"column":0},"end":{"line":48,"column":15}},"23":{"start":{"line":50,"column":12},"end":{"line":50,"column":21}},"24":{"start":{"line":54,"column":0},"end":{"line":62,"column":3}},"25":{"start":{"line":56,"column":4},"end":{"line":58,"column":5}},"26":{"start":{"line":57,"column":6},"end":{"line":57,"column":48}},"27":{"start":{"line":61,"column":4},"end":{"line":61,"column":66}},"28":{"start":{"line":64,"column":23},"end":{"line":64,"column":75}},"29":{"start":{"line":66,"column":0},"end":{"line":83,"column":1}},"30":{"start":{"line":71,"column":6},"end":{"line":71,"column":46}},"31":{"start":{"line":71,"column":19},"end":{"line":71,"column":46}},"32":{"start":{"line":72,"column":6},"end":{"line":77,"column":7}},"33":{"start":{"line":74,"column":10},"end":{"line":75,"column":51}},"34":{"start":{"line":76,"column":8},"end":{"line":76,"column":46}},"35":{"start":{"line":78,"column":6},"end":{"line":78,"column":33}},"36":{"start":{"line":84,"column":0},"end":{"line":92,"column":2}},"37":{"start":{"line":85,"column":2},"end":{"line":85,"column":48}},"38":{"start":{"line":86,"column":2},"end":{"line":86,"column":79}},"39":{"start":{"line":87,"column":2},"end":{"line":90,"column":3}},"40":{"start":{"line":91,"column":2},"end":{"line":91,"column":8}},"41":{"start":{"line":94,"column":0},"end":{"line":94,"column":61}},"42":{"start":{"line":95,"column":0},"end":{"line":95,"column":73}},"43":{"start":{"line":96,"column":0},"end":{"line":96,"column":71}},"44":{"start":{"line":97,"column":0},"end":{"line":97,"column":73}},"45":{"start":{"line":99,"column":0},"end":{"line":99,"column":22}},"46":{"start":{"line":100,"column":0},"end":{"line":100,"column":71}},"47":{"start":{"line":101,"column":0},"end":{"line":103,"column":1}},"48":{"start":{"line":104,"column":0},"end":{"line":104,"column":23}},"49":{"start":{"line":108,"column":0},"end":{"line":108,"column":25}},"50":{"start":{"line":109,"column":0},"end":{"line":109,"column":32}},"51":{"start":{"line":110,"column":0},"end":{"line":110,"column":34}},"52":{"start":{"line":111,"column":0},"end":{"line":111,"column":34}},"53":{"start":{"line":112,"column":0},"end":{"line":112,"column":40}},"54":{"start":{"line":113,"column":0},"end":{"line":113,"column":36}},"55":{"start":{"line":114,"column":0},"end":{"line":114,"column":36}},"56":{"start":{"line":115,"column":0},"end":{"line":115,"column":34}},"57":{"start":{"line":116,"column":0},"end":{"line":116,"column":34}},"58":{"start":{"line":117,"column":0},"end":{"line":117,"column":39}},"59":{"start":{"line":138,"column":0},"end":{"line":138,"column":21}},"60":{"start":{"line":140,"column":0},"end":{"line":145,"column":1}},"61":{"start":{"line":141,"column":2},"end":{"line":141,"column":29}},"62":{"start":{"line":142,"column":2},"end":{"line":142,"column":29}},"63":{"start":{"line":143,"column":2},"end":{"line":143,"column":32}},"64":{"start":{"line":144,"column":2},"end":{"line":144,"column":24}},"65":{"start":{"line":149,"column":13},"end":{"line":149,"column":60}},"66":{"start":{"line":151,"column":0},"end":{"line":151,"column":29}},"67":{"start":{"line":152,"column":0},"end":{"line":154,"column":2}},"68":{"start":{"line":153,"column":2},"end":{"line":153,"column":38}},"69":{"start":{"line":155,"column":0},"end":{"line":155,"column":20}}},"fnMap":{"0":{"name":"(anonymous_0)","decl":{"start":{"line":55,"column":8},"end":{"line":55,"column":9}},"loc":{"start":{"line":55,"column":14},"end":{"line":59,"column":3}},"line":55},"1":{"name":"(anonymous_1)","decl":{"start":{"line":60,"column":9},"end":{"line":60,"column":10}},"loc":{"start":{"line":61,"column":4},"end":{"line":61,"column":66}},"line":61},"2":{"name":"(anonymous_2)","decl":{"start":{"line":68,"column":12},"end":{"line":68,"column":13}},"loc":{"start":{"line":68,"column":40},"end":{"line":79,"column":5}},"line":68},"3":{"name":"(anonymous_3)","decl":{"start":{"line":84,"column":12},"end":{"line":84,"column":13}},"loc":{"start":{"line":84,"column":32},"end":{"line":92,"column":1}},"line":84},"4":{"name":"(anonymous_4)","decl":{"start":{"line":152,"column":13},"end":{"line":152,"column":14}},"loc":{"start":{"line":152,"column":27},"end":{"line":154,"column":1}},"line":152}},"branchMap":{"0":{"loc":{"start":{"line":56,"column":4},"end":{"line":58,"column":5}},"type":"if","locations":[{"start":{"line":56,"column":4},"end":{"line":58,"column":5}},{"start":{},"end":{}}],"line":56},"1":{"loc":{"start":{"line":71,"column":6},"end":{"line":71,"column":46}},"type":"if","locations":[{"start":{"line":71,"column":6},"end":{"line":71,"column":46}},{"start":{},"end":{}}],"line":71},"2":{"loc":{"start":{"line":72,"column":6},"end":{"line":77,"column":7}},"type":"if","locations":[{"start":{"line":72,"column":6},"end":{"line":77,"column":7}},{"start":{},"end":{}}],"line":72},"3":{"loc":{"start":{"line":140,"column":0},"end":{"line":145,"column":1}},"type":"if","locations":[{"start":{"line":140,"column":0},"end":{"line":145,"column":1}},{"start":{},"end":{}}],"line":140}},"s":{"0":39,"1":39,"2":39,"3":39,"4":39,"5":39,"6":39,"7":39,"8":39,"9":39,"10":39,"11":39,"12":39,"13":39,"14":39,"15":39,"16":39,"17":39,"18":39,"19":39,"20":39,"21":39,"22":39,"23":39,"24":39,"25":39,"26":0,"27":0,"28":39,"29":39,"30":308,"31":308,"32":0,"33":0,"34":0,"35":0,"36":39,"37":0,"38":0,"39":0,"40":0,"41":39,"42":39,"43":39,"44":39,"45":39,"46":39,"47":39,"48":39,"49":39,"50":39,"51":39,"52":39,"53":39,"54":39,"55":39,"56":39,"57":39,"58":39,"59":39,"60":39,"61":0,"62":0,"63":0,"64":0,"65":39,"66":39,"67":39,"68":0,"69":39},"f":{"0":39,"1":0,"2":308,"3":0,"4":0},"b":{"0":[0,39],"1":[308,0],"2":[0,0],"3":[0,39]},"_coverageSchema":"1a1c01bbd47fc00a2c39e90264f33305004495a9","hash":"e24d96e0f9bbad9ee26bc8bd6b6a48fb6777da55"}
,"/home/zoutigo/projets/school-platform/backend/config/database.js": {"path":"/home/zoutigo/projets/school-platform/backend/config/database.js","statementMap":{"0":{"start":{"line":1,"column":18},"end":{"line":1,"column":38}},"1":{"start":{"line":3,"column":0},"end":{"line":3,"column":26}},"2":{"start":{"line":5,"column":11},"end":{"line":21,"column":1}},"3":{"start":{"line":23,"column":0},"end":{"line":23,"column":19}}},"fnMap":{},"branchMap":{},"s":{"0":39,"1":39,"2":39,"3":39},"f":{},"b":{},"_coverageSchema":"1a1c01bbd47fc00a2c39e90264f33305004495a9","hash":"6301fc1e5744536fc01c5b3d3ffc0630e20c1b4e"}
,"/home/zoutigo/projets/school-platform/backend/constants/albumLink.js": {"path":"/home/zoutigo/projets/school-platform/backend/constants/albumLink.js","statementMap":{"0":{"start":{"line":1,"column":18},"end":{"line":33,"column":1}},"1":{"start":{"line":2,"column":2},"end":{"line":32,"column":3}},"2":{"start":{"line":4,"column":6},"end":{"line":4,"column":42}},"3":{"start":{"line":6,"column":6},"end":{"line":6,"column":44}},"4":{"start":{"line":8,"column":6},"end":{"line":8,"column":45}},"5":{"start":{"line":10,"column":6},"end":{"line":10,"column":46}},"6":{"start":{"line":12,"column":6},"end":{"line":12,"column":45}},"7":{"start":{"line":14,"column":6},"end":{"line":14,"column":33}},"8":{"start":{"line":16,"column":6},"end":{"line":16,"column":34}},"9":{"start":{"line":18,"column":6},"end":{"line":18,"column":34}},"10":{"start":{"line":20,"column":6},"end":{"line":20,"column":34}},"11":{"start":{"line":22,"column":6},"end":{"line":22,"column":34}},"12":{"start":{"line":24,"column":6},"end":{"line":24,"column":41}},"13":{"start":{"line":26,"column":6},"end":{"line":26,"column":36}},"14":{"start":{"line":28,"column":6},"end":{"line":28,"column":36}},"15":{"start":{"line":31,"column":6},"end":{"line":31,"column":39}},"16":{"start":{"line":35,"column":0},"end":{"line":35,"column":26}}},"fnMap":{"0":{"name":"(anonymous_0)","decl":{"start":{"line":1,"column":18},"end":{"line":1,"column":19}},"loc":{"start":{"line":1,"column":29},"end":{"line":33,"column":1}},"line":1}},"branchMap":{"0":{"loc":{"start":{"line":2,"column":2},"end":{"line":32,"column":3}},"type":"switch","locations":[{"start":{"line":3,"column":4},"end":{"line":4,"column":42}},{"start":{"line":5,"column":4},"end":{"line":6,"column":44}},{"start":{"line":7,"column":4},"end":{"line":8,"column":45}},{"start":{"line":9,"column":4},"end":{"line":10,"column":46}},{"start":{"line":11,"column":4},"end":{"line":12,"column":45}},{"start":{"line":13,"column":4},"end":{"line":14,"column":33}},{"start":{"line":15,"column":4},"end":{"line":16,"column":34}},{"start":{"line":17,"column":4},"end":{"line":18,"column":34}},{"start":{"line":19,"column":4},"end":{"line":20,"column":34}},{"start":{"line":21,"column":4},"end":{"line":22,"column":34}},{"start":{"line":23,"column":4},"end":{"line":24,"column":41}},{"start":{"line":25,"column":4},"end":{"line":26,"column":36}},{"start":{"line":27,"column":4},"end":{"line":28,"column":36}},{"start":{"line":30,"column":4},"end":{"line":31,"column":39}}],"line":2}},"s":{"0":39,"1":0,"2":0,"3":0,"4":0,"5":0,"6":0,"7":0,"8":0,"9":0,"10":0,"11":0,"12":0,"13":0,"14":0,"15":0,"16":39},"f":{"0":0},"b":{"0":[0,0,0,0,0,0,0,0,0,0,0,0,0,0]},"_coverageSchema":"1a1c01bbd47fc00a2c39e90264f33305004495a9","hash":"875fdbf5d8d9d4ef9e771441bdbf180e59367289"}
,"/home/zoutigo/projets/school-platform/backend/constants/classroomAliasses.js": {"path":"/home/zoutigo/projets/school-platform/backend/constants/classroomAliasses.js","statementMap":{"0":{"start":{"line":1,"column":27},"end":{"line":11,"column":1}},"1":{"start":{"line":13,"column":0},"end":{"line":13,"column":35}}},"fnMap":{},"branchMap":{},"s":{"0":39,"1":39},"f":{},"b":{},"_coverageSchema":"1a1c01bbd47fc00a2c39e90264f33305004495a9","hash":"40a68aac6eee4c2a5c13027278c2c95a4de9b677"}
,"/home/zoutigo/projets/school-platform/backend/constants/imageMimeTypes.js": {"path":"/home/zoutigo/projets/school-platform/backend/constants/imageMimeTypes.js","statementMap":{"0":{"start":{"line":1,"column":23},"end":{"line":7,"column":1}},"1":{"start":{"line":9,"column":0},"end":{"line":9,"column":31}}},"fnMap":{},"branchMap":{},"s":{"0":39,"1":39},"f":{},"b":{},"_coverageSchema":"1a1c01bbd47fc00a2c39e90264f33305004495a9","hash":"c4b65059e0bb8766d59c227e86f8b6aa91e83068"}
,"/home/zoutigo/projets/school-platform/backend/constants/includes.js": {"path":"/home/zoutigo/projets/school-platform/backend/constants/includes.js","statementMap":{"0":{"start":{"line":1,"column":16},"end":{"line":1,"column":44}},"1":{"start":{"line":2,"column":14},"end":{"line":2,"column":40}},"2":{"start":{"line":4,"column":0},"end":{"line":15,"column":1}}},"fnMap":{},"branchMap":{},"s":{"0":39,"1":39,"2":39},"f":{},"b":{},"_coverageSchema":"1a1c01bbd47fc00a2c39e90264f33305004495a9","hash":"0b2e1afe376c8639e5ece344da1ec67ac8f0196c"}
,"/home/zoutigo/projets/school-platform/backend/constants/inlinerOptions.js": {"path":"/home/zoutigo/projets/school-platform/backend/constants/inlinerOptions.js","statementMap":{"0":{"start":{"line":1,"column":0},"end":{"line":6,"column":1}}},"fnMap":{},"branchMap":{},"s":{"0":39},"f":{},"b":{},"_coverageSchema":"1a1c01bbd47fc00a2c39e90264f33305004495a9","hash":"39c5298316809359927cb4275a490fa0a0c9bd85"}
,"/home/zoutigo/projets/school-platform/backend/constants/maxsize.js": {"path":"/home/zoutigo/projets/school-platform/backend/constants/maxsize.js","statementMap":{"0":{"start":{"line":1,"column":0},"end":{"line":1,"column":38}},"1":{"start":{"line":2,"column":0},"end":{"line":2,"column":37}}},"fnMap":{},"branchMap":{},"s":{"0":39,"1":39},"f":{},"b":{},"_coverageSchema":"1a1c01bbd47fc00a2c39e90264f33305004495a9","hash":"d84f53d9a9c48e1881df80d502debe3f27c6881c"}
,"/home/zoutigo/projets/school-platform/backend/constants/pageRawContent.js": {"path":"/home/zoutigo/projets/school-platform/backend/constants/pageRawContent.js","statementMap":{"0":{"start":{"line":1,"column":0},"end":{"line":78,"column":1}}},"fnMap":{},"branchMap":{},"s":{"0":39},"f":{},"b":{},"_coverageSchema":"1a1c01bbd47fc00a2c39e90264f33305004495a9","hash":"b9b7a71d0130a840198251e6a4f3f177a8e56bd3"}
,"/home/zoutigo/projets/school-platform/backend/constants/paperLink.js": {"path":"/home/zoutigo/projets/school-platform/backend/constants/paperLink.js","statementMap":{"0":{"start":{"line":1,"column":18},"end":{"line":21,"column":1}},"1":{"start":{"line":2,"column":2},"end":{"line":20,"column":3}},"2":{"start":{"line":4,"column":6},"end":{"line":4,"column":36}},"3":{"start":{"line":6,"column":6},"end":{"line":6,"column":49}},"4":{"start":{"line":8,"column":6},"end":{"line":8,"column":52}},"5":{"start":{"line":10,"column":6},"end":{"line":10,"column":50}},"6":{"start":{"line":12,"column":6},"end":{"line":12,"column":41}},"7":{"start":{"line":14,"column":6},"end":{"line":14,"column":42}},"8":{"start":{"line":16,"column":6},"end":{"line":16,"column":40}},"9":{"start":{"line":19,"column":6},"end":{"line":19,"column":39}},"10":{"start":{"line":23,"column":0},"end":{"line":23,"column":26}}},"fnMap":{"0":{"name":"(anonymous_0)","decl":{"start":{"line":1,"column":18},"end":{"line":1,"column":19}},"loc":{"start":{"line":1,"column":29},"end":{"line":21,"column":1}},"line":1}},"branchMap":{"0":{"loc":{"start":{"line":2,"column":2},"end":{"line":20,"column":3}},"type":"switch","locations":[{"start":{"line":3,"column":4},"end":{"line":4,"column":36}},{"start":{"line":5,"column":4},"end":{"line":6,"column":49}},{"start":{"line":7,"column":4},"end":{"line":8,"column":52}},{"start":{"line":9,"column":4},"end":{"line":10,"column":50}},{"start":{"line":11,"column":4},"end":{"line":12,"column":41}},{"start":{"line":13,"column":4},"end":{"line":14,"column":42}},{"start":{"line":15,"column":4},"end":{"line":16,"column":40}},{"start":{"line":18,"column":4},"end":{"line":19,"column":39}}],"line":2}},"s":{"0":39,"1":0,"2":0,"3":0,"4":0,"5":0,"6":0,"7":0,"8":0,"9":0,"10":39},"f":{"0":0},"b":{"0":[0,0,0,0,0,0,0,0]},"_coverageSchema":"1a1c01bbd47fc00a2c39e90264f33305004495a9","hash":"81c638c2d6fdd76db57056c33a959a23c4735635"}
,"/home/zoutigo/projets/school-platform/backend/constants/paperVariantList.js": {"path":"/home/zoutigo/projets/school-platform/backend/constants/paperVariantList.js","statementMap":{"0":{"start":{"line":1,"column":25},"end":{"line":11,"column":1}},"1":{"start":{"line":13,"column":0},"end":{"line":13,"column":33}}},"fnMap":{},"branchMap":{},"s":{"0":48,"1":48},"f":{},"b":{},"_coverageSchema":"1a1c01bbd47fc00a2c39e90264f33305004495a9","hash":"814b31c0427aa88b48dec6ac52ec91147d37bc3d"}
,"/home/zoutigo/projets/school-platform/backend/constants/paperintrotext.js": {"path":"/home/zoutigo/projets/school-platform/backend/constants/paperintrotext.js","statementMap":{"0":{"start":{"line":1,"column":23},"end":{"line":21,"column":1}},"1":{"start":{"line":2,"column":2},"end":{"line":20,"column":3}},"2":{"start":{"line":4,"column":6},"end":{"line":4,"column":44}},"3":{"start":{"line":6,"column":6},"end":{"line":6,"column":77}},"4":{"start":{"line":8,"column":6},"end":{"line":8,"column":69}},"5":{"start":{"line":10,"column":6},"end":{"line":10,"column":50}},"6":{"start":{"line":12,"column":6},"end":{"line":12,"column":57}},"7":{"start":{"line":14,"column":6},"end":{"line":14,"column":59}},"8":{"start":{"line":16,"column":6},"end":{"line":16,"column":89}},"9":{"start":{"line":19,"column":6},"end":{"line":19,"column":44}},"10":{"start":{"line":23,"column":0},"end":{"line":23,"column":31}}},"fnMap":{"0":{"name":"(anonymous_0)","decl":{"start":{"line":1,"column":23},"end":{"line":1,"column":24}},"loc":{"start":{"line":1,"column":34},"end":{"line":21,"column":1}},"line":1}},"branchMap":{"0":{"loc":{"start":{"line":2,"column":2},"end":{"line":20,"column":3}},"type":"switch","locations":[{"start":{"line":3,"column":4},"end":{"line":4,"column":44}},{"start":{"line":5,"column":4},"end":{"line":6,"column":77}},{"start":{"line":7,"column":4},"end":{"line":8,"column":69}},{"start":{"line":9,"column":4},"end":{"line":10,"column":50}},{"start":{"line":11,"column":4},"end":{"line":12,"column":57}},{"start":{"line":13,"column":4},"end":{"line":14,"column":59}},{"start":{"line":15,"column":4},"end":{"line":16,"column":89}},{"start":{"line":18,"column":4},"end":{"line":19,"column":44}}],"line":2}},"s":{"0":39,"1":0,"2":0,"3":0,"4":0,"5":0,"6":0,"7":0,"8":0,"9":0,"10":39},"f":{"0":0},"b":{"0":[0,0,0,0,0,0,0,0]},"_coverageSchema":"1a1c01bbd47fc00a2c39e90264f33305004495a9","hash":"df2e0ff570084da4dd42115c48775c36fd6105f6"}
,"/home/zoutigo/projets/school-platform/backend/constants/regex.js": {"path":"/home/zoutigo/projets/school-platform/backend/constants/regex.js","statementMap":{"0":{"start":{"line":1,"column":0},"end":{"line":1,"column":75}}},"fnMap":{},"branchMap":{},"s":{"0":39},"f":{},"b":{},"_coverageSchema":"1a1c01bbd47fc00a2c39e90264f33305004495a9","hash":"3c34a2799ea38cfccae26c408eec6136605037a0"}
,"/home/zoutigo/projets/school-platform/backend/constants/testFolders.js": {"path":"/home/zoutigo/projets/school-platform/backend/constants/testFolders.js","statementMap":{"0":{"start":{"line":1,"column":0},"end":{"line":1,"column":56}},"1":{"start":{"line":2,"column":0},"end":{"line":2,"column":54}}},"fnMap":{},"branchMap":{},"s":{"0":15,"1":15},"f":{},"b":{},"_coverageSchema":"1a1c01bbd47fc00a2c39e90264f33305004495a9","hash":"5532f493a40b0e3b63dc1006e11873e75e524f54"}
,"/home/zoutigo/projets/school-platform/backend/constants/texts.js": {"path":"/home/zoutigo/projets/school-platform/backend/constants/texts.js","statementMap":{"0":{"start":{"line":1,"column":0},"end":{"line":1,"column":328}},"1":{"start":{"line":2,"column":0},"end":{"line":2,"column":76}}},"fnMap":{},"branchMap":{},"s":{"0":39,"1":39},"f":{},"b":{},"_coverageSchema":"1a1c01bbd47fc00a2c39e90264f33305004495a9","hash":"2ff948f567007aee6d51d702ed9d59ba1c88ae6e"}
,"/home/zoutigo/projets/school-platform/backend/database/config.js": {"path":"/home/zoutigo/projets/school-platform/backend/database/config.js","statementMap":{"0":{"start":{"line":1,"column":0},"end":{"line":1,"column":26}},"1":{"start":{"line":3,"column":0},"end":{"line":50,"column":1}}},"fnMap":{},"branchMap":{},"s":{"0":48,"1":48},"f":{},"b":{},"_coverageSchema":"1a1c01bbd47fc00a2c39e90264f33305004495a9","hash":"90c002aeca9d4152904835885d2d0029cfef0bd9"}
,"/home/zoutigo/projets/school-platform/backend/database/models/albums.js": {"path":"/home/zoutigo/projets/school-platform/backend/database/models/albums.js","statementMap":{"0":{"start":{"line":1,"column":29},"end":{"line":1,"column":49}},"1":{"start":{"line":2,"column":16},"end":{"line":2,"column":46}},"2":{"start":{"line":4,"column":0},"end":{"line":90,"column":1}},"3":{"start":{"line":12,"column":6},"end":{"line":16,"column":8}},"4":{"start":{"line":17,"column":6},"end":{"line":17,"column":26}},"5":{"start":{"line":20,"column":2},"end":{"line":88,"column":3}},"6":{"start":{"line":68,"column":28},"end":{"line":68,"column":54}},"7":{"start":{"line":70,"column":10},"end":{"line":73,"column":11}},"8":{"start":{"line":72,"column":12},"end":{"line":72,"column":43}},"9":{"start":{"line":76,"column":28},"end":{"line":76,"column":54}},"10":{"start":{"line":77,"column":10},"end":{"line":80,"column":11}},"11":{"start":{"line":79,"column":12},"end":{"line":79,"column":43}},"12":{"start":{"line":89,"column":2},"end":{"line":89,"column":14}}},"fnMap":{"0":{"name":"(anonymous_0)","decl":{"start":{"line":4,"column":17},"end":{"line":4,"column":18}},"loc":{"start":{"line":4,"column":43},"end":{"line":90,"column":1}},"line":4},"1":{"name":"(anonymous_1)","decl":{"start":{"line":11,"column":4},"end":{"line":11,"column":5}},"loc":{"start":{"line":11,"column":31},"end":{"line":18,"column":5}},"line":11},"2":{"name":"(anonymous_2)","decl":{"start":{"line":67,"column":22},"end":{"line":67,"column":23}},"loc":{"start":{"line":67,"column":48},"end":{"line":74,"column":9}},"line":67},"3":{"name":"(anonymous_3)","decl":{"start":{"line":75,"column":22},"end":{"line":75,"column":23}},"loc":{"start":{"line":75,"column":48},"end":{"line":81,"column":9}},"line":75}},"branchMap":{"0":{"loc":{"start":{"line":70,"column":10},"end":{"line":73,"column":11}},"type":"if","locations":[{"start":{"line":70,"column":10},"end":{"line":73,"column":11}},{"start":{},"end":{}}],"line":70},"1":{"loc":{"start":{"line":77,"column":10},"end":{"line":80,"column":11}},"type":"if","locations":[{"start":{"line":77,"column":10},"end":{"line":80,"column":11}},{"start":{},"end":{}}],"line":77}},"s":{"0":48,"1":48,"2":48,"3":48,"4":48,"5":48,"6":13,"7":13,"8":13,"9":14,"10":14,"11":14,"12":48},"f":{"0":48,"1":48,"2":13,"3":14},"b":{"0":[13,0],"1":[14,0]},"_coverageSchema":"1a1c01bbd47fc00a2c39e90264f33305004495a9","hash":"3cb00a4756386571c3107b564e52e37f4b427033"}
,"/home/zoutigo/projets/school-platform/backend/database/models/cards.js": {"path":"/home/zoutigo/projets/school-platform/backend/database/models/cards.js","statementMap":{"0":{"start":{"line":1,"column":29},"end":{"line":1,"column":49}},"1":{"start":{"line":2,"column":16},"end":{"line":2,"column":46}},"2":{"start":{"line":4,"column":0},"end":{"line":97,"column":1}},"3":{"start":{"line":12,"column":6},"end":{"line":16,"column":8}},"4":{"start":{"line":17,"column":6},"end":{"line":17,"column":26}},"5":{"start":{"line":21,"column":6},"end":{"line":21,"column":45}},"6":{"start":{"line":24,"column":2},"end":{"line":95,"column":3}},"7":{"start":{"line":75,"column":28},"end":{"line":75,"column":53}},"8":{"start":{"line":77,"column":10},"end":{"line":80,"column":11}},"9":{"start":{"line":79,"column":12},"end":{"line":79,"column":42}},"10":{"start":{"line":83,"column":28},"end":{"line":83,"column":53}},"11":{"start":{"line":84,"column":10},"end":{"line":87,"column":11}},"12":{"start":{"line":86,"column":12},"end":{"line":86,"column":42}},"13":{"start":{"line":96,"column":2},"end":{"line":96,"column":13}}},"fnMap":{"0":{"name":"(anonymous_0)","decl":{"start":{"line":4,"column":17},"end":{"line":4,"column":18}},"loc":{"start":{"line":4,"column":43},"end":{"line":97,"column":1}},"line":4},"1":{"name":"(anonymous_1)","decl":{"start":{"line":11,"column":4},"end":{"line":11,"column":5}},"loc":{"start":{"line":11,"column":31},"end":{"line":18,"column":5}},"line":11},"2":{"name":"(anonymous_2)","decl":{"start":{"line":20,"column":4},"end":{"line":20,"column":5}},"loc":{"start":{"line":20,"column":13},"end":{"line":22,"column":5}},"line":20},"3":{"name":"(anonymous_3)","decl":{"start":{"line":74,"column":22},"end":{"line":74,"column":23}},"loc":{"start":{"line":74,"column":47},"end":{"line":81,"column":9}},"line":74},"4":{"name":"(anonymous_4)","decl":{"start":{"line":82,"column":22},"end":{"line":82,"column":23}},"loc":{"start":{"line":82,"column":47},"end":{"line":88,"column":9}},"line":82}},"branchMap":{"0":{"loc":{"start":{"line":77,"column":10},"end":{"line":80,"column":11}},"type":"if","locations":[{"start":{"line":77,"column":10},"end":{"line":80,"column":11}},{"start":{},"end":{}}],"line":77},"1":{"loc":{"start":{"line":84,"column":10},"end":{"line":87,"column":11}},"type":"if","locations":[{"start":{"line":84,"column":10},"end":{"line":87,"column":11}},{"start":{},"end":{}}],"line":84}},"s":{"0":48,"1":48,"2":48,"3":48,"4":48,"5":10,"6":48,"7":6,"8":6,"9":6,"10":1,"11":1,"12":1,"13":48},"f":{"0":48,"1":48,"2":10,"3":6,"4":1},"b":{"0":[6,0],"1":[1,0]},"_coverageSchema":"1a1c01bbd47fc00a2c39e90264f33305004495a9","hash":"1ed036bb9ef8eec2ff461f705edb35fe365fd11b"}
,"/home/zoutigo/projets/school-platform/backend/database/models/dialogs.js": {"path":"/home/zoutigo/projets/school-platform/backend/database/models/dialogs.js","statementMap":{"0":{"start":{"line":1,"column":29},"end":{"line":1,"column":49}},"1":{"start":{"line":3,"column":0},"end":{"line":56,"column":1}},"2":{"start":{"line":14,"column":2},"end":{"line":54,"column":3}},"3":{"start":{"line":55,"column":2},"end":{"line":55,"column":15}}},"fnMap":{"0":{"name":"(anonymous_0)","decl":{"start":{"line":3,"column":17},"end":{"line":3,"column":18}},"loc":{"start":{"line":3,"column":43},"end":{"line":56,"column":1}},"line":3},"1":{"name":"(anonymous_1)","decl":{"start":{"line":10,"column":4},"end":{"line":10,"column":5}},"loc":{"start":{"line":10,"column":29},"end":{"line":12,"column":5}},"line":10}},"branchMap":{},"s":{"0":48,"1":48,"2":48,"3":48},"f":{"0":48,"1":48},"b":{},"_coverageSchema":"1a1c01bbd47fc00a2c39e90264f33305004495a9","hash":"ff384b2501c6fa57fa5d785285e36b91451a0fbe"}
,"/home/zoutigo/projets/school-platform/backend/database/models/entities.js": {"path":"/home/zoutigo/projets/school-platform/backend/database/models/entities.js","statementMap":{"0":{"start":{"line":1,"column":29},"end":{"line":1,"column":49}},"1":{"start":{"line":2,"column":16},"end":{"line":2,"column":46}},"2":{"start":{"line":4,"column":0},"end":{"line":99,"column":1}},"3":{"start":{"line":12,"column":6},"end":{"line":17,"column":8}},"4":{"start":{"line":18,"column":6},"end":{"line":18,"column":26}},"5":{"start":{"line":20,"column":6},"end":{"line":24,"column":8}},"6":{"start":{"line":25,"column":6},"end":{"line":25,"column":27}},"7":{"start":{"line":27,"column":6},"end":{"line":31,"column":8}},"8":{"start":{"line":32,"column":6},"end":{"line":32,"column":27}},"9":{"start":{"line":35,"column":2},"end":{"line":97,"column":3}},"10":{"start":{"line":77,"column":28},"end":{"line":77,"column":55}},"11":{"start":{"line":79,"column":10},"end":{"line":82,"column":11}},"12":{"start":{"line":81,"column":12},"end":{"line":81,"column":45}},"13":{"start":{"line":85,"column":28},"end":{"line":85,"column":55}},"14":{"start":{"line":86,"column":10},"end":{"line":89,"column":11}},"15":{"start":{"line":88,"column":12},"end":{"line":88,"column":45}},"16":{"start":{"line":98,"column":2},"end":{"line":98,"column":15}}},"fnMap":{"0":{"name":"(anonymous_0)","decl":{"start":{"line":4,"column":17},"end":{"line":4,"column":18}},"loc":{"start":{"line":4,"column":43},"end":{"line":99,"column":1}},"line":4},"1":{"name":"(anonymous_1)","decl":{"start":{"line":11,"column":4},"end":{"line":11,"column":5}},"loc":{"start":{"line":11,"column":45},"end":{"line":33,"column":5}},"line":11},"2":{"name":"(anonymous_2)","decl":{"start":{"line":76,"column":22},"end":{"line":76,"column":23}},"loc":{"start":{"line":76,"column":49},"end":{"line":83,"column":9}},"line":76},"3":{"name":"(anonymous_3)","decl":{"start":{"line":84,"column":22},"end":{"line":84,"column":23}},"loc":{"start":{"line":84,"column":49},"end":{"line":90,"column":9}},"line":84}},"branchMap":{"0":{"loc":{"start":{"line":79,"column":10},"end":{"line":82,"column":11}},"type":"if","locations":[{"start":{"line":79,"column":10},"end":{"line":82,"column":11}},{"start":{},"end":{}}],"line":79},"1":{"loc":{"start":{"line":86,"column":10},"end":{"line":89,"column":11}},"type":"if","locations":[{"start":{"line":86,"column":10},"end":{"line":89,"column":11}},{"start":{},"end":{}}],"line":86}},"s":{"0":48,"1":48,"2":48,"3":48,"4":48,"5":48,"6":48,"7":48,"8":48,"9":48,"10":33,"11":33,"12":33,"13":12,"14":12,"15":12,"16":48},"f":{"0":48,"1":48,"2":33,"3":12},"b":{"0":[33,0],"1":[12,0]},"_coverageSchema":"1a1c01bbd47fc00a2c39e90264f33305004495a9","hash":"ae19a6d242a0905da91208da8d40e2bc83cd2b86"}
,"/home/zoutigo/projets/school-platform/backend/database/models/files.js": {"path":"/home/zoutigo/projets/school-platform/backend/database/models/files.js","statementMap":{"0":{"start":{"line":1,"column":29},"end":{"line":1,"column":49}},"1":{"start":{"line":3,"column":0},"end":{"line":55,"column":1}},"2":{"start":{"line":14,"column":2},"end":{"line":53,"column":3}},"3":{"start":{"line":54,"column":2},"end":{"line":54,"column":13}}},"fnMap":{"0":{"name":"(anonymous_0)","decl":{"start":{"line":3,"column":17},"end":{"line":3,"column":18}},"loc":{"start":{"line":3,"column":43},"end":{"line":55,"column":1}},"line":3},"1":{"name":"(anonymous_1)","decl":{"start":{"line":10,"column":4},"end":{"line":10,"column":5}},"loc":{"start":{"line":10,"column":29},"end":{"line":12,"column":5}},"line":10}},"branchMap":{},"s":{"0":48,"1":48,"2":48,"3":48},"f":{"0":48,"1":48},"b":{},"_coverageSchema":"1a1c01bbd47fc00a2c39e90264f33305004495a9","hash":"1f8861b10ad052c1f207a2b4fa40fdbf91ef1143"}
,"/home/zoutigo/projets/school-platform/backend/database/models/index.js": {"path":"/home/zoutigo/projets/school-platform/backend/database/models/index.js","statementMap":{"0":{"start":{"line":3,"column":11},"end":{"line":3,"column":24}},"1":{"start":{"line":4,"column":13},"end":{"line":4,"column":28}},"2":{"start":{"line":5,"column":18},"end":{"line":5,"column":38}},"3":{"start":{"line":7,"column":17},"end":{"line":7,"column":42}},"4":{"start":{"line":8,"column":12},"end":{"line":8,"column":49}},"5":{"start":{"line":11,"column":15},"end":{"line":11,"column":56}},"6":{"start":{"line":12,"column":11},"end":{"line":12,"column":13}},"7":{"start":{"line":15,"column":0},"end":{"line":24,"column":1}},"8":{"start":{"line":16,"column":2},"end":{"line":16,"column":73}},"9":{"start":{"line":18,"column":2},"end":{"line":23,"column":3}},"10":{"start":{"line":26,"column":0},"end":{"line":39,"column":4}},"11":{"start":{"line":28,"column":4},"end":{"line":30,"column":5}},"12":{"start":{"line":34,"column":18},"end":{"line":37,"column":5}},"13":{"start":{"line":38,"column":4},"end":{"line":38,"column":26}},"14":{"start":{"line":41,"column":0},"end":{"line":45,"column":2}},"15":{"start":{"line":42,"column":2},"end":{"line":44,"column":3}},"16":{"start":{"line":43,"column":4},"end":{"line":43,"column":31}},"17":{"start":{"line":47,"column":0},"end":{"line":47,"column":24}},"18":{"start":{"line":48,"column":0},"end":{"line":48,"column":24}},"19":{"start":{"line":50,"column":0},"end":{"line":50,"column":19}}},"fnMap":{"0":{"name":"(anonymous_0)","decl":{"start":{"line":27,"column":10},"end":{"line":27,"column":11}},"loc":{"start":{"line":27,"column":20},"end":{"line":31,"column":3}},"line":27},"1":{"name":"(anonymous_1)","decl":{"start":{"line":32,"column":11},"end":{"line":32,"column":12}},"loc":{"start":{"line":32,"column":21},"end":{"line":39,"column":3}},"line":32},"2":{"name":"(anonymous_2)","decl":{"start":{"line":41,"column":24},"end":{"line":41,"column":25}},"loc":{"start":{"line":41,"column":39},"end":{"line":45,"column":1}},"line":41}},"branchMap":{"0":{"loc":{"start":{"line":8,"column":12},"end":{"line":8,"column":49}},"type":"binary-expr","locations":[{"start":{"line":8,"column":12},"end":{"line":8,"column":32}},{"start":{"line":8,"column":36},"end":{"line":8,"column":49}}],"line":8},"1":{"loc":{"start":{"line":15,"column":0},"end":{"line":24,"column":1}},"type":"if","locations":[{"start":{"line":15,"column":0},"end":{"line":24,"column":1}},{"start":{"line":17,"column":7},"end":{"line":24,"column":1}}],"line":15},"2":{"loc":{"start":{"line":29,"column":6},"end":{"line":29,"column":78}},"type":"binary-expr","locations":[{"start":{"line":29,"column":6},"end":{"line":29,"column":29}},{"start":{"line":29,"column":33},"end":{"line":29,"column":50}},{"start":{"line":29,"column":54},"end":{"line":29,"column":78}}],"line":29},"3":{"loc":{"start":{"line":42,"column":2},"end":{"line":44,"column":3}},"type":"if","locations":[{"start":{"line":42,"column":2},"end":{"line":44,"column":3}},{"start":{},"end":{}}],"line":42}},"s":{"0":48,"1":48,"2":48,"3":48,"4":48,"5":48,"6":48,"7":48,"8":0,"9":48,"10":48,"11":672,"12":624,"13":624,"14":48,"15":528,"16":528,"17":48,"18":48,"19":48},"f":{"0":672,"1":624,"2":528},"b":{"0":[48,0],"1":[0,48],"2":[672,672,624],"3":[528,0]},"_coverageSchema":"1a1c01bbd47fc00a2c39e90264f33305004495a9","hash":"7feedfa83750fa3f7c922ecfe0b28622a34127bf"}
,"/home/zoutigo/projets/school-platform/backend/database/models/mails.js": {"path":"/home/zoutigo/projets/school-platform/backend/database/models/mails.js","statementMap":{"0":{"start":{"line":1,"column":18},"end":{"line":1,"column":38}},"1":{"start":{"line":3,"column":0},"end":{"line":26,"column":1}},"2":{"start":{"line":14,"column":2},"end":{"line":24,"column":3}},"3":{"start":{"line":25,"column":2},"end":{"line":25,"column":16}}},"fnMap":{"0":{"name":"(anonymous_0)","decl":{"start":{"line":3,"column":17},"end":{"line":3,"column":18}},"loc":{"start":{"line":3,"column":43},"end":{"line":26,"column":1}},"line":3},"1":{"name":"(anonymous_1)","decl":{"start":{"line":10,"column":4},"end":{"line":10,"column":5}},"loc":{"start":{"line":10,"column":29},"end":{"line":12,"column":5}},"line":10}},"branchMap":{},"s":{"0":48,"1":48,"2":48,"3":48},"f":{"0":48,"1":0},"b":{},"_coverageSchema":"1a1c01bbd47fc00a2c39e90264f33305004495a9","hash":"d30f571f4f155e410ffb8347fca9ee6f1a43f8bf"}
,"/home/zoutigo/projets/school-platform/backend/database/models/pages.js": {"path":"/home/zoutigo/projets/school-platform/backend/database/models/pages.js","statementMap":{"0":{"start":{"line":1,"column":29},"end":{"line":1,"column":49}},"1":{"start":{"line":2,"column":16},"end":{"line":2,"column":46}},"2":{"start":{"line":4,"column":0},"end":{"line":77,"column":1}},"3":{"start":{"line":15,"column":2},"end":{"line":75,"column":3}},"4":{"start":{"line":55,"column":28},"end":{"line":55,"column":54}},"5":{"start":{"line":57,"column":10},"end":{"line":60,"column":11}},"6":{"start":{"line":59,"column":12},"end":{"line":59,"column":42}},"7":{"start":{"line":63,"column":28},"end":{"line":63,"column":54}},"8":{"start":{"line":64,"column":10},"end":{"line":67,"column":11}},"9":{"start":{"line":66,"column":12},"end":{"line":66,"column":42}},"10":{"start":{"line":76,"column":2},"end":{"line":76,"column":13}}},"fnMap":{"0":{"name":"(anonymous_0)","decl":{"start":{"line":4,"column":17},"end":{"line":4,"column":18}},"loc":{"start":{"line":4,"column":43},"end":{"line":77,"column":1}},"line":4},"1":{"name":"(anonymous_1)","decl":{"start":{"line":11,"column":4},"end":{"line":11,"column":5}},"loc":{"start":{"line":11,"column":29},"end":{"line":13,"column":5}},"line":11},"2":{"name":"(anonymous_2)","decl":{"start":{"line":54,"column":22},"end":{"line":54,"column":23}},"loc":{"start":{"line":54,"column":47},"end":{"line":61,"column":9}},"line":54},"3":{"name":"(anonymous_3)","decl":{"start":{"line":62,"column":22},"end":{"line":62,"column":23}},"loc":{"start":{"line":62,"column":47},"end":{"line":68,"column":9}},"line":62}},"branchMap":{"0":{"loc":{"start":{"line":57,"column":10},"end":{"line":60,"column":11}},"type":"if","locations":[{"start":{"line":57,"column":10},"end":{"line":60,"column":11}},{"start":{},"end":{}}],"line":57},"1":{"loc":{"start":{"line":64,"column":10},"end":{"line":67,"column":11}},"type":"if","locations":[{"start":{"line":64,"column":10},"end":{"line":67,"column":11}},{"start":{},"end":{}}],"line":64}},"s":{"0":48,"1":48,"2":48,"3":48,"4":9,"5":9,"6":9,"7":2,"8":2,"9":2,"10":48},"f":{"0":48,"1":48,"2":9,"3":2},"b":{"0":[9,0],"1":[2,0]},"_coverageSchema":"1a1c01bbd47fc00a2c39e90264f33305004495a9","hash":"d85f968f466f9e15351a6aaab8b0fb9e2f0279b0"}
,"/home/zoutigo/projets/school-platform/backend/database/models/papers.js": {"path":"/home/zoutigo/projets/school-platform/backend/database/models/papers.js","statementMap":{"0":{"start":{"line":1,"column":29},"end":{"line":1,"column":49}},"1":{"start":{"line":2,"column":25},"end":{"line":2,"column":68}},"2":{"start":{"line":4,"column":0},"end":{"line":92,"column":1}},"3":{"start":{"line":12,"column":6},"end":{"line":16,"column":8}},"4":{"start":{"line":17,"column":6},"end":{"line":17,"column":26}},"5":{"start":{"line":20,"column":2},"end":{"line":90,"column":3}},"6":{"start":{"line":91,"column":2},"end":{"line":91,"column":14}}},"fnMap":{"0":{"name":"(anonymous_0)","decl":{"start":{"line":4,"column":17},"end":{"line":4,"column":18}},"loc":{"start":{"line":4,"column":43},"end":{"line":92,"column":1}},"line":4},"1":{"name":"(anonymous_1)","decl":{"start":{"line":11,"column":4},"end":{"line":11,"column":5}},"loc":{"start":{"line":11,"column":31},"end":{"line":18,"column":5}},"line":11}},"branchMap":{},"s":{"0":48,"1":48,"2":48,"3":48,"4":48,"5":48,"6":48},"f":{"0":48,"1":48},"b":{},"_coverageSchema":"1a1c01bbd47fc00a2c39e90264f33305004495a9","hash":"1ed3e0b04de61ef55692b8ce2c5577a0872182f4"}
,"/home/zoutigo/projets/school-platform/backend/database/models/preinscriptions.js": {"path":"/home/zoutigo/projets/school-platform/backend/database/models/preinscriptions.js","statementMap":{"0":{"start":{"line":1,"column":18},"end":{"line":1,"column":38}},"1":{"start":{"line":3,"column":0},"end":{"line":26,"column":1}},"2":{"start":{"line":14,"column":2},"end":{"line":24,"column":3}},"3":{"start":{"line":25,"column":2},"end":{"line":25,"column":16}}},"fnMap":{"0":{"name":"(anonymous_0)","decl":{"start":{"line":3,"column":17},"end":{"line":3,"column":18}},"loc":{"start":{"line":3,"column":43},"end":{"line":26,"column":1}},"line":3},"1":{"name":"(anonymous_1)","decl":{"start":{"line":10,"column":4},"end":{"line":10,"column":5}},"loc":{"start":{"line":10,"column":29},"end":{"line":12,"column":5}},"line":10}},"branchMap":{},"s":{"0":48,"1":48,"2":48,"3":48},"f":{"0":48,"1":0},"b":{},"_coverageSchema":"1a1c01bbd47fc00a2c39e90264f33305004495a9","hash":"34447637e5964dd2cbd02190f1082979347de830"}
,"/home/zoutigo/projets/school-platform/backend/database/models/roles.js": {"path":"/home/zoutigo/projets/school-platform/backend/database/models/roles.js","statementMap":{"0":{"start":{"line":1,"column":29},"end":{"line":1,"column":49}},"1":{"start":{"line":2,"column":16},"end":{"line":2,"column":46}},"2":{"start":{"line":4,"column":0},"end":{"line":67,"column":1}},"3":{"start":{"line":9,"column":6},"end":{"line":9,"column":45}},"4":{"start":{"line":12,"column":2},"end":{"line":65,"column":3}},"5":{"start":{"line":53,"column":28},"end":{"line":53,"column":53}},"6":{"start":{"line":54,"column":10},"end":{"line":57,"column":11}},"7":{"start":{"line":56,"column":12},"end":{"line":56,"column":42}},"8":{"start":{"line":66,"column":2},"end":{"line":66,"column":13}}},"fnMap":{"0":{"name":"(anonymous_0)","decl":{"start":{"line":4,"column":17},"end":{"line":4,"column":18}},"loc":{"start":{"line":4,"column":43},"end":{"line":67,"column":1}},"line":4},"1":{"name":"(anonymous_1)","decl":{"start":{"line":6,"column":4},"end":{"line":6,"column":5}},"loc":{"start":{"line":6,"column":29},"end":{"line":6,"column":31}},"line":6},"2":{"name":"(anonymous_2)","decl":{"start":{"line":8,"column":4},"end":{"line":8,"column":5}},"loc":{"start":{"line":8,"column":13},"end":{"line":10,"column":5}},"line":8},"3":{"name":"(anonymous_3)","decl":{"start":{"line":52,"column":23},"end":{"line":52,"column":24}},"loc":{"start":{"line":52,"column":48},"end":{"line":58,"column":9}},"line":52}},"branchMap":{"0":{"loc":{"start":{"line":54,"column":10},"end":{"line":57,"column":11}},"type":"if","locations":[{"start":{"line":54,"column":10},"end":{"line":57,"column":11}},{"start":{},"end":{}}],"line":54}},"s":{"0":48,"1":48,"2":48,"3":129,"4":48,"5":84,"6":84,"7":72,"8":48},"f":{"0":48,"1":48,"2":129,"3":84},"b":{"0":[72,12]},"_coverageSchema":"1a1c01bbd47fc00a2c39e90264f33305004495a9","hash":"8c438779d0e4fe86cfa93df787a62fde560650da"}
,"/home/zoutigo/projets/school-platform/backend/database/models/suggestions.js": {"path":"/home/zoutigo/projets/school-platform/backend/database/models/suggestions.js","statementMap":{"0":{"start":{"line":1,"column":18},"end":{"line":1,"column":38}},"1":{"start":{"line":3,"column":0},"end":{"line":26,"column":1}},"2":{"start":{"line":14,"column":2},"end":{"line":24,"column":3}},"3":{"start":{"line":25,"column":2},"end":{"line":25,"column":16}}},"fnMap":{"0":{"name":"(anonymous_0)","decl":{"start":{"line":3,"column":17},"end":{"line":3,"column":18}},"loc":{"start":{"line":3,"column":43},"end":{"line":26,"column":1}},"line":3},"1":{"name":"(anonymous_1)","decl":{"start":{"line":10,"column":4},"end":{"line":10,"column":5}},"loc":{"start":{"line":10,"column":29},"end":{"line":12,"column":5}},"line":10}},"branchMap":{},"s":{"0":48,"1":48,"2":48,"3":48},"f":{"0":48,"1":48},"b":{},"_coverageSchema":"1a1c01bbd47fc00a2c39e90264f33305004495a9","hash":"b839a6d268ec6f8108fc843f3568cbab8cdd4ce5"}
,"/home/zoutigo/projets/school-platform/backend/database/models/user_roles.js": {"path":"/home/zoutigo/projets/school-platform/backend/database/models/user_roles.js","statementMap":{"0":{"start":{"line":1,"column":29},"end":{"line":1,"column":49}},"1":{"start":{"line":3,"column":0},"end":{"line":62,"column":1}},"2":{"start":{"line":26,"column":2},"end":{"line":60,"column":3}},"3":{"start":{"line":61,"column":2},"end":{"line":61,"column":17}}},"fnMap":{"0":{"name":"(anonymous_0)","decl":{"start":{"line":3,"column":17},"end":{"line":3,"column":18}},"loc":{"start":{"line":3,"column":43},"end":{"line":62,"column":1}},"line":3},"1":{"name":"(anonymous_1)","decl":{"start":{"line":10,"column":4},"end":{"line":10,"column":5}},"loc":{"start":{"line":10,"column":37},"end":{"line":24,"column":5}},"line":10}},"branchMap":{},"s":{"0":48,"1":48,"2":48,"3":48},"f":{"0":48,"1":48},"b":{},"_coverageSchema":"1a1c01bbd47fc00a2c39e90264f33305004495a9","hash":"f1ec10637261fce24dd7d95ecc67dc5454161ccc"}
,"/home/zoutigo/projets/school-platform/backend/database/models/users.js": {"path":"/home/zoutigo/projets/school-platform/backend/database/models/users.js","statementMap":{"0":{"start":{"line":1,"column":29},"end":{"line":1,"column":49}},"1":{"start":{"line":2,"column":15},"end":{"line":2,"column":32}},"2":{"start":{"line":4,"column":0},"end":{"line":123,"column":1}},"3":{"start":{"line":7,"column":6},"end":{"line":11,"column":8}},"4":{"start":{"line":12,"column":6},"end":{"line":16,"column":8}},"5":{"start":{"line":17,"column":6},"end":{"line":21,"column":8}},"6":{"start":{"line":22,"column":6},"end":{"line":26,"column":8}},"7":{"start":{"line":30,"column":6},"end":{"line":30,"column":45}},"8":{"start":{"line":33,"column":2},"end":{"line":121,"column":3}},"9":{"start":{"line":107,"column":32},"end":{"line":107,"column":61}},"10":{"start":{"line":108,"column":10},"end":{"line":113,"column":11}},"11":{"start":{"line":109,"column":25},"end":{"line":109,"column":49}},"12":{"start":{"line":110,"column":35},"end":{"line":110,"column":73}},"13":{"start":{"line":112,"column":12},"end":{"line":112,"column":42}},"14":{"start":{"line":122,"column":2},"end":{"line":122,"column":13}}},"fnMap":{"0":{"name":"(anonymous_0)","decl":{"start":{"line":4,"column":17},"end":{"line":4,"column":18}},"loc":{"start":{"line":4,"column":43},"end":{"line":123,"column":1}},"line":4},"1":{"name":"(anonymous_1)","decl":{"start":{"line":6,"column":4},"end":{"line":6,"column":5}},"loc":{"start":{"line":6,"column":39},"end":{"line":27,"column":5}},"line":6},"2":{"name":"(anonymous_2)","decl":{"start":{"line":29,"column":4},"end":{"line":29,"column":5}},"loc":{"start":{"line":29,"column":13},"end":{"line":31,"column":5}},"line":29},"3":{"name":"(anonymous_3)","decl":{"start":{"line":106,"column":23},"end":{"line":106,"column":24}},"loc":{"start":{"line":106,"column":48},"end":{"line":114,"column":9}},"line":106}},"branchMap":{"0":{"loc":{"start":{"line":108,"column":10},"end":{"line":113,"column":11}},"type":"if","locations":[{"start":{"line":108,"column":10},"end":{"line":113,"column":11}},{"start":{},"end":{}}],"line":108}},"s":{"0":48,"1":48,"2":48,"3":48,"4":48,"5":48,"6":48,"7":15,"8":48,"9":85,"10":85,"11":73,"12":73,"13":73,"14":48},"f":{"0":48,"1":48,"2":15,"3":85},"b":{"0":[73,12]},"_coverageSchema":"1a1c01bbd47fc00a2c39e90264f33305004495a9","hash":"34abeca39cb79d509f25ef8dd7bd683264a888a7"}
,"/home/zoutigo/projets/school-platform/backend/globalServices/mailer/index.js": {"path":"/home/zoutigo/projets/school-platform/backend/globalServices/mailer/index.js","statementMap":{"0":{"start":{"line":1,"column":19},"end":{"line":1,"column":40}},"1":{"start":{"line":2,"column":19},"end":{"line":2,"column":46}},"2":{"start":{"line":3,"column":19},"end":{"line":3,"column":40}},"3":{"start":{"line":4,"column":18},"end":{"line":4,"column":39}},"4":{"start":{"line":5,"column":13},"end":{"line":5,"column":28}},"5":{"start":{"line":6,"column":11},"end":{"line":6,"column":24}},"6":{"start":{"line":7,"column":27},"end":{"line":7,"column":59}},"7":{"start":{"line":8,"column":27},"end":{"line":8,"column":68}},"8":{"start":{"line":9,"column":23},"end":{"line":9,"column":64}},"9":{"start":{"line":10,"column":18},"end":{"line":10,"column":54}},"10":{"start":{"line":11,"column":18},"end":{"line":11,"column":54}},"11":{"start":{"line":13,"column":0},"end":{"line":13,"column":26}},"12":{"start":{"line":15,"column":21},"end":{"line":18,"column":1}},"13":{"start":{"line":19,"column":21},"end":{"line":22,"column":1}},"14":{"start":{"line":23,"column":0},"end":{"line":23,"column":50}},"15":{"start":{"line":24,"column":0},"end":{"line":24,"column":50}},"16":{"start":{"line":27,"column":2},"end":{"line":43,"column":10}},"17":{"start":{"line":45,"column":29},"end":{"line":45,"column":63}},"18":{"start":{"line":47,"column":2},"end":{"line":49,"column":31}},"19":{"start":{"line":51,"column":0},"end":{"line":86,"column":1}},"20":{"start":{"line":52,"column":50},"end":{"line":61,"column":3}},"21":{"start":{"line":63,"column":2},"end":{"line":85,"column":3}},"22":{"start":{"line":64,"column":59},"end":{"line":67,"column":5}},"23":{"start":{"line":68,"column":21},"end":{"line":70,"column":5}},"24":{"start":{"line":72,"column":22},"end":{"line":72,"column":80}},"25":{"start":{"line":73,"column":23},"end":{"line":75,"column":6}},"26":{"start":{"line":76,"column":20},"end":{"line":81,"column":5}},"27":{"start":{"line":82,"column":4},"end":{"line":82,"column":35}},"28":{"start":{"line":84,"column":4},"end":{"line":84,"column":18}},"29":{"start":{"line":87,"column":0},"end":{"line":125,"column":1}},"30":{"start":{"line":88,"column":38},"end":{"line":97,"column":3}},"31":{"start":{"line":99,"column":2},"end":{"line":124,"column":3}},"32":{"start":{"line":100,"column":41},"end":{"line":103,"column":5}},"33":{"start":{"line":105,"column":21},"end":{"line":105,"column":69}},"34":{"start":{"line":106,"column":22},"end":{"line":106,"column":84}},"35":{"start":{"line":107,"column":23},"end":{"line":112,"column":6}},"36":{"start":{"line":114,"column":20},"end":{"line":119,"column":5}},"37":{"start":{"line":121,"column":4},"end":{"line":121,"column":35}},"38":{"start":{"line":123,"column":4},"end":{"line":123,"column":18}},"39":{"start":{"line":127,"column":0},"end":{"line":180,"column":1}},"40":{"start":{"line":128,"column":18},"end":{"line":177,"column":3}},"41":{"start":{"line":179,"column":2},"end":{"line":179,"column":33}},"42":{"start":{"line":181,"column":0},"end":{"line":245,"column":1}},"43":{"start":{"line":182,"column":18},"end":{"line":184,"column":22}},"44":{"start":{"line":185,"column":18},"end":{"line":233,"column":3}},"45":{"start":{"line":235,"column":2},"end":{"line":242,"column":3}},"46":{"start":{"line":236,"column":4},"end":{"line":241,"column":5}},"47":{"start":{"line":244,"column":2},"end":{"line":244,"column":33}},"48":{"start":{"line":247,"column":0},"end":{"line":276,"column":1}},"49":{"start":{"line":248,"column":44},"end":{"line":257,"column":3}},"50":{"start":{"line":259,"column":19},"end":{"line":259,"column":72}},"51":{"start":{"line":261,"column":21},"end":{"line":266,"column":4}},"52":{"start":{"line":268,"column":18},"end":{"line":273,"column":3}},"53":{"start":{"line":275,"column":2},"end":{"line":275,"column":33}},"54":{"start":{"line":277,"column":0},"end":{"line":308,"column":1}},"55":{"start":{"line":278,"column":44},"end":{"line":287,"column":3}},"56":{"start":{"line":289,"column":19},"end":{"line":289,"column":72}},"57":{"start":{"line":290,"column":21},"end":{"line":298,"column":4}},"58":{"start":{"line":300,"column":18},"end":{"line":305,"column":3}},"59":{"start":{"line":307,"column":2},"end":{"line":307,"column":33}},"60":{"start":{"line":309,"column":0},"end":{"line":339,"column":1}},"61":{"start":{"line":310,"column":40},"end":{"line":319,"column":3}},"62":{"start":{"line":321,"column":19},"end":{"line":321,"column":68}},"63":{"start":{"line":323,"column":21},"end":{"line":329,"column":4}},"64":{"start":{"line":331,"column":18},"end":{"line":336,"column":3}},"65":{"start":{"line":338,"column":2},"end":{"line":338,"column":33}},"66":{"start":{"line":340,"column":0},"end":{"line":369,"column":1}},"67":{"start":{"line":341,"column":35},"end":{"line":350,"column":3}},"68":{"start":{"line":352,"column":19},"end":{"line":352,"column":63}},"69":{"start":{"line":354,"column":21},"end":{"line":359,"column":4}},"70":{"start":{"line":361,"column":18},"end":{"line":366,"column":3}},"71":{"start":{"line":368,"column":2},"end":{"line":368,"column":33}},"72":{"start":{"line":370,"column":0},"end":{"line":400,"column":1}},"73":{"start":{"line":371,"column":35},"end":{"line":380,"column":3}},"74":{"start":{"line":382,"column":19},"end":{"line":382,"column":63}},"75":{"start":{"line":384,"column":21},"end":{"line":390,"column":4}},"76":{"start":{"line":392,"column":18},"end":{"line":397,"column":3}},"77":{"start":{"line":399,"column":2},"end":{"line":399,"column":33}}},"fnMap":{"0":{"name":"(anonymous_0)","decl":{"start":{"line":51,"column":29},"end":{"line":51,"column":30}},"loc":{"start":{"line":51,"column":45},"end":{"line":86,"column":1}},"line":51},"1":{"name":"(anonymous_1)","decl":{"start":{"line":87,"column":30},"end":{"line":87,"column":31}},"loc":{"start":{"line":87,"column":46},"end":{"line":125,"column":1}},"line":87},"2":{"name":"(anonymous_2)","decl":{"start":{"line":127,"column":41},"end":{"line":127,"column":42}},"loc":{"start":{"line":127,"column":52},"end":{"line":180,"column":1}},"line":127},"3":{"name":"(anonymous_3)","decl":{"start":{"line":181,"column":44},"end":{"line":181,"column":45}},"loc":{"start":{"line":181,"column":55},"end":{"line":245,"column":1}},"line":181},"4":{"name":"(anonymous_4)","decl":{"start":{"line":247,"column":36},"end":{"line":247,"column":37}},"loc":{"start":{"line":247,"column":58},"end":{"line":276,"column":1}},"line":247},"5":{"name":"(anonymous_5)","decl":{"start":{"line":277,"column":37},"end":{"line":277,"column":38}},"loc":{"start":{"line":277,"column":59},"end":{"line":308,"column":1}},"line":277},"6":{"name":"(anonymous_6)","decl":{"start":{"line":309,"column":30},"end":{"line":309,"column":31}},"loc":{"start":{"line":309,"column":46},"end":{"line":339,"column":1}},"line":309},"7":{"name":"(anonymous_7)","decl":{"start":{"line":340,"column":27},"end":{"line":340,"column":28}},"loc":{"start":{"line":340,"column":44},"end":{"line":369,"column":1}},"line":340},"8":{"name":"(anonymous_8)","decl":{"start":{"line":370,"column":27},"end":{"line":370,"column":28}},"loc":{"start":{"line":370,"column":44},"end":{"line":400,"column":1}},"line":370}},"branchMap":{"0":{"loc":{"start":{"line":27,"column":2},"end":{"line":43,"column":10}},"type":"cond-expr","locations":[{"start":{"line":28,"column":6},"end":{"line":42,"column":8}},{"start":{"line":43,"column":6},"end":{"line":43,"column":10}}],"line":27},"1":{"loc":{"start":{"line":47,"column":2},"end":{"line":49,"column":31}},"type":"cond-expr","locations":[{"start":{"line":48,"column":6},"end":{"line":48,"column":26}},{"start":{"line":49,"column":6},"end":{"line":49,"column":31}}],"line":47},"2":{"loc":{"start":{"line":182,"column":18},"end":{"line":184,"column":22}},"type":"cond-expr","locations":[{"start":{"line":183,"column":6},"end":{"line":183,"column":37}},{"start":{"line":184,"column":6},"end":{"line":184,"column":22}}],"line":182},"3":{"loc":{"start":{"line":235,"column":2},"end":{"line":242,"column":3}},"type":"if","locations":[{"start":{"line":235,"column":2},"end":{"line":242,"column":3}},{"start":{},"end":{}}],"line":235}},"s":{"0":39,"1":39,"2":39,"3":39,"4":39,"5":39,"6":39,"7":39,"8":39,"9":39,"10":39,"11":39,"12":39,"13":39,"14":39,"15":39,"16":39,"17":39,"18":39,"19":39,"20":0,"21":0,"22":0,"23":0,"24":0,"25":0,"26":0,"27":0,"28":0,"29":39,"30":0,"31":0,"32":0,"33":0,"34":0,"35":0,"36":0,"37":0,"38":0,"39":39,"40":0,"41":0,"42":39,"43":0,"44":0,"45":0,"46":0,"47":0,"48":39,"49":0,"50":0,"51":0,"52":0,"53":0,"54":39,"55":0,"56":0,"57":0,"58":0,"59":0,"60":39,"61":0,"62":0,"63":0,"64":0,"65":0,"66":39,"67":0,"68":0,"69":0,"70":0,"71":0,"72":39,"73":0,"74":0,"75":0,"76":0,"77":0},"f":{"0":0,"1":0,"2":0,"3":0,"4":0,"5":0,"6":0,"7":0,"8":0},"b":{"0":[0,39],"1":[0,39],"2":[0,0],"3":[0,0]},"_coverageSchema":"1a1c01bbd47fc00a2c39e90264f33305004495a9","hash":"dee7740367957c9652cf61ad4e66152cf0e30738"}
,"/home/zoutigo/projets/school-platform/backend/globalServices/mailer/sendMailService.js": {"path":"/home/zoutigo/projets/school-platform/backend/globalServices/mailer/sendMailService.js","statementMap":{"0":{"start":{"line":1,"column":24},"end":{"line":1,"column":36}},"1":{"start":{"line":3,"column":31},"end":{"line":14,"column":1}},"2":{"start":{"line":4,"column":35},"end":{"line":4,"column":52}},"3":{"start":{"line":6,"column":2},"end":{"line":13,"column":3}},"4":{"start":{"line":7,"column":4},"end":{"line":10,"column":6}},"5":{"start":{"line":8,"column":6},"end":{"line":8,"column":48}},"6":{"start":{"line":8,"column":17},"end":{"line":8,"column":48}},"7":{"start":{"line":9,"column":6},"end":{"line":9,"column":37}},"8":{"start":{"line":12,"column":4},"end":{"line":12,"column":35}},"9":{"start":{"line":16,"column":0},"end":{"line":16,"column":39}}},"fnMap":{"0":{"name":"(anonymous_0)","decl":{"start":{"line":3,"column":31},"end":{"line":3,"column":32}},"loc":{"start":{"line":3,"column":47},"end":{"line":14,"column":1}},"line":3},"1":{"name":"(anonymous_1)","decl":{"start":{"line":7,"column":40},"end":{"line":7,"column":41}},"loc":{"start":{"line":7,"column":57},"end":{"line":10,"column":5}},"line":7}},"branchMap":{"0":{"loc":{"start":{"line":8,"column":6},"end":{"line":8,"column":48}},"type":"if","locations":[{"start":{"line":8,"column":6},"end":{"line":8,"column":48}},{"start":{},"end":{}}],"line":8}},"s":{"0":39,"1":39,"2":0,"3":0,"4":0,"5":0,"6":0,"7":0,"8":0,"9":39},"f":{"0":0,"1":0},"b":{"0":[0,0]},"_coverageSchema":"1a1c01bbd47fc00a2c39e90264f33305004495a9","hash":"6d4b4fc83d2833dc3f14482d687a060b54e94265"}
,"/home/zoutigo/projets/school-platform/backend/globalServices/uploads/deleteFileStorageService.js": {"path":"/home/zoutigo/projets/school-platform/backend/globalServices/uploads/deleteFileStorageService.js","statementMap":{"0":{"start":{"line":1,"column":11},"end":{"line":1,"column":24}},"1":{"start":{"line":3,"column":33},"end":{"line":11,"column":1}},"2":{"start":{"line":4,"column":2},"end":{"line":8,"column":3}},"3":{"start":{"line":5,"column":4},"end":{"line":7,"column":6}},"4":{"start":{"line":6,"column":6},"end":{"line":6,"column":25}},"5":{"start":{"line":6,"column":15},"end":{"line":6,"column":25}},"6":{"start":{"line":9,"column":2},"end":{"line":9,"column":25}},"7":{"start":{"line":9,"column":13},"end":{"line":9,"column":25}},"8":{"start":{"line":10,"column":2},"end":{"line":10,"column":13}},"9":{"start":{"line":13,"column":0},"end":{"line":13,"column":41}}},"fnMap":{"0":{"name":"(anonymous_0)","decl":{"start":{"line":3,"column":33},"end":{"line":3,"column":34}},"loc":{"start":{"line":3,"column":68},"end":{"line":11,"column":1}},"line":3},"1":{"name":"(anonymous_1)","decl":{"start":{"line":5,"column":24},"end":{"line":5,"column":25}},"loc":{"start":{"line":5,"column":33},"end":{"line":7,"column":5}},"line":5}},"branchMap":{"0":{"loc":{"start":{"line":3,"column":34},"end":{"line":3,"column":49}},"type":"default-arg","locations":[{"start":{"line":3,"column":45},"end":{"line":3,"column":49}}],"line":3},"1":{"loc":{"start":{"line":3,"column":51},"end":{"line":3,"column":63}},"type":"default-arg","locations":[{"start":{"line":3,"column":59},"end":{"line":3,"column":63}}],"line":3},"2":{"loc":{"start":{"line":4,"column":2},"end":{"line":8,"column":3}},"type":"if","locations":[{"start":{"line":4,"column":2},"end":{"line":8,"column":3}},{"start":{},"end":{}}],"line":4},"3":{"loc":{"start":{"line":6,"column":6},"end":{"line":6,"column":25}},"type":"if","locations":[{"start":{"line":6,"column":6},"end":{"line":6,"column":25}},{"start":{},"end":{}}],"line":6},"4":{"loc":{"start":{"line":9,"column":2},"end":{"line":9,"column":25}},"type":"if","locations":[{"start":{"line":9,"column":2},"end":{"line":9,"column":25}},{"start":{},"end":{}}],"line":9}},"s":{"0":39,"1":39,"2":0,"3":0,"4":0,"5":0,"6":0,"7":0,"8":0,"9":39},"f":{"0":0,"1":0},"b":{"0":[0],"1":[0],"2":[0,0],"3":[0,0],"4":[0,0]},"_coverageSchema":"1a1c01bbd47fc00a2c39e90264f33305004495a9","hash":"b40d64f3dc86197ffe68f56c06c8a8412ec4d1b2"}
,"/home/zoutigo/projets/school-platform/backend/globalServices/uploads/deleteFilesStorageService.js": {"path":"/home/zoutigo/projets/school-platform/backend/globalServices/uploads/deleteFilesStorageService.js","statementMap":{"0":{"start":{"line":1,"column":11},"end":{"line":1,"column":24}},"1":{"start":{"line":3,"column":34},"end":{"line":18,"column":1}},"2":{"start":{"line":4,"column":17},"end":{"line":4,"column":19}},"3":{"start":{"line":6,"column":2},"end":{"line":14,"column":3}},"4":{"start":{"line":7,"column":4},"end":{"line":13,"column":5}},"5":{"start":{"line":7,"column":17},"end":{"line":7,"column":18}},"6":{"start":{"line":8,"column":6},"end":{"line":12,"column":8}},"7":{"start":{"line":9,"column":8},"end":{"line":11,"column":9}},"8":{"start":{"line":10,"column":10},"end":{"line":10,"column":26}},"9":{"start":{"line":16,"column":2},"end":{"line":16,"column":31}},"10":{"start":{"line":16,"column":13},"end":{"line":16,"column":31}},"11":{"start":{"line":17,"column":2},"end":{"line":17,"column":15}},"12":{"start":{"line":20,"column":0},"end":{"line":20,"column":42}}},"fnMap":{"0":{"name":"(anonymous_0)","decl":{"start":{"line":3,"column":34},"end":{"line":3,"column":35}},"loc":{"start":{"line":3,"column":66},"end":{"line":18,"column":1}},"line":3},"1":{"name":"(anonymous_1)","decl":{"start":{"line":8,"column":31},"end":{"line":8,"column":32}},"loc":{"start":{"line":8,"column":40},"end":{"line":12,"column":7}},"line":8}},"branchMap":{"0":{"loc":{"start":{"line":3,"column":35},"end":{"line":3,"column":47}},"type":"default-arg","locations":[{"start":{"line":3,"column":43},"end":{"line":3,"column":47}}],"line":3},"1":{"loc":{"start":{"line":3,"column":49},"end":{"line":3,"column":61}},"type":"default-arg","locations":[{"start":{"line":3,"column":57},"end":{"line":3,"column":61}}],"line":3},"2":{"loc":{"start":{"line":6,"column":2},"end":{"line":14,"column":3}},"type":"if","locations":[{"start":{"line":6,"column":2},"end":{"line":14,"column":3}},{"start":{},"end":{}}],"line":6},"3":{"loc":{"start":{"line":9,"column":8},"end":{"line":11,"column":9}},"type":"if","locations":[{"start":{"line":9,"column":8},"end":{"line":11,"column":9}},{"start":{},"end":{}}],"line":9},"4":{"loc":{"start":{"line":16,"column":2},"end":{"line":16,"column":31}},"type":"if","locations":[{"start":{"line":16,"column":2},"end":{"line":16,"column":31}},{"start":{},"end":{}}],"line":16}},"s":{"0":39,"1":39,"2":0,"3":0,"4":0,"5":0,"6":0,"7":0,"8":0,"9":0,"10":0,"11":0,"12":39},"f":{"0":0,"1":0},"b":{"0":[0],"1":[0],"2":[0,0],"3":[0,0],"4":[0,0]},"_coverageSchema":"1a1c01bbd47fc00a2c39e90264f33305004495a9","hash":"8055f848c9f76fa4fa42538156628d0e2a13947a"}
,"/home/zoutigo/projets/school-platform/backend/globalServices/uploads/storeImageService.js": {"path":"/home/zoutigo/projets/school-platform/backend/globalServices/uploads/storeImageService.js","statementMap":{"0":{"start":{"line":1,"column":14},"end":{"line":1,"column":30}},"1":{"start":{"line":2,"column":13},"end":{"line":2,"column":28}},"2":{"start":{"line":3,"column":11},"end":{"line":3,"column":24}},"3":{"start":{"line":4,"column":15},"end":{"line":4,"column":32}},"4":{"start":{"line":6,"column":33},"end":{"line":6,"column":70}},"5":{"start":{"line":8,"column":0},"end":{"line":8,"column":15}},"6":{"start":{"line":10,"column":26},"end":{"line":41,"column":1}},"7":{"start":{"line":11,"column":2},"end":{"line":40,"column":3}},"8":{"start":{"line":12,"column":22},"end":{"line":16,"column":5}},"9":{"start":{"line":21,"column":22},"end":{"line":21,"column":46}},"10":{"start":{"line":23,"column":4},"end":{"line":27,"column":6}},"11":{"start":{"line":24,"column":6},"end":{"line":26,"column":7}},"12":{"start":{"line":25,"column":8},"end":{"line":25,"column":31}},"13":{"start":{"line":29,"column":37},"end":{"line":29,"column":41}},"14":{"start":{"line":30,"column":16},"end":{"line":30,"column":51}},"15":{"start":{"line":31,"column":24},"end":{"line":31,"column":49}},"16":{"start":{"line":33,"column":4},"end":{"line":33,"column":65}},"17":{"start":{"line":35,"column":4},"end":{"line":35,"column":51}},"18":{"start":{"line":37,"column":4},"end":{"line":37,"column":39}},"19":{"start":{"line":39,"column":4},"end":{"line":39,"column":27}},"20":{"start":{"line":43,"column":0},"end":{"line":43,"column":34}}},"fnMap":{"0":{"name":"(anonymous_0)","decl":{"start":{"line":10,"column":26},"end":{"line":10,"column":27}},"loc":{"start":{"line":10,"column":42},"end":{"line":41,"column":1}},"line":10},"1":{"name":"(anonymous_1)","decl":{"start":{"line":23,"column":25},"end":{"line":23,"column":26}},"loc":{"start":{"line":23,"column":36},"end":{"line":27,"column":5}},"line":23}},"branchMap":{"0":{"loc":{"start":{"line":24,"column":6},"end":{"line":26,"column":7}},"type":"if","locations":[{"start":{"line":24,"column":6},"end":{"line":26,"column":7}},{"start":{},"end":{}}],"line":24}},"s":{"0":39,"1":39,"2":39,"3":39,"4":39,"5":39,"6":39,"7":19,"8":19,"9":19,"10":19,"11":19,"12":0,"13":19,"14":19,"15":19,"16":19,"17":19,"18":0,"19":0,"20":39},"f":{"0":19,"1":19},"b":{"0":[0,19]},"_coverageSchema":"1a1c01bbd47fc00a2c39e90264f33305004495a9","hash":"d64db7d3e4f818b8a32bda990c47d4018e1cf8cd"}
,"/home/zoutigo/projets/school-platform/backend/middlewares/handleErrors.js": {"path":"/home/zoutigo/projets/school-platform/backend/middlewares/handleErrors.js","statementMap":{"0":{"start":{"line":1,"column":25},"end":{"line":1,"column":51}},"1":{"start":{"line":3,"column":21},"end":{"line":15,"column":1}},"2":{"start":{"line":4,"column":2},"end":{"line":9,"column":3}},"3":{"start":{"line":5,"column":4},"end":{"line":8,"column":6}},"4":{"start":{"line":11,"column":2},"end":{"line":14,"column":4}},"5":{"start":{"line":17,"column":0},"end":{"line":17,"column":29}}},"fnMap":{"0":{"name":"(anonymous_0)","decl":{"start":{"line":3,"column":21},"end":{"line":3,"column":22}},"loc":{"start":{"line":3,"column":46},"end":{"line":15,"column":1}},"line":3}},"branchMap":{"0":{"loc":{"start":{"line":4,"column":2},"end":{"line":9,"column":3}},"type":"if","locations":[{"start":{"line":4,"column":2},"end":{"line":9,"column":3}},{"start":{},"end":{}}],"line":4}},"s":{"0":39,"1":39,"2":18,"3":18,"4":0,"5":39},"f":{"0":18},"b":{"0":[18,0]},"_coverageSchema":"1a1c01bbd47fc00a2c39e90264f33305004495a9","hash":"2492ba09484424e07efec7ba8c60df0e5ec9c69e"}
,"/home/zoutigo/projets/school-platform/backend/middlewares/uploadFilesMiddleware.js": {"path":"/home/zoutigo/projets/school-platform/backend/middlewares/uploadFilesMiddleware.js","statementMap":{"0":{"start":{"line":1,"column":15},"end":{"line":1,"column":32}},"1":{"start":{"line":2,"column":15},"end":{"line":2,"column":32}},"2":{"start":{"line":3,"column":11},"end":{"line":3,"column":24}},"3":{"start":{"line":4,"column":23},"end":{"line":4,"column":49}},"4":{"start":{"line":5,"column":24},"end":{"line":5,"column":55}},"5":{"start":{"line":7,"column":0},"end":{"line":7,"column":15}},"6":{"start":{"line":9,"column":30},"end":{"line":43,"column":1}},"7":{"start":{"line":10,"column":28},"end":{"line":26,"column":4}},"8":{"start":{"line":12,"column":18},"end":{"line":12,"column":58}},"9":{"start":{"line":13,"column":6},"end":{"line":15,"column":7}},"10":{"start":{"line":14,"column":8},"end":{"line":14,"column":25}},"11":{"start":{"line":16,"column":6},"end":{"line":16,"column":25}},"12":{"start":{"line":19,"column":24},"end":{"line":19,"column":48}},"13":{"start":{"line":20,"column":23},"end":{"line":23,"column":20}},"14":{"start":{"line":24,"column":6},"end":{"line":24,"column":30}},"15":{"start":{"line":27,"column":26},"end":{"line":34,"column":3}},"16":{"start":{"line":28,"column":4},"end":{"line":33,"column":5}},"17":{"start":{"line":29,"column":6},"end":{"line":29,"column":20}},"18":{"start":{"line":31,"column":6},"end":{"line":31,"column":21}},"19":{"start":{"line":32,"column":6},"end":{"line":32,"column":73}},"20":{"start":{"line":36,"column":2},"end":{"line":42,"column":22}},"21":{"start":{"line":45,"column":0},"end":{"line":45,"column":38}}},"fnMap":{"0":{"name":"(anonymous_0)","decl":{"start":{"line":9,"column":30},"end":{"line":9,"column":31}},"loc":{"start":{"line":9,"column":36},"end":{"line":43,"column":1}},"line":9},"1":{"name":"(anonymous_1)","decl":{"start":{"line":11,"column":17},"end":{"line":11,"column":18}},"loc":{"start":{"line":11,"column":48},"end":{"line":17,"column":5}},"line":11},"2":{"name":"(anonymous_2)","decl":{"start":{"line":18,"column":14},"end":{"line":18,"column":15}},"loc":{"start":{"line":18,"column":45},"end":{"line":25,"column":5}},"line":18},"3":{"name":"(anonymous_3)","decl":{"start":{"line":27,"column":26},"end":{"line":27,"column":27}},"loc":{"start":{"line":27,"column":45},"end":{"line":34,"column":3}},"line":27}},"branchMap":{"0":{"loc":{"start":{"line":13,"column":6},"end":{"line":15,"column":7}},"type":"if","locations":[{"start":{"line":13,"column":6},"end":{"line":15,"column":7}},{"start":{},"end":{}}],"line":13},"1":{"loc":{"start":{"line":28,"column":4},"end":{"line":33,"column":5}},"type":"if","locations":[{"start":{"line":28,"column":4},"end":{"line":33,"column":5}},{"start":{"line":30,"column":11},"end":{"line":33,"column":5}}],"line":28}},"s":{"0":39,"1":39,"2":39,"3":39,"4":39,"5":39,"6":39,"7":78,"8":11,"9":11,"10":0,"11":11,"12":11,"13":11,"14":11,"15":78,"16":11,"17":11,"18":0,"19":0,"20":78,"21":39},"f":{"0":78,"1":11,"2":11,"3":11},"b":{"0":[0,11],"1":[11,0]},"_coverageSchema":"1a1c01bbd47fc00a2c39e90264f33305004495a9","hash":"f77520fdccab03e82103d7802b4bd690e0ac3ef3"}
,"/home/zoutigo/projets/school-platform/backend/middlewares/validate.js": {"path":"/home/zoutigo/projets/school-platform/backend/middlewares/validate.js","statementMap":{"0":{"start":{"line":1,"column":46},"end":{"line":1,"column":74}},"1":{"start":{"line":2,"column":23},"end":{"line":2,"column":49}},"2":{"start":{"line":4,"column":17},"end":{"line":20,"column":1}},"3":{"start":{"line":4,"column":34},"end":{"line":20,"column":1}},"4":{"start":{"line":6,"column":2},"end":{"line":10,"column":3}},"5":{"start":{"line":8,"column":19},"end":{"line":8,"column":44}},"6":{"start":{"line":9,"column":4},"end":{"line":9,"column":35}},"7":{"start":{"line":9,"column":30},"end":{"line":9,"column":35}},"8":{"start":{"line":12,"column":17},"end":{"line":12,"column":38}},"9":{"start":{"line":13,"column":2},"end":{"line":15,"column":3}},"10":{"start":{"line":14,"column":4},"end":{"line":14,"column":17}},"11":{"start":{"line":17,"column":2},"end":{"line":17,"column":52}},"12":{"start":{"line":22,"column":0},"end":{"line":22,"column":25}}},"fnMap":{"0":{"name":"(anonymous_0)","decl":{"start":{"line":4,"column":17},"end":{"line":4,"column":18}},"loc":{"start":{"line":4,"column":34},"end":{"line":20,"column":1}},"line":4},"1":{"name":"(anonymous_1)","decl":{"start":{"line":4,"column":34},"end":{"line":4,"column":35}},"loc":{"start":{"line":4,"column":60},"end":{"line":20,"column":1}},"line":4}},"branchMap":{"0":{"loc":{"start":{"line":9,"column":4},"end":{"line":9,"column":35}},"type":"if","locations":[{"start":{"line":9,"column":4},"end":{"line":9,"column":35}},{"start":{},"end":{}}],"line":9},"1":{"loc":{"start":{"line":13,"column":2},"end":{"line":15,"column":3}},"type":"if","locations":[{"start":{"line":13,"column":2},"end":{"line":15,"column":3}},{"start":{},"end":{}}],"line":13}},"s":{"0":39,"1":39,"2":39,"3":1287,"4":287,"5":1077,"6":1077,"7":1,"8":287,"9":287,"10":286,"11":1,"12":39},"f":{"0":1287,"1":287},"b":{"0":[1,1076],"1":[286,1]},"_coverageSchema":"1a1c01bbd47fc00a2c39e90264f33305004495a9","hash":"e0430ad6d24b41db3e8df2e0f9c0f54e02931de3"}
,"/home/zoutigo/projets/school-platform/backend/models/AlbumP.js": {"path":"/home/zoutigo/projets/school-platform/backend/models/AlbumP.js","statementMap":{"0":{"start":{"line":1,"column":18},"end":{"line":1,"column":38}},"1":{"start":{"line":2,"column":11},"end":{"line":2,"column":40}},"2":{"start":{"line":3,"column":14},"end":{"line":3,"column":32}},"3":{"start":{"line":5,"column":15},"end":{"line":38,"column":1}},"4":{"start":{"line":40,"column":0},"end":{"line":40,"column":48}},"5":{"start":{"line":41,"column":0},"end":{"line":41,"column":23}},"6":{"start":{"line":43,"column":0},"end":{"line":43,"column":23}}},"fnMap":{},"branchMap":{},"s":{"0":39,"1":39,"2":39,"3":39,"4":39,"5":39,"6":39},"f":{},"b":{},"_coverageSchema":"1a1c01bbd47fc00a2c39e90264f33305004495a9","hash":"19a603787856c0147c8d23244f928601b1d1d837"}
,"/home/zoutigo/projets/school-platform/backend/models/DialogP.js": {"path":"/home/zoutigo/projets/school-platform/backend/models/DialogP.js","statementMap":{"0":{"start":{"line":1,"column":18},"end":{"line":1,"column":38}},"1":{"start":{"line":2,"column":11},"end":{"line":2,"column":40}},"2":{"start":{"line":4,"column":16},"end":{"line":32,"column":1}},"3":{"start":{"line":34,"column":0},"end":{"line":34,"column":24}}},"fnMap":{},"branchMap":{},"s":{"0":39,"1":39,"2":39,"3":39},"f":{},"b":{},"_coverageSchema":"1a1c01bbd47fc00a2c39e90264f33305004495a9","hash":"e1f6e0bdf2f6baf21f20eed8e3ed829ded55352c"}
,"/home/zoutigo/projets/school-platform/backend/models/EntityP.js": {"path":"/home/zoutigo/projets/school-platform/backend/models/EntityP.js","statementMap":{"0":{"start":{"line":1,"column":18},"end":{"line":1,"column":38}},"1":{"start":{"line":2,"column":11},"end":{"line":2,"column":40}},"2":{"start":{"line":3,"column":27},"end":{"line":3,"column":65}},"3":{"start":{"line":4,"column":15},"end":{"line":4,"column":34}},"4":{"start":{"line":5,"column":15},"end":{"line":5,"column":34}},"5":{"start":{"line":6,"column":15},"end":{"line":6,"column":34}},"6":{"start":{"line":7,"column":24},"end":{"line":7,"column":52}},"7":{"start":{"line":8,"column":14},"end":{"line":8,"column":32}},"8":{"start":{"line":10,"column":16},"end":{"line":34,"column":1}},"9":{"start":{"line":36,"column":0},"end":{"line":36,"column":50}},"10":{"start":{"line":37,"column":0},"end":{"line":37,"column":24}},"11":{"start":{"line":39,"column":0},"end":{"line":39,"column":51}},"12":{"start":{"line":40,"column":0},"end":{"line":40,"column":25}},"13":{"start":{"line":42,"column":0},"end":{"line":42,"column":51}},"14":{"start":{"line":43,"column":0},"end":{"line":43,"column":25}},"15":{"start":{"line":45,"column":0},"end":{"line":45,"column":51}},"16":{"start":{"line":46,"column":0},"end":{"line":46,"column":25}},"17":{"start":{"line":48,"column":0},"end":{"line":48,"column":60}},"18":{"start":{"line":49,"column":0},"end":{"line":49,"column":34}},"19":{"start":{"line":51,"column":0},"end":{"line":51,"column":24}}},"fnMap":{},"branchMap":{},"s":{"0":39,"1":39,"2":39,"3":39,"4":39,"5":39,"6":39,"7":39,"8":39,"9":39,"10":39,"11":39,"12":39,"13":39,"14":39,"15":39,"16":39,"17":39,"18":39,"19":39},"f":{},"b":{},"_coverageSchema":"1a1c01bbd47fc00a2c39e90264f33305004495a9","hash":"89b88117a1146258789c46a948fa99136b2ccbac"}
,"/home/zoutigo/projets/school-platform/backend/models/EventP.js": {"path":"/home/zoutigo/projets/school-platform/backend/models/EventP.js","statementMap":{"0":{"start":{"line":1,"column":18},"end":{"line":1,"column":38}},"1":{"start":{"line":2,"column":11},"end":{"line":2,"column":40}},"2":{"start":{"line":4,"column":15},"end":{"line":32,"column":1}},"3":{"start":{"line":34,"column":0},"end":{"line":34,"column":23}}},"fnMap":{},"branchMap":{},"s":{"0":39,"1":39,"2":39,"3":39},"f":{},"b":{},"_coverageSchema":"1a1c01bbd47fc00a2c39e90264f33305004495a9","hash":"1d434ac996ac6af52a78ea71fb73aa202fea038f"}
,"/home/zoutigo/projets/school-platform/backend/models/FileP.js": {"path":"/home/zoutigo/projets/school-platform/backend/models/FileP.js","statementMap":{"0":{"start":{"line":1,"column":18},"end":{"line":1,"column":38}},"1":{"start":{"line":2,"column":11},"end":{"line":2,"column":40}},"2":{"start":{"line":4,"column":14},"end":{"line":23,"column":1}},"3":{"start":{"line":25,"column":0},"end":{"line":25,"column":22}}},"fnMap":{},"branchMap":{},"s":{"0":39,"1":39,"2":39,"3":39},"f":{},"b":{},"_coverageSchema":"1a1c01bbd47fc00a2c39e90264f33305004495a9","hash":"c88541fc481930eabb6f2d3886e9f4b2a4d83314"}
,"/home/zoutigo/projets/school-platform/backend/models/MailP.js": {"path":"/home/zoutigo/projets/school-platform/backend/models/MailP.js","statementMap":{"0":{"start":{"line":1,"column":18},"end":{"line":1,"column":38}},"1":{"start":{"line":2,"column":11},"end":{"line":2,"column":40}},"2":{"start":{"line":3,"column":14},"end":{"line":3,"column":32}},"3":{"start":{"line":5,"column":14},"end":{"line":55,"column":1}},"4":{"start":{"line":57,"column":0},"end":{"line":57,"column":46}},"5":{"start":{"line":58,"column":0},"end":{"line":58,"column":22}},"6":{"start":{"line":60,"column":0},"end":{"line":60,"column":22}}},"fnMap":{},"branchMap":{},"s":{"0":39,"1":39,"2":39,"3":39,"4":39,"5":39,"6":39},"f":{},"b":{},"_coverageSchema":"1a1c01bbd47fc00a2c39e90264f33305004495a9","hash":"e25ace955e93fd0cd431638f1a9f55087d3b5b6e"}
,"/home/zoutigo/projets/school-platform/backend/models/PaperP.js": {"path":"/home/zoutigo/projets/school-platform/backend/models/PaperP.js","statementMap":{"0":{"start":{"line":1,"column":18},"end":{"line":1,"column":38}},"1":{"start":{"line":2,"column":11},"end":{"line":2,"column":40}},"2":{"start":{"line":4,"column":15},"end":{"line":48,"column":1}},"3":{"start":{"line":50,"column":0},"end":{"line":50,"column":23}}},"fnMap":{},"branchMap":{},"s":{"0":39,"1":39,"2":39,"3":39},"f":{},"b":{},"_coverageSchema":"1a1c01bbd47fc00a2c39e90264f33305004495a9","hash":"16c529b5bd3c039fd8af4ddb2f5e5805a28f93a8"}
,"/home/zoutigo/projets/school-platform/backend/models/PreinscriptionP.js": {"path":"/home/zoutigo/projets/school-platform/backend/models/PreinscriptionP.js","statementMap":{"0":{"start":{"line":1,"column":18},"end":{"line":1,"column":38}},"1":{"start":{"line":2,"column":11},"end":{"line":2,"column":40}},"2":{"start":{"line":3,"column":14},"end":{"line":3,"column":32}},"3":{"start":{"line":5,"column":24},"end":{"line":39,"column":1}},"4":{"start":{"line":41,"column":0},"end":{"line":41,"column":73}},"5":{"start":{"line":42,"column":0},"end":{"line":42,"column":73}},"6":{"start":{"line":44,"column":0},"end":{"line":44,"column":32}}},"fnMap":{},"branchMap":{},"s":{"0":39,"1":39,"2":39,"3":39,"4":39,"5":39,"6":39},"f":{},"b":{},"_coverageSchema":"1a1c01bbd47fc00a2c39e90264f33305004495a9","hash":"f3174fb2d102ac5c480b649258f901ee7ff1f965"}
,"/home/zoutigo/projets/school-platform/backend/models/RoleP.js": {"path":"/home/zoutigo/projets/school-platform/backend/models/RoleP.js","statementMap":{"0":{"start":{"line":1,"column":18},"end":{"line":1,"column":38}},"1":{"start":{"line":2,"column":11},"end":{"line":2,"column":40}},"2":{"start":{"line":4,"column":14},"end":{"line":17,"column":1}},"3":{"start":{"line":19,"column":0},"end":{"line":19,"column":22}}},"fnMap":{},"branchMap":{},"s":{"0":39,"1":39,"2":39,"3":39},"f":{},"b":{},"_coverageSchema":"1a1c01bbd47fc00a2c39e90264f33305004495a9","hash":"40ad575b1804e84e9837b052bf694e87df9581fb"}
,"/home/zoutigo/projets/school-platform/backend/models/SuggestionP.js": {"path":"/home/zoutigo/projets/school-platform/backend/models/SuggestionP.js","statementMap":{"0":{"start":{"line":1,"column":18},"end":{"line":1,"column":38}},"1":{"start":{"line":2,"column":11},"end":{"line":2,"column":40}},"2":{"start":{"line":4,"column":20},"end":{"line":31,"column":1}},"3":{"start":{"line":33,"column":0},"end":{"line":33,"column":28}}},"fnMap":{},"branchMap":{},"s":{"0":39,"1":39,"2":39,"3":39},"f":{},"b":{},"_coverageSchema":"1a1c01bbd47fc00a2c39e90264f33305004495a9","hash":"f4f1c0d033b5ba232010ed17a6b659e9616c2b4d"}
,"/home/zoutigo/projets/school-platform/backend/models/UserP.js": {"path":"/home/zoutigo/projets/school-platform/backend/models/UserP.js","statementMap":{"0":{"start":{"line":1,"column":18},"end":{"line":1,"column":38}},"1":{"start":{"line":2,"column":11},"end":{"line":2,"column":40}},"2":{"start":{"line":3,"column":16},"end":{"line":3,"column":36}},"3":{"start":{"line":4,"column":16},"end":{"line":4,"column":36}},"4":{"start":{"line":5,"column":15},"end":{"line":5,"column":34}},"5":{"start":{"line":6,"column":15},"end":{"line":6,"column":34}},"6":{"start":{"line":7,"column":24},"end":{"line":7,"column":52}},"7":{"start":{"line":8,"column":14},"end":{"line":8,"column":32}},"8":{"start":{"line":9,"column":20},"end":{"line":9,"column":44}},"9":{"start":{"line":11,"column":14},"end":{"line":60,"column":2}},"10":{"start":{"line":62,"column":0},"end":{"line":62,"column":53}},"11":{"start":{"line":63,"column":0},"end":{"line":63,"column":53}},"12":{"start":{"line":65,"column":0},"end":{"line":65,"column":58}},"13":{"start":{"line":66,"column":0},"end":{"line":66,"column":58}},"14":{"start":{"line":68,"column":0},"end":{"line":68,"column":52}},"15":{"start":{"line":69,"column":0},"end":{"line":69,"column":28}},"16":{"start":{"line":71,"column":0},"end":{"line":71,"column":47}},"17":{"start":{"line":72,"column":0},"end":{"line":72,"column":23}},"18":{"start":{"line":74,"column":0},"end":{"line":74,"column":48}},"19":{"start":{"line":75,"column":0},"end":{"line":75,"column":24}},"20":{"start":{"line":77,"column":0},"end":{"line":77,"column":47}},"21":{"start":{"line":78,"column":0},"end":{"line":78,"column":23}},"22":{"start":{"line":80,"column":0},"end":{"line":80,"column":56}},"23":{"start":{"line":81,"column":0},"end":{"line":81,"column":32}},"24":{"start":{"line":83,"column":0},"end":{"line":83,"column":22}}},"fnMap":{},"branchMap":{},"s":{"0":39,"1":39,"2":39,"3":39,"4":39,"5":39,"6":39,"7":39,"8":39,"9":39,"10":39,"11":39,"12":39,"13":39,"14":39,"15":39,"16":39,"17":39,"18":39,"19":39,"20":39,"21":39,"22":39,"23":39,"24":39},"f":{},"b":{},"_coverageSchema":"1a1c01bbd47fc00a2c39e90264f33305004495a9","hash":"b2d9f75dbef3b5366138b3c50ed7340ff751942f"}
[...]
,"/home/zoutigo/projets/school-platform/backend/tasks/makePgDbBackup.js": {"path":"/home/zoutigo/projets/school-platform/backend/tasks/makePgDbBackup.js","statementMap":{"0":{"start":{"line":1,"column":13},"end":{"line":1,"column":33}},"1":{"start":{"line":2,"column":15},"end":{"line":2,"column":43}},"2":{"start":{"line":4,"column":19},"end":{"line":15,"column":1}},"3":{"start":{"line":8,"column":4},"end":{"line":8,"column":24}},"4":{"start":{"line":9,"column":4},"end":{"line":9,"column":12}},"5":{"start":{"line":17,"column":0},"end":{"line":17,"column":27}}},"fnMap":{"0":{"name":"(anonymous_0)","decl":{"start":{"line":7,"column":2},"end":{"line":7,"column":3}},"loc":{"start":{"line":7,"column":8},"end":{"line":10,"column":3}},"line":7}},"branchMap":{},"s":{"0":39,"1":39,"2":39,"3":0,"4":0,"5":39},"f":{"0":0},"b":{},"_coverageSchema":"1a1c01bbd47fc00a2c39e90264f33305004495a9","hash":"1385dd7318eb0b34df2892a10741192b53ae57b4"}
,"/home/zoutigo/projets/school-platform/backend/utils/cleanDirectory.js": {"path":"/home/zoutigo/projets/school-platform/backend/utils/cleanDirectory.js","statementMap":{"0":{"start":{"line":1,"column":11},"end":{"line":1,"column":33}},"1":{"start":{"line":4,"column":2},"end":{"line":12,"column":3}},"2":{"start":{"line":5,"column":4},"end":{"line":9,"column":7}},"3":{"start":{"line":8,"column":8},"end":{"line":8,"column":75}},"4":{"start":{"line":8,"column":40},"end":{"line":8,"column":73}},"5":{"start":{"line":11,"column":4},"end":{"line":11,"column":20}},"6":{"start":{"line":15,"column":0},"end":{"line":15,"column":31}}},"fnMap":{"0":{"name":"cleanDirectory","decl":{"start":{"line":3,"column":15},"end":{"line":3,"column":29}},"loc":{"start":{"line":3,"column":41},"end":{"line":13,"column":1}},"line":3},"1":{"name":"(anonymous_1)","decl":{"start":{"line":7,"column":12},"end":{"line":7,"column":13}},"loc":{"start":{"line":8,"column":8},"end":{"line":8,"column":75}},"line":8},"2":{"name":"(anonymous_2)","decl":{"start":{"line":8,"column":30},"end":{"line":8,"column":31}},"loc":{"start":{"line":8,"column":40},"end":{"line":8,"column":73}},"line":8}},"branchMap":{},"s":{"0":15,"1":24,"2":24,"3":24,"4":30,"5":0,"6":15},"f":{"0":24,"1":24,"2":30},"b":{},"_coverageSchema":"1a1c01bbd47fc00a2c39e90264f33305004495a9","hash":"c4a28fc49f7b414f4c308a61e7df182863e8030b"}
,"/home/zoutigo/projets/school-platform/backend/utils/errorLogger.js": {"path":"/home/zoutigo/projets/school-platform/backend/utils/errorLogger.js","statementMap":{"0":{"start":{"line":1,"column":15},"end":{"line":1,"column":32}},"1":{"start":{"line":3,"column":0},"end":{"line":3,"column":15}},"2":{"start":{"line":5,"column":20},"end":{"line":9,"column":1}},"3":{"start":{"line":6,"column":2},"end":{"line":8,"column":3}},"4":{"start":{"line":7,"column":4},"end":{"line":7,"column":35}},"5":{"start":{"line":11,"column":0},"end":{"line":11,"column":28}}},"fnMap":{"0":{"name":"(anonymous_0)","decl":{"start":{"line":5,"column":20},"end":{"line":5,"column":21}},"loc":{"start":{"line":5,"column":37},"end":{"line":9,"column":1}},"line":5}},"branchMap":{"0":{"loc":{"start":{"line":6,"column":2},"end":{"line":8,"column":3}},"type":"if","locations":[{"start":{"line":6,"column":2},"end":{"line":8,"column":3}},{"start":{},"end":{}}],"line":6}},"s":{"0":39,"1":39,"2":39,"3":0,"4":0,"5":39},"f":{"0":0},"b":{"0":[0,0]},"_coverageSchema":"1a1c01bbd47fc00a2c39e90264f33305004495a9","hash":"64f0aec6da9c4a85c243e338367571765f276449"}
,"/home/zoutigo/projets/school-platform/backend/utils/errors.js": {"path":"/home/zoutigo/projets/school-platform/backend/utils/errors.js","statementMap":{"0":{"start":{"line":6,"column":4},"end":{"line":6,"column":11}},"1":{"start":{"line":7,"column":4},"end":{"line":7,"column":26}},"2":{"start":{"line":11,"column":4},"end":{"line":13,"column":5}},"3":{"start":{"line":12,"column":6},"end":{"line":12,"column":16}},"4":{"start":{"line":14,"column":4},"end":{"line":16,"column":5}},"5":{"start":{"line":15,"column":6},"end":{"line":15,"column":16}},"6":{"start":{"line":17,"column":4},"end":{"line":19,"column":5}},"7":{"start":{"line":18,"column":6},"end":{"line":18,"column":16}},"8":{"start":{"line":20,"column":4},"end":{"line":22,"column":5}},"9":{"start":{"line":21,"column":6},"end":{"line":21,"column":16}},"10":{"start":{"line":23,"column":4},"end":{"line":25,"column":5}},"11":{"start":{"line":24,"column":6},"end":{"line":24,"column":16}},"12":{"start":{"line":26,"column":4},"end":{"line":28,"column":5}},"13":{"start":{"line":27,"column":6},"end":{"line":27,"column":16}},"14":{"start":{"line":30,"column":4},"end":{"line":30,"column":14}},"15":{"start":{"line":41,"column":0},"end":{"line":49,"column":1}}},"fnMap":{"0":{"name":"(anonymous_0)","decl":{"start":{"line":5,"column":2},"end":{"line":5,"column":3}},"loc":{"start":{"line":5,"column":23},"end":{"line":8,"column":3}},"line":5},"1":{"name":"(anonymous_1)","decl":{"start":{"line":10,"column":2},"end":{"line":10,"column":3}},"loc":{"start":{"line":10,"column":12},"end":{"line":31,"column":3}},"line":10}},"branchMap":{"0":{"loc":{"start":{"line":11,"column":4},"end":{"line":13,"column":5}},"type":"if","locations":[{"start":{"line":11,"column":4},"end":{"line":13,"column":5}},{"start":{},"end":{}}],"line":11},"1":{"loc":{"start":{"line":14,"column":4},"end":{"line":16,"column":5}},"type":"if","locations":[{"start":{"line":14,"column":4},"end":{"line":16,"column":5}},{"start":{},"end":{}}],"line":14},"2":{"loc":{"start":{"line":17,"column":4},"end":{"line":19,"column":5}},"type":"if","locations":[{"start":{"line":17,"column":4},"end":{"line":19,"column":5}},{"start":{},"end":{}}],"line":17},"3":{"loc":{"start":{"line":20,"column":4},"end":{"line":22,"column":5}},"type":"if","locations":[{"start":{"line":20,"column":4},"end":{"line":22,"column":5}},{"start":{},"end":{}}],"line":20},"4":{"loc":{"start":{"line":23,"column":4},"end":{"line":25,"column":5}},"type":"if","locations":[{"start":{"line":23,"column":4},"end":{"line":25,"column":5}},{"start":{},"end":{}}],"line":23},"5":{"loc":{"start":{"line":26,"column":4},"end":{"line":28,"column":5}},"type":"if","locations":[{"start":{"line":26,"column":4},"end":{"line":28,"column":5}},{"start":{},"end":{}}],"line":26}},"s":{"0":18,"1":18,"2":18,"3":1,"4":17,"5":5,"6":12,"7":12,"8":0,"9":0,"10":0,"11":0,"12":0,"13":0,"14":0,"15":39},"f":{"0":18,"1":18},"b":{"0":[1,17],"1":[5,12],"2":[12,0],"3":[0,0],"4":[0,0],"5":[0,0]},"_coverageSchema":"1a1c01bbd47fc00a2c39e90264f33305004495a9","hash":"d7075c4b4a4e489d67d643a980807f42557ce4e9"}
,"/home/zoutigo/projets/school-platform/backend/utils/filterAlbumEmailClients.js": {"path":"/home/zoutigo/projets/school-platform/backend/utils/filterAlbumEmailClients.js","statementMap":{"0":{"start":{"line":1,"column":15},"end":{"line":1,"column":32}},"1":{"start":{"line":2,"column":15},"end":{"line":2,"column":35}},"2":{"start":{"line":3,"column":27},"end":{"line":3,"column":68}},"3":{"start":{"line":4,"column":24},"end":{"line":4,"column":56}},"4":{"start":{"line":5,"column":15},"end":{"line":5,"column":42}},"5":{"start":{"line":6,"column":16},"end":{"line":6,"column":44}},"6":{"start":{"line":7,"column":14},"end":{"line":7,"column":40}},"7":{"start":{"line":8,"column":23},"end":{"line":8,"column":51}},"8":{"start":{"line":10,"column":18},"end":{"line":10,"column":51}},"9":{"start":{"line":11,"column":14},"end":{"line":11,"column":31}},"10":{"start":{"line":13,"column":32},"end":{"line":88,"column":1}},"11":{"start":{"line":14,"column":2},"end":{"line":87,"column":3}},"12":{"start":{"line":15,"column":18},"end":{"line":18,"column":6}},"13":{"start":{"line":20,"column":19},"end":{"line":33,"column":6}},"14":{"start":{"line":43,"column":6},"end":{"line":49,"column":11}},"15":{"start":{"line":45,"column":12},"end":{"line":45,"column":59}},"16":{"start":{"line":48,"column":23},"end":{"line":48,"column":71}},"17":{"start":{"line":51,"column":4},"end":{"line":84,"column":5}},"18":{"start":{"line":52,"column":36},"end":{"line":52,"column":50}},"19":{"start":{"line":55,"column":8},"end":{"line":65,"column":14}},"20":{"start":{"line":58,"column":35},"end":{"line":60,"column":20}},"21":{"start":{"line":59,"column":48},"end":{"line":59,"column":60}},"22":{"start":{"line":61,"column":14},"end":{"line":64,"column":15}},"23":{"start":{"line":74,"column":6},"end":{"line":83,"column":7}},"24":{"start":{"line":76,"column":43},"end":{"line":76,"column":73}},"25":{"start":{"line":77,"column":10},"end":{"line":81,"column":12}},"26":{"start":{"line":78,"column":12},"end":{"line":80,"column":13}},"27":{"start":{"line":79,"column":14},"end":{"line":79,"column":47}},"28":{"start":{"line":86,"column":4},"end":{"line":86,"column":20}},"29":{"start":{"line":90,"column":0},"end":{"line":90,"column":40}}},"fnMap":{"0":{"name":"(anonymous_0)","decl":{"start":{"line":13,"column":32},"end":{"line":13,"column":33}},"loc":{"start":{"line":13,"column":51},"end":{"line":88,"column":1}},"line":13},"1":{"name":"(anonymous_1)","decl":{"start":{"line":44,"column":24},"end":{"line":44,"column":25}},"loc":{"start":{"line":45,"column":12},"end":{"line":45,"column":59}},"line":45},"2":{"name":"(anonymous_2)","decl":{"start":{"line":48,"column":12},"end":{"line":48,"column":13}},"loc":{"start":{"line":48,"column":23},"end":{"line":48,"column":71}},"line":48},"3":{"name":"(anonymous_3)","decl":{"start":{"line":57,"column":25},"end":{"line":57,"column":26}},"loc":{"start":{"line":57,"column":35},"end":{"line":65,"column":13}},"line":57},"4":{"name":"(anonymous_4)","decl":{"start":{"line":59,"column":36},"end":{"line":59,"column":37}},"loc":{"start":{"line":59,"column":48},"end":{"line":59,"column":60}},"line":59},"5":{"name":"(anonymous_5)","decl":{"start":{"line":75,"column":20},"end":{"line":75,"column":21}},"loc":{"start":{"line":75,"column":38},"end":{"line":82,"column":9}},"line":75},"6":{"name":"(anonymous_6)","decl":{"start":{"line":77,"column":46},"end":{"line":77,"column":47}},"loc":{"start":{"line":77,"column":69},"end":{"line":81,"column":11}},"line":77}},"branchMap":{"0":{"loc":{"start":{"line":43,"column":6},"end":{"line":49,"column":11}},"type":"cond-expr","locations":[{"start":{"line":44,"column":10},"end":{"line":46,"column":11}},{"start":{"line":47,"column":10},"end":{"line":49,"column":11}}],"line":43},"1":{"loc":{"start":{"line":51,"column":4},"end":{"line":84,"column":5}},"type":"if","locations":[{"start":{"line":51,"column":4},"end":{"line":84,"column":5}},{"start":{},"end":{}}],"line":51},"2":{"loc":{"start":{"line":55,"column":8},"end":{"line":65,"column":14}},"type":"cond-expr","locations":[{"start":{"line":56,"column":12},"end":{"line":56,"column":17}},{"start":{"line":57,"column":12},"end":{"line":65,"column":14}}],"line":55},"3":{"loc":{"start":{"line":58,"column":35},"end":{"line":60,"column":20}},"type":"cond-expr","locations":[{"start":{"line":59,"column":18},"end":{"line":59,"column":61}},{"start":{"line":60,"column":18},"end":{"line":60,"column":20}}],"line":58},"4":{"loc":{"start":{"line":62,"column":16},"end":{"line":63,"column":62}},"type":"binary-expr","locations":[{"start":{"line":62,"column":16},"end":{"line":62,"column":39}},{"start":{"line":63,"column":16},"end":{"line":63,"column":62}}],"line":62},"5":{"loc":{"start":{"line":78,"column":12},"end":{"line":80,"column":13}},"type":"if","locations":[{"start":{"line":78,"column":12},"end":{"line":80,"column":13}},{"start":{},"end":{}}],"line":78}},"s":{"0":39,"1":39,"2":39,"3":39,"4":39,"5":39,"6":39,"7":39,"8":39,"9":39,"10":39,"11":0,"12":0,"13":0,"14":0,"15":0,"16":0,"17":0,"18":0,"19":0,"20":0,"21":0,"22":0,"23":0,"24":0,"25":0,"26":0,"27":0,"28":0,"29":39},"f":{"0":0,"1":0,"2":0,"3":0,"4":0,"5":0,"6":0},"b":{"0":[0,0],"1":[0,0],"2":[0,0],"3":[0,0],"4":[0,0],"5":[0,0]},"_coverageSchema":"1a1c01bbd47fc00a2c39e90264f33305004495a9","hash":"6f634806c7d8d0d32b7063ad7bc6efa1170f05ee"}
,"/home/zoutigo/projets/school-platform/backend/utils/filterPaperEmailClients.js": {"path":"/home/zoutigo/projets/school-platform/backend/utils/filterPaperEmailClients.js","statementMap":{"0":{"start":{"line":1,"column":15},"end":{"line":1,"column":32}},"1":{"start":{"line":2,"column":15},"end":{"line":2,"column":35}},"2":{"start":{"line":3,"column":27},"end":{"line":3,"column":68}},"3":{"start":{"line":4,"column":24},"end":{"line":4,"column":56}},"4":{"start":{"line":5,"column":16},"end":{"line":5,"column":44}},"5":{"start":{"line":6,"column":15},"end":{"line":6,"column":42}},"6":{"start":{"line":7,"column":14},"end":{"line":7,"column":40}},"7":{"start":{"line":8,"column":23},"end":{"line":8,"column":51}},"8":{"start":{"line":10,"column":18},"end":{"line":10,"column":51}},"9":{"start":{"line":11,"column":14},"end":{"line":11,"column":31}},"10":{"start":{"line":13,"column":27},"end":{"line":13,"column":35}},"11":{"start":{"line":15,"column":32},"end":{"line":85,"column":1}},"12":{"start":{"line":16,"column":2},"end":{"line":84,"column":3}},"13":{"start":{"line":17,"column":18},"end":{"line":20,"column":6}},"14":{"start":{"line":22,"column":19},"end":{"line":35,"column":6}},"15":{"start":{"line":38,"column":6},"end":{"line":46,"column":11}},"16":{"start":{"line":40,"column":12},"end":{"line":40,"column":59}},"17":{"start":{"line":44,"column":14},"end":{"line":45,"column":54}},"18":{"start":{"line":48,"column":4},"end":{"line":81,"column":5}},"19":{"start":{"line":49,"column":6},"end":{"line":80,"column":8}},"20":{"start":{"line":51,"column":10},"end":{"line":61,"column":16}},"21":{"start":{"line":54,"column":37},"end":{"line":56,"column":22}},"22":{"start":{"line":55,"column":50},"end":{"line":55,"column":62}},"23":{"start":{"line":57,"column":16},"end":{"line":60,"column":17}},"24":{"start":{"line":70,"column":8},"end":{"line":79,"column":9}},"25":{"start":{"line":72,"column":45},"end":{"line":72,"column":70}},"26":{"start":{"line":73,"column":12},"end":{"line":77,"column":14}},"27":{"start":{"line":74,"column":14},"end":{"line":76,"column":15}},"28":{"start":{"line":75,"column":16},"end":{"line":75,"column":49}},"29":{"start":{"line":83,"column":4},"end":{"line":83,"column":20}},"30":{"start":{"line":87,"column":0},"end":{"line":87,"column":40}}},"fnMap":{"0":{"name":"(anonymous_0)","decl":{"start":{"line":15,"column":32},"end":{"line":15,"column":33}},"loc":{"start":{"line":15,"column":51},"end":{"line":85,"column":1}},"line":15},"1":{"name":"(anonymous_1)","decl":{"start":{"line":39,"column":24},"end":{"line":39,"column":25}},"loc":{"start":{"line":40,"column":12},"end":{"line":40,"column":59}},"line":40},"2":{"name":"(anonymous_2)","decl":{"start":{"line":43,"column":12},"end":{"line":43,"column":13}},"loc":{"start":{"line":44,"column":14},"end":{"line":45,"column":54}},"line":44},"3":{"name":"(anonymous_3)","decl":{"start":{"line":49,"column":29},"end":{"line":49,"column":30}},"loc":{"start":{"line":49,"column":46},"end":{"line":80,"column":7}},"line":49},"4":{"name":"(anonymous_4)","decl":{"start":{"line":53,"column":27},"end":{"line":53,"column":28}},"loc":{"start":{"line":53,"column":37},"end":{"line":61,"column":15}},"line":53},"5":{"name":"(anonymous_5)","decl":{"start":{"line":55,"column":38},"end":{"line":55,"column":39}},"loc":{"start":{"line":55,"column":50},"end":{"line":55,"column":62}},"line":55},"6":{"name":"(anonymous_6)","decl":{"start":{"line":71,"column":22},"end":{"line":71,"column":23}},"loc":{"start":{"line":71,"column":40},"end":{"line":78,"column":11}},"line":71},"7":{"name":"(anonymous_7)","decl":{"start":{"line":73,"column":48},"end":{"line":73,"column":49}},"loc":{"start":{"line":73,"column":71},"end":{"line":77,"column":13}},"line":73}},"branchMap":{"0":{"loc":{"start":{"line":38,"column":6},"end":{"line":46,"column":11}},"type":"cond-expr","locations":[{"start":{"line":39,"column":10},"end":{"line":41,"column":11}},{"start":{"line":42,"column":10},"end":{"line":46,"column":11}}],"line":38},"1":{"loc":{"start":{"line":44,"column":14},"end":{"line":45,"column":54}},"type":"binary-expr","locations":[{"start":{"line":44,"column":14},"end":{"line":44,"column":62}},{"start":{"line":45,"column":14},"end":{"line":45,"column":54}}],"line":44},"2":{"loc":{"start":{"line":48,"column":4},"end":{"line":81,"column":5}},"type":"if","locations":[{"start":{"line":48,"column":4},"end":{"line":81,"column":5}},{"start":{},"end":{}}],"line":48},"3":{"loc":{"start":{"line":51,"column":10},"end":{"line":61,"column":16}},"type":"cond-expr","locations":[{"start":{"line":52,"column":14},"end":{"line":52,"column":19}},{"start":{"line":53,"column":14},"end":{"line":61,"column":16}}],"line":51},"4":{"loc":{"start":{"line":54,"column":37},"end":{"line":56,"column":22}},"type":"cond-expr","locations":[{"start":{"line":55,"column":20},"end":{"line":55,"column":63}},{"start":{"line":56,"column":20},"end":{"line":56,"column":22}}],"line":54},"5":{"loc":{"start":{"line":58,"column":18},"end":{"line":59,"column":59}},"type":"binary-expr","locations":[{"start":{"line":58,"column":18},"end":{"line":58,"column":41}},{"start":{"line":59,"column":18},"end":{"line":59,"column":59}}],"line":58},"6":{"loc":{"start":{"line":74,"column":14},"end":{"line":76,"column":15}},"type":"if","locations":[{"start":{"line":74,"column":14},"end":{"line":76,"column":15}},{"start":{},"end":{}}],"line":74}},"s":{"0":39,"1":39,"2":39,"3":39,"4":39,"5":39,"6":39,"7":39,"8":39,"9":39,"10":39,"11":39,"12":0,"13":0,"14":0,"15":0,"16":0,"17":0,"18":0,"19":0,"20":0,"21":0,"22":0,"23":0,"24":0,"25":0,"26":0,"27":0,"28":0,"29":0,"30":39},"f":{"0":0,"1":0,"2":0,"3":0,"4":0,"5":0,"6":0,"7":0},"b":{"0":[0,0],"1":[0,0],"2":[0,0],"3":[0,0],"4":[0,0],"5":[0,0],"6":[0,0]},"_coverageSchema":"1a1c01bbd47fc00a2c39e90264f33305004495a9","hash":"15a95ed2ac8d5e9a061b5f47d854557337dbb8c6"}
,"/home/zoutigo/projets/school-platform/backend/utils/slugify.js": {"path":"/home/zoutigo/projets/school-platform/backend/utils/slugify.js","statementMap":{"0":{"start":{"line":1,"column":16},"end":{"line":4,"column":28}},"1":{"start":{"line":2,"column":2},"end":{"line":4,"column":28}},"2":{"start":{"line":6,"column":0},"end":{"line":6,"column":24}}},"fnMap":{"0":{"name":"(anonymous_0)","decl":{"start":{"line":1,"column":16},"end":{"line":1,"column":17}},"loc":{"start":{"line":2,"column":2},"end":{"line":4,"column":28}},"line":2}},"branchMap":{},"s":{"0":48,"1":172,"2":48},"f":{"0":172},"b":{},"_coverageSchema":"1a1c01bbd47fc00a2c39e90264f33305004495a9","hash":"e7ebf2b0f41dd021baa6068ade0572d38c57f59e"}
,"/home/zoutigo/projets/school-platform/backend/utils/truncate.js": {"path":"/home/zoutigo/projets/school-platform/backend/utils/truncate.js","statementMap":{"0":{"start":{"line":1,"column":12},"end":{"line":1,"column":33}},"1":{"start":{"line":2,"column":11},"end":{"line":2,"column":40}},"2":{"start":{"line":3,"column":15},"end":{"line":3,"column":44}},"3":{"start":{"line":5,"column":17},"end":{"line":20,"column":1}},"4":{"start":{"line":6,"column":2},"end":{"line":19,"column":3}},"5":{"start":{"line":7,"column":4},"end":{"line":7,"column":58}},"6":{"start":{"line":8,"column":4},"end":{"line":8,"column":44}},"7":{"start":{"line":9,"column":4},"end":{"line":9,"column":58}},"8":{"start":{"line":18,"column":4},"end":{"line":18,"column":22}},"9":{"start":{"line":22,"column":0},"end":{"line":22,"column":25}}},"fnMap":{"0":{"name":"(anonymous_0)","decl":{"start":{"line":5,"column":17},"end":{"line":5,"column":18}},"loc":{"start":{"line":5,"column":29},"end":{"line":20,"column":1}},"line":5}},"branchMap":{},"s":{"0":48,"1":48,"2":48,"3":48,"4":95,"5":95,"6":95,"7":95,"8":0,"9":48},"f":{"0":95},"b":{},"_coverageSchema":"1a1c01bbd47fc00a2c39e90264f33305004495a9","hash":"ff6f5f583df3a88027077e45c1994bf0942f8a3c"}
}
