TN:
SF:backend/app.js
FN:50,(anonymous_0)
FN:53,(anonymous_1)
FN:61,(anonymous_2)
FN:77,(anonymous_3)
FN:141,(anonymous_4)
FNF:5
FNH:2
FNDA:9,(anonymous_0)
FNDA:0,(anonymous_1)
FNDA:28,(anonymous_2)
FNDA:0,(anonymous_3)
FNDA:0,(anonymous_4)
DA:2,9
DA:3,9
DA:4,9
DA:5,9
DA:6,9
DA:7,9
DA:9,9
DA:11,9
DA:14,9
DA:15,9
DA:16,9
DA:17,9
DA:18,9
DA:19,9
DA:21,9
DA:22,9
DA:23,9
DA:24,9
DA:25,9
DA:26,9
DA:27,9
DA:28,9
DA:29,9
DA:30,9
DA:31,9
DA:32,9
DA:33,9
DA:34,9
DA:35,9
DA:36,9
DA:37,9
DA:38,9
DA:43,9
DA:45,9
DA:49,9
DA:51,9
DA:54,0
DA:57,9
DA:59,9
DA:64,28
DA:65,0
DA:67,0
DA:69,0
DA:71,0
DA:77,9
DA:78,0
DA:79,0
DA:80,0
DA:84,0
DA:87,9
DA:88,9
DA:89,9
DA:90,9
DA:92,9
DA:93,9
DA:94,9
DA:97,9
DA:101,9
DA:102,9
DA:103,9
DA:104,9
DA:105,9
DA:106,9
DA:107,9
DA:108,9
DA:109,9
DA:110,9
DA:111,9
DA:112,9
DA:113,9
DA:114,9
DA:115,9
DA:116,9
DA:117,9
DA:118,9
DA:119,9
DA:120,9
DA:121,9
DA:122,9
DA:125,9
DA:127,9
DA:128,9
DA:129,9
DA:130,9
DA:138,9
DA:140,9
DA:141,9
DA:142,0
DA:144,9
LF:89
LH:79
BRDA:64,0,0,28
BRDA:64,0,1,0
BRDA:65,1,0,0
BRDA:65,1,1,0
BRF:4
BRH:1
end_of_record
TN:
SF:backend/config/database.js
FNF:0
FNH:0
DA:1,9
DA:3,9
DA:5,9
DA:23,9
LF:4
LH:4
BRF:0
BRH:0
end_of_record
TN:
SF:backend/constants/albumLink.js
FN:1,(anonymous_0)
FNF:1
FNH:0
FNDA:0,(anonymous_0)
DA:1,9
DA:2,0
DA:4,0
DA:6,0
DA:8,0
DA:10,0
DA:12,0
DA:14,0
DA:16,0
DA:18,0
DA:20,0
DA:22,0
DA:24,0
DA:26,0
DA:28,0
DA:31,0
DA:35,9
LF:17
LH:2
BRDA:2,0,0,0
BRDA:2,0,1,0
BRDA:2,0,2,0
BRDA:2,0,3,0
BRDA:2,0,4,0
BRDA:2,0,5,0
BRDA:2,0,6,0
BRDA:2,0,7,0
BRDA:2,0,8,0
BRDA:2,0,9,0
BRDA:2,0,10,0
BRDA:2,0,11,0
BRDA:2,0,12,0
BRDA:2,0,13,0
BRF:14
BRH:0
end_of_record
TN:
SF:backend/constants/classroomAliasses.js
FNF:0
FNH:0
DA:1,9
DA:13,9
LF:2
LH:2
BRF:0
BRH:0
end_of_record
TN:
SF:backend/constants/entitiesdatas.js
FNF:0
FNH:0
DA:1,9
LF:1
LH:1
BRF:0
BRH:0
end_of_record
TN:
SF:backend/constants/includes.js
FNF:0
FNH:0
DA:1,9
DA:2,9
DA:4,9
LF:3
LH:3
BRF:0
BRH:0
end_of_record
TN:
SF:backend/constants/inlinerOptions.js
FNF:0
FNH:0
DA:1,9
LF:1
LH:1
BRF:0
BRH:0
end_of_record
TN:
SF:backend/constants/mainsrows.js
FNF:0
FNH:0
DA:1,9
DA:3,9
DA:10,9
DA:17,9
DA:24,9
DA:30,9
LF:6
LH:6
BRF:0
BRH:0
end_of_record
TN:
SF:backend/constants/pageRawContent.js
FNF:0
FNH:0
DA:1,9
LF:1
LH:1
BRF:0
BRH:0
end_of_record
TN:
SF:backend/constants/pagesDatas.js
FNF:0
FNH:0
DA:1,9
LF:1
LH:1
BRF:0
BRH:0
end_of_record
TN:
SF:backend/constants/paperLink.js
FN:1,(anonymous_0)
FNF:1
FNH:0
FNDA:0,(anonymous_0)
DA:1,9
DA:2,0
DA:4,0
DA:6,0
DA:8,0
DA:10,0
DA:12,0
DA:14,0
DA:16,0
DA:19,0
DA:23,9
LF:11
LH:2
BRDA:2,0,0,0
BRDA:2,0,1,0
BRDA:2,0,2,0
BRDA:2,0,3,0
BRDA:2,0,4,0
BRDA:2,0,5,0
BRDA:2,0,6,0
BRDA:2,0,7,0
BRF:8
BRH:0
end_of_record
TN:
SF:backend/constants/paperintrotext.js
FN:1,(anonymous_0)
FNF:1
FNH:0
FNDA:0,(anonymous_0)
DA:1,9
DA:2,0
DA:4,0
DA:6,0
DA:8,0
DA:10,0
DA:12,0
DA:14,0
DA:16,0
DA:19,0
DA:23,9
LF:11
LH:2
BRDA:2,0,0,0
BRDA:2,0,1,0
BRDA:2,0,2,0
BRDA:2,0,3,0
BRDA:2,0,4,0
BRDA:2,0,5,0
BRDA:2,0,6,0
BRDA:2,0,7,0
BRF:8
BRH:0
end_of_record
TN:
SF:backend/constants/regex.js
FNF:0
FNH:0
DA:1,9
LF:1
LH:1
BRF:0
BRH:0
end_of_record
TN:
SF:backend/constants/texts.js
FNF:0
FNH:0
DA:1,9
DA:2,9
LF:2
LH:2
BRF:0
BRH:0
end_of_record
TN:
SF:backend/controllers/albumController.js
FN:23,(anonymous_0)
FN:45,(anonymous_1)
FN:97,(anonymous_2)
FN:168,(anonymous_3)
FN:169,(anonymous_4)
FN:199,(anonymous_5)
FN:234,(anonymous_6)
FN:248,(anonymous_7)
FN:292,(anonymous_8)
FN:298,(anonymous_9)
FN:340,(anonymous_10)
FNF:11
FNH:0
FNDA:0,(anonymous_0)
FNDA:0,(anonymous_1)
FNDA:0,(anonymous_2)
FNDA:0,(anonymous_3)
FNDA:0,(anonymous_4)
FNDA:0,(anonymous_5)
FNDA:0,(anonymous_6)
FNDA:0,(anonymous_7)
FNDA:0,(anonymous_8)
FNDA:0,(anonymous_9)
FNDA:0,(anonymous_10)
DA:1,9
DA:2,9
DA:3,9
DA:4,9
DA:5,9
DA:6,9
DA:7,9
DA:9,9
DA:10,9
DA:12,9
DA:23,9
DA:24,0
DA:25,0
DA:26,0
DA:27,0
DA:29,0
DA:30,0
DA:31,0
DA:33,0
DA:34,0
DA:35,0
DA:43,0
DA:45,0
DA:46,0
DA:47,0
DA:51,0
DA:53,0
DA:54,0
DA:57,0
DA:58,0
DA:64,0
DA:65,0
DA:66,0
DA:69,0
DA:71,0
DA:72,0
DA:73,0
DA:75,0
DA:76,0
DA:81,0
DA:82,0
DA:88,0
DA:89,0
DA:93,0
DA:94,0
DA:95,0
DA:96,0
DA:97,0
DA:98,0
DA:99,0
DA:102,0
DA:103,0
DA:104,0
DA:106,0
DA:109,0
DA:113,0
DA:119,0
DA:122,0
DA:124,0
DA:127,0
DA:131,0
DA:133,0
DA:139,0
DA:140,0
DA:144,0
DA:145,0
DA:146,0
DA:148,0
DA:154,0
DA:156,0
DA:157,0
DA:158,0
DA:163,0
DA:164,0
DA:165,0
DA:167,0
DA:168,0
DA:169,0
DA:170,0
DA:171,0
DA:173,0
DA:176,0
DA:181,0
DA:182,0
DA:188,0
DA:189,0
DA:190,0
DA:192,0
DA:195,0
DA:199,9
DA:200,0
DA:201,0
DA:202,0
DA:205,0
DA:206,0
DA:209,0
DA:210,0
DA:211,0
DA:214,0
DA:215,0
DA:224,0
DA:225,0
DA:228,0
DA:230,0
DA:234,9
DA:235,0
DA:236,0
DA:238,0
DA:239,0
DA:242,0
DA:246,0
DA:248,0
DA:249,0
DA:250,0
DA:254,0
DA:260,0
DA:261,0
DA:267,0
DA:268,0
DA:270,0
DA:271,0
DA:275,0
DA:282,0
DA:283,0
DA:285,0
DA:286,0
DA:288,0
DA:289,0
DA:290,0
DA:292,0
DA:293,0
DA:294,0
DA:298,0
DA:299,0
DA:300,0
DA:301,0
DA:303,0
DA:310,0
DA:314,0
DA:332,0
DA:334,0
DA:336,0
DA:337,0
DA:338,0
DA:340,0
DA:341,0
DA:342,0
DA:344,0
DA:350,0
DA:352,0
DA:354,0
LF:151
LH:13
BRDA:26,0,0,0
BRDA:26,0,1,0
BRDA:27,1,0,0
BRDA:27,1,1,0
BRDA:29,2,0,0
BRDA:29,2,1,0
BRDA:29,3,0,0
BRDA:29,3,1,0
BRDA:33,4,0,0
BRDA:33,4,1,0
BRDA:34,5,0,0
BRDA:34,5,1,0
BRDA:46,6,0,0
BRDA:46,6,1,0
BRDA:51,7,0,0
BRDA:51,7,1,0
BRDA:51,7,2,0
BRDA:51,7,3,0
BRDA:53,8,0,0
BRDA:53,8,1,0
BRDA:53,9,0,0
BRDA:53,9,1,0
BRDA:53,9,2,0
BRDA:57,10,0,0
BRDA:57,10,1,0
BRDA:65,11,0,0
BRDA:65,11,1,0
BRDA:71,12,0,0
BRDA:71,12,1,0
BRDA:72,13,0,0
BRDA:72,13,1,0
BRDA:75,14,0,0
BRDA:75,14,1,0
BRDA:81,15,0,0
BRDA:81,15,1,0
BRDA:81,16,0,0
BRDA:81,16,1,0
BRDA:81,16,2,0
BRDA:93,17,0,0
BRDA:93,17,1,0
BRDA:98,18,0,0
BRDA:98,18,1,0
BRDA:109,19,0,0
BRDA:109,19,1,0
BRDA:124,20,0,0
BRDA:124,20,1,0
BRDA:124,21,0,0
BRDA:124,21,1,0
BRDA:131,22,0,0
BRDA:131,22,1,0
BRDA:134,23,0,0
BRDA:134,23,1,0
BRDA:135,24,0,0
BRDA:135,24,1,0
BRDA:144,25,0,0
BRDA:144,25,1,0
BRDA:145,26,0,0
BRDA:145,26,1,0
BRDA:156,27,0,0
BRDA:156,27,1,0
BRDA:156,28,0,0
BRDA:156,28,1,0
BRDA:163,29,0,0
BRDA:163,29,1,0
BRDA:167,30,0,0
BRDA:167,30,1,0
BRDA:167,31,0,0
BRDA:167,31,1,0
BRDA:170,32,0,0
BRDA:170,32,1,0
BRDA:181,33,0,0
BRDA:181,33,1,0
BRDA:189,34,0,0
BRDA:189,34,1,0
BRDA:201,35,0,0
BRDA:201,35,1,0
BRDA:205,36,0,0
BRDA:205,36,1,0
BRDA:209,37,0,0
BRDA:209,37,1,0
BRDA:224,38,0,0
BRDA:224,38,1,0
BRDA:238,39,0,0
BRDA:238,39,1,0
BRDA:238,40,0,0
BRDA:238,40,1,0
BRDA:242,41,0,0
BRDA:242,41,1,0
BRDA:249,42,0,0
BRDA:249,42,1,0
BRDA:254,43,0,0
BRDA:254,43,1,0
BRDA:254,43,2,0
BRDA:254,43,3,0
BRDA:260,44,0,0
BRDA:260,44,1,0
BRDA:267,45,0,0
BRDA:267,45,1,0
BRDA:267,46,0,0
BRDA:267,46,1,0
BRDA:267,46,2,0
BRDA:270,47,0,0
BRDA:270,47,1,0
BRDA:270,48,0,0
BRDA:270,48,1,0
BRDA:275,49,0,0
BRDA:275,49,1,0
BRDA:282,50,0,0
BRDA:282,50,1,0
BRDA:285,51,0,0
BRDA:285,51,1,0
BRDA:293,52,0,0
BRDA:293,52,1,0
BRDA:310,53,0,0
BRDA:310,53,1,0
BRDA:336,54,0,0
BRDA:336,54,1,0
BRDA:336,55,0,0
BRDA:336,55,1,0
BRDA:336,55,2,0
BRDA:341,56,0,0
BRDA:341,56,1,0
BRDA:350,57,0,0
BRDA:350,57,1,0
BRF:124
BRH:0
end_of_record
TN:
SF:backend/controllers/cheminController.js
FN:11,(anonymous_0)
FN:80,(anonymous_1)
FN:126,(anonymous_2)
FN:127,(anonymous_3)
FN:145,(anonymous_4)
FNF:5
FNH:0
FNDA:0,(anonymous_0)
FNDA:0,(anonymous_1)
FNDA:0,(anonymous_2)
FNDA:0,(anonymous_3)
FNDA:0,(anonymous_4)
DA:2,9
DA:3,9
DA:4,9
DA:5,9
DA:6,9
DA:8,9
DA:9,9
DA:11,9
DA:12,0
DA:13,0
DA:14,0
DA:15,0
DA:16,0
DA:18,0
DA:19,0
DA:22,0
DA:23,0
DA:27,0
DA:28,0
DA:29,0
DA:32,0
DA:34,0
DA:35,0
DA:36,0
DA:38,0
DA:39,0
DA:44,0
DA:45,0
DA:54,0
DA:56,0
DA:57,0
DA:58,0
DA:59,0
DA:60,0
DA:61,0
DA:67,0
DA:68,0
DA:69,0
DA:72,0
DA:74,0
DA:77,0
DA:78,0
DA:79,0
DA:80,0
DA:81,0
DA:84,0
DA:85,0
DA:88,0
DA:89,0
DA:96,0
DA:100,0
DA:101,0
DA:102,0
DA:104,0
DA:110,0
DA:112,0
DA:113,0
DA:114,0
DA:124,0
DA:125,0
DA:126,0
DA:127,0
DA:128,0
DA:132,0
DA:134,0
DA:135,0
DA:138,0
DA:141,0
DA:145,9
DA:146,0
DA:147,0
DA:148,0
DA:151,0
DA:152,0
DA:163,0
DA:164,0
DA:166,0
LF:77
LH:9
BRDA:14,0,0,0
BRDA:14,0,1,0
BRDA:15,1,0,0
BRDA:15,1,1,0
BRDA:16,2,0,0
BRDA:16,2,1,0
BRDA:18,3,0,0
BRDA:18,3,1,0
BRDA:18,4,0,0
BRDA:18,4,1,0
BRDA:22,5,0,0
BRDA:22,5,1,0
BRDA:28,6,0,0
BRDA:28,6,1,0
BRDA:28,7,0,0
BRDA:28,7,1,0
BRDA:34,8,0,0
BRDA:34,8,1,0
BRDA:35,9,0,0
BRDA:35,9,1,0
BRDA:38,10,0,0
BRDA:38,10,1,0
BRDA:38,11,0,0
BRDA:38,11,1,0
BRDA:44,12,0,0
BRDA:44,12,1,0
BRDA:44,13,0,0
BRDA:44,13,1,0
BRDA:44,13,2,0
BRDA:68,14,0,0
BRDA:68,14,1,0
BRDA:74,15,0,0
BRDA:74,15,1,0
BRDA:74,16,0,0
BRDA:74,16,1,0
BRDA:78,17,0,0
BRDA:78,17,1,0
BRDA:79,18,0,0
BRDA:79,18,1,0
BRDA:85,19,0,0
BRDA:85,19,1,0
BRDA:90,20,0,0
BRDA:90,20,1,0
BRDA:91,21,0,0
BRDA:91,21,1,0
BRDA:92,22,0,0
BRDA:92,22,1,0
BRDA:93,23,0,0
BRDA:93,23,1,0
BRDA:94,24,0,0
BRDA:94,24,1,0
BRDA:100,25,0,0
BRDA:100,25,1,0
BRDA:101,26,0,0
BRDA:101,26,1,0
BRDA:112,27,0,0
BRDA:112,27,1,0
BRDA:112,28,0,0
BRDA:112,28,1,0
BRDA:124,29,0,0
BRDA:124,29,1,0
BRDA:128,30,0,0
BRDA:128,30,1,0
BRDA:134,31,0,0
BRDA:134,31,1,0
BRDA:147,32,0,0
BRDA:147,32,1,0
BRDA:163,33,0,0
BRDA:163,33,1,0
BRF:69
BRH:0
end_of_record
TN:
SF:backend/controllers/dialogController.js
FN:9,(anonymous_0)
FN:73,(anonymous_1)
FNF:2
FNH:0
FNDA:0,(anonymous_0)
FNDA:0,(anonymous_1)
DA:2,9
DA:3,9
DA:4,9
DA:5,9
DA:7,9
DA:9,9
DA:10,0
DA:11,0
DA:12,0
DA:14,0
DA:15,0
DA:18,0
DA:19,0
DA:23,0
DA:24,0
DA:25,0
DA:28,0
DA:29,0
DA:30,0
DA:32,0
DA:33,0
DA:34,0
DA:35,0
DA:38,0
DA:40,0
DA:43,0
DA:44,0
DA:48,0
DA:49,0
DA:50,0
DA:54,0
DA:57,0
DA:59,0
DA:60,0
DA:61,0
DA:62,0
DA:63,0
DA:66,0
DA:69,0
DA:73,9
DA:74,0
DA:76,0
DA:77,0
DA:78,0
DA:81,0
DA:82,0
DA:93,0
DA:94,0
DA:96,0
LF:49
LH:7
BRDA:12,0,0,0
BRDA:12,0,1,0
BRDA:12,0,2,0
BRDA:14,1,0,0
BRDA:14,1,1,0
BRDA:14,2,0,0
BRDA:14,2,1,0
BRDA:18,3,0,0
BRDA:18,3,1,0
BRDA:24,4,0,0
BRDA:24,4,1,0
BRDA:28,5,0,0
BRDA:28,5,1,0
BRDA:34,6,0,0
BRDA:34,6,1,0
BRDA:40,7,0,0
BRDA:40,7,1,0
BRDA:40,8,0,0
BRDA:40,8,1,0
BRDA:48,9,0,0
BRDA:48,9,1,0
BRDA:49,10,0,0
BRDA:49,10,1,0
BRDA:59,11,0,0
BRDA:59,11,1,0
BRDA:59,12,0,0
BRDA:59,12,1,0
BRDA:62,13,0,0
BRDA:62,13,1,0
BRDA:77,14,0,0
BRDA:77,14,1,0
BRDA:93,15,0,0
BRDA:93,15,1,0
BRF:33
BRH:0
end_of_record
TN:
SF:backend/controllers/entityController.js
FN:9,(anonymous_0)
FN:30,(anonymous_1)
FN:97,(anonymous_2)
FNF:3
FNH:0
FNDA:0,(anonymous_0)
FNDA:0,(anonymous_1)
FNDA:0,(anonymous_2)
DA:3,9
DA:4,9
DA:5,9
DA:6,9
DA:7,9
DA:9,9
DA:16,0
DA:17,0
DA:19,0
DA:20,0
DA:23,0
DA:28,0
DA:30,0
DA:34,0
DA:36,0
DA:38,0
DA:39,0
DA:43,0
DA:44,0
DA:45,0
DA:48,0
DA:50,0
DA:53,0
DA:54,0
DA:58,0
DA:61,0
DA:62,0
DA:63,0
DA:64,0
DA:67,0
DA:69,0
DA:70,0
DA:71,0
DA:72,0
DA:75,0
DA:76,0
DA:81,0
DA:83,0
DA:84,0
DA:85,0
DA:86,0
DA:87,0
DA:90,0
DA:93,0
DA:97,9
DA:98,0
DA:99,0
DA:100,0
DA:103,0
DA:104,0
DA:117,0
DA:118,0
DA:120,0
LF:53
LH:7
BRDA:19,0,0,0
BRDA:19,0,1,0
BRDA:19,1,0,0
BRDA:19,1,1,0
BRDA:23,2,0,0
BRDA:23,2,1,0
BRDA:28,3,0,0
BRDA:28,3,1,0
BRDA:28,4,0,0
BRDA:28,4,1,0
BRDA:28,4,2,0
BRDA:36,5,0,0
BRDA:36,5,1,0
BRDA:36,5,2,0
BRDA:36,5,3,0
BRDA:38,6,0,0
BRDA:38,6,1,0
BRDA:44,7,0,0
BRDA:44,7,1,0
BRDA:50,8,0,0
BRDA:50,8,1,0
BRDA:53,9,0,0
BRDA:53,9,1,0
BRDA:53,10,0,0
BRDA:53,10,1,0
BRDA:63,11,0,0
BRDA:63,11,1,0
BRDA:69,12,0,0
BRDA:69,12,1,0
BRDA:69,13,0,0
BRDA:69,13,1,0
BRDA:70,14,0,0
BRDA:70,14,1,0
BRDA:75,15,0,0
BRDA:75,15,1,0
BRDA:83,16,0,0
BRDA:83,16,1,0
BRDA:83,17,0,0
BRDA:83,17,1,0
BRDA:86,18,0,0
BRDA:86,18,1,0
BRDA:99,19,0,0
BRDA:99,19,1,0
BRDA:117,20,0,0
BRDA:117,20,1,0
BRF:45
BRH:0
end_of_record
TN:
SF:backend/controllers/eventController.js
FN:15,(anonymous_0)
FN:48,(anonymous_1)
FN:121,(anonymous_2)
FN:157,(anonymous_3)
FNF:4
FNH:0
FNDA:0,(anonymous_0)
FNDA:0,(anonymous_1)
FNDA:0,(anonymous_2)
FNDA:0,(anonymous_3)
DA:2,9
DA:3,9
DA:4,9
DA:5,9
DA:6,9
DA:7,9
DA:8,9
DA:9,9
DA:11,9
DA:13,9
DA:15,9
DA:22,0
DA:23,0
DA:24,0
DA:26,0
DA:27,0
DA:30,0
DA:33,0
DA:38,0
DA:39,0
DA:46,0
DA:48,0
DA:51,0
DA:53,0
DA:55,0
DA:56,0
DA:62,0
DA:63,0
DA:64,0
DA:67,0
DA:68,0
DA:70,0
DA:71,0
DA:77,0
DA:78,0
DA:79,0
DA:80,0
DA:82,0
DA:83,0
DA:84,0
DA:85,0
DA:88,0
DA:90,0
DA:93,0
DA:94,0
DA:98,0
DA:99,0
DA:100,0
DA:102,0
DA:105,0
DA:107,0
DA:108,0
DA:109,0
DA:110,0
DA:111,0
DA:114,0
DA:117,0
DA:121,9
DA:122,0
DA:123,0
DA:124,0
DA:128,0
DA:129,0
DA:132,0
DA:133,0
DA:136,0
DA:138,0
DA:139,0
DA:156,0
DA:157,0
DA:161,0
DA:163,0
LF:72
LH:12
BRDA:26,0,0,0
BRDA:26,0,1,0
BRDA:26,1,0,0
BRDA:26,1,1,0
BRDA:30,2,0,0
BRDA:30,2,1,0
BRDA:38,3,0,0
BRDA:38,3,1,0
BRDA:46,4,0,0
BRDA:46,4,1,0
BRDA:46,5,0,0
BRDA:46,5,1,0
BRDA:46,5,2,0
BRDA:53,6,0,0
BRDA:53,6,1,0
BRDA:53,6,2,0
BRDA:53,6,3,0
BRDA:55,7,0,0
BRDA:55,7,1,0
BRDA:63,8,0,0
BRDA:63,8,1,0
BRDA:67,9,0,0
BRDA:67,9,1,0
BRDA:70,10,0,0
BRDA:70,10,1,0
BRDA:70,11,0,0
BRDA:70,11,1,0
BRDA:70,11,2,0
BRDA:70,11,3,0
BRDA:84,12,0,0
BRDA:84,12,1,0
BRDA:90,13,0,0
BRDA:90,13,1,0
BRDA:90,14,0,0
BRDA:90,14,1,0
BRDA:98,15,0,0
BRDA:98,15,1,0
BRDA:99,16,0,0
BRDA:99,16,1,0
BRDA:107,17,0,0
BRDA:107,17,1,0
BRDA:107,18,0,0
BRDA:107,18,1,0
BRDA:110,19,0,0
BRDA:110,19,1,0
BRDA:123,20,0,0
BRDA:123,20,1,0
BRDA:128,21,0,0
BRDA:128,21,1,0
BRDA:128,22,0,0
BRDA:128,22,1,0
BRDA:132,23,0,0
BRDA:132,23,1,0
BRF:53
BRH:0
end_of_record
TN:
SF:backend/controllers/imageController.js
FN:12,(anonymous_0)
FN:38,(anonymous_1)
FN:57,(anonymous_2)
FN:88,(anonymous_3)
FN:90,(anonymous_4)
FN:129,(anonymous_5)
FN:130,(anonymous_6)
FN:131,(anonymous_7)
FN:132,(anonymous_8)
FNF:9
FNH:0
FNDA:0,(anonymous_0)
FNDA:0,(anonymous_1)
FNDA:0,(anonymous_2)
FNDA:0,(anonymous_3)
FNDA:0,(anonymous_4)
FNDA:0,(anonymous_5)
FNDA:0,(anonymous_6)
FNDA:0,(anonymous_7)
FNDA:0,(anonymous_8)
DA:1,9
DA:2,9
DA:3,9
DA:4,9
DA:5,9
DA:6,9
DA:7,9
DA:8,9
DA:9,9
DA:10,9
DA:12,9
DA:13,0
DA:14,0
DA:15,0
DA:18,0
DA:19,0
DA:24,0
DA:25,0
DA:26,0
DA:27,0
DA:30,0
DA:33,0
DA:35,0
DA:38,9
DA:39,0
DA:40,0
DA:41,0
DA:42,0
DA:48,0
DA:49,0
DA:50,0
DA:51,0
DA:54,0
DA:57,9
DA:58,0
DA:59,0
DA:60,0
DA:61,0
DA:67,0
DA:72,0
DA:73,0
DA:74,0
DA:76,0
DA:81,0
DA:84,0
DA:88,9
DA:89,0
DA:90,0
DA:91,0
DA:92,0
DA:95,0
DA:96,0
DA:97,0
DA:99,0
DA:100,0
DA:103,0
DA:107,0
DA:111,0
DA:117,0
DA:123,0
DA:125,0
DA:129,9
DA:130,9
DA:131,9
DA:132,9
LF:65
LH:18
BRDA:14,0,0,0
BRDA:14,0,1,0
BRDA:14,1,0,0
BRDA:14,1,1,0
BRDA:26,2,0,0
BRDA:26,2,1,0
BRDA:49,3,0,0
BRDA:49,3,1,0
BRDA:58,4,0,0
BRDA:58,4,1,0
BRDA:60,5,0,0
BRDA:60,5,1,0
BRDA:60,6,0,0
BRDA:60,6,1,0
BRDA:74,7,0,0
BRDA:74,7,1,0
BRDA:76,8,0,0
BRDA:76,8,1,0
BRDA:91,9,0,0
BRDA:91,9,1,0
BRDA:103,10,0,0
BRDA:103,10,1,0
BRDA:123,11,0,0
BRDA:123,11,1,0
BRF:24
BRH:0
end_of_record
TN:
SF:backend/controllers/initController.js
FN:46,(anonymous_0)
FN:57,(anonymous_1)
FN:83,(anonymous_2)
FN:129,(anonymous_3)
FN:196,(anonymous_4)
FN:233,(anonymous_5)
FN:277,(anonymous_6)
FN:318,(anonymous_7)
FN:414,(anonymous_8)
FN:443,(anonymous_9)
FN:490,(anonymous_10)
FN:543,(anonymous_11)
FNF:12
FNH:0
FNDA:0,(anonymous_0)
FNDA:0,(anonymous_1)
FNDA:0,(anonymous_2)
FNDA:0,(anonymous_3)
FNDA:0,(anonymous_4)
FNDA:0,(anonymous_5)
FNDA:0,(anonymous_6)
FNDA:0,(anonymous_7)
FNDA:0,(anonymous_8)
FNDA:0,(anonymous_9)
FNDA:0,(anonymous_10)
FNDA:0,(anonymous_11)
DA:2,9
DA:3,9
DA:4,9
DA:5,9
DA:6,9
DA:7,9
DA:8,9
DA:9,9
DA:11,9
DA:12,9
DA:13,9
DA:14,9
DA:15,9
DA:22,9
DA:23,9
DA:24,9
DA:25,9
DA:26,9
DA:27,9
DA:28,9
DA:29,9
DA:30,9
DA:31,9
DA:32,9
DA:33,9
DA:34,9
DA:35,9
DA:36,9
DA:37,9
DA:38,9
DA:39,9
DA:40,9
DA:42,9
DA:44,9
DA:46,9
DA:57,9
DA:83,9
DA:129,9
DA:196,9
DA:233,9
DA:277,9
DA:318,9
DA:414,9
DA:443,9
DA:444,0
DA:472,0
DA:473,0
DA:479,0
DA:482,0
DA:485,0
DA:489,0
DA:490,0
DA:491,0
DA:503,0
DA:505,0
DA:520,0
DA:529,0
DA:530,0
DA:532,0
DA:537,0
DA:539,0
DA:543,9
DA:545,0
DA:546,0
DA:547,0
DA:548,0
DA:549,0
DA:551,0
LF:68
LH:45
BRDA:489,0,0,0
BRDA:489,0,1,0
BRDA:529,1,0,0
BRDA:529,1,1,0
BRDA:529,2,0,0
BRDA:529,2,1,0
BRDA:547,3,0,0
BRDA:547,3,1,0
BRF:8
BRH:0
end_of_record
TN:
SF:backend/controllers/mailsController.js
FN:8,(anonymous_0)
FN:77,(anonymous_1)
FNF:2
FNH:0
FNDA:0,(anonymous_0)
FNDA:0,(anonymous_1)
DA:1,9
DA:2,9
DA:3,9
DA:4,9
DA:6,9
DA:8,9
DA:9,0
DA:10,0
DA:11,0
DA:13,0
DA:14,0
DA:17,0
DA:18,0
DA:20,0
DA:21,0
DA:22,0
DA:24,0
DA:25,0
DA:26,0
DA:42,0
DA:48,0
DA:51,0
DA:52,0
DA:53,0
DA:54,0
DA:57,0
DA:58,0
DA:61,0
DA:64,0
DA:65,0
DA:67,0
DA:68,0
DA:69,0
DA:70,0
DA:73,0
DA:77,9
DA:78,0
DA:79,0
DA:85,0
DA:87,0
LF:40
LH:7
BRDA:11,0,0,0
BRDA:11,0,1,0
BRDA:11,0,2,0
BRDA:13,1,0,0
BRDA:13,1,1,0
BRDA:13,2,0,0
BRDA:13,2,1,0
BRDA:17,3,0,0
BRDA:17,3,1,0
BRDA:20,4,0,0
BRDA:20,4,1,0
BRDA:26,5,0,0
BRDA:26,5,1,0
BRDA:51,6,0,0
BRDA:51,6,1,0
BRDA:52,7,0,0
BRDA:52,7,1,0
BRDA:57,8,0,0
BRDA:57,8,1,0
BRDA:64,9,0,0
BRDA:64,9,1,0
BRDA:65,10,0,0
BRDA:65,10,1,0
BRDA:69,11,0,0
BRDA:69,11,1,0
BRDA:85,12,0,0
BRDA:85,12,1,0
BRF:27
BRH:0
end_of_record
TN:
SF:backend/controllers/pageController.js
FN:11,(anonymous_0)
FN:89,(anonymous_1)
FNF:2
FNH:0
FNDA:0,(anonymous_0)
FNDA:0,(anonymous_1)
DA:3,9
DA:4,9
DA:6,9
DA:7,9
DA:9,9
DA:11,9
DA:12,0
DA:13,0
DA:15,0
DA:16,0
DA:19,0
DA:21,0
DA:22,0
DA:28,0
DA:29,0
DA:30,0
DA:33,0
DA:34,0
DA:35,0
DA:36,0
DA:41,0
DA:43,0
DA:44,0
DA:45,0
DA:46,0
DA:47,0
DA:49,0
DA:54,0
DA:56,0
DA:59,0
DA:60,0
DA:63,0
DA:64,0
DA:65,0
DA:68,0
DA:73,0
DA:75,0
DA:76,0
DA:77,0
DA:78,0
DA:79,0
DA:82,0
DA:85,0
DA:89,9
DA:90,0
DA:91,0
DA:92,0
DA:95,0
DA:96,0
DA:97,0
DA:98,0
DA:100,0
LF:52
LH:7
BRDA:15,0,0,0
BRDA:15,0,1,0
BRDA:15,1,0,0
BRDA:15,1,1,0
BRDA:19,2,0,0
BRDA:19,2,1,0
BRDA:19,2,2,0
BRDA:21,3,0,0
BRDA:21,3,1,0
BRDA:29,4,0,0
BRDA:29,4,1,0
BRDA:33,5,0,0
BRDA:33,5,1,0
BRDA:35,6,0,0
BRDA:35,6,1,0
BRDA:35,7,0,0
BRDA:35,7,1,0
BRDA:35,7,2,0
BRDA:45,8,0,0
BRDA:45,8,1,0
BRDA:46,9,0,0
BRDA:46,9,1,0
BRDA:56,10,0,0
BRDA:56,10,1,0
BRDA:56,11,0,0
BRDA:56,11,1,0
BRDA:63,12,0,0
BRDA:63,12,1,0
BRDA:64,13,0,0
BRDA:64,13,1,0
BRDA:75,14,0,0
BRDA:75,14,1,0
BRDA:75,15,0,0
BRDA:75,15,1,0
BRDA:78,16,0,0
BRDA:78,16,1,0
BRDA:91,17,0,0
BRDA:91,17,1,0
BRDA:97,18,0,0
BRDA:97,18,1,0
BRF:40
BRH:0
end_of_record
TN:
SF:backend/controllers/paperController.js
FN:16,(anonymous_0)
FN:54,(anonymous_1)
FN:93,(anonymous_2)
FN:190,(anonymous_3)
FN:191,(anonymous_4)
FN:252,(anonymous_5)
FNF:6
FNH:0
FNDA:0,(anonymous_0)
FNDA:0,(anonymous_1)
FNDA:0,(anonymous_2)
FNDA:0,(anonymous_3)
FNDA:0,(anonymous_4)
FNDA:0,(anonymous_5)
DA:2,9
DA:3,9
DA:4,9
DA:5,9
DA:6,9
DA:7,9
DA:8,9
DA:9,9
DA:10,9
DA:11,9
DA:12,9
DA:14,9
DA:16,9
DA:17,0
DA:18,0
DA:19,0
DA:23,0
DA:24,0
DA:27,0
DA:28,0
DA:29,0
DA:32,0
DA:33,0
DA:48,0
DA:50,0
DA:54,9
DA:62,0
DA:63,0
DA:64,0
DA:65,0
DA:66,0
DA:68,0
DA:69,0
DA:72,0
DA:75,0
DA:80,0
DA:81,0
DA:91,0
DA:93,0
DA:96,0
DA:99,0
DA:101,0
DA:102,0
DA:108,0
DA:109,0
DA:110,0
DA:113,0
DA:119,0
DA:126,0
DA:128,0
DA:131,0
DA:138,0
DA:140,0
DA:141,0
DA:150,0
DA:151,0
DA:153,0
DA:155,0
DA:156,0
DA:158,0
DA:159,0
DA:165,0
DA:167,0
DA:168,0
DA:173,0
DA:175,0
DA:178,0
DA:182,0
DA:183,0
DA:187,0
DA:190,0
DA:191,0
DA:192,0
DA:193,0
DA:196,0
DA:211,0
DA:213,0
DA:214,0
DA:218,0
DA:224,0
DA:227,0
DA:231,0
DA:232,0
DA:233,0
DA:235,0
DA:241,0
DA:243,0
DA:244,0
DA:245,0
DA:249,0
DA:251,0
DA:252,0
DA:253,0
DA:256,0
DA:257,0
DA:260,0
DA:262,0
DA:263,0
DA:268,0
DA:271,0
DA:274,0
LF:101
LH:14
BRDA:18,0,0,0
BRDA:18,0,1,0
BRDA:23,1,0,0
BRDA:23,1,1,0
BRDA:27,2,0,0
BRDA:27,2,1,0
BRDA:65,3,0,0
BRDA:65,3,1,0
BRDA:66,4,0,0
BRDA:66,4,1,0
BRDA:68,5,0,0
BRDA:68,5,1,0
BRDA:68,6,0,0
BRDA:68,6,1,0
BRDA:72,7,0,0
BRDA:72,7,1,0
BRDA:80,8,0,0
BRDA:80,8,1,0
BRDA:91,9,0,0
BRDA:91,9,1,0
BRDA:91,10,0,0
BRDA:91,10,1,0
BRDA:91,10,2,0
BRDA:99,11,0,0
BRDA:99,11,1,0
BRDA:99,11,2,0
BRDA:99,11,3,0
BRDA:99,11,4,0
BRDA:101,12,0,0
BRDA:101,12,1,0
BRDA:109,13,0,0
BRDA:109,13,1,0
BRDA:126,14,0,0
BRDA:126,14,1,0
BRDA:128,15,0,0
BRDA:128,15,1,0
BRDA:140,16,0,0
BRDA:140,16,1,0
BRDA:140,17,0,0
BRDA:140,17,1,0
BRDA:140,17,2,0
BRDA:158,18,0,0
BRDA:158,18,1,0
BRDA:167,19,0,0
BRDA:167,19,1,0
BRDA:175,20,0,0
BRDA:175,20,1,0
BRDA:175,21,0,0
BRDA:175,21,1,0
BRDA:182,22,0,0
BRDA:182,22,1,0
BRDA:187,23,0,0
BRDA:187,23,1,0
BRDA:192,24,0,0
BRDA:192,24,1,0
BRDA:213,25,0,0
BRDA:213,25,1,0
BRDA:231,26,0,0
BRDA:231,26,1,0
BRDA:232,27,0,0
BRDA:232,27,1,0
BRDA:243,28,0,0
BRDA:243,28,1,0
BRDA:243,29,0,0
BRDA:243,29,1,0
BRDA:251,30,0,0
BRDA:251,30,1,0
BRDA:257,31,0,0
BRDA:257,31,1,0
BRDA:262,32,0,0
BRDA:262,32,1,0
BRF:71
BRH:0
end_of_record
TN:
SF:backend/controllers/parametresController.js
FN:3,(anonymous_0)
FN:4,(anonymous_1)
FN:34,(anonymous_2)
FNF:3
FNH:0
FNDA:0,(anonymous_0)
FNDA:0,(anonymous_1)
FNDA:0,(anonymous_2)
DA:1,9
DA:3,9
DA:4,9
DA:5,0
DA:31,0
DA:33,0
DA:34,0
DA:36,0
DA:37,0
LF:9
LH:3
BRDA:33,0,0,0
BRDA:33,0,1,0
BRDA:36,1,0,0
BRDA:36,1,1,0
BRF:4
BRH:0
end_of_record
TN:
SF:backend/controllers/preincriptionController.js
FN:34,(anonymous_0)
FN:141,(anonymous_1)
FN:180,(anonymous_2)
FN:195,(anonymous_3)
FNF:4
FNH:0
FNDA:0,(anonymous_0)
FNDA:0,(anonymous_1)
FNDA:0,(anonymous_2)
FNDA:0,(anonymous_3)
DA:2,9
DA:3,9
DA:4,9
DA:5,9
DA:6,9
DA:7,9
DA:11,9
DA:12,9
DA:14,9
DA:17,9
DA:19,9
DA:34,9
DA:35,0
DA:36,0
DA:37,0
DA:38,0
DA:39,0
DA:41,0
DA:42,0
DA:44,0
DA:45,0
DA:49,0
DA:50,0
DA:51,0
DA:55,0
DA:56,0
DA:57,0
DA:61,0
DA:63,0
DA:64,0
DA:66,0
DA:67,0
DA:77,0
DA:81,0
DA:82,0
DA:85,0
DA:86,0
DA:87,0
DA:88,0
DA:90,0
DA:91,0
DA:94,0
DA:95,0
DA:101,0
DA:104,0
DA:105,0
DA:111,0
DA:112,0
DA:117,0
DA:119,0
DA:120,0
DA:121,0
DA:122,0
DA:123,0
DA:124,0
DA:127,0
DA:131,0
DA:133,0
DA:136,0
DA:139,0
DA:140,0
DA:141,0
DA:142,0
DA:145,0
DA:148,0
DA:157,0
DA:158,0
DA:161,0
DA:162,0
DA:163,0
DA:165,0
DA:171,0
DA:173,0
DA:174,0
DA:175,0
DA:179,0
DA:180,0
DA:181,0
DA:183,0
DA:188,0
DA:191,0
DA:195,9
DA:196,0
DA:197,0
DA:198,0
DA:201,0
DA:202,0
DA:207,0
DA:208,0
DA:209,0
DA:211,0
LF:91
LH:13
BRDA:37,0,0,0
BRDA:37,0,1,0
BRDA:38,1,0,0
BRDA:38,1,1,0
BRDA:39,2,0,0
BRDA:39,2,1,0
BRDA:41,3,0,0
BRDA:41,3,1,0
BRDA:41,4,0,0
BRDA:41,4,1,0
BRDA:44,5,0,0
BRDA:44,5,1,0
BRDA:50,6,0,0
BRDA:50,6,1,0
BRDA:56,7,0,0
BRDA:56,7,1,0
BRDA:63,8,0,0
BRDA:63,8,1,0
BRDA:66,9,0,0
BRDA:66,9,1,0
BRDA:66,10,0,0
BRDA:66,10,1,0
BRDA:66,10,2,0
BRDA:81,11,0,0
BRDA:81,11,1,0
BRDA:94,12,0,0
BRDA:94,12,1,0
BRDA:104,13,0,0
BRDA:104,13,1,0
BRDA:111,14,0,0
BRDA:111,14,1,0
BRDA:123,15,0,0
BRDA:123,15,1,0
BRDA:123,16,0,0
BRDA:123,16,1,0
BRDA:133,17,0,0
BRDA:133,17,1,0
BRDA:133,18,0,0
BRDA:133,18,1,0
BRDA:139,19,0,0
BRDA:139,19,1,0
BRDA:140,20,0,0
BRDA:140,20,1,0
BRDA:142,21,0,0
BRDA:142,21,1,0
BRDA:150,22,0,0
BRDA:150,22,1,0
BRDA:152,23,0,0
BRDA:152,23,1,0
BRDA:153,24,0,0
BRDA:153,24,1,0
BRDA:154,25,0,0
BRDA:154,25,1,0
BRDA:161,26,0,0
BRDA:161,26,1,0
BRDA:162,27,0,0
BRDA:162,27,1,0
BRDA:173,28,0,0
BRDA:173,28,1,0
BRDA:173,29,0,0
BRDA:173,29,1,0
BRDA:179,30,0,0
BRDA:179,30,1,0
BRDA:181,31,0,0
BRDA:181,31,1,0
BRDA:197,32,0,0
BRDA:197,32,1,0
BRDA:207,33,0,0
BRDA:207,33,1,0
BRF:69
BRH:0
end_of_record
TN:
SF:backend/controllers/suggestionController.js
FN:13,(anonymous_0)
FN:42,(anonymous_1)
FN:52,(anonymous_2)
FN:103,(anonymous_3)
FNF:4
FNH:0
FNDA:0,(anonymous_0)
FNDA:0,(anonymous_1)
FNDA:0,(anonymous_2)
FNDA:0,(anonymous_3)
DA:2,9
DA:3,9
DA:4,9
DA:5,9
DA:9,9
DA:10,9
DA:11,9
DA:13,9
DA:14,0
DA:15,0
DA:16,0
DA:18,0
DA:19,0
DA:22,0
DA:23,0
DA:25,0
DA:26,0
DA:27,0
DA:30,0
DA:31,0
DA:32,0
DA:34,0
DA:35,0
DA:36,0
DA:37,0
DA:38,0
DA:41,0
DA:42,0
DA:43,0
DA:44,0
DA:50,0
DA:52,0
DA:53,0
DA:54,0
DA:58,0
DA:64,0
DA:66,0
DA:69,0
DA:70,0
DA:74,0
DA:75,0
DA:76,0
DA:78,0
DA:81,0
DA:83,0
DA:84,0
DA:85,0
DA:90,0
DA:91,0
DA:96,0
DA:99,0
DA:103,9
DA:104,0
DA:105,0
DA:106,0
DA:109,0
DA:110,0
DA:116,0
DA:117,0
DA:118,0
DA:120,0
LF:61
LH:9
BRDA:18,0,0,0
BRDA:18,0,1,0
BRDA:18,1,0,0
BRDA:18,1,1,0
BRDA:22,2,0,0
BRDA:22,2,1,0
BRDA:26,3,0,0
BRDA:26,3,1,0
BRDA:30,4,0,0
BRDA:30,4,1,0
BRDA:36,5,0,0
BRDA:36,5,1,0
BRDA:43,6,0,0
BRDA:43,6,1,0
BRDA:53,7,0,0
BRDA:53,7,1,0
BRDA:66,8,0,0
BRDA:66,8,1,0
BRDA:66,9,0,0
BRDA:66,9,1,0
BRDA:74,10,0,0
BRDA:74,10,1,0
BRDA:75,11,0,0
BRDA:75,11,1,0
BRDA:83,12,0,0
BRDA:83,12,1,0
BRDA:83,13,0,0
BRDA:83,13,1,0
BRDA:90,14,0,0
BRDA:90,14,1,0
BRDA:105,15,0,0
BRDA:105,15,1,0
BRDA:116,16,0,0
BRDA:116,16,1,0
BRF:34
BRH:0
end_of_record
TN:
SF:backend/controllers/updateController.js
FN:31,(anonymous_0)
FN:82,(anonymous_1)
FN:98,(anonymous_2)
FN:121,(anonymous_3)
FN:181,(anonymous_4)
FN:185,(anonymous_5)
FN:213,(anonymous_6)
FN:218,(anonymous_7)
FN:264,(anonymous_8)
FN:275,(anonymous_9)
FN:300,(anonymous_10)
FN:319,(anonymous_11)
FN:336,(anonymous_12)
FN:340,(anonymous_13)
FN:347,(anonymous_14)
FN:351,(anonymous_15)
FN:395,(anonymous_16)
FNF:17
FNH:0
FNDA:0,(anonymous_0)
FNDA:0,(anonymous_1)
FNDA:0,(anonymous_2)
FNDA:0,(anonymous_3)
FNDA:0,(anonymous_4)
FNDA:0,(anonymous_5)
FNDA:0,(anonymous_6)
FNDA:0,(anonymous_7)
FNDA:0,(anonymous_8)
FNDA:0,(anonymous_9)
FNDA:0,(anonymous_10)
FNDA:0,(anonymous_11)
FNDA:0,(anonymous_12)
FNDA:0,(anonymous_13)
FNDA:0,(anonymous_14)
FNDA:0,(anonymous_15)
FNDA:0,(anonymous_16)
DA:1,9
DA:2,9
DA:3,9
DA:4,9
DA:5,9
DA:6,9
DA:8,9
DA:9,9
DA:10,9
DA:11,9
DA:12,9
DA:18,9
DA:19,9
DA:20,9
DA:21,9
DA:22,9
DA:23,9
DA:24,9
DA:25,9
DA:27,9
DA:29,9
DA:31,9
DA:32,0
DA:47,0
DA:48,0
DA:53,0
DA:58,0
DA:64,0
DA:65,0
DA:68,0
DA:71,0
DA:73,0
DA:75,0
DA:76,0
DA:79,0
DA:82,9
DA:83,0
DA:84,0
DA:86,0
DA:87,0
DA:93,0
DA:95,0
DA:98,0
DA:99,0
DA:105,0
DA:106,0
DA:107,0
DA:109,0
DA:113,0
DA:115,0
DA:118,0
DA:121,9
DA:174,0
DA:178,0
DA:181,9
DA:182,0
DA:184,0
DA:185,0
DA:186,0
DA:187,0
DA:191,0
DA:197,0
DA:200,0
DA:203,0
DA:204,0
DA:207,0
DA:209,0
DA:213,9
DA:214,0
DA:215,0
DA:216,0
DA:218,0
DA:219,0
DA:220,0
DA:238,0
DA:240,0
DA:241,0
DA:245,0
DA:246,0
DA:249,0
DA:250,0
DA:251,0
DA:254,0
DA:256,0
DA:260,0
DA:264,9
DA:265,0
DA:266,0
DA:267,0
DA:271,0
DA:275,0
DA:276,0
DA:277,0
DA:280,0
DA:289,0
DA:292,0
DA:294,0
DA:296,0
DA:300,9
DA:301,0
DA:302,0
DA:303,0
DA:304,0
DA:305,0
DA:308,0
DA:311,0
DA:315,0
DA:319,0
DA:333,0
DA:335,0
DA:336,0
DA:339,0
DA:340,0
DA:342,0
DA:346,0
DA:347,0
DA:350,0
DA:351,0
DA:354,0
DA:368,0
DA:370,0
DA:371,0
DA:377,0
DA:378,0
DA:380,0
DA:381,0
DA:384,0
DA:388,0
DA:392,0
DA:395,9
DA:396,0
DA:397,0
DA:402,0
DA:404,0
DA:411,0
DA:415,0
DA:416,0
DA:418,0
DA:424,0
DA:426,0
DA:428,0
LF:141
LH:29
BRDA:64,0,0,0
BRDA:64,0,1,0
BRDA:64,1,0,0
BRDA:64,1,1,0
BRDA:64,1,2,0
BRDA:71,2,0,0
BRDA:71,2,1,0
BRDA:93,3,0,0
BRDA:93,3,1,0
BRDA:107,4,0,0
BRDA:107,4,1,0
BRDA:113,5,0,0
BRDA:113,5,1,0
BRDA:197,6,0,0
BRDA:197,6,1,0
BRDA:207,7,0,0
BRDA:207,7,1,0
BRDA:238,8,0,0
BRDA:238,8,1,0
BRDA:249,9,0,0
BRDA:249,9,1,0
BRDA:254,10,0,0
BRDA:254,10,1,0
BRDA:335,11,0,0
BRDA:335,11,1,0
BRDA:350,12,0,0
BRDA:350,12,1,0
BRDA:357,13,0,0
BRDA:357,13,1,0
BRDA:358,14,0,0
BRDA:358,14,1,0
BRDA:359,15,0,0
BRDA:359,15,1,0
BRDA:360,16,0,0
BRDA:360,16,1,0
BRDA:361,17,0,0
BRDA:361,17,1,0
BRDA:362,18,0,0
BRDA:362,18,1,0
BRDA:363,19,0,0
BRDA:363,19,1,0
BRDA:365,20,0,0
BRDA:365,20,1,0
BRDA:365,21,0,0
BRDA:365,21,1,0
BRDA:370,22,0,0
BRDA:370,22,1,0
BRDA:370,23,0,0
BRDA:370,23,1,0
BRDA:380,24,0,0
BRDA:380,24,1,0
BRDA:380,25,0,0
BRDA:380,25,1,0
BRDA:402,26,0,0
BRDA:402,26,1,0
BRDA:415,27,0,0
BRDA:415,27,1,0
BRF:57
BRH:0
end_of_record
TN:
SF:backend/database/config.js
FNF:0
FNH:0
DA:1,14
DA:3,14
LF:2
LH:2
BRF:0
BRH:0
end_of_record
TN:
SF:backend/database/models/album_files.js
FN:3,(anonymous_0)
FN:10,(anonymous_1)
FNF:2
FNH:1
FNDA:14,(anonymous_0)
FNDA:0,(anonymous_1)
DA:1,14
DA:3,14
DA:14,14
DA:25,14
LF:4
LH:4
BRF:0
BRH:0
end_of_record
TN:
SF:backend/database/models/albums.js
FN:3,(anonymous_0)
FN:10,(anonymous_1)
FNF:2
FNH:1
FNDA:14,(anonymous_0)
FNDA:0,(anonymous_1)
DA:1,14
DA:3,14
DA:14,14
DA:25,14
LF:4
LH:4
BRF:0
BRH:0
end_of_record
TN:
SF:backend/database/models/card_files.js
FN:3,(anonymous_0)
FN:10,(anonymous_1)
FNF:2
FNH:1
FNDA:14,(anonymous_0)
FNDA:0,(anonymous_1)
DA:1,14
DA:3,14
DA:14,14
DA:25,14
LF:4
LH:4
BRF:0
BRH:0
end_of_record
TN:
SF:backend/database/models/cards.js
FN:3,(anonymous_0)
FN:10,(anonymous_1)
FNF:2
FNH:1
FNDA:14,(anonymous_0)
FNDA:0,(anonymous_1)
DA:1,14
DA:3,14
DA:14,14
DA:25,14
LF:4
LH:4
BRF:0
BRH:0
end_of_record
TN:
SF:backend/database/models/dialogs.js
FN:3,(anonymous_0)
FN:10,(anonymous_1)
FNF:2
FNH:1
FNDA:14,(anonymous_0)
FNDA:0,(anonymous_1)
DA:1,14
DA:3,14
DA:14,14
DA:25,14
LF:4
LH:4
BRF:0
BRH:0
end_of_record
TN:
SF:backend/database/models/entities.js
FN:3,(anonymous_0)
FN:10,(anonymous_1)
FNF:2
FNH:2
FNDA:14,(anonymous_0)
FNDA:14,(anonymous_1)
DA:1,14
DA:3,14
DA:11,14
DA:18,14
DA:73,14
LF:5
LH:5
BRF:0
BRH:0
end_of_record
TN:
SF:backend/database/models/files.js
FN:3,(anonymous_0)
FN:10,(anonymous_1)
FNF:2
FNH:1
FNDA:14,(anonymous_0)
FNDA:0,(anonymous_1)
DA:1,14
DA:3,14
DA:14,14
DA:25,14
LF:4
LH:4
BRF:0
BRH:0
end_of_record
TN:
SF:backend/database/models/index.js
FN:27,(anonymous_0)
FN:32,(anonymous_1)
FN:41,(anonymous_2)
FNF:3
FNH:3
FNDA:252,(anonymous_0)
FNDA:238,(anonymous_1)
FNDA:70,(anonymous_2)
DA:3,14
DA:4,14
DA:5,14
DA:7,14
DA:8,14
DA:11,14
DA:12,14
DA:15,14
DA:16,0
DA:18,14
DA:26,14
DA:28,252
DA:34,238
DA:38,238
DA:41,14
DA:42,70
DA:43,70
DA:47,14
DA:48,14
DA:50,14
LF:20
LH:19
BRDA:8,0,0,14
BRDA:8,0,1,0
BRDA:15,1,0,0
BRDA:15,1,1,14
BRDA:29,2,0,252
BRDA:29,2,1,252
BRDA:29,2,2,238
BRDA:42,3,0,70
BRDA:42,3,1,0
BRF:9
BRH:6
end_of_record
TN:
SF:backend/database/models/mails.js
FN:3,(anonymous_0)
FN:10,(anonymous_1)
FNF:2
FNH:1
FNDA:14,(anonymous_0)
FNDA:0,(anonymous_1)
DA:1,14
DA:3,14
DA:14,14
DA:25,14
LF:4
LH:4
BRF:0
BRH:0
end_of_record
TN:
SF:backend/database/models/pages.js
FN:3,(anonymous_0)
FN:10,(anonymous_1)
FNF:2
FNH:1
FNDA:14,(anonymous_0)
FNDA:0,(anonymous_1)
DA:1,14
DA:3,14
DA:14,14
DA:25,14
LF:4
LH:4
BRF:0
BRH:0
end_of_record
TN:
SF:backend/database/models/paper_files.js
FN:3,(anonymous_0)
FN:10,(anonymous_1)
FNF:2
FNH:1
FNDA:14,(anonymous_0)
FNDA:0,(anonymous_1)
DA:1,14
DA:3,14
DA:14,14
DA:25,14
LF:4
LH:4
BRF:0
BRH:0
end_of_record
TN:
SF:backend/database/models/papers.js
FN:3,(anonymous_0)
FN:10,(anonymous_1)
FNF:2
FNH:1
FNDA:14,(anonymous_0)
FNDA:0,(anonymous_1)
DA:1,14
DA:3,14
DA:14,14
DA:25,14
LF:4
LH:4
BRF:0
BRH:0
end_of_record
TN:
SF:backend/database/models/preinscription_files.js
FN:3,(anonymous_0)
FN:10,(anonymous_1)
FNF:2
FNH:1
FNDA:14,(anonymous_0)
FNDA:0,(anonymous_1)
DA:1,14
DA:3,14
DA:14,14
DA:25,14
LF:4
LH:4
BRF:0
BRH:0
end_of_record
TN:
SF:backend/database/models/preinscriptions.js
FN:3,(anonymous_0)
FN:10,(anonymous_1)
FNF:2
FNH:1
FNDA:14,(anonymous_0)
FNDA:0,(anonymous_1)
DA:1,14
DA:3,14
DA:14,14
DA:25,14
LF:4
LH:4
BRF:0
BRH:0
end_of_record
TN:
SF:backend/database/models/roles.js
FN:4,(anonymous_0)
FN:6,(anonymous_1)
FN:8,(anonymous_2)
FN:52,(anonymous_3)
FNF:4
FNH:4
FNDA:14,(anonymous_0)
FNDA:14,(anonymous_1)
FNDA:13,(anonymous_2)
FNDA:19,(anonymous_3)
DA:1,14
DA:2,14
DA:4,14
DA:9,13
DA:12,14
DA:53,19
DA:54,19
DA:56,18
DA:66,14
LF:9
LH:9
BRDA:54,0,0,18
BRDA:54,0,1,1
BRF:2
BRH:2
end_of_record
TN:
SF:backend/database/models/suggestions.js
FN:3,(anonymous_0)
FN:10,(anonymous_1)
FNF:2
FNH:2
FNDA:14,(anonymous_0)
FNDA:14,(anonymous_1)
DA:1,14
DA:3,14
DA:14,14
DA:25,14
LF:4
LH:4
BRF:0
BRH:0
end_of_record
TN:
SF:backend/database/models/user_entities.js
FN:3,(anonymous_0)
FN:10,(anonymous_1)
FNF:2
FNH:2
FNDA:14,(anonymous_0)
FNDA:14,(anonymous_1)
DA:1,14
DA:3,14
DA:26,14
DA:34,14
LF:4
LH:4
BRF:0
BRH:0
end_of_record
TN:
SF:backend/database/models/users.js
FN:4,(anonymous_0)
FN:6,(anonymous_1)
FN:29,(anonymous_2)
FN:106,(anonymous_3)
FNF:4
FNH:4
FNDA:14,(anonymous_0)
FNDA:14,(anonymous_1)
FNDA:4,(anonymous_2)
FNDA:21,(anonymous_3)
DA:1,14
DA:2,14
DA:4,14
DA:7,14
DA:12,14
DA:17,14
DA:22,14
DA:30,4
DA:33,14
DA:107,21
DA:108,21
DA:109,20
DA:110,20
DA:112,20
DA:122,14
LF:15
LH:15
BRDA:108,0,0,20
BRDA:108,0,1,1
BRF:2
BRH:2
end_of_record
TN:
SF:backend/globalServices/mailer/index.js
FN:51,(anonymous_0)
FN:87,(anonymous_1)
FN:127,(anonymous_2)
FN:181,(anonymous_3)
FN:247,(anonymous_4)
FN:277,(anonymous_5)
FN:309,(anonymous_6)
FN:340,(anonymous_7)
FN:370,(anonymous_8)
FNF:9
FNH:0
FNDA:0,(anonymous_0)
FNDA:0,(anonymous_1)
FNDA:0,(anonymous_2)
FNDA:0,(anonymous_3)
FNDA:0,(anonymous_4)
FNDA:0,(anonymous_5)
FNDA:0,(anonymous_6)
FNDA:0,(anonymous_7)
FNDA:0,(anonymous_8)
DA:1,9
DA:2,9
DA:3,9
DA:4,9
DA:5,9
DA:6,9
DA:7,9
DA:8,9
DA:9,9
DA:10,9
DA:11,9
DA:13,9
DA:15,9
DA:19,9
DA:23,9
DA:24,9
DA:27,9
DA:45,9
DA:47,9
DA:51,9
DA:52,0
DA:63,0
DA:64,0
DA:68,0
DA:72,0
DA:73,0
DA:76,0
DA:82,0
DA:84,0
DA:87,9
DA:88,0
DA:99,0
DA:100,0
DA:105,0
DA:106,0
DA:107,0
DA:114,0
DA:121,0
DA:123,0
DA:127,9
DA:128,0
DA:179,0
DA:181,9
DA:182,0
DA:185,0
DA:235,0
DA:236,0
DA:244,0
DA:247,9
DA:248,0
DA:259,0
DA:261,0
DA:268,0
DA:275,0
DA:277,9
DA:278,0
DA:289,0
DA:290,0
DA:300,0
DA:307,0
DA:309,9
DA:310,0
DA:321,0
DA:323,0
DA:331,0
DA:338,0
DA:340,9
DA:341,0
DA:352,0
DA:354,0
DA:361,0
DA:368,0
DA:370,9
DA:371,0
DA:382,0
DA:384,0
DA:392,0
DA:399,0
LF:78
LH:28
BRDA:27,0,0,0
BRDA:27,0,1,9
BRDA:47,1,0,0
BRDA:47,1,1,9
BRDA:182,2,0,0
BRDA:182,2,1,0
BRDA:235,3,0,0
BRDA:235,3,1,0
BRF:8
BRH:2
end_of_record
TN:
SF:backend/globalServices/mailer/sendMailService.js
FN:3,(anonymous_0)
FN:7,(anonymous_1)
FNF:2
FNH:0
FNDA:0,(anonymous_0)
FNDA:0,(anonymous_1)
DA:1,9
DA:3,9
DA:4,0
DA:6,0
DA:7,0
DA:8,0
DA:9,0
DA:12,0
DA:16,9
LF:9
LH:3
BRDA:8,0,0,0
BRDA:8,0,1,0
BRF:2
BRH:0
end_of_record
TN:
SF:backend/middlewares/handleErrors.js
FN:3,(anonymous_0)
FNF:1
FNH:1
FNDA:1,(anonymous_0)
DA:1,9
DA:3,9
DA:4,1
DA:5,1
DA:11,0
DA:17,9
LF:6
LH:5
BRDA:4,0,0,1
BRDA:4,0,1,0
BRF:2
BRH:1
end_of_record
TN:
SF:backend/middlewares/validate.js
FN:4,(anonymous_0)
FN:4,(anonymous_1)
FNF:2
FNH:2
FNDA:81,(anonymous_0)
FNDA:26,(anonymous_1)
DA:1,9
DA:2,9
DA:4,81
DA:6,26
DA:8,86
DA:9,86
DA:12,26
DA:13,26
DA:14,25
DA:17,1
DA:22,9
LF:11
LH:11
BRDA:9,0,0,1
BRDA:9,0,1,85
BRDA:13,1,0,25
BRDA:13,1,1,1
BRF:4
BRH:4
end_of_record
TN:
SF:backend/models/Album.js
FNF:0
FNH:0
DA:1,9
DA:3,9
DA:61,9
LF:3
LH:3
BRF:0
BRH:0
end_of_record
TN:
SF:backend/models/AlbumP.js
FNF:0
FNH:0
DA:1,9
DA:2,9
DA:3,9
DA:5,9
DA:40,9
DA:41,9
DA:43,9
LF:7
LH:7
BRF:0
BRH:0
end_of_record
TN:
SF:backend/models/CardImages.js
FNF:0
FNH:0
DA:1,9
DA:2,9
DA:3,9
DA:5,9
DA:6,9
DA:7,9
DA:9,9
LF:7
LH:7
BRF:0
BRH:0
end_of_record
TN:
SF:backend/models/CardP.js
FNF:0
FNH:0
DA:1,9
DA:2,9
DA:3,9
DA:5,9
DA:26,9
LF:5
LH:5
BRF:0
BRH:0
end_of_record
TN:
SF:backend/models/Chemin.js
FNF:0
FNH:0
DA:1,9
DA:3,9
DA:34,9
LF:3
LH:3
BRF:0
BRH:0
end_of_record
TN:
SF:backend/models/DialogP.js
FNF:0
FNH:0
DA:1,9
DA:2,9
DA:4,9
DA:34,9
LF:4
LH:4
BRF:0
BRH:0
end_of_record
TN:
SF:backend/models/Entity.js
FNF:0
FNH:0
DA:1,9
DA:3,9
DA:5,9
DA:41,9
DA:43,9
LF:5
LH:5
BRF:0
BRH:0
end_of_record
TN:
SF:backend/models/EntityP.js
FNF:0
FNH:0
DA:1,9
DA:2,9
DA:3,9
DA:4,9
DA:5,9
DA:6,9
DA:7,9
DA:8,9
DA:10,9
DA:36,9
DA:37,9
DA:39,9
DA:40,9
DA:42,9
DA:43,9
DA:45,9
DA:46,9
DA:48,9
DA:49,9
DA:51,9
LF:20
LH:20
BRF:0
BRH:0
end_of_record
TN:
SF:backend/models/EventP.js
FNF:0
FNH:0
DA:1,9
DA:2,9
DA:4,9
DA:34,9
LF:4
LH:4
BRF:0
BRH:0
end_of_record
TN:
SF:backend/models/FileP.js
FNF:0
FNH:0
DA:1,9
DA:2,9
DA:4,9
DA:25,9
LF:4
LH:4
BRF:0
BRH:0
end_of_record
TN:
SF:backend/models/Image.js
FNF:0
FNH:0
DA:1,9
DA:3,9
DA:29,9
LF:3
LH:3
BRF:0
BRH:0
end_of_record
TN:
SF:backend/models/MailP.js
FNF:0
FNH:0
DA:1,9
DA:2,9
DA:3,9
DA:5,9
DA:57,9
DA:58,9
DA:60,9
LF:7
LH:7
BRF:0
BRH:0
end_of_record
TN:
SF:backend/models/Page.js
FNF:0
FNH:0
DA:1,9
DA:3,9
DA:34,9
LF:3
LH:3
BRF:0
BRH:0
end_of_record
TN:
SF:backend/models/PageP.js
FNF:0
FNH:0
DA:1,9
DA:2,9
DA:3,9
DA:5,9
DA:21,9
LF:5
LH:5
BRF:0
BRH:0
end_of_record
TN:
SF:backend/models/Paper.js
FNF:0
FNH:0
DA:1,9
DA:3,9
DA:83,9
LF:3
LH:3
BRF:0
BRH:0
end_of_record
TN:
SF:backend/models/PaperFiles.js
FNF:0
FNH:0
DA:1,9
DA:2,9
DA:3,9
DA:5,9
DA:6,9
DA:7,9
DA:9,9
LF:7
LH:7
BRF:0
BRH:0
end_of_record
TN:
SF:backend/models/PaperP.js
FNF:0
FNH:0
DA:1,9
DA:2,9
DA:4,9
DA:50,9
LF:4
LH:4
BRF:0
BRH:0
end_of_record
TN:
SF:backend/models/Preinscription.js
FNF:0
FNH:0
DA:1,9
DA:3,9
DA:47,9
LF:3
LH:3
BRF:0
BRH:0
end_of_record
TN:
SF:backend/models/PreinscriptionFiles.js
FNF:0
FNH:0
DA:1,9
DA:2,9
DA:3,9
DA:5,9
DA:10,9
DA:11,9
DA:13,9
LF:7
LH:7
BRF:0
BRH:0
end_of_record
TN:
SF:backend/models/PreinscriptionP.js
FNF:0
FNH:0
DA:1,9
DA:2,9
DA:3,9
DA:5,9
DA:41,9
DA:42,9
DA:44,9
LF:7
LH:7
BRF:0
BRH:0
end_of_record
TN:
SF:backend/models/Role.js
FNF:0
FNH:0
DA:1,9
DA:3,9
DA:26,9
LF:3
LH:3
BRF:0
BRH:0
end_of_record
TN:
SF:backend/models/RoleP.js
FNF:0
FNH:0
DA:1,9
DA:2,9
DA:4,9
DA:19,9
LF:4
LH:4
BRF:0
BRH:0
end_of_record
TN:
SF:backend/models/Suggestion.js
FNF:0
FNH:0
DA:1,9
DA:3,9
DA:36,9
LF:3
LH:3
BRF:0
BRH:0
end_of_record
TN:
SF:backend/models/SuggestionP.js
FNF:0
FNH:0
DA:1,9
DA:2,9
DA:4,9
DA:33,9
LF:4
LH:4
BRF:0
BRH:0
end_of_record
TN:
SF:backend/models/TestP.js
FNF:0
FNH:0
DA:1,9
DA:2,9
DA:4,9
DA:22,9
LF:4
LH:4
BRF:0
BRH:0
end_of_record
TN:
SF:backend/models/User.js
FNF:0
FNH:0
DA:1,9
DA:3,9
DA:73,9
LF:3
LH:3
BRF:0
BRH:0
end_of_record
TN:
SF:backend/models/UserEntities.js
FNF:0
FNH:0
DA:1,9
DA:2,9
DA:3,9
DA:5,9
DA:6,9
DA:7,9
DA:9,9
LF:7
LH:7
BRF:0
BRH:0
end_of_record
TN:
SF:backend/models/UserP.js
FNF:0
FNH:0
DA:1,9
DA:2,9
DA:3,9
DA:4,9
DA:5,9
DA:6,9
DA:7,9
DA:8,9
DA:9,9
DA:11,9
DA:62,9
DA:63,9
DA:65,9
DA:66,9
DA:68,9
DA:69,9
DA:71,9
DA:72,9
DA:74,9
DA:75,9
DA:77,9
DA:78,9
DA:80,9
DA:81,9
DA:83,9
LF:25
LH:25
BRF:0
BRH:0
end_of_record
TN:
SF:backend/models/UserRoles.js
FNF:0
FNH:0
DA:1,9
DA:2,9
DA:3,9
DA:5,9
DA:6,9
DA:7,9
DA:9,9
LF:7
LH:7
BRF:0
BRH:0
end_of_record
TN:
SF:backend/modules/authModule/authController.js
FN:9,(anonymous_0)
FN:39,(anonymous_1)
FNF:2
FNH:2
FNDA:5,(anonymous_0)
FNDA:10,(anonymous_1)
DA:1,9
DA:2,9
DA:3,9
DA:4,9
DA:5,9
DA:6,9
DA:7,9
DA:9,9
DA:10,5
DA:12,5
DA:13,5
DA:14,5
DA:15,5
DA:16,0
DA:18,5
DA:20,5
DA:21,0
DA:27,5
DA:28,5
DA:29,0
DA:31,5
DA:36,0
DA:39,9
DA:40,10
DA:42,10
DA:50,10
DA:52,10
DA:54,10
DA:55,10
DA:61,0
DA:63,0
DA:64,0
LF:32
LH:25
BRDA:14,0,0,0
BRDA:14,0,1,5
BRDA:15,1,0,0
BRDA:15,1,1,5
BRDA:20,2,0,0
BRDA:20,2,1,5
BRDA:20,3,0,5
BRDA:20,3,1,5
BRDA:28,4,0,0
BRDA:28,4,1,5
BRDA:52,5,0,0
BRDA:52,5,1,10
BRDA:54,6,0,10
BRDA:54,6,1,0
BRDA:54,7,0,10
BRDA:54,7,1,10
BRDA:63,8,0,0
BRDA:63,8,1,0
BRF:18
BRH:10
end_of_record
TN:
SF:backend/modules/authModule/authIncludes.js
FNF:0
FNH:0
DA:1,9
DA:3,9
LF:2
LH:2
BRF:0
BRH:0
end_of_record
TN:
SF:backend/modules/authModule/authRouter.js
FNF:0
FNH:0
DA:1,9
DA:2,9
DA:3,9
DA:4,9
DA:7,9
DA:10,9
DA:12,9
LF:7
LH:7
BRF:0
BRH:0
end_of_record
TN:
SF:backend/modules/authModule/middlewares/verifyTokenMiiddleware.js
FN:11,(anonymous_0)
FNF:1
FNH:1
FNDA:4,(anonymous_0)
DA:2,9
DA:8,9
DA:9,9
DA:11,9
DA:12,4
DA:13,4
DA:14,0
DA:21,4
DA:22,4
DA:23,4
DA:24,4
DA:25,4
DA:26,4
DA:28,4
DA:42,4
DA:43,0
DA:45,4
DA:46,4
DA:48,0
DA:54,4
DA:57,9
LF:21
LH:18
BRDA:13,0,0,0
BRDA:13,0,1,4
BRDA:25,1,0,0
BRDA:25,1,1,4
BRDA:42,2,0,0
BRDA:42,2,1,4
BRF:6
BRH:3
end_of_record
TN:
SF:backend/modules/authModule/middlewares/authorizations/isAdminMiddleWare.js
FN:3,(anonymous_0)
FN:8,(anonymous_1)
FNF:2
FNH:2
FNDA:2,(anonymous_0)
FNDA:2,(anonymous_1)
DA:1,9
DA:3,9
DA:4,2
DA:6,2
DA:8,2
DA:10,2
DA:12,2
DA:14,2
DA:15,0
DA:19,2
DA:22,9
LF:11
LH:10
BRDA:14,0,0,0
BRDA:14,0,1,2
BRF:2
BRH:1
end_of_record
TN:
SF:backend/modules/authModule/middlewares/authorizations/isSuperuserMiddleware.js
FN:3,(anonymous_0)
FN:6,(anonymous_1)
FNF:2
FNH:1
FNDA:1,(anonymous_0)
FNDA:0,(anonymous_1)
DA:1,9
DA:3,9
DA:4,1
DA:6,1
DA:8,1
DA:10,1
DA:12,1
DA:16,1
DA:18,1
DA:19,0
DA:23,1
DA:26,9
LF:12
LH:11
BRDA:12,0,0,1
BRDA:12,0,1,1
BRDA:12,0,2,1
BRDA:16,1,0,1
BRDA:16,1,1,0
BRDA:18,2,0,0
BRDA:18,2,1,1
BRF:7
BRH:5
end_of_record
TN:
SF:backend/modules/authModule/middlewares/validators/loginValidator.js
FNF:0
FNH:0
DA:1,9
DA:2,9
DA:3,9
DA:5,9
DA:22,9
LF:5
LH:5
BRF:0
BRH:0
end_of_record
TN:
SF:backend/modules/authModule/middlewares/validators/registerValidator.js
FN:30,(anonymous_0)
FN:37,(anonymous_1)
FN:56,(anonymous_2)
FNF:3
FNH:3
FNDA:10,(anonymous_0)
FNDA:10,(anonymous_1)
FNDA:10,(anonymous_2)
DA:1,9
DA:2,9
DA:3,9
DA:4,9
DA:5,9
DA:7,9
DA:31,10
DA:38,10
DA:40,0
DA:57,10
DA:58,0
DA:60,10
DA:64,9
LF:13
LH:11
BRDA:38,0,0,0
BRDA:38,0,1,10
BRDA:57,1,0,0
BRDA:57,1,1,10
BRF:4
BRH:2
end_of_record
TN:
SF:backend/modules/authModule/services/createUserService.js
FN:3,(anonymous_0)
FNF:1
FNH:1
FNDA:10,(anonymous_0)
DA:1,9
DA:3,9
DA:4,10
DA:5,10
DA:7,10
DA:9,0
DA:13,9
LF:7
LH:6
BRF:0
BRH:0
end_of_record
TN:
SF:backend/modules/authModule/services/generateTokenService.js
FN:5,(anonymous_0)
FNF:1
FNH:1
FNDA:5,(anonymous_0)
DA:1,9
DA:2,9
DA:5,9
DA:6,5
DA:20,9
LF:5
LH:5
BRF:0
BRH:0
end_of_record
TN:
SF:backend/modules/authModule/services/verifyPasswordService.js
FN:3,(anonymous_0)
FNF:1
FNH:1
FNDA:5,(anonymous_0)
DA:1,9
DA:3,9
DA:4,5
DA:5,5
DA:8,9
LF:5
LH:5
BRF:0
BRH:0
end_of_record
TN:
SF:backend/modules/authModule/services/verifyUserService.js
FN:4,(anonymous_0)
FNF:1
FNH:1
FNDA:5,(anonymous_0)
DA:1,9
DA:2,9
DA:4,9
DA:5,5
DA:6,5
DA:10,5
DA:12,0
DA:16,9
LF:8
LH:7
BRF:0
BRH:0
end_of_record
TN:
SF:backend/modules/roleModule/roleController.js
FN:11,(anonymous_0)
FN:23,(anonymous_1)
FN:34,(anonymous_2)
FN:42,(anonymous_3)
FN:68,(anonymous_4)
FNF:5
FNH:4
FNDA:6,(anonymous_0)
FNDA:1,(anonymous_1)
FNDA:1,(anonymous_2)
FNDA:1,(anonymous_3)
FNDA:0,(anonymous_4)
DA:1,9
DA:2,9
DA:3,9
DA:4,9
DA:5,9
DA:6,9
DA:7,9
DA:9,9
DA:11,9
DA:12,6
DA:14,6
DA:16,6
DA:18,6
DA:23,9
DA:24,1
DA:26,1
DA:28,1
DA:29,1
DA:30,1
DA:34,9
DA:35,1
DA:37,1
DA:38,1
DA:39,0
DA:40,1
DA:42,9
DA:43,1
DA:45,1
DA:47,1
DA:48,1
DA:53,1
DA:55,1
DA:56,1
DA:61,0
DA:65,0
DA:68,9
DA:69,0
DA:71,0
DA:73,0
DA:74,0
DA:75,0
LF:41
LH:33
BRDA:16,0,0,0
BRDA:16,0,1,6
BRDA:28,1,0,0
BRDA:28,1,1,1
BRDA:29,2,0,0
BRDA:29,2,1,1
BRDA:37,3,0,0
BRDA:37,3,1,1
BRDA:38,4,0,0
BRDA:38,4,1,1
BRDA:38,5,0,1
BRDA:38,5,1,1
BRDA:53,6,0,0
BRDA:53,6,1,1
BRDA:55,7,0,1
BRDA:55,7,1,0
BRDA:73,8,0,0
BRDA:73,8,1,0
BRDA:74,9,0,0
BRDA:74,9,1,0
BRF:20
BRH:9
end_of_record
TN:
SF:backend/modules/roleModule/roleRouter.js
FNF:0
FNH:0
DA:1,9
DA:2,9
DA:3,9
DA:10,9
DA:11,9
DA:12,9
DA:13,9
DA:14,9
DA:17,9
DA:20,9
DA:29,9
DA:32,9
DA:41,9
DA:49,9
LF:14
LH:14
BRF:0
BRH:0
end_of_record
TN:
SF:backend/modules/roleModule/middlewares/validators/deleteRoleValidator.js
FNF:0
FNH:0
DA:1,9
DA:2,9
DA:4,9
DA:13,9
LF:4
LH:4
BRF:0
BRH:0
end_of_record
TN:
SF:backend/modules/roleModule/middlewares/validators/getRoleValidator.js
FNF:0
FNH:0
DA:1,9
DA:2,9
DA:3,9
DA:5,9
DA:14,9
LF:5
LH:5
BRF:0
BRH:0
end_of_record
TN:
SF:backend/modules/roleModule/middlewares/validators/postRoleValidator.js
FNF:0
FNH:0
DA:1,9
DA:2,9
DA:4,9
DA:23,9
LF:4
LH:4
BRF:0
BRH:0
end_of_record
TN:
SF:backend/modules/roleModule/middlewares/validators/putRoleValidator.js
FNF:0
FNH:0
DA:1,9
DA:2,9
DA:4,9
DA:33,9
LF:4
LH:4
BRF:0
BRH:0
end_of_record
TN:
SF:backend/modules/roleModule/services/createRoleService.js
FN:3,(anonymous_0)
FNF:1
FNH:1
FNDA:6,(anonymous_0)
DA:1,9
DA:3,9
DA:4,6
DA:5,6
DA:7,6
DA:9,0
DA:16,9
LF:7
LH:6
BRF:0
BRH:0
end_of_record
TN:
SF:backend/modules/roleModule/services/deleteRoleService.js
FN:3,(anonymous_0)
FNF:1
FNH:0
FNDA:0,(anonymous_0)
DA:1,9
DA:3,9
DA:4,0
DA:5,0
DA:9,0
DA:11,0
DA:15,9
LF:7
LH:3
BRF:0
BRH:0
end_of_record
TN:
SF:backend/modules/roleModule/services/getRoleService.js
FN:3,(anonymous_0)
FNF:1
FNH:1
FNDA:1,(anonymous_0)
DA:1,9
DA:3,9
DA:4,1
DA:5,1
DA:10,1
DA:12,0
DA:19,9
LF:7
LH:6
BRF:0
BRH:0
end_of_record
TN:
SF:backend/modules/roleModule/services/listRoleService.js
FN:3,(anonymous_0)
FNF:1
FNH:1
FNDA:1,(anonymous_0)
DA:1,9
DA:3,9
DA:4,1
DA:5,1
DA:9,1
DA:11,0
DA:18,9
LF:7
LH:6
BRF:0
BRH:0
end_of_record
TN:
SF:backend/modules/roleModule/services/putRoleService.js
FN:3,(anonymous_0)
FNF:1
FNH:1
FNDA:1,(anonymous_0)
DA:1,9
DA:3,9
DA:4,1
DA:5,1
DA:6,1
DA:8,1
DA:13,1
DA:15,0
DA:19,9
LF:9
LH:8
BRF:0
BRH:0
end_of_record
TN:
SF:backend/modules/userModule/userController.js
FN:12,(anonymous_0)
FN:21,(anonymous_1)
FN:28,(anonymous_2)
FN:70,(anonymous_3)
FNF:4
FNH:3
FNDA:1,(anonymous_0)
FNDA:1,(anonymous_1)
FNDA:1,(anonymous_2)
FNDA:0,(anonymous_3)
DA:1,9
DA:2,9
DA:3,9
DA:4,9
DA:5,9
DA:6,9
DA:7,9
DA:8,9
DA:10,9
DA:12,9
DA:13,1
DA:15,1
DA:17,1
DA:18,1
DA:19,1
DA:21,9
DA:22,1
DA:24,1
DA:25,1
DA:26,1
DA:28,9
DA:29,1
DA:30,1
DA:31,1
DA:33,1
DA:34,1
DA:36,0
DA:38,0
DA:39,0
DA:40,0
DA:42,1
DA:44,0
DA:46,0
DA:49,1
DA:55,1
DA:57,1
DA:58,1
DA:63,0
DA:67,0
DA:70,9
DA:71,0
DA:73,0
DA:75,0
DA:76,0
DA:77,0
LF:45
LH:32
BRDA:17,0,0,0
BRDA:17,0,1,1
BRDA:18,1,0,0
BRDA:18,1,1,1
BRDA:24,2,0,0
BRDA:24,2,1,1
BRDA:25,3,0,0
BRDA:25,3,1,1
BRDA:34,4,0,0
BRDA:34,4,1,1
BRDA:38,5,0,0
BRDA:38,5,1,0
BRDA:40,6,0,0
BRDA:40,6,1,0
BRDA:42,7,0,0
BRDA:42,7,1,1
BRDA:46,8,0,0
BRDA:46,8,1,0
BRDA:55,9,0,0
BRDA:55,9,1,1
BRDA:57,10,0,1
BRDA:57,10,1,0
BRDA:75,11,0,0
BRDA:75,11,1,0
BRDA:76,12,0,0
BRDA:76,12,1,0
BRF:26
BRH:8
end_of_record
TN:
SF:backend/modules/userModule/userRouter.js
FNF:0
FNH:0
DA:1,9
DA:2,9
DA:3,9
DA:4,9
DA:5,9
DA:6,9
DA:7,9
DA:8,9
DA:10,9
DA:13,9
DA:16,9
DA:25,9
DA:33,9
LF:13
LH:13
BRF:0
BRH:0
end_of_record
TN:
SF:backend/modules/userModule/middlewares/validators/deleteUserValidator.js
FNF:0
FNH:0
DA:1,9
DA:2,9
DA:4,9
DA:13,9
LF:4
LH:4
BRF:0
BRH:0
end_of_record
TN:
SF:backend/modules/userModule/middlewares/validators/getUserValidator.js
FNF:0
FNH:0
DA:1,9
DA:3,9
DA:5,9
DA:14,9
LF:4
LH:4
BRF:0
BRH:0
end_of_record
TN:
SF:backend/modules/userModule/middlewares/validators/listUsersValidator.js
FN:1,(anonymous_0)
FNF:1
FNH:0
FNDA:0,(anonymous_0)
DA:1,9
DA:3,9
LF:2
LH:2
BRF:0
BRH:0
end_of_record
TN:
SF:backend/modules/userModule/middlewares/validators/putUserValidator.js
FN:63,(anonymous_0)
FNF:1
FNH:0
FNDA:0,(anonymous_0)
DA:1,9
DA:2,9
DA:3,9
DA:5,9
DA:64,0
DA:65,0
DA:67,0
DA:75,9
LF:8
LH:5
BRDA:64,0,0,0
BRDA:64,0,1,0
BRF:2
BRH:0
end_of_record
TN:
SF:backend/modules/userModule/services/deleteUserService.js
FN:3,(anonymous_0)
FNF:1
FNH:0
FNDA:0,(anonymous_0)
DA:1,9
DA:3,9
DA:4,0
DA:5,0
DA:9,0
DA:11,0
DA:15,9
LF:7
LH:3
BRF:0
BRH:0
end_of_record
TN:
SF:backend/modules/userModule/services/findUserService.js
FN:3,(anonymous_0)
FNF:1
FNH:1
FNDA:1,(anonymous_0)
DA:1,9
DA:3,9
DA:4,1
DA:5,1
DA:18,1
DA:20,0
DA:24,9
LF:7
LH:6
BRF:0
BRH:0
end_of_record
TN:
SF:backend/modules/userModule/services/listUsersService.js
FN:3,(anonymous_0)
FNF:1
FNH:1
FNDA:1,(anonymous_0)
DA:1,9
DA:3,9
DA:4,1
DA:5,1
DA:17,1
DA:19,0
DA:23,9
LF:7
LH:6
BRF:0
BRH:0
end_of_record
TN:
SF:backend/modules/userModule/services/putUserClassroomService.js
FN:3,(anonymous_0)
FN:16,(anonymous_1)
FN:25,(anonymous_2)
FNF:3
FNH:0
FNDA:0,(anonymous_0)
FNDA:0,(anonymous_1)
FNDA:0,(anonymous_2)
DA:1,9
DA:3,9
DA:4,0
DA:5,0
DA:12,0
DA:15,0
DA:16,0
DA:17,0
DA:20,0
DA:25,0
DA:26,0
DA:29,0
DA:32,0
DA:34,0
DA:39,0
DA:46,9
LF:16
LH:3
BRDA:15,0,0,0
BRDA:15,0,1,0
BRDA:15,1,0,0
BRDA:15,1,1,0
BRF:4
BRH:0
end_of_record
TN:
SF:backend/modules/userModule/services/putUserRoleService.js
FN:3,(anonymous_0)
FN:14,(anonymous_1)
FN:28,(anonymous_2)
FN:37,(anonymous_3)
FNF:4
FNH:0
FNDA:0,(anonymous_0)
FNDA:0,(anonymous_1)
FNDA:0,(anonymous_2)
FNDA:0,(anonymous_3)
DA:1,9
DA:3,9
DA:4,0
DA:5,0
DA:12,0
DA:13,0
DA:14,0
DA:15,0
DA:17,0
DA:18,0
DA:24,0
DA:27,0
DA:28,0
DA:29,0
DA:32,0
DA:37,0
DA:38,0
DA:41,0
DA:44,0
DA:46,0
DA:48,0
DA:56,9
LF:22
LH:3
BRDA:17,0,0,0
BRDA:17,0,1,0
BRDA:27,1,0,0
BRDA:27,1,1,0
BRDA:27,2,0,0
BRDA:27,2,1,0
BRF:6
BRH:0
end_of_record
TN:
SF:backend/modules/userModule/services/putUserService.js
FN:3,(anonymous_0)
FNF:1
FNH:1
FNDA:1,(anonymous_0)
DA:1,9
DA:3,9
DA:4,1
DA:5,1
DA:7,1
DA:22,1
DA:24,0
DA:25,0
DA:29,9
LF:9
LH:7
BRF:0
BRH:0
end_of_record
TN:
SF:backend/routes/albums.js
FNF:0
FNH:0
DA:1,9
DA:2,9
DA:7,9
DA:8,9
DA:9,9
DA:11,9
DA:13,9
DA:19,9
DA:28,9
DA:36,9
DA:45,9
DA:47,9
LF:12
LH:12
BRF:0
BRH:0
end_of_record
TN:
SF:backend/routes/chemins.js
FNF:0
FNH:0
DA:1,9
DA:2,9
DA:3,9
DA:4,9
DA:7,9
DA:10,9
DA:17,9
LF:7
LH:7
BRF:0
BRH:0
end_of_record
TN:
SF:backend/routes/databases.js
FN:5,(anonymous_0)
FNF:1
FNH:0
FNDA:0,(anonymous_0)
DA:1,9
DA:2,9
DA:5,9
DA:6,0
DA:9,9
LF:5
LH:4
BRF:0
BRH:0
end_of_record
TN:
SF:backend/routes/dialogs.js
FNF:0
FNH:0
DA:1,9
DA:2,9
DA:3,9
DA:6,9
DA:9,9
DA:11,9
LF:6
LH:6
BRF:0
BRH:0
end_of_record
TN:
SF:backend/routes/entities.js
FNF:0
FNH:0
DA:1,9
DA:2,9
DA:3,9
DA:6,9
DA:9,9
DA:11,9
LF:6
LH:6
BRF:0
BRH:0
end_of_record
TN:
SF:backend/routes/events.js
FNF:0
FNH:0
DA:1,9
DA:2,9
DA:3,9
DA:6,9
DA:9,9
DA:11,9
LF:6
LH:6
BRF:0
BRH:0
end_of_record
TN:
SF:backend/routes/images.js
FN:17,(anonymous_0)
FNF:1
FNH:0
FNDA:0,(anonymous_0)
DA:1,9
DA:2,9
DA:3,9
DA:14,9
DA:16,9
DA:18,0
DA:21,9
DA:23,9
DA:28,9
DA:34,9
DA:37,9
DA:43,9
DA:46,9
DA:49,9
DA:52,9
DA:55,9
DA:58,9
DA:60,9
LF:18
LH:17
BRF:0
BRH:0
end_of_record
TN:
SF:backend/routes/index.js
FN:6,(anonymous_0)
FNF:1
FNH:0
FNDA:0,(anonymous_0)
DA:1,9
DA:3,9
DA:6,9
DA:7,0
DA:10,9
LF:5
LH:4
BRF:0
BRH:0
end_of_record
TN:
SF:backend/routes/inits.js
FN:20,(anonymous_0)
FNF:1
FNH:0
FNDA:0,(anonymous_0)
DA:2,9
DA:15,9
DA:17,9
DA:20,9
DA:21,0
DA:25,9
DA:28,9
DA:31,9
DA:34,9
DA:37,9
DA:40,9
DA:43,9
DA:46,9
DA:49,9
DA:52,9
DA:55,9
DA:57,9
LF:17
LH:16
BRF:0
BRH:0
end_of_record
TN:
SF:backend/routes/mails.js
FNF:0
FNH:0
DA:1,9
DA:2,9
DA:3,9
DA:6,9
DA:9,9
DA:11,9
LF:6
LH:6
BRF:0
BRH:0
end_of_record
TN:
SF:backend/routes/pages.js
FNF:0
FNH:0
DA:1,9
DA:2,9
DA:3,9
DA:6,9
DA:9,9
DA:11,9
LF:6
LH:6
BRF:0
BRH:0
end_of_record
TN:
SF:backend/routes/papers.js
FNF:0
FNH:0
DA:1,9
DA:2,9
DA:3,9
DA:4,9
DA:6,9
DA:7,9
DA:9,9
LF:7
LH:7
BRF:0
BRH:0
end_of_record
TN:
SF:backend/routes/parametres.js
FNF:0
FNH:0
DA:1,9
DA:6,9
DA:7,9
DA:9,9
DA:10,9
DA:12,9
LF:6
LH:6
BRF:0
BRH:0
end_of_record
TN:
SF:backend/routes/preinscriptions.js
FNF:0
FNH:0
DA:1,9
DA:5,9
DA:6,9
DA:7,9
DA:10,9
DA:13,9
DA:20,9
LF:7
LH:7
BRF:0
BRH:0
end_of_record
TN:
SF:backend/routes/suggestions.js
FNF:0
FNH:0
DA:1,9
DA:5,9
DA:6,9
DA:9,9
DA:12,9
DA:14,9
LF:6
LH:6
BRF:0
BRH:0
end_of_record
TN:
SF:backend/routes/updates.js
FNF:0
FNH:0
DA:1,9
DA:11,9
DA:13,9
DA:16,9
DA:39,9
LF:5
LH:5
BRF:0
BRH:0
end_of_record
TN:
SF:backend/routes/variables.js
FN:5,(anonymous_0)
FNF:1
FNH:0
FNDA:0,(anonymous_0)
DA:1,9
DA:3,9
DA:5,9
DA:6,0
DA:13,9
LF:5
LH:4
BRF:0
BRH:0
end_of_record
TN:
SF:backend/service/backup.js
FN:19,(anonymous_0)
FN:29,(anonymous_1)
FN:34,(anonymous_2)
FNF:3
FNH:0
FNDA:0,(anonymous_0)
FNDA:0,(anonymous_1)
FNDA:0,(anonymous_2)
DA:1,9
DA:2,9
DA:3,9
DA:4,9
DA:6,9
DA:8,9
DA:9,9
DA:10,9
DA:11,9
DA:12,9
DA:14,9
DA:15,9
DA:17,9
DA:19,9
DA:20,0
DA:21,0
DA:22,0
DA:24,0
DA:32,0
DA:35,0
DA:39,9
LF:21
LH:15
BRDA:21,0,0,0
BRDA:21,0,1,0
BRF:2
BRH:0
end_of_record
TN:
SF:backend/service/mailer.js
FN:48,(anonymous_0)
FN:78,(anonymous_1)
FN:112,(anonymous_2)
FN:166,(anonymous_3)
FN:232,(anonymous_4)
FN:256,(anonymous_5)
FN:282,(anonymous_6)
FN:307,(anonymous_7)
FN:331,(anonymous_8)
FNF:9
FNH:0
FNDA:0,(anonymous_0)
FNDA:0,(anonymous_1)
FNDA:0,(anonymous_2)
FNDA:0,(anonymous_3)
FNDA:0,(anonymous_4)
FNDA:0,(anonymous_5)
FNDA:0,(anonymous_6)
FNDA:0,(anonymous_7)
FNDA:0,(anonymous_8)
DA:1,9
DA:2,9
DA:3,9
DA:4,9
DA:5,9
DA:6,9
DA:7,9
DA:8,9
DA:9,9
DA:10,9
DA:11,9
DA:13,9
DA:15,9
DA:19,9
DA:23,9
DA:24,9
DA:26,9
DA:42,9
DA:44,9
DA:48,9
DA:49,0
DA:54,0
DA:55,0
DA:59,0
DA:63,0
DA:64,0
DA:67,0
DA:73,0
DA:75,0
DA:78,9
DA:79,0
DA:84,0
DA:85,0
DA:90,0
DA:91,0
DA:92,0
DA:99,0
DA:106,0
DA:108,0
DA:112,9
DA:113,0
DA:164,0
DA:166,9
DA:167,0
DA:170,0
DA:220,0
DA:221,0
DA:229,0
DA:232,9
DA:233,0
DA:238,0
DA:240,0
DA:247,0
DA:254,0
DA:256,9
DA:257,0
DA:262,0
DA:263,0
DA:273,0
DA:280,0
DA:282,9
DA:283,0
DA:288,0
DA:290,0
DA:298,0
DA:305,0
DA:307,9
DA:308,0
DA:313,0
DA:315,0
DA:322,0
DA:329,0
DA:331,9
DA:332,0
DA:337,0
DA:339,0
DA:347,0
DA:354,0
LF:78
LH:28
BRDA:44,0,0,0
BRDA:44,0,1,9
BRDA:167,1,0,0
BRDA:167,1,1,0
BRDA:220,2,0,0
BRDA:220,2,1,0
BRF:6
BRH:1
end_of_record
TN:
SF:backend/service/uploads.js
FN:18,uploadFileToAws
FN:29,(anonymous_1)
FN:30,(anonymous_2)
FN:37,(anonymous_3)
FN:39,(anonymous_4)
FN:47,(anonymous_5)
FN:55,(anonymous_6)
FN:77,(anonymous_7)
FN:79,(anonymous_8)
FN:82,(anonymous_9)
FN:90,(anonymous_10)
FN:107,(anonymous_11)
FN:109,(anonymous_12)
FN:112,(anonymous_13)
FN:120,(anonymous_14)
FN:143,(anonymous_15)
FN:145,(anonymous_16)
FN:148,(anonymous_17)
FN:156,(anonymous_18)
FNF:19
FNH:2
FNDA:0,uploadFileToAws
FNDA:0,(anonymous_1)
FNDA:0,(anonymous_2)
FNDA:0,(anonymous_3)
FNDA:0,(anonymous_4)
FNDA:0,(anonymous_5)
FNDA:0,(anonymous_6)
FNDA:18,(anonymous_7)
FNDA:0,(anonymous_8)
FNDA:0,(anonymous_9)
FNDA:0,(anonymous_10)
FNDA:18,(anonymous_11)
FNDA:0,(anonymous_12)
FNDA:0,(anonymous_13)
FNDA:0,(anonymous_14)
FNDA:0,(anonymous_15)
FNDA:0,(anonymous_16)
FNDA:0,(anonymous_17)
FNDA:0,(anonymous_18)
DA:1,9
DA:2,9
DA:3,9
DA:4,9
DA:5,9
DA:7,9
DA:9,9
DA:19,0
DA:21,0
DA:22,0
DA:29,0
DA:30,0
DA:31,0
DA:34,0
DA:37,9
DA:38,0
DA:40,0
DA:41,0
DA:42,0
DA:45,0
DA:48,0
DA:52,0
DA:55,0
DA:56,0
DA:62,0
DA:64,0
DA:65,0
DA:69,0
DA:77,9
DA:78,18
DA:80,0
DA:83,0
DA:87,0
DA:90,18
DA:91,0
DA:92,0
DA:94,0
DA:95,0
DA:99,18
DA:107,9
DA:108,18
DA:110,0
DA:113,0
DA:117,0
DA:120,18
DA:121,0
DA:128,0
DA:130,0
DA:131,0
DA:135,18
DA:143,9
DA:144,0
DA:146,0
DA:149,0
DA:153,0
DA:156,0
DA:157,0
DA:164,0
DA:166,0
DA:167,0
DA:171,0
DA:180,9
LF:62
LH:18
BRDA:31,0,0,0
BRDA:31,0,1,0
BRDA:41,1,0,0
BRDA:41,1,1,0
BRDA:56,2,0,0
BRDA:56,2,1,0
BRDA:57,3,0,0
BRDA:57,3,1,0
BRDA:57,3,2,0
BRDA:57,3,3,0
BRDA:91,4,0,0
BRDA:91,4,1,0
BRDA:121,5,0,0
BRDA:121,5,1,0
BRDA:122,6,0,0
BRDA:122,6,1,0
BRDA:122,6,2,0
BRDA:122,6,3,0
BRDA:122,6,4,0
BRDA:157,7,0,0
BRDA:157,7,1,0
BRDA:158,8,0,0
BRDA:158,8,1,0
BRDA:158,8,2,0
BRDA:158,8,3,0
BRDA:158,8,4,0
BRF:26
BRH:0
end_of_record
TN:
SF:backend/tasks/emailFromClassroomPost.js
FN:8,(anonymous_0)
FNF:1
FNH:0
FNDA:0,(anonymous_0)
DA:1,9
DA:2,9
DA:3,9
DA:5,9
DA:9,0
DA:10,0
DA:18,9
LF:7
LH:5
BRF:0
BRH:0
end_of_record
TN:
SF:backend/tasks/emailFromEntityPost.js
FN:9,(anonymous_0)
FNF:1
FNH:0
FNDA:0,(anonymous_0)
DA:1,9
DA:3,9
DA:4,9
DA:6,9
DA:10,0
DA:11,0
DA:19,9
LF:7
LH:5
BRF:0
BRH:0
end_of_record
TN:
SF:backend/tasks/emailToAllUsers.js
FN:8,(anonymous_0)
FN:10,(anonymous_1)
FN:19,(anonymous_2)
FN:21,(anonymous_3)
FN:23,(anonymous_4)
FNF:5
FNH:0
FNDA:0,(anonymous_0)
FNDA:0,(anonymous_1)
FNDA:0,(anonymous_2)
FNDA:0,(anonymous_3)
FNDA:0,(anonymous_4)
DA:1,9
DA:2,9
DA:3,9
DA:4,9
DA:6,9
DA:9,0
DA:10,0
DA:11,0
DA:14,0
DA:18,0
DA:19,0
DA:20,0
DA:22,0
DA:23,0
DA:24,0
DA:25,0
DA:29,0
DA:30,0
DA:35,0
DA:39,0
DA:48,9
LF:21
LH:6
BRDA:24,0,0,0
BRDA:24,0,1,0
BRF:2
BRH:0
end_of_record
TN:
SF:backend/tasks/makePgDbBackup.js
FN:7,(anonymous_0)
FNF:1
FNH:0
FNDA:0,(anonymous_0)
DA:1,9
DA:2,9
DA:4,9
DA:8,0
DA:9,0
DA:17,9
LF:6
LH:4
BRF:0
BRH:0
end_of_record
TN:
SF:backend/utils/deleteFile.js
FN:3,(anonymous_0)
FN:5,(anonymous_1)
FN:13,(anonymous_2)
FN:18,(anonymous_3)
FNF:4
FNH:0
FNDA:0,(anonymous_0)
FNDA:0,(anonymous_1)
FNDA:0,(anonymous_2)
FNDA:0,(anonymous_3)
DA:1,9
DA:3,9
DA:4,0
DA:5,0
DA:6,0
DA:9,0
DA:10,0
DA:13,9
DA:14,0
DA:16,0
DA:17,0
DA:18,0
DA:19,0
DA:20,0
DA:26,0
DA:27,0
LF:16
LH:3
BRDA:3,0,0,0
BRDA:3,1,0,0
BRDA:4,2,0,0
BRDA:4,2,1,0
BRDA:6,3,0,0
BRDA:6,3,1,0
BRDA:9,4,0,0
BRDA:9,4,1,0
BRDA:13,5,0,0
BRDA:13,6,0,0
BRDA:16,7,0,0
BRDA:16,7,1,0
BRDA:19,8,0,0
BRDA:19,8,1,0
BRDA:26,9,0,0
BRDA:26,9,1,0
BRF:16
BRH:0
end_of_record
TN:
SF:backend/utils/errors.js
FN:5,(anonymous_0)
FN:10,(anonymous_1)
FNF:2
FNH:2
FNDA:1,(anonymous_0)
FNDA:1,(anonymous_1)
DA:6,1
DA:7,1
DA:11,1
DA:12,1
DA:14,0
DA:15,0
DA:17,0
DA:18,0
DA:20,0
DA:21,0
DA:23,0
DA:24,0
DA:26,0
DA:27,0
DA:30,0
DA:41,9
LF:16
LH:5
BRDA:11,0,0,1
BRDA:11,0,1,0
BRDA:14,1,0,0
BRDA:14,1,1,0
BRDA:17,2,0,0
BRDA:17,2,1,0
BRDA:20,3,0,0
BRDA:20,3,1,0
BRDA:23,4,0,0
BRDA:23,4,1,0
BRDA:26,5,0,0
BRDA:26,5,1,0
BRF:12
BRH:1
end_of_record
TN:
SF:backend/utils/filterAlbumEmailClients.js
FN:13,(anonymous_0)
FN:44,(anonymous_1)
FN:48,(anonymous_2)
FN:57,(anonymous_3)
FN:59,(anonymous_4)
FN:75,(anonymous_5)
FN:77,(anonymous_6)
FNF:7
FNH:0
FNDA:0,(anonymous_0)
FNDA:0,(anonymous_1)
FNDA:0,(anonymous_2)
FNDA:0,(anonymous_3)
FNDA:0,(anonymous_4)
FNDA:0,(anonymous_5)
FNDA:0,(anonymous_6)
DA:1,9
DA:2,9
DA:3,9
DA:4,9
DA:5,9
DA:6,9
DA:7,9
DA:8,9
DA:10,9
DA:11,9
DA:13,9
DA:14,0
DA:15,0
DA:20,0
DA:43,0
DA:45,0
DA:48,0
DA:51,0
DA:52,0
DA:55,0
DA:58,0
DA:59,0
DA:61,0
DA:74,0
DA:76,0
DA:77,0
DA:78,0
DA:79,0
DA:86,0
DA:90,9
LF:30
LH:12
BRDA:43,0,0,0
BRDA:43,0,1,0
BRDA:51,1,0,0
BRDA:51,1,1,0
BRDA:55,2,0,0
BRDA:55,2,1,0
BRDA:58,3,0,0
BRDA:58,3,1,0
BRDA:62,4,0,0
BRDA:62,4,1,0
BRDA:78,5,0,0
BRDA:78,5,1,0
BRF:12
BRH:0
end_of_record
TN:
SF:backend/utils/filterPaperEmailClients.js
FN:15,(anonymous_0)
FN:39,(anonymous_1)
FN:43,(anonymous_2)
FN:49,(anonymous_3)
FN:53,(anonymous_4)
FN:55,(anonymous_5)
FN:71,(anonymous_6)
FN:73,(anonymous_7)
FNF:8
FNH:0
FNDA:0,(anonymous_0)
FNDA:0,(anonymous_1)
FNDA:0,(anonymous_2)
FNDA:0,(anonymous_3)
FNDA:0,(anonymous_4)
FNDA:0,(anonymous_5)
FNDA:0,(anonymous_6)
FNDA:0,(anonymous_7)
DA:1,9
DA:2,9
DA:3,9
DA:4,9
DA:5,9
DA:6,9
DA:7,9
DA:8,9
DA:10,9
DA:11,9
DA:13,9
DA:15,9
DA:16,0
DA:17,0
DA:22,0
DA:38,0
DA:40,0
DA:44,0
DA:48,0
DA:49,0
DA:51,0
DA:54,0
DA:55,0
DA:57,0
DA:70,0
DA:72,0
DA:73,0
DA:74,0
DA:75,0
DA:83,0
DA:87,9
LF:31
LH:13
BRDA:38,0,0,0
BRDA:38,0,1,0
BRDA:44,1,0,0
BRDA:44,1,1,0
BRDA:48,2,0,0
BRDA:48,2,1,0
BRDA:51,3,0,0
BRDA:51,3,1,0
BRDA:54,4,0,0
BRDA:54,4,1,0
BRDA:58,5,0,0
BRDA:58,5,1,0
BRDA:74,6,0,0
BRDA:74,6,1,0
BRF:14
BRH:0
end_of_record
TN:
SF:backend/utils/slugify.js
FN:1,(anonymous_0)
FNF:1
FNH:1
FNDA:19,(anonymous_0)
DA:1,14
DA:2,19
DA:6,14
LF:3
LH:3
BRF:0
BRH:0
end_of_record
TN:
SF:backend/utils/toArray.js
FN:1,(anonymous_0)
FNF:1
FNH:0
FNDA:0,(anonymous_0)
DA:1,9
DA:2,0
DA:3,0
DA:4,0
DA:5,0
DA:6,0
DA:7,0
DA:10,0
LF:8
LH:1
BRDA:5,0,0,0
BRDA:5,0,1,0
BRF:2
BRH:0
end_of_record
TN:
SF:backend/utils/tokenverify.js
FN:8,(anonymous_0)
FN:28,(anonymous_1)
FNF:2
FNH:0
FNDA:0,(anonymous_0)
FNDA:0,(anonymous_1)
DA:1,9
DA:3,9
DA:4,9
DA:5,9
DA:6,9
DA:8,9
DA:9,0
DA:10,0
DA:11,0
DA:13,0
DA:14,0
DA:15,0
DA:16,0
DA:18,0
DA:19,0
DA:21,0
DA:22,0
DA:24,0
DA:28,9
DA:29,0
DA:31,0
DA:32,0
DA:33,0
DA:34,0
DA:36,0
DA:38,0
DA:40,0
LF:27
LH:7
BRDA:10,0,0,0
BRDA:10,0,1,0
BRDA:15,1,0,0
BRDA:15,1,1,0
BRDA:19,2,0,0
BRDA:19,2,1,0
BRDA:29,3,0,0
BRDA:29,3,1,0
BRDA:33,4,0,0
BRDA:33,4,1,0
BRF:10
BRH:0
end_of_record
TN:
SF:backend/utils/truncate.js
FN:5,(anonymous_0)
FNF:1
FNH:1
FNDA:27,(anonymous_0)
DA:1,14
DA:2,14
DA:3,14
DA:5,14
DA:6,27
DA:7,27
DA:8,27
DA:9,27
DA:18,0
DA:22,14
LF:10
LH:9
BRF:0
BRH:0
end_of_record
TN:
SF:backend/validators/albumValidator.js
FN:8,(anonymous_0)
FN:14,(anonymous_1)
FN:23,(anonymous_2)
FN:24,(anonymous_3)
FN:60,(anonymous_4)
FN:68,(anonymous_5)
FNF:6
FNH:1
FNDA:9,(anonymous_0)
FNDA:0,(anonymous_1)
FNDA:0,(anonymous_2)
FNDA:0,(anonymous_3)
FNDA:0,(anonymous_4)
FNDA:0,(anonymous_5)
DA:3,9
DA:4,9
DA:5,9
DA:6,9
DA:8,9
DA:9,9
DA:15,0
DA:20,9
DA:23,9
DA:24,0
DA:25,0
DA:27,0
DA:32,0
DA:37,0
DA:42,0
DA:47,0
DA:52,0
DA:57,0
DA:60,0
DA:61,0
DA:62,0
DA:63,0
DA:64,0
DA:65,0
DA:68,0
DA:69,0
LF:26
LH:8
BRDA:25,0,0,0
BRDA:25,0,1,0
BRDA:25,0,2,0
BRDA:25,0,3,0
BRDA:25,0,4,0
BRDA:25,0,5,0
BRDA:25,0,6,0
BRDA:61,1,0,0
BRDA:61,1,1,0
BRDA:62,2,0,0
BRDA:62,2,1,0
BRDA:64,3,0,0
BRDA:64,3,1,0
BRF:13
BRH:0
end_of_record
TN:
SF:backend/validators/cheminValidator.js
FN:8,(anonymous_0)
FN:14,(anonymous_1)
FN:23,(anonymous_2)
FN:24,(anonymous_3)
FN:50,(anonymous_4)
FN:58,(anonymous_5)
FNF:6
FNH:1
FNDA:9,(anonymous_0)
FNDA:0,(anonymous_1)
FNDA:0,(anonymous_2)
FNDA:0,(anonymous_3)
FNDA:0,(anonymous_4)
FNDA:0,(anonymous_5)
DA:3,9
DA:4,9
DA:5,9
DA:6,9
DA:8,9
DA:9,9
DA:15,0
DA:20,9
DA:23,9
DA:24,0
DA:25,0
DA:27,0
DA:32,0
DA:37,0
DA:42,0
DA:47,0
DA:50,0
DA:51,0
DA:52,0
DA:53,0
DA:54,0
DA:55,0
DA:58,0
DA:59,0
LF:24
LH:8
BRDA:25,0,0,0
BRDA:25,0,1,0
BRDA:25,0,2,0
BRDA:25,0,3,0
BRDA:25,0,4,0
BRDA:51,1,0,0
BRDA:51,1,1,0
BRDA:52,2,0,0
BRDA:52,2,1,0
BRDA:54,3,0,0
BRDA:54,3,1,0
BRF:11
BRH:0
end_of_record
TN:
SF:backend/validators/dialogValidator.js
FN:7,(anonymous_0)
FN:8,(anonymous_1)
FN:44,(anonymous_2)
FN:52,(anonymous_3)
FNF:4
FNH:0
FNDA:0,(anonymous_0)
FNDA:0,(anonymous_1)
FNDA:0,(anonymous_2)
FNDA:0,(anonymous_3)
DA:3,9
DA:4,9
DA:5,9
DA:7,9
DA:8,0
DA:9,0
DA:11,0
DA:16,0
DA:21,0
DA:26,0
DA:31,0
DA:36,0
DA:41,0
DA:44,0
DA:45,0
DA:46,0
DA:47,0
DA:48,0
DA:49,0
DA:52,0
DA:53,0
LF:21
LH:4
BRDA:9,0,0,0
BRDA:9,0,1,0
BRDA:9,0,2,0
BRDA:9,0,3,0
BRDA:9,0,4,0
BRDA:9,0,5,0
BRDA:9,0,6,0
BRDA:45,1,0,0
BRDA:45,1,1,0
BRDA:46,2,0,0
BRDA:46,2,1,0
BRDA:48,3,0,0
BRDA:48,3,1,0
BRF:13
BRH:0
end_of_record
TN:
SF:backend/validators/entityValidator.js
FN:8,(anonymous_0)
FN:14,(anonymous_1)
FN:23,(anonymous_2)
FN:24,(anonymous_3)
FN:54,(anonymous_4)
FN:62,(anonymous_5)
FNF:6
FNH:1
FNDA:9,(anonymous_0)
FNDA:0,(anonymous_1)
FNDA:0,(anonymous_2)
FNDA:0,(anonymous_3)
FNDA:0,(anonymous_4)
FNDA:0,(anonymous_5)
DA:3,9
DA:4,9
DA:5,9
DA:6,9
DA:8,9
DA:9,9
DA:15,0
DA:20,9
DA:23,9
DA:24,0
DA:25,0
DA:27,0
DA:32,0
DA:37,0
DA:41,0
DA:46,0
DA:51,0
DA:54,0
DA:55,0
DA:56,0
DA:57,0
DA:58,0
DA:59,0
DA:62,0
DA:63,0
LF:25
LH:8
BRDA:25,0,0,0
BRDA:25,0,1,0
BRDA:25,0,2,0
BRDA:25,0,3,0
BRDA:25,0,4,0
BRDA:25,0,5,0
BRDA:55,1,0,0
BRDA:55,1,1,0
BRDA:56,2,0,0
BRDA:56,2,1,0
BRDA:58,3,0,0
BRDA:58,3,1,0
BRF:12
BRH:0
end_of_record
TN:
SF:backend/validators/eventValidator.js
FN:7,(anonymous_0)
FN:8,(anonymous_1)
FN:54,(anonymous_2)
FN:62,(anonymous_3)
FNF:4
FNH:0
FNDA:0,(anonymous_0)
FNDA:0,(anonymous_1)
FNDA:0,(anonymous_2)
FNDA:0,(anonymous_3)
DA:3,9
DA:4,9
DA:5,9
DA:7,9
DA:8,0
DA:9,0
DA:11,0
DA:16,0
DA:21,0
DA:26,0
DA:31,0
DA:36,0
DA:41,0
DA:46,0
DA:51,0
DA:54,0
DA:55,0
DA:56,0
DA:57,0
DA:58,0
DA:59,0
DA:62,0
DA:63,0
LF:23
LH:4
BRDA:9,0,0,0
BRDA:9,0,1,0
BRDA:9,0,2,0
BRDA:9,0,3,0
BRDA:9,0,4,0
BRDA:9,0,5,0
BRDA:9,0,6,0
BRDA:9,0,7,0
BRDA:9,0,8,0
BRDA:55,1,0,0
BRDA:55,1,1,0
BRDA:56,2,0,0
BRDA:56,2,1,0
BRDA:58,3,0,0
BRDA:58,3,1,0
BRF:15
BRH:0
end_of_record
TN:
SF:backend/validators/pageValidator.js
FN:8,(anonymous_0)
FN:14,(anonymous_1)
FN:23,(anonymous_2)
FN:24,(anonymous_3)
FN:54,(anonymous_4)
FN:62,(anonymous_5)
FNF:6
FNH:1
FNDA:9,(anonymous_0)
FNDA:0,(anonymous_1)
FNDA:0,(anonymous_2)
FNDA:0,(anonymous_3)
FNDA:0,(anonymous_4)
FNDA:0,(anonymous_5)
DA:3,9
DA:4,9
DA:5,9
DA:6,9
DA:8,9
DA:9,9
DA:15,0
DA:20,9
DA:23,9
DA:24,0
DA:25,0
DA:27,0
DA:31,0
DA:36,0
DA:41,0
DA:46,0
DA:51,0
DA:54,0
DA:55,0
DA:56,0
DA:57,0
DA:58,0
DA:59,0
DA:62,0
DA:63,0
LF:25
LH:8
BRDA:25,0,0,0
BRDA:25,0,1,0
BRDA:25,0,2,0
BRDA:25,0,3,0
BRDA:25,0,4,0
BRDA:25,0,5,0
BRDA:55,1,0,0
BRDA:55,1,1,0
BRDA:56,2,0,0
BRDA:56,2,1,0
BRDA:58,3,0,0
BRDA:58,3,1,0
BRF:12
BRH:0
end_of_record
TN:
SF:backend/validators/paperValidator.js
FN:8,(anonymous_0)
FN:14,(anonymous_1)
FN:23,(anonymous_2)
FN:24,(anonymous_3)
FN:118,(anonymous_4)
FN:126,(anonymous_5)
FNF:6
FNH:1
FNDA:9,(anonymous_0)
FNDA:0,(anonymous_1)
FNDA:0,(anonymous_2)
FNDA:0,(anonymous_3)
FNDA:0,(anonymous_4)
FNDA:0,(anonymous_5)
DA:3,9
DA:4,9
DA:5,9
DA:6,9
DA:8,9
DA:9,9
DA:15,0
DA:20,9
DA:23,9
DA:24,0
DA:25,0
DA:27,0
DA:32,0
DA:48,0
DA:65,0
DA:70,0
DA:75,0
DA:80,0
DA:85,0
DA:90,0
DA:95,0
DA:100,0
DA:105,0
DA:110,0
DA:115,0
DA:118,0
DA:119,0
DA:120,0
DA:121,0
DA:122,0
DA:123,0
DA:126,0
DA:127,0
LF:33
LH:8
BRDA:25,0,0,0
BRDA:25,0,1,0
BRDA:25,0,2,0
BRDA:25,0,3,0
BRDA:25,0,4,0
BRDA:25,0,5,0
BRDA:25,0,6,0
BRDA:25,0,7,0
BRDA:25,0,8,0
BRDA:25,0,9,0
BRDA:25,0,10,0
BRDA:25,0,11,0
BRDA:25,0,12,0
BRDA:25,0,13,0
BRDA:119,1,0,0
BRDA:119,1,1,0
BRDA:120,2,0,0
BRDA:120,2,1,0
BRDA:122,3,0,0
BRDA:122,3,1,0
BRF:20
BRH:0
end_of_record
TN:
SF:backend/validators/preinscriptionValidator.js
FN:8,(anonymous_0)
FN:14,(anonymous_1)
FN:23,(anonymous_2)
FN:24,(anonymous_3)
FN:65,(anonymous_4)
FN:73,(anonymous_5)
FNF:6
FNH:1
FNDA:9,(anonymous_0)
FNDA:0,(anonymous_1)
FNDA:0,(anonymous_2)
FNDA:0,(anonymous_3)
FNDA:0,(anonymous_4)
FNDA:0,(anonymous_5)
DA:3,9
DA:4,9
DA:5,9
DA:6,9
DA:8,9
DA:9,9
DA:15,0
DA:20,9
DA:23,9
DA:24,0
DA:25,0
DA:27,0
DA:32,0
DA:37,0
DA:42,0
DA:47,0
DA:52,0
DA:57,0
DA:62,0
DA:65,0
DA:66,0
DA:67,0
DA:68,0
DA:69,0
DA:70,0
DA:73,0
DA:74,0
LF:27
LH:8
BRDA:25,0,0,0
BRDA:25,0,1,0
BRDA:25,0,2,0
BRDA:25,0,3,0
BRDA:25,0,4,0
BRDA:25,0,5,0
BRDA:25,0,6,0
BRDA:25,0,7,0
BRDA:66,1,0,0
BRDA:66,1,1,0
BRDA:67,2,0,0
BRDA:67,2,1,0
BRDA:69,3,0,0
BRDA:69,3,1,0
BRF:14
BRH:0
end_of_record
TN:
SF:backend/validators/suggestionValidator.js
FN:7,(anonymous_0)
FN:8,(anonymous_1)
FN:41,(anonymous_2)
FN:49,(anonymous_3)
FNF:4
FNH:0
FNDA:0,(anonymous_0)
FNDA:0,(anonymous_1)
FNDA:0,(anonymous_2)
FNDA:0,(anonymous_3)
DA:3,9
DA:4,9
DA:5,9
DA:7,9
DA:8,0
DA:9,0
DA:11,0
DA:16,0
DA:21,0
DA:28,0
DA:33,0
DA:38,0
DA:41,0
DA:42,0
DA:43,0
DA:44,0
DA:45,0
DA:46,0
DA:49,0
DA:50,0
LF:20
LH:4
BRDA:9,0,0,0
BRDA:9,0,1,0
BRDA:9,0,2,0
BRDA:9,0,3,0
BRDA:9,0,4,0
BRDA:9,0,5,0
BRDA:42,1,0,0
BRDA:42,1,1,0
BRDA:43,2,0,0
BRDA:43,2,1,0
BRDA:45,3,0,0
BRDA:45,3,1,0
BRF:12
BRH:0
end_of_record
