TN:
SF:backend/app.js
FN:53,(anonymous_0)
FN:58,(anonymous_1)
FN:66,(anonymous_2)
FN:82,(anonymous_3)
FN:148,(anonymous_4)
FNF:5
FNH:2
FNDA:29,(anonymous_0)
FNDA:0,(anonymous_1)
FNDA:231,(anonymous_2)
FNDA:0,(anonymous_3)
FNDA:0,(anonymous_4)
DA:2,29
DA:3,29
DA:4,29
DA:5,29
DA:6,29
DA:7,29
DA:9,29
DA:11,29
DA:14,29
DA:15,29
DA:16,29
DA:17,29
DA:18,29
DA:19,29
DA:20,29
DA:37,29
DA:38,29
DA:39,29
DA:40,29
DA:41,29
DA:46,29
DA:48,29
DA:52,29
DA:54,29
DA:55,0
DA:59,0
DA:62,29
DA:64,29
DA:69,231
DA:70,0
DA:72,0
DA:74,0
DA:76,0
DA:82,29
DA:83,0
DA:84,0
DA:85,0
DA:89,0
DA:92,29
DA:93,29
DA:94,29
DA:95,29
DA:97,29
DA:98,29
DA:99,29
DA:102,29
DA:106,29
DA:107,29
DA:108,29
DA:109,29
DA:110,29
DA:111,29
DA:112,29
DA:113,29
DA:134,29
DA:136,29
DA:137,0
DA:138,0
DA:139,0
DA:140,0
DA:145,29
DA:147,29
DA:148,29
DA:149,0
DA:151,29
LF:65
LH:50
BRDA:54,0,0,0
BRDA:54,0,1,29
BRDA:69,1,0,231
BRDA:69,1,1,0
BRDA:70,2,0,0
BRDA:70,2,1,0
BRDA:136,3,0,0
BRDA:136,3,1,29
BRF:8
BRH:3
end_of_record
TN:
SF:backend/config/database.js
FNF:0
FNH:0
DA:1,29
DA:3,29
DA:5,29
DA:23,29
LF:4
LH:4
BRF:0
BRH:0
end_of_record
TN:
SF:backend/constants/albumLink.js
FN:1,(anonymous_0)
FNF:1
FNH:0
FNDA:0,(anonymous_0)
DA:1,29
DA:2,0
DA:4,0
DA:6,0
DA:8,0
DA:10,0
DA:12,0
DA:14,0
DA:16,0
DA:18,0
DA:20,0
DA:22,0
DA:24,0
DA:26,0
DA:28,0
DA:31,0
DA:35,29
LF:17
LH:2
BRDA:2,0,0,0
BRDA:2,0,1,0
BRDA:2,0,2,0
BRDA:2,0,3,0
BRDA:2,0,4,0
BRDA:2,0,5,0
BRDA:2,0,6,0
BRDA:2,0,7,0
BRDA:2,0,8,0
BRDA:2,0,9,0
BRDA:2,0,10,0
BRDA:2,0,11,0
BRDA:2,0,12,0
BRDA:2,0,13,0
BRF:14
BRH:0
end_of_record
TN:
SF:backend/constants/classroomAliasses.js
FNF:0
FNH:0
DA:1,29
DA:13,29
LF:2
LH:2
BRF:0
BRH:0
end_of_record
TN:
SF:backend/constants/imageMimeTypes.js
FNF:0
FNH:0
DA:1,29
DA:9,29
LF:2
LH:2
BRF:0
BRH:0
end_of_record
TN:
SF:backend/constants/includes.js
FNF:0
FNH:0
DA:1,29
DA:2,29
DA:4,29
LF:3
LH:3
BRF:0
BRH:0
end_of_record
TN:
SF:backend/constants/inlinerOptions.js
FNF:0
FNH:0
DA:1,29
LF:1
LH:1
BRF:0
BRH:0
end_of_record
TN:
SF:backend/constants/maxsize.js
FNF:0
FNH:0
DA:1,29
DA:2,29
LF:2
LH:2
BRF:0
BRH:0
end_of_record
TN:
SF:backend/constants/pageRawContent.js
FNF:0
FNH:0
DA:1,29
LF:1
LH:1
BRF:0
BRH:0
end_of_record
TN:
SF:backend/constants/paperLink.js
FN:1,(anonymous_0)
FNF:1
FNH:0
FNDA:0,(anonymous_0)
DA:1,29
DA:2,0
DA:4,0
DA:6,0
DA:8,0
DA:10,0
DA:12,0
DA:14,0
DA:16,0
DA:19,0
DA:23,29
LF:11
LH:2
BRDA:2,0,0,0
BRDA:2,0,1,0
BRDA:2,0,2,0
BRDA:2,0,3,0
BRDA:2,0,4,0
BRDA:2,0,5,0
BRDA:2,0,6,0
BRDA:2,0,7,0
BRF:8
BRH:0
end_of_record
TN:
SF:backend/constants/paperVariantList.js
FNF:0
FNH:0
DA:1,36
DA:13,36
LF:2
LH:2
BRF:0
BRH:0
end_of_record
TN:
SF:backend/constants/paperintrotext.js
FN:1,(anonymous_0)
FNF:1
FNH:0
FNDA:0,(anonymous_0)
DA:1,29
DA:2,0
DA:4,0
DA:6,0
DA:8,0
DA:10,0
DA:12,0
DA:14,0
DA:16,0
DA:19,0
DA:23,29
LF:11
LH:2
BRDA:2,0,0,0
BRDA:2,0,1,0
BRDA:2,0,2,0
BRDA:2,0,3,0
BRDA:2,0,4,0
BRDA:2,0,5,0
BRDA:2,0,6,0
BRDA:2,0,7,0
BRF:8
BRH:0
end_of_record
TN:
SF:backend/constants/regex.js
FNF:0
FNH:0
DA:1,29
LF:1
LH:1
BRF:0
BRH:0
end_of_record
TN:
SF:backend/constants/testFolders.js
FNF:0
FNH:0
DA:1,15
DA:2,15
LF:2
LH:2
BRF:0
BRH:0
end_of_record
TN:
SF:backend/constants/texts.js
FNF:0
FNH:0
DA:1,29
DA:2,29
LF:2
LH:2
BRF:0
BRH:0
end_of_record
TN:
SF:backend/database/config.js
FNF:0
FNH:0
DA:1,36
DA:3,36
LF:2
LH:2
BRF:0
BRH:0
end_of_record
TN:
SF:backend/database/models/albums.js
FN:4,(anonymous_0)
FN:11,(anonymous_1)
FN:67,(anonymous_2)
FN:75,(anonymous_3)
FNF:4
FNH:4
FNDA:36,(anonymous_0)
FNDA:36,(anonymous_1)
FNDA:13,(anonymous_2)
FNDA:14,(anonymous_3)
DA:1,36
DA:2,36
DA:4,36
DA:12,36
DA:17,36
DA:20,36
DA:68,13
DA:70,13
DA:72,13
DA:76,14
DA:77,14
DA:79,14
DA:89,36
LF:13
LH:13
BRDA:70,0,0,13
BRDA:70,0,1,0
BRDA:77,1,0,14
BRDA:77,1,1,0
BRF:4
BRH:2
end_of_record
TN:
SF:backend/database/models/cards.js
FN:4,(anonymous_0)
FN:11,(anonymous_1)
FN:20,(anonymous_2)
FN:74,(anonymous_3)
FN:82,(anonymous_4)
FNF:5
FNH:5
FNDA:36,(anonymous_0)
FNDA:36,(anonymous_1)
FNDA:10,(anonymous_2)
FNDA:6,(anonymous_3)
FNDA:1,(anonymous_4)
DA:1,36
DA:2,36
DA:4,36
DA:12,36
DA:17,36
DA:21,10
DA:24,36
DA:75,6
DA:77,6
DA:79,6
DA:83,1
DA:84,1
DA:86,1
DA:96,36
LF:14
LH:14
BRDA:77,0,0,6
BRDA:77,0,1,0
BRDA:84,1,0,1
BRDA:84,1,1,0
BRF:4
BRH:2
end_of_record
TN:
SF:backend/database/models/dialogs.js
FN:3,(anonymous_0)
FN:10,(anonymous_1)
FNF:2
FNH:1
FNDA:36,(anonymous_0)
FNDA:0,(anonymous_1)
DA:1,36
DA:3,36
DA:14,36
DA:25,36
LF:4
LH:4
BRF:0
BRH:0
end_of_record
TN:
SF:backend/database/models/entities.js
FN:4,(anonymous_0)
FN:11,(anonymous_1)
FN:76,(anonymous_2)
FN:84,(anonymous_3)
FNF:4
FNH:4
FNDA:36,(anonymous_0)
FNDA:36,(anonymous_1)
FNDA:33,(anonymous_2)
FNDA:12,(anonymous_3)
DA:1,36
DA:2,36
DA:4,36
DA:12,36
DA:18,36
DA:20,36
DA:25,36
DA:27,36
DA:32,36
DA:35,36
DA:77,33
DA:79,33
DA:81,33
DA:85,12
DA:86,12
DA:88,12
DA:98,36
LF:17
LH:17
BRDA:79,0,0,33
BRDA:79,0,1,0
BRDA:86,1,0,12
BRDA:86,1,1,0
BRF:4
BRH:2
end_of_record
TN:
SF:backend/database/models/files.js
FN:3,(anonymous_0)
FN:10,(anonymous_1)
FNF:2
FNH:2
FNDA:36,(anonymous_0)
FNDA:36,(anonymous_1)
DA:1,36
DA:3,36
DA:14,36
DA:54,36
LF:4
LH:4
BRF:0
BRH:0
end_of_record
TN:
SF:backend/database/models/index.js
FN:27,(anonymous_0)
FN:32,(anonymous_1)
FN:41,(anonymous_2)
FNF:3
FNH:3
FNDA:504,(anonymous_0)
FNDA:468,(anonymous_1)
FNDA:324,(anonymous_2)
DA:3,36
DA:4,36
DA:5,36
DA:7,36
DA:8,36
DA:11,36
DA:12,36
DA:15,36
DA:16,0
DA:18,36
DA:26,36
DA:28,504
DA:34,468
DA:38,468
DA:41,36
DA:42,324
DA:43,324
DA:47,36
DA:48,36
DA:50,36
LF:20
LH:19
BRDA:8,0,0,36
BRDA:8,0,1,0
BRDA:15,1,0,0
BRDA:15,1,1,36
BRDA:29,2,0,504
BRDA:29,2,1,504
BRDA:29,2,2,468
BRDA:42,3,0,324
BRDA:42,3,1,0
BRF:9
BRH:6
end_of_record
TN:
SF:backend/database/models/mails.js
FN:3,(anonymous_0)
FN:10,(anonymous_1)
FNF:2
FNH:1
FNDA:36,(anonymous_0)
FNDA:0,(anonymous_1)
DA:1,36
DA:3,36
DA:14,36
DA:25,36
LF:4
LH:4
BRF:0
BRH:0
end_of_record
TN:
SF:backend/database/models/pages.js
FN:3,(anonymous_0)
FN:10,(anonymous_1)
FNF:2
FNH:1
FNDA:36,(anonymous_0)
FNDA:0,(anonymous_1)
DA:1,36
DA:3,36
DA:14,36
DA:25,36
LF:4
LH:4
BRF:0
BRH:0
end_of_record
TN:
SF:backend/database/models/papers.js
FN:4,(anonymous_0)
FN:11,(anonymous_1)
FNF:2
FNH:2
FNDA:36,(anonymous_0)
FNDA:36,(anonymous_1)
DA:1,36
DA:2,36
DA:4,36
DA:12,36
DA:17,36
DA:20,36
DA:91,36
LF:7
LH:7
BRF:0
BRH:0
end_of_record
TN:
SF:backend/database/models/preinscriptions.js
FN:3,(anonymous_0)
FN:10,(anonymous_1)
FNF:2
FNH:1
FNDA:36,(anonymous_0)
FNDA:0,(anonymous_1)
DA:1,36
DA:3,36
DA:14,36
DA:25,36
LF:4
LH:4
BRF:0
BRH:0
end_of_record
TN:
SF:backend/database/models/roles.js
FN:4,(anonymous_0)
FN:6,(anonymous_1)
FN:8,(anonymous_2)
FN:52,(anonymous_3)
FNF:4
FNH:4
FNDA:36,(anonymous_0)
FNDA:36,(anonymous_1)
FNDA:97,(anonymous_2)
FNDA:68,(anonymous_3)
DA:1,36
DA:2,36
DA:4,36
DA:9,97
DA:12,36
DA:53,68
DA:54,68
DA:56,56
DA:66,36
LF:9
LH:9
BRDA:54,0,0,56
BRDA:54,0,1,12
BRF:2
BRH:2
end_of_record
TN:
SF:backend/database/models/suggestions.js
FN:3,(anonymous_0)
FN:10,(anonymous_1)
FNF:2
FNH:2
FNDA:36,(anonymous_0)
FNDA:36,(anonymous_1)
DA:1,36
DA:3,36
DA:14,36
DA:25,36
LF:4
LH:4
BRF:0
BRH:0
end_of_record
TN:
SF:backend/database/models/user_roles.js
FN:3,(anonymous_0)
FN:10,(anonymous_1)
FNF:2
FNH:2
FNDA:36,(anonymous_0)
FNDA:36,(anonymous_1)
DA:1,36
DA:3,36
DA:26,36
DA:61,36
LF:4
LH:4
BRF:0
BRH:0
end_of_record
TN:
SF:backend/database/models/users.js
FN:4,(anonymous_0)
FN:6,(anonymous_1)
FN:29,(anonymous_2)
FN:106,(anonymous_3)
FNF:4
FNH:4
FNDA:36,(anonymous_0)
FNDA:36,(anonymous_1)
FNDA:15,(anonymous_2)
FNDA:69,(anonymous_3)
DA:1,36
DA:2,36
DA:4,36
DA:7,36
DA:12,36
DA:17,36
DA:22,36
DA:30,15
DA:33,36
DA:107,69
DA:108,69
DA:109,57
DA:110,57
DA:112,57
DA:122,36
LF:15
LH:15
BRDA:108,0,0,57
BRDA:108,0,1,12
BRF:2
BRH:2
end_of_record
TN:
SF:backend/globalServices/mailer/index.js
FN:51,(anonymous_0)
FN:87,(anonymous_1)
FN:127,(anonymous_2)
FN:181,(anonymous_3)
FN:247,(anonymous_4)
FN:277,(anonymous_5)
FN:309,(anonymous_6)
FN:340,(anonymous_7)
FN:370,(anonymous_8)
FNF:9
FNH:0
FNDA:0,(anonymous_0)
FNDA:0,(anonymous_1)
FNDA:0,(anonymous_2)
FNDA:0,(anonymous_3)
FNDA:0,(anonymous_4)
FNDA:0,(anonymous_5)
FNDA:0,(anonymous_6)
FNDA:0,(anonymous_7)
FNDA:0,(anonymous_8)
DA:1,29
DA:2,29
DA:3,29
DA:4,29
DA:5,29
DA:6,29
DA:7,29
DA:8,29
DA:9,29
DA:10,29
DA:11,29
DA:13,29
DA:15,29
DA:19,29
DA:23,29
DA:24,29
DA:27,29
DA:45,29
DA:47,29
DA:51,29
DA:52,0
DA:63,0
DA:64,0
DA:68,0
DA:72,0
DA:73,0
DA:76,0
DA:82,0
DA:84,0
DA:87,29
DA:88,0
DA:99,0
DA:100,0
DA:105,0
DA:106,0
DA:107,0
DA:114,0
DA:121,0
DA:123,0
DA:127,29
DA:128,0
DA:179,0
DA:181,29
DA:182,0
DA:185,0
DA:235,0
DA:236,0
DA:244,0
DA:247,29
DA:248,0
DA:259,0
DA:261,0
DA:268,0
DA:275,0
DA:277,29
DA:278,0
DA:289,0
DA:290,0
DA:300,0
DA:307,0
DA:309,29
DA:310,0
DA:321,0
DA:323,0
DA:331,0
DA:338,0
DA:340,29
DA:341,0
DA:352,0
DA:354,0
DA:361,0
DA:368,0
DA:370,29
DA:371,0
DA:382,0
DA:384,0
DA:392,0
DA:399,0
LF:78
LH:28
BRDA:27,0,0,0
BRDA:27,0,1,29
BRDA:47,1,0,0
BRDA:47,1,1,29
BRDA:182,2,0,0
BRDA:182,2,1,0
BRDA:235,3,0,0
BRDA:235,3,1,0
BRF:8
BRH:2
end_of_record
TN:
SF:backend/globalServices/mailer/sendMailService.js
FN:3,(anonymous_0)
FN:7,(anonymous_1)
FNF:2
FNH:0
FNDA:0,(anonymous_0)
FNDA:0,(anonymous_1)
DA:1,29
DA:3,29
DA:4,0
DA:6,0
DA:7,0
DA:8,0
DA:9,0
DA:12,0
DA:16,29
LF:9
LH:3
BRDA:8,0,0,0
BRDA:8,0,1,0
BRF:2
BRH:0
end_of_record
TN:
SF:backend/globalServices/uploads/deleteFileStorageService.js
FN:3,(anonymous_0)
FN:5,(anonymous_1)
FNF:2
FNH:0
FNDA:0,(anonymous_0)
FNDA:0,(anonymous_1)
DA:1,29
DA:3,29
DA:4,0
DA:5,0
DA:6,0
DA:9,0
DA:10,0
DA:13,29
LF:8
LH:3
BRDA:3,0,0,0
BRDA:3,1,0,0
BRDA:4,2,0,0
BRDA:4,2,1,0
BRDA:6,3,0,0
BRDA:6,3,1,0
BRDA:9,4,0,0
BRDA:9,4,1,0
BRF:8
BRH:0
end_of_record
TN:
SF:backend/globalServices/uploads/deleteFilesStorageService.js
FN:3,(anonymous_0)
FN:8,(anonymous_1)
FNF:2
FNH:0
FNDA:0,(anonymous_0)
FNDA:0,(anonymous_1)
DA:1,29
DA:3,29
DA:4,0
DA:6,0
DA:7,0
DA:8,0
DA:9,0
DA:10,0
DA:16,0
DA:17,0
DA:20,29
LF:11
LH:3
BRDA:3,0,0,0
BRDA:3,1,0,0
BRDA:6,2,0,0
BRDA:6,2,1,0
BRDA:9,3,0,0
BRDA:9,3,1,0
BRDA:16,4,0,0
BRDA:16,4,1,0
BRF:8
BRH:0
end_of_record
TN:
SF:backend/globalServices/uploads/storeImageService.js
FN:10,(anonymous_0)
FN:23,(anonymous_1)
FNF:2
FNH:2
FNDA:19,(anonymous_0)
FNDA:19,(anonymous_1)
DA:1,29
DA:2,29
DA:3,29
DA:4,29
DA:6,29
DA:8,29
DA:10,29
DA:11,19
DA:12,19
DA:21,19
DA:23,19
DA:24,19
DA:25,0
DA:29,19
DA:30,19
DA:31,19
DA:33,19
DA:35,19
DA:37,0
DA:39,0
DA:43,29
LF:21
LH:18
BRDA:24,0,0,0
BRDA:24,0,1,19
BRF:2
BRH:1
end_of_record
TN:
SF:backend/middlewares/handleErrors.js
FN:3,(anonymous_0)
FNF:1
FNH:1
FNDA:7,(anonymous_0)
DA:1,29
DA:3,29
DA:4,7
DA:5,7
DA:11,0
DA:17,29
LF:6
LH:5
BRDA:4,0,0,7
BRDA:4,0,1,0
BRF:2
BRH:1
end_of_record
TN:
SF:backend/middlewares/uploadFilesMiddleware.js
FN:9,(anonymous_0)
FN:11,(anonymous_1)
FN:18,(anonymous_2)
FN:27,(anonymous_3)
FNF:4
FNH:4
FNDA:58,(anonymous_0)
FNDA:11,(anonymous_1)
FNDA:11,(anonymous_2)
FNDA:11,(anonymous_3)
DA:1,29
DA:2,29
DA:3,29
DA:4,29
DA:5,29
DA:7,29
DA:9,29
DA:10,58
DA:12,11
DA:13,11
DA:14,0
DA:16,11
DA:19,11
DA:20,11
DA:24,11
DA:27,58
DA:28,11
DA:29,11
DA:31,0
DA:32,0
DA:36,58
DA:45,29
LF:22
LH:19
BRDA:13,0,0,0
BRDA:13,0,1,11
BRDA:28,1,0,11
BRDA:28,1,1,0
BRF:4
BRH:2
end_of_record
TN:
SF:backend/middlewares/validate.js
FN:4,(anonymous_0)
FN:4,(anonymous_1)
FNF:2
FNH:2
FNDA:725,(anonymous_0)
FNDA:221,(anonymous_1)
DA:1,29
DA:2,29
DA:4,725
DA:6,221
DA:8,884
DA:9,884
DA:12,221
DA:13,221
DA:14,220
DA:17,1
DA:22,29
LF:11
LH:11
BRDA:9,0,0,1
BRDA:9,0,1,883
BRDA:13,1,0,220
BRDA:13,1,1,1
BRF:4
BRH:4
end_of_record
TN:
SF:backend/models/AlbumP.js
FNF:0
FNH:0
DA:1,29
DA:2,29
DA:3,29
DA:5,29
DA:40,29
DA:41,29
DA:43,29
LF:7
LH:7
BRF:0
BRH:0
end_of_record
TN:
SF:backend/models/DialogP.js
FNF:0
FNH:0
DA:1,29
DA:2,29
DA:4,29
DA:34,29
LF:4
LH:4
BRF:0
BRH:0
end_of_record
TN:
SF:backend/models/EntityP.js
FNF:0
FNH:0
DA:1,29
DA:2,29
DA:3,29
DA:4,29
DA:5,29
DA:6,29
DA:7,29
DA:8,29
DA:10,29
DA:36,29
DA:37,29
DA:39,29
DA:40,29
DA:42,29
DA:43,29
DA:45,29
DA:46,29
DA:48,29
DA:49,29
DA:51,29
LF:20
LH:20
BRF:0
BRH:0
end_of_record
TN:
SF:backend/models/EventP.js
FNF:0
FNH:0
DA:1,29
DA:2,29
DA:4,29
DA:34,29
LF:4
LH:4
BRF:0
BRH:0
end_of_record
TN:
SF:backend/models/FileP.js
FNF:0
FNH:0
DA:1,29
DA:2,29
DA:4,29
DA:25,29
LF:4
LH:4
BRF:0
BRH:0
end_of_record
TN:
SF:backend/models/MailP.js
FNF:0
FNH:0
DA:1,29
DA:2,29
DA:3,29
DA:5,29
DA:57,29
DA:58,29
DA:60,29
LF:7
LH:7
BRF:0
BRH:0
end_of_record
TN:
SF:backend/models/PaperP.js
FNF:0
FNH:0
DA:1,29
DA:2,29
DA:4,29
DA:50,29
LF:4
LH:4
BRF:0
BRH:0
end_of_record
TN:
SF:backend/models/PreinscriptionP.js
FNF:0
FNH:0
DA:1,29
DA:2,29
DA:3,29
DA:5,29
DA:41,29
DA:42,29
DA:44,29
LF:7
LH:7
BRF:0
BRH:0
end_of_record
TN:
SF:backend/models/RoleP.js
FNF:0
FNH:0
DA:1,29
DA:2,29
DA:4,29
DA:19,29
LF:4
LH:4
BRF:0
BRH:0
end_of_record
TN:
SF:backend/models/SuggestionP.js
FNF:0
FNH:0
DA:1,29
DA:2,29
DA:4,29
DA:33,29
LF:4
LH:4
BRF:0
BRH:0
end_of_record
TN:
SF:backend/models/UserP.js
FNF:0
FNH:0
DA:1,29
DA:2,29
DA:3,29
DA:4,29
DA:5,29
DA:6,29
DA:7,29
DA:8,29
DA:9,29
DA:11,29
DA:62,29
DA:63,29
DA:65,29
DA:66,29
DA:68,29
DA:69,29
DA:71,29
DA:72,29
DA:74,29
DA:75,29
DA:77,29
DA:78,29
DA:80,29
DA:81,29
DA:83,29
LF:25
LH:25
BRF:0
BRH:0
end_of_record
TN:
SF:backend/modules/albumModule/albumController.js
FN:16,(anonymous_0)
FN:42,(anonymous_1)
FN:57,(anonymous_2)
FN:70,(anonymous_3)
FN:128,(anonymous_4)
FNF:5
FNH:5
FNDA:9,(anonymous_0)
FNDA:2,(anonymous_1)
FNDA:1,(anonymous_2)
FNDA:3,(anonymous_3)
FNDA:1,(anonymous_4)
DA:1,29
DA:2,29
DA:3,29
DA:4,29
DA:5,29
DA:6,29
DA:7,29
DA:8,29
DA:9,29
DA:10,29
DA:11,29
DA:12,29
DA:14,29
DA:16,29
DA:17,9
DA:18,9
DA:22,9
DA:24,9
DA:29,9
DA:30,0
DA:32,9
DA:37,0
DA:39,0
DA:42,29
DA:43,2
DA:45,2
DA:46,2
DA:47,2
DA:48,2
DA:49,1
DA:53,0
DA:54,0
DA:57,29
DA:58,1
DA:59,1
DA:61,1
DA:62,1
DA:63,0
DA:64,1
DA:66,0
DA:67,0
DA:70,29
DA:71,3
DA:72,3
DA:73,0
DA:74,3
DA:76,3
DA:77,3
DA:78,3
DA:80,3
DA:82,3
DA:83,3
DA:84,0
DA:86,3
DA:88,3
DA:89,3
DA:93,3
DA:94,3
DA:97,3
DA:99,1
DA:101,1
DA:102,1
DA:104,3
DA:110,0
DA:111,0
DA:114,3
DA:115,3
DA:120,0
DA:124,0
DA:125,0
DA:128,29
DA:129,1
DA:131,1
DA:132,1
DA:134,1
DA:135,1
DA:136,1
DA:138,0
DA:139,0
LF:79
LH:62
BRDA:22,0,0,0
BRDA:22,0,1,9
BRDA:29,1,0,0
BRDA:29,1,1,9
BRDA:47,2,0,0
BRDA:47,2,1,2
BRDA:48,3,0,1
BRDA:48,3,1,1
BRDA:61,4,0,0
BRDA:61,4,1,1
BRDA:62,5,0,0
BRDA:62,5,1,1
BRDA:62,6,0,1
BRDA:62,6,1,1
BRDA:72,7,0,0
BRDA:72,7,1,3
BRDA:72,8,0,3
BRDA:72,8,1,0
BRDA:80,9,0,3
BRDA:80,9,1,0
BRDA:83,10,0,0
BRDA:83,10,1,3
BRDA:88,11,0,3
BRDA:88,11,1,0
BRDA:97,12,0,1
BRDA:97,12,1,2
BRDA:104,13,0,0
BRDA:104,13,1,3
BRDA:105,14,0,3
BRDA:105,14,1,3
BRDA:105,14,2,3
BRDA:110,15,0,0
BRDA:110,15,1,0
BRDA:110,15,2,0
BRDA:114,16,0,3
BRDA:114,16,1,0
BRDA:134,17,0,0
BRDA:134,17,1,1
BRDA:135,18,0,0
BRDA:135,18,1,1
BRF:40
BRH:23
end_of_record
TN:
SF:backend/modules/albumModule/albumRouter.js
FNF:0
FNH:0
DA:1,29
DA:2,29
DA:4,29
DA:11,29
DA:12,29
DA:13,29
DA:14,29
DA:15,29
DA:16,29
DA:17,29
DA:19,29
DA:21,29
DA:29,29
DA:39,29
DA:42,29
DA:45,29
DA:55,29
DA:63,29
LF:18
LH:18
BRF:0
BRH:0
end_of_record
TN:
SF:backend/modules/albumModule/middlewares/albumAuthorization.js
FN:6,(anonymous_0)
FN:23,(anonymous_1)
FN:26,(anonymous_2)
FN:28,(anonymous_3)
FNF:4
FNH:4
FNDA:13,(anonymous_0)
FNDA:13,(anonymous_1)
FNDA:8,(anonymous_2)
FNDA:13,(anonymous_3)
DA:1,29
DA:2,29
DA:3,29
DA:4,29
DA:6,29
DA:7,13
DA:8,13
DA:9,13
DA:13,13
DA:22,13
DA:23,13
DA:26,13
DA:28,13
DA:30,13
DA:35,13
DA:39,13
DA:41,13
DA:44,0
DA:51,13
DA:55,0
DA:57,0
DA:61,29
LF:22
LH:19
BRDA:35,0,0,13
BRDA:35,0,1,13
BRDA:35,0,2,13
BRDA:39,1,0,13
BRDA:39,1,1,5
BRDA:41,2,0,0
BRDA:41,2,1,13
BRF:7
BRH:6
end_of_record
TN:
SF:backend/modules/albumModule/middlewares/validators/deleteAlbumValidator.js
FNF:0
FNH:0
DA:1,29
DA:2,29
DA:4,29
DA:19,29
LF:4
LH:4
BRF:0
BRH:0
end_of_record
TN:
SF:backend/modules/albumModule/middlewares/validators/getAlbumValidator.js
FNF:0
FNH:0
DA:1,29
DA:2,29
DA:4,29
DA:13,29
LF:4
LH:4
BRF:0
BRH:0
end_of_record
TN:
SF:backend/modules/albumModule/middlewares/validators/postAlbumValidator.js
FN:35,(anonymous_0)
FN:42,(anonymous_1)
FN:45,(anonymous_2)
FNF:3
FNH:3
FNDA:9,(anonymous_0)
FNDA:9,(anonymous_1)
FNDA:10,(anonymous_2)
DA:1,29
DA:2,29
DA:3,29
DA:5,29
DA:36,9
DA:37,9
DA:39,0
DA:43,9
DA:45,9
DA:46,10
DA:47,0
DA:51,9
DA:56,29
LF:13
LH:11
BRDA:36,0,0,9
BRDA:36,0,1,0
BRDA:36,1,0,9
BRDA:36,1,1,9
BRDA:46,2,0,0
BRDA:46,2,1,10
BRF:6
BRH:4
end_of_record
TN:
SF:backend/modules/albumModule/middlewares/validators/putAlbumValidator.js
FN:49,(anonymous_0)
FN:57,(anonymous_1)
FN:60,(anonymous_2)
FN:69,(anonymous_3)
FNF:4
FNH:0
FNDA:0,(anonymous_0)
FNDA:0,(anonymous_1)
FNDA:0,(anonymous_2)
FNDA:0,(anonymous_3)
DA:1,29
DA:2,29
DA:3,29
DA:5,29
DA:50,0
DA:51,0
DA:53,0
DA:58,0
DA:60,0
DA:61,0
DA:62,0
DA:66,0
DA:70,0
DA:72,0
DA:73,0
DA:76,0
DA:81,29
LF:17
LH:5
BRDA:50,0,0,0
BRDA:50,0,1,0
BRDA:50,1,0,0
BRDA:50,1,1,0
BRDA:61,2,0,0
BRDA:61,2,1,0
BRDA:72,3,0,0
BRDA:72,3,1,0
BRF:8
BRH:0
end_of_record
TN:
SF:backend/modules/albumModule/services/createAlbumFilesService.js
FN:5,(anonymous_0)
FN:12,(anonymous_1)
FN:32,(anonymous_2)
FNF:3
FNH:3
FNDA:10,(anonymous_0)
FNDA:11,(anonymous_1)
FNDA:11,(anonymous_2)
DA:1,29
DA:2,29
DA:3,29
DA:5,29
DA:6,10
DA:7,10
DA:9,10
DA:11,10
DA:17,11
DA:18,11
DA:19,0
DA:21,11
DA:25,10
DA:26,0
DA:31,10
DA:33,11
DA:34,11
DA:35,11
DA:39,10
DA:40,0
DA:45,10
DA:58,10
DA:63,0
DA:64,0
DA:71,29
LF:25
LH:20
BRDA:18,0,0,0
BRDA:18,0,1,11
BRDA:25,1,0,0
BRDA:25,1,1,10
BRDA:25,2,0,10
BRDA:25,2,1,10
BRDA:25,2,2,10
BRDA:28,3,0,0
BRDA:28,3,1,0
BRDA:39,4,0,0
BRDA:39,4,1,10
BRF:11
BRH:6
end_of_record
TN:
SF:backend/modules/albumModule/services/createAlbumService.js
FN:8,(anonymous_0)
FNF:1
FNH:1
FNDA:9,(anonymous_0)
DA:1,29
DA:3,29
DA:4,29
DA:6,29
DA:8,29
DA:9,9
DA:11,9
DA:12,9
DA:15,9
DA:16,9
DA:21,9
DA:23,9
DA:25,9
DA:30,0
DA:32,0
DA:39,29
LF:16
LH:14
BRF:0
BRH:0
end_of_record
TN:
SF:backend/modules/albumModule/services/deleteAlbumFilesService.js
FN:4,(anonymous_0)
FN:12,(anonymous_1)
FNF:2
FNH:2
FNDA:1,(anonymous_0)
FNDA:2,(anonymous_1)
DA:1,29
DA:2,29
DA:4,29
DA:5,1
DA:6,1
DA:11,1
DA:13,2
DA:14,2
DA:15,2
DA:16,2
DA:20,1
DA:21,0
DA:27,1
DA:43,1
DA:48,0
DA:49,0
DA:56,29
LF:17
LH:14
BRDA:20,0,0,0
BRDA:20,0,1,1
BRF:2
BRH:1
end_of_record
TN:
SF:backend/modules/albumModule/services/deleteAlbumService.js
FN:4,(anonymous_0)
FNF:1
FNH:1
FNDA:1,(anonymous_0)
DA:1,29
DA:2,29
DA:4,29
DA:5,1
DA:6,1
DA:10,1
DA:12,0
DA:13,0
DA:17,29
LF:9
LH:7
BRF:0
BRH:0
end_of_record
TN:
SF:backend/modules/albumModule/services/getAlbumService.js
FN:3,(anonymous_0)
FNF:1
FNH:1
FNDA:2,(anonymous_0)
DA:1,29
DA:3,29
DA:4,2
DA:5,2
DA:23,2
DA:25,0
DA:32,29
LF:7
LH:6
BRF:0
BRH:0
end_of_record
TN:
SF:backend/modules/albumModule/services/listAlbumsService.js
FN:3,(anonymous_0)
FNF:1
FNH:1
FNDA:1,(anonymous_0)
DA:1,29
DA:3,29
DA:4,1
DA:5,1
DA:22,1
DA:24,0
DA:31,29
LF:7
LH:6
BRF:0
BRH:0
end_of_record
TN:
SF:backend/modules/albumModule/services/putAlbumFilesService.js
FN:5,(anonymous_0)
FNF:1
FNH:1
FNDA:3,(anonymous_0)
DA:1,29
DA:2,29
DA:3,29
DA:5,29
DA:6,3
DA:7,3
DA:9,3
DA:11,1
DA:12,1
DA:18,2
DA:35,2
DA:40,0
DA:41,0
DA:48,29
LF:14
LH:12
BRDA:9,0,0,1
BRDA:9,0,1,2
BRDA:9,1,0,3
BRDA:9,1,1,3
BRF:4
BRH:4
end_of_record
TN:
SF:backend/modules/albumModule/services/putAlbumService.js
FN:4,(anonymous_0)
FNF:1
FNH:1
FNDA:3,(anonymous_0)
DA:1,29
DA:2,29
DA:4,29
DA:5,3
DA:6,3
DA:8,3
DA:26,3
DA:28,0
DA:29,0
DA:33,29
LF:10
LH:8
BRF:0
BRH:0
end_of_record
TN:
SF:backend/modules/authModule/authController.js
FN:9,(anonymous_0)
FN:39,(anonymous_1)
FNF:2
FNH:2
FNDA:41,(anonymous_0)
FNDA:47,(anonymous_1)
DA:1,29
DA:2,29
DA:3,29
DA:4,29
DA:5,29
DA:6,29
DA:7,29
DA:9,29
DA:10,41
DA:12,41
DA:13,41
DA:14,41
DA:15,41
DA:16,0
DA:18,41
DA:20,41
DA:21,0
DA:27,41
DA:28,41
DA:29,0
DA:31,41
DA:36,0
DA:39,29
DA:40,47
DA:42,47
DA:50,47
DA:52,47
DA:54,47
DA:55,47
DA:61,0
DA:63,0
DA:64,0
LF:32
LH:25
BRDA:14,0,0,0
BRDA:14,0,1,41
BRDA:15,1,0,0
BRDA:15,1,1,41
BRDA:20,2,0,0
BRDA:20,2,1,41
BRDA:20,3,0,41
BRDA:20,3,1,41
BRDA:28,4,0,0
BRDA:28,4,1,41
BRDA:52,5,0,0
BRDA:52,5,1,47
BRDA:54,6,0,47
BRDA:54,6,1,0
BRDA:54,7,0,47
BRDA:54,7,1,47
BRDA:63,8,0,0
BRDA:63,8,1,0
BRF:18
BRH:10
end_of_record
TN:
SF:backend/modules/authModule/authIncludes.js
FNF:0
FNH:0
DA:1,29
DA:3,29
LF:2
LH:2
BRF:0
BRH:0
end_of_record
TN:
SF:backend/modules/authModule/authRouter.js
FNF:0
FNH:0
DA:1,29
DA:2,29
DA:3,29
DA:4,29
DA:7,29
DA:10,29
DA:12,29
LF:7
LH:7
BRF:0
BRH:0
end_of_record
TN:
SF:backend/modules/authModule/middlewares/verifyTokenMiiddleware.js
FN:12,(anonymous_0)
FNF:1
FNH:1
FNDA:66,(anonymous_0)
DA:2,29
DA:8,29
DA:9,29
DA:10,29
DA:12,29
DA:13,66
DA:14,66
DA:15,3
DA:22,63
DA:23,63
DA:24,63
DA:25,63
DA:26,63
DA:27,63
DA:29,63
DA:43,63
DA:44,0
DA:46,63
DA:47,63
DA:49,0
DA:50,0
DA:56,63
DA:59,29
LF:23
LH:20
BRDA:14,0,0,3
BRDA:14,0,1,63
BRDA:26,1,0,0
BRDA:26,1,1,63
BRDA:43,2,0,0
BRDA:43,2,1,63
BRF:6
BRH:4
end_of_record
TN:
SF:backend/modules/authModule/middlewares/authorizations/isAdminMiddleWare.js
FN:3,(anonymous_0)
FN:8,(anonymous_1)
FNF:2
FNH:2
FNDA:23,(anonymous_0)
FNDA:23,(anonymous_1)
DA:1,29
DA:3,29
DA:4,23
DA:6,23
DA:8,23
DA:10,23
DA:12,23
DA:14,23
DA:15,0
DA:19,23
DA:22,29
LF:11
LH:10
BRDA:14,0,0,0
BRDA:14,0,1,23
BRF:2
BRH:1
end_of_record
TN:
SF:backend/modules/authModule/middlewares/authorizations/isSuperuserMiddleware.js
FN:3,(anonymous_0)
FN:6,(anonymous_1)
FNF:2
FNH:2
FNDA:12,(anonymous_0)
FNDA:11,(anonymous_1)
DA:1,29
DA:3,29
DA:4,12
DA:6,12
DA:8,12
DA:10,12
DA:12,12
DA:16,12
DA:18,12
DA:19,0
DA:23,12
DA:26,29
LF:12
LH:11
BRDA:12,0,0,12
BRDA:12,0,1,12
BRDA:12,0,2,12
BRDA:16,1,0,12
BRDA:16,1,1,11
BRDA:18,2,0,0
BRDA:18,2,1,12
BRF:7
BRH:6
end_of_record
TN:
SF:backend/modules/authModule/middlewares/validators/loginValidator.js
FNF:0
FNH:0
DA:1,29
DA:2,29
DA:3,29
DA:5,29
DA:22,29
LF:5
LH:5
BRF:0
BRH:0
end_of_record
TN:
SF:backend/modules/authModule/middlewares/validators/registerValidator.js
FN:30,(anonymous_0)
FN:37,(anonymous_1)
FN:56,(anonymous_2)
FNF:3
FNH:3
FNDA:47,(anonymous_0)
FNDA:47,(anonymous_1)
FNDA:47,(anonymous_2)
DA:1,29
DA:2,29
DA:3,29
DA:4,29
DA:5,29
DA:7,29
DA:31,47
DA:38,47
DA:40,0
DA:57,47
DA:58,0
DA:60,47
DA:64,29
LF:13
LH:11
BRDA:38,0,0,0
BRDA:38,0,1,47
BRDA:57,1,0,0
BRDA:57,1,1,47
BRF:4
BRH:2
end_of_record
TN:
SF:backend/modules/authModule/services/createUserService.js
FN:3,(anonymous_0)
FNF:1
FNH:1
FNDA:47,(anonymous_0)
DA:1,29
DA:3,29
DA:4,47
DA:5,47
DA:7,47
DA:9,0
DA:13,29
LF:7
LH:6
BRF:0
BRH:0
end_of_record
TN:
SF:backend/modules/authModule/services/generateTokenService.js
FN:5,(anonymous_0)
FNF:1
FNH:1
FNDA:41,(anonymous_0)
DA:1,29
DA:2,29
DA:5,29
DA:6,41
DA:20,29
LF:5
LH:5
BRF:0
BRH:0
end_of_record
TN:
SF:backend/modules/authModule/services/verifyPasswordService.js
FN:3,(anonymous_0)
FNF:1
FNH:1
FNDA:41,(anonymous_0)
DA:1,29
DA:3,29
DA:4,41
DA:5,41
DA:8,29
LF:5
LH:5
BRF:0
BRH:0
end_of_record
TN:
SF:backend/modules/authModule/services/verifyUserService.js
FN:4,(anonymous_0)
FNF:1
FNH:1
FNDA:41,(anonymous_0)
DA:1,29
DA:2,29
DA:4,29
DA:5,41
DA:6,41
DA:10,41
DA:12,0
DA:16,29
LF:8
LH:7
BRF:0
BRH:0
end_of_record
TN:
SF:backend/modules/cardModule/cardController.js
FN:16,(anonymous_0)
FN:40,(anonymous_1)
FN:55,(anonymous_2)
FN:68,(anonymous_3)
FN:122,(anonymous_4)
FNF:5
FNH:5
FNDA:6,(anonymous_0)
FNDA:2,(anonymous_1)
FNDA:1,(anonymous_2)
FNDA:1,(anonymous_3)
FNDA:1,(anonymous_4)
DA:1,29
DA:2,29
DA:3,29
DA:4,29
DA:5,29
DA:6,29
DA:7,29
DA:8,29
DA:9,29
DA:10,29
DA:11,29
DA:12,29
DA:14,29
DA:16,29
DA:17,6
DA:18,6
DA:20,6
DA:22,6
DA:27,6
DA:28,0
DA:30,6
DA:35,0
DA:37,0
DA:40,29
DA:41,2
DA:43,2
DA:44,2
DA:45,2
DA:46,2
DA:47,1
DA:51,0
DA:52,0
DA:55,29
DA:56,1
DA:57,1
DA:59,1
DA:60,1
DA:61,0
DA:62,1
DA:64,0
DA:65,0
DA:68,29
DA:69,1
DA:70,1
DA:71,0
DA:72,1
DA:74,1
DA:75,1
DA:76,1
DA:78,1
DA:80,1
DA:81,1
DA:82,0
DA:84,1
DA:86,1
DA:87,1
DA:91,1
DA:92,1
DA:95,1
DA:97,1
DA:99,1
DA:100,1
DA:102,1
DA:104,0
DA:105,0
DA:108,1
DA:109,1
DA:114,0
DA:118,0
DA:119,0
DA:122,29
DA:123,1
DA:125,1
DA:126,1
DA:128,1
DA:129,1
DA:130,1
DA:132,0
DA:133,0
LF:79
LH:62
BRDA:20,0,0,0
BRDA:20,0,1,6
BRDA:27,1,0,0
BRDA:27,1,1,6
BRDA:45,2,0,0
BRDA:45,2,1,2
BRDA:46,3,0,1
BRDA:46,3,1,1
BRDA:59,4,0,0
BRDA:59,4,1,1
BRDA:60,5,0,0
BRDA:60,5,1,1
BRDA:60,6,0,1
BRDA:60,6,1,1
BRDA:70,7,0,0
BRDA:70,7,1,1
BRDA:70,8,0,1
BRDA:70,8,1,0
BRDA:78,9,0,1
BRDA:78,9,1,0
BRDA:81,10,0,0
BRDA:81,10,1,1
BRDA:86,11,0,1
BRDA:86,11,1,0
BRDA:95,12,0,1
BRDA:95,12,1,0
BRDA:102,13,0,0
BRDA:102,13,1,1
BRDA:102,14,0,1
BRDA:102,14,1,1
BRDA:102,14,2,1
BRDA:104,15,0,0
BRDA:104,15,1,0
BRDA:104,15,2,0
BRDA:108,16,0,1
BRDA:108,16,1,0
BRDA:128,17,0,0
BRDA:128,17,1,1
BRDA:129,18,0,0
BRDA:129,18,1,1
BRF:40
BRH:22
end_of_record
TN:
SF:backend/modules/cardModule/cardRouter.js
FNF:0
FNH:0
DA:1,29
DA:2,29
DA:4,29
DA:11,29
DA:12,29
DA:13,29
DA:14,29
DA:15,29
DA:16,29
DA:17,29
DA:19,29
DA:21,29
DA:29,29
DA:39,29
DA:42,29
DA:45,29
DA:55,29
DA:63,29
LF:18
LH:18
BRF:0
BRH:0
end_of_record
TN:
SF:backend/modules/cardModule/middlewares/validators/deleteCardValidator.js
FNF:0
FNH:0
DA:1,29
DA:2,29
DA:4,29
DA:13,29
LF:4
LH:4
BRF:0
BRH:0
end_of_record
TN:
SF:backend/modules/cardModule/middlewares/validators/getCardValidator.js
FNF:0
FNH:0
DA:1,29
DA:2,29
DA:4,29
DA:13,29
LF:4
LH:4
BRF:0
BRH:0
end_of_record
TN:
SF:backend/modules/cardModule/middlewares/validators/postCardValidator.js
FN:32,(anonymous_0)
FN:39,(anonymous_1)
FN:42,(anonymous_2)
FNF:3
FNH:3
FNDA:6,(anonymous_0)
FNDA:6,(anonymous_1)
FNDA:8,(anonymous_2)
DA:1,29
DA:2,29
DA:3,29
DA:5,29
DA:33,6
DA:34,6
DA:36,0
DA:40,6
DA:42,6
DA:43,8
DA:44,0
DA:48,6
DA:53,29
LF:13
LH:11
BRDA:33,0,0,6
BRDA:33,0,1,0
BRDA:33,1,0,6
BRDA:33,1,1,6
BRDA:43,2,0,0
BRDA:43,2,1,8
BRF:6
BRH:4
end_of_record
TN:
SF:backend/modules/cardModule/middlewares/validators/putCardValidator.js
FN:47,(anonymous_0)
FN:55,(anonymous_1)
FN:58,(anonymous_2)
FNF:3
FNH:0
FNDA:0,(anonymous_0)
FNDA:0,(anonymous_1)
FNDA:0,(anonymous_2)
DA:1,29
DA:2,29
DA:3,29
DA:5,29
DA:48,0
DA:49,0
DA:51,0
DA:56,0
DA:58,0
DA:59,0
DA:60,0
DA:64,0
DA:69,29
LF:13
LH:5
BRDA:48,0,0,0
BRDA:48,0,1,0
BRDA:48,1,0,0
BRDA:48,1,1,0
BRDA:59,2,0,0
BRDA:59,2,1,0
BRF:6
BRH:0
end_of_record
TN:
SF:backend/modules/cardModule/services/createCardFilesService.js
FN:5,(anonymous_0)
FN:12,(anonymous_1)
FN:32,(anonymous_2)
FNF:3
FNH:3
FNDA:6,(anonymous_0)
FNDA:8,(anonymous_1)
FNDA:8,(anonymous_2)
DA:1,29
DA:2,29
DA:3,29
DA:5,29
DA:6,6
DA:7,6
DA:9,6
DA:11,6
DA:17,8
DA:18,8
DA:19,0
DA:21,8
DA:25,6
DA:26,0
DA:31,6
DA:33,8
DA:34,8
DA:35,8
DA:39,6
DA:40,0
DA:45,6
DA:55,6
DA:60,0
DA:61,0
DA:68,29
LF:25
LH:20
BRDA:18,0,0,0
BRDA:18,0,1,8
BRDA:25,1,0,0
BRDA:25,1,1,6
BRDA:25,2,0,6
BRDA:25,2,1,6
BRDA:25,2,2,6
BRDA:28,3,0,0
BRDA:28,3,1,0
BRDA:39,4,0,0
BRDA:39,4,1,6
BRF:11
BRH:6
end_of_record
TN:
SF:backend/modules/cardModule/services/createCardService.js
FN:8,(anonymous_0)
FNF:1
FNH:1
FNDA:6,(anonymous_0)
DA:1,29
DA:3,29
DA:4,29
DA:6,29
DA:8,29
DA:9,6
DA:10,6
DA:13,6
DA:15,6
DA:17,6
DA:22,0
DA:24,0
DA:31,29
LF:13
LH:11
BRF:0
BRH:0
end_of_record
TN:
SF:backend/modules/cardModule/services/deleteCardFilesService.js
FN:4,(anonymous_0)
FN:12,(anonymous_1)
FNF:2
FNH:2
FNDA:1,(anonymous_0)
FNDA:2,(anonymous_1)
DA:1,29
DA:2,29
DA:4,29
DA:5,1
DA:6,1
DA:11,1
DA:13,2
DA:14,2
DA:15,2
DA:16,2
DA:20,1
DA:21,0
DA:27,1
DA:38,1
DA:43,0
DA:44,0
DA:51,29
LF:17
LH:14
BRDA:20,0,0,0
BRDA:20,0,1,1
BRF:2
BRH:1
end_of_record
TN:
SF:backend/modules/cardModule/services/deleteCardService.js
FN:4,(anonymous_0)
FNF:1
FNH:1
FNDA:1,(anonymous_0)
DA:1,29
DA:2,29
DA:4,29
DA:5,1
DA:6,1
DA:10,1
DA:12,0
DA:13,0
DA:17,29
LF:9
LH:7
BRF:0
BRH:0
end_of_record
TN:
SF:backend/modules/cardModule/services/getCardService.js
FN:4,(anonymous_0)
FNF:1
FNH:1
FNDA:2,(anonymous_0)
DA:1,29
DA:2,29
DA:4,29
DA:5,2
DA:6,2
DA:19,2
DA:21,0
DA:22,0
DA:29,29
LF:9
LH:7
BRF:0
BRH:0
end_of_record
TN:
SF:backend/modules/cardModule/services/listCardsService.js
FN:4,(anonymous_0)
FNF:1
FNH:1
FNDA:1,(anonymous_0)
DA:1,29
DA:2,29
DA:4,29
DA:5,1
DA:6,1
DA:18,1
DA:20,0
DA:21,0
DA:28,29
LF:9
LH:7
BRF:0
BRH:0
end_of_record
TN:
SF:backend/modules/cardModule/services/putCardFilesService.js
FN:5,(anonymous_0)
FNF:1
FNH:1
FNDA:1,(anonymous_0)
DA:1,29
DA:2,29
DA:3,29
DA:5,29
DA:6,1
DA:7,1
DA:9,1
DA:10,0
DA:14,0
DA:20,1
DA:32,1
DA:37,0
DA:38,0
DA:45,29
LF:14
LH:10
BRDA:9,0,0,0
BRDA:9,0,1,1
BRDA:9,1,0,1
BRDA:9,1,1,1
BRF:4
BRH:3
end_of_record
TN:
SF:backend/modules/cardModule/services/putCardService.js
FN:4,(anonymous_0)
FNF:1
FNH:1
FNDA:1,(anonymous_0)
DA:1,29
DA:2,29
DA:4,29
DA:5,1
DA:6,1
DA:8,1
DA:21,1
DA:23,0
DA:24,0
DA:28,29
LF:10
LH:8
BRF:0
BRH:0
end_of_record
TN:
SF:backend/modules/entityModule/entityController.js
FN:11,(anonymous_0)
FN:28,(anonymous_1)
FN:44,(anonymous_2)
FN:56,(anonymous_3)
FN:82,(anonymous_4)
FNF:5
FNH:5
FNDA:22,(anonymous_0)
FNDA:1,(anonymous_1)
FNDA:1,(anonymous_2)
FNDA:11,(anonymous_3)
FNDA:1,(anonymous_4)
DA:1,29
DA:2,29
DA:3,29
DA:4,29
DA:5,29
DA:6,29
DA:7,29
DA:9,29
DA:11,29
DA:12,22
DA:13,22
DA:14,22
DA:18,22
DA:20,22
DA:25,0
DA:28,29
DA:29,1
DA:31,1
DA:32,1
DA:35,1
DA:36,1
DA:37,1
DA:41,0
DA:44,29
DA:45,1
DA:46,1
DA:48,1
DA:49,1
DA:50,0
DA:51,1
DA:53,0
DA:56,29
DA:57,11
DA:58,11
DA:59,0
DA:61,11
DA:62,11
DA:67,11
DA:69,11
DA:70,11
DA:75,0
DA:79,0
DA:82,29
DA:83,1
DA:85,1
DA:86,1
DA:90,1
DA:91,1
DA:92,0
DA:93,1
DA:95,0
LF:51
LH:42
BRDA:18,0,0,0
BRDA:18,0,1,22
BRDA:35,1,0,0
BRDA:35,1,1,1
BRDA:36,2,0,0
BRDA:36,2,1,1
BRDA:48,3,0,0
BRDA:48,3,1,1
BRDA:49,4,0,0
BRDA:49,4,1,1
BRDA:49,5,0,1
BRDA:49,5,1,1
BRDA:58,6,0,0
BRDA:58,6,1,11
BRDA:67,7,0,0
BRDA:67,7,1,11
BRDA:69,8,0,11
BRDA:69,8,1,0
BRDA:90,9,0,0
BRDA:90,9,1,1
BRDA:91,10,0,0
BRDA:91,10,1,1
BRF:22
BRH:12
end_of_record
TN:
SF:backend/modules/entityModule/entityRouter.js
FNF:0
FNH:0
DA:1,29
DA:2,29
DA:3,29
DA:10,29
DA:11,29
DA:12,29
DA:13,29
DA:14,29
DA:17,29
DA:20,29
DA:29,29
DA:32,29
DA:41,29
DA:49,29
LF:14
LH:14
BRF:0
BRH:0
end_of_record
TN:
SF:backend/modules/entityModule/middlewares/validators/deleteEntityValidator.js
FNF:0
FNH:0
DA:1,29
DA:2,29
DA:4,29
DA:13,29
LF:4
LH:4
BRF:0
BRH:0
end_of_record
TN:
SF:backend/modules/entityModule/middlewares/validators/getEntityValidator.js
FNF:0
FNH:0
DA:1,29
DA:2,29
DA:4,29
DA:13,29
LF:4
LH:4
BRF:0
BRH:0
end_of_record
TN:
SF:backend/modules/entityModule/middlewares/validators/postEntityValidators.js
FNF:0
FNH:0
DA:1,29
DA:2,29
DA:4,29
DA:29,29
LF:4
LH:4
BRF:0
BRH:0
end_of_record
TN:
SF:backend/modules/entityModule/middlewares/validators/putEntityValidator.js
FNF:0
FNH:0
DA:1,29
DA:2,29
DA:4,29
DA:45,29
LF:4
LH:4
BRF:0
BRH:0
end_of_record
TN:
SF:backend/modules/entityModule/services/createEntityService.js
FN:3,(anonymous_0)
FNF:1
FNH:1
FNDA:22,(anonymous_0)
DA:1,29
DA:3,29
DA:4,22
DA:6,22
DA:10,22
DA:12,22
DA:17,0
DA:24,29
LF:8
LH:7
BRF:0
BRH:0
end_of_record
TN:
SF:backend/modules/entityModule/services/deleteEntityService.js
FN:3,(anonymous_0)
FNF:1
FNH:1
FNDA:1,(anonymous_0)
DA:1,29
DA:3,29
DA:4,1
DA:5,1
DA:9,1
DA:11,0
DA:15,29
LF:7
LH:6
BRF:0
BRH:0
end_of_record
TN:
SF:backend/modules/entityModule/services/getEntityService.js
FN:3,(anonymous_0)
FNF:1
FNH:1
FNDA:1,(anonymous_0)
DA:1,29
DA:3,29
DA:4,1
DA:5,1
DA:16,1
DA:18,0
DA:19,0
DA:26,29
LF:8
LH:6
BRF:0
BRH:0
end_of_record
TN:
SF:backend/modules/entityModule/services/listEntitiesService.js
FN:3,(anonymous_0)
FNF:1
FNH:1
FNDA:1,(anonymous_0)
DA:1,29
DA:3,29
DA:4,1
DA:5,1
DA:9,1
DA:11,0
DA:18,29
LF:7
LH:6
BRF:0
BRH:0
end_of_record
TN:
SF:backend/modules/entityModule/services/putEntityService.js
FN:3,(anonymous_0)
FNF:1
FNH:1
FNDA:11,(anonymous_0)
DA:1,29
DA:3,29
DA:4,11
DA:5,11
DA:7,11
DA:8,10
DA:9,10
DA:12,10
DA:15,11
DA:16,11
DA:22,11
DA:30,11
DA:32,0
DA:33,0
DA:37,29
LF:15
LH:13
BRDA:7,0,0,10
BRDA:7,0,1,1
BRDA:15,1,0,11
BRDA:15,1,1,0
BRF:4
BRH:3
end_of_record
TN:
SF:backend/modules/paperModule/paperController.js
FN:16,(anonymous_0)
FN:42,(anonymous_1)
FN:57,(anonymous_2)
FN:70,(anonymous_3)
FN:128,(anonymous_4)
FNF:5
FNH:5
FNDA:9,(anonymous_0)
FNDA:1,(anonymous_1)
FNDA:2,(anonymous_2)
FNDA:3,(anonymous_3)
FNDA:1,(anonymous_4)
DA:1,29
DA:2,29
DA:3,29
DA:4,29
DA:5,29
DA:6,29
DA:7,29
DA:8,29
DA:9,29
DA:10,29
DA:11,29
DA:12,29
DA:14,29
DA:16,29
DA:17,9
DA:18,9
DA:22,9
DA:24,9
DA:29,9
DA:30,0
DA:32,9
DA:37,0
DA:39,0
DA:42,29
DA:43,1
DA:45,1
DA:46,1
DA:47,1
DA:48,1
DA:49,1
DA:53,0
DA:54,0
DA:57,29
DA:58,2
DA:59,2
DA:61,2
DA:62,2
DA:63,1
DA:64,1
DA:66,0
DA:67,0
DA:70,29
DA:71,3
DA:72,3
DA:73,0
DA:74,3
DA:76,3
DA:77,3
DA:78,3
DA:80,3
DA:82,3
DA:83,3
DA:84,0
DA:86,3
DA:88,3
DA:89,3
DA:93,3
DA:94,3
DA:97,3
DA:99,1
DA:101,1
DA:102,1
DA:104,3
DA:110,0
DA:111,0
DA:114,3
DA:115,3
DA:120,0
DA:124,0
DA:125,0
DA:128,29
DA:129,1
DA:131,1
DA:132,1
DA:134,1
DA:135,1
DA:136,1
DA:138,0
DA:139,0
LF:79
LH:63
BRDA:22,0,0,0
BRDA:22,0,1,9
BRDA:29,1,0,0
BRDA:29,1,1,9
BRDA:47,2,0,0
BRDA:47,2,1,1
BRDA:48,3,0,0
BRDA:48,3,1,1
BRDA:61,4,0,0
BRDA:61,4,1,2
BRDA:62,5,0,1
BRDA:62,5,1,1
BRDA:62,6,0,2
BRDA:62,6,1,2
BRDA:72,7,0,0
BRDA:72,7,1,3
BRDA:72,8,0,3
BRDA:72,8,1,0
BRDA:80,9,0,3
BRDA:80,9,1,0
BRDA:83,10,0,0
BRDA:83,10,1,3
BRDA:88,11,0,3
BRDA:88,11,1,0
BRDA:97,12,0,1
BRDA:97,12,1,2
BRDA:104,13,0,0
BRDA:104,13,1,3
BRDA:105,14,0,3
BRDA:105,14,1,3
BRDA:105,14,2,3
BRDA:110,15,0,0
BRDA:110,15,1,0
BRDA:110,15,2,0
BRDA:114,16,0,3
BRDA:114,16,1,0
BRDA:134,17,0,0
BRDA:134,17,1,1
BRDA:135,18,0,0
BRDA:135,18,1,1
BRF:40
BRH:23
end_of_record
TN:
SF:backend/modules/paperModule/paperRouter.js
FNF:0
FNH:0
DA:1,29
DA:2,29
DA:4,29
DA:11,29
DA:12,29
DA:13,29
DA:14,29
DA:15,29
DA:16,29
DA:17,29
DA:20,29
DA:30,29
DA:33,29
DA:36,29
DA:46,29
DA:54,29
LF:16
LH:16
BRF:0
BRH:0
end_of_record
TN:
SF:backend/modules/paperModule/middlewares/paperAuthorization.js
FN:6,(anonymous_0)
FN:23,(anonymous_1)
FN:26,(anonymous_2)
FN:28,(anonymous_3)
FNF:4
FNH:4
FNDA:13,(anonymous_0)
FNDA:13,(anonymous_1)
FNDA:8,(anonymous_2)
FNDA:13,(anonymous_3)
DA:1,29
DA:2,29
DA:3,29
DA:4,29
DA:6,29
DA:7,13
DA:8,13
DA:9,13
DA:13,13
DA:22,13
DA:23,13
DA:26,13
DA:28,13
DA:30,13
DA:35,13
DA:39,13
DA:41,13
DA:44,0
DA:51,13
DA:55,0
DA:57,0
DA:61,29
LF:22
LH:19
BRDA:35,0,0,13
BRDA:35,0,1,13
BRDA:35,0,2,13
BRDA:39,1,0,13
BRDA:39,1,1,5
BRDA:41,2,0,0
BRDA:41,2,1,13
BRF:7
BRH:6
end_of_record
TN:
SF:backend/modules/paperModule/middlewares/validators/deletePaperValidator.js
FN:13,(anonymous_0)
FN:20,(anonymous_1)
FN:33,(anonymous_2)
FN:40,(anonymous_3)
FNF:4
FNH:4
FNDA:1,(anonymous_0)
FNDA:1,(anonymous_1)
FNDA:1,(anonymous_2)
FNDA:1,(anonymous_3)
DA:1,29
DA:2,29
DA:3,29
DA:4,29
DA:6,29
DA:14,1
DA:21,1
DA:23,0
DA:34,1
DA:41,1
DA:43,0
DA:49,29
LF:12
LH:10
BRDA:21,0,0,0
BRDA:21,0,1,1
BRDA:41,1,0,0
BRDA:41,1,1,1
BRF:4
BRH:2
end_of_record
TN:
SF:backend/modules/paperModule/middlewares/validators/getPaperValidator.js
FNF:0
FNH:0
DA:1,29
DA:2,29
DA:4,29
DA:13,29
LF:4
LH:4
BRF:0
BRH:0
end_of_record
TN:
SF:backend/modules/paperModule/middlewares/validators/postPaperValidator.js
FN:16,(anonymous_0)
FN:23,(anonymous_1)
FN:93,(anonymous_2)
FN:100,(anonymous_3)
FN:104,(anonymous_4)
FN:111,(anonymous_5)
FN:114,(anonymous_6)
FN:124,(anonymous_7)
FNF:8
FNH:5
FNDA:9,(anonymous_0)
FNDA:9,(anonymous_1)
FNDA:4,(anonymous_2)
FNDA:4,(anonymous_3)
FNDA:0,(anonymous_4)
FNDA:0,(anonymous_5)
FNDA:0,(anonymous_6)
FNDA:9,(anonymous_7)
DA:1,29
DA:2,29
DA:3,29
DA:4,29
DA:5,29
DA:7,29
DA:9,29
DA:17,9
DA:24,9
DA:26,0
DA:93,4
DA:100,4
DA:105,0
DA:106,0
DA:108,0
DA:112,0
DA:114,0
DA:115,0
DA:116,0
DA:120,0
DA:125,9
DA:126,4
DA:127,5
DA:132,29
LF:24
LH:15
BRDA:24,0,0,0
BRDA:24,0,1,9
BRDA:105,1,0,0
BRDA:105,1,1,0
BRDA:105,2,0,0
BRDA:105,2,1,0
BRDA:115,3,0,0
BRDA:115,3,1,0
BRDA:125,4,0,4
BRDA:125,4,1,5
BRDA:125,5,0,9
BRDA:125,5,1,4
BRF:12
BRH:5
end_of_record
TN:
SF:backend/modules/paperModule/middlewares/validators/putPaperValidator.js
FN:16,(anonymous_0)
FN:23,(anonymous_1)
FN:36,(anonymous_2)
FN:43,(anonymous_3)
FN:115,(anonymous_4)
FN:122,(anonymous_5)
FN:126,(anonymous_6)
FN:133,(anonymous_7)
FN:136,(anonymous_8)
FN:146,(anonymous_9)
FNF:10
FNH:5
FNDA:3,(anonymous_0)
FNDA:3,(anonymous_1)
FNDA:3,(anonymous_2)
FNDA:3,(anonymous_3)
FNDA:0,(anonymous_4)
FNDA:0,(anonymous_5)
FNDA:0,(anonymous_6)
FNDA:0,(anonymous_7)
FNDA:0,(anonymous_8)
FNDA:3,(anonymous_9)
DA:1,29
DA:3,29
DA:4,29
DA:5,29
DA:6,29
DA:7,29
DA:9,29
DA:17,3
DA:24,3
DA:26,0
DA:37,3
DA:44,3
DA:46,0
DA:115,0
DA:122,0
DA:127,0
DA:128,0
DA:130,0
DA:134,0
DA:136,0
DA:137,0
DA:138,0
DA:142,0
DA:147,3
DA:148,0
DA:149,3
DA:159,29
LF:27
LH:14
BRDA:24,0,0,0
BRDA:24,0,1,3
BRDA:44,1,0,0
BRDA:44,1,1,3
BRDA:127,2,0,0
BRDA:127,2,1,0
BRDA:127,3,0,0
BRDA:127,3,1,0
BRDA:137,4,0,0
BRDA:137,4,1,0
BRDA:147,5,0,0
BRDA:147,5,1,3
BRDA:147,6,0,3
BRDA:147,6,1,0
BRF:14
BRH:4
end_of_record
TN:
SF:backend/modules/paperModule/services/createPaperFilesService.js
FN:4,(anonymous_0)
FN:9,(anonymous_1)
FNF:2
FNH:2
FNDA:10,(anonymous_0)
FNDA:11,(anonymous_1)
DA:1,29
DA:2,29
DA:4,29
DA:5,10
DA:6,10
DA:8,10
DA:10,11
DA:11,11
DA:12,11
DA:16,10
DA:17,0
DA:22,10
DA:40,10
DA:45,0
DA:46,0
DA:53,29
LF:16
LH:13
BRDA:16,0,0,0
BRDA:16,0,1,10
BRF:2
BRH:1
end_of_record
TN:
SF:backend/modules/paperModule/services/createPaperService.js
FN:8,(anonymous_0)
FNF:1
FNH:1
FNDA:9,(anonymous_0)
DA:1,29
DA:3,29
DA:4,29
DA:6,29
DA:8,29
DA:9,9
DA:11,9
DA:12,9
DA:15,9
DA:16,9
DA:21,9
DA:23,9
DA:41,9
DA:46,0
DA:48,0
DA:55,29
LF:16
LH:14
BRF:0
BRH:0
end_of_record
TN:
SF:backend/modules/paperModule/services/deletePaperFilesService.js
FN:4,(anonymous_0)
FN:12,(anonymous_1)
FNF:2
FNH:2
FNDA:1,(anonymous_0)
FNDA:2,(anonymous_1)
DA:1,29
DA:2,29
DA:4,29
DA:5,1
DA:6,1
DA:11,1
DA:13,2
DA:14,2
DA:15,2
DA:16,2
DA:20,1
DA:21,0
DA:27,1
DA:43,1
DA:48,0
DA:49,0
DA:56,29
LF:17
LH:14
BRDA:20,0,0,0
BRDA:20,0,1,1
BRF:2
BRH:1
end_of_record
TN:
SF:backend/modules/paperModule/services/deletePaperService.js
FN:4,(anonymous_0)
FNF:1
FNH:1
FNDA:1,(anonymous_0)
DA:1,29
DA:2,29
DA:4,29
DA:5,1
DA:6,1
DA:7,1
DA:11,1
DA:13,0
DA:14,0
DA:18,29
LF:10
LH:8
BRF:0
BRH:0
end_of_record
TN:
SF:backend/modules/paperModule/services/getPaperService.js
FN:4,(anonymous_0)
FNF:1
FNH:1
FNDA:1,(anonymous_0)
DA:1,29
DA:2,29
DA:4,29
DA:5,1
DA:6,1
DA:24,1
DA:26,0
DA:27,0
DA:34,29
LF:9
LH:7
BRF:0
BRH:0
end_of_record
TN:
SF:backend/modules/paperModule/services/listPapersService.js
FN:4,(anonymous_0)
FNF:1
FNH:1
FNDA:2,(anonymous_0)
DA:1,29
DA:2,29
DA:4,29
DA:5,2
DA:6,2
DA:25,2
DA:27,0
DA:28,0
DA:35,29
LF:9
LH:7
BRF:0
BRH:0
end_of_record
TN:
SF:backend/modules/paperModule/services/putPaperFilesService.js
FN:5,(anonymous_0)
FNF:1
FNH:1
FNDA:3,(anonymous_0)
DA:1,29
DA:2,29
DA:3,29
DA:5,29
DA:6,3
DA:7,3
DA:9,3
DA:11,1
DA:12,1
DA:18,2
DA:35,2
DA:40,0
DA:41,0
DA:48,29
LF:14
LH:12
BRDA:9,0,0,1
BRDA:9,0,1,2
BRDA:9,1,0,3
BRDA:9,1,1,3
BRF:4
BRH:4
end_of_record
TN:
SF:backend/modules/paperModule/services/putPaperService.js
FN:4,(anonymous_0)
FNF:1
FNH:1
FNDA:3,(anonymous_0)
DA:1,29
DA:2,29
DA:4,29
DA:5,3
DA:6,3
DA:8,3
DA:26,3
DA:28,0
DA:29,0
DA:33,29
LF:10
LH:8
BRF:0
BRH:0
end_of_record
TN:
SF:backend/modules/roleModule/roleController.js
FN:11,(anonymous_0)
FN:23,(anonymous_1)
FN:34,(anonymous_2)
FN:42,(anonymous_3)
FN:69,(anonymous_4)
FNF:5
FNH:4
FNDA:43,(anonymous_0)
FNDA:1,(anonymous_1)
FNDA:1,(anonymous_2)
FNDA:1,(anonymous_3)
FNDA:0,(anonymous_4)
DA:1,29
DA:2,29
DA:3,29
DA:4,29
DA:5,29
DA:6,29
DA:7,29
DA:9,29
DA:11,29
DA:12,43
DA:14,43
DA:16,43
DA:18,43
DA:23,29
DA:24,1
DA:26,1
DA:28,1
DA:29,1
DA:30,1
DA:34,29
DA:35,1
DA:37,1
DA:38,1
DA:39,0
DA:40,1
DA:42,29
DA:43,1
DA:45,1
DA:46,0
DA:48,1
DA:49,1
DA:54,1
DA:56,1
DA:57,1
DA:62,0
DA:66,0
DA:69,29
DA:70,0
DA:72,0
DA:74,0
DA:75,0
DA:76,0
LF:42
LH:33
BRDA:16,0,0,0
BRDA:16,0,1,43
BRDA:28,1,0,0
BRDA:28,1,1,1
BRDA:29,2,0,0
BRDA:29,2,1,1
BRDA:37,3,0,0
BRDA:37,3,1,1
BRDA:38,4,0,0
BRDA:38,4,1,1
BRDA:38,5,0,1
BRDA:38,5,1,1
BRDA:45,6,0,0
BRDA:45,6,1,1
BRDA:54,7,0,0
BRDA:54,7,1,1
BRDA:56,8,0,1
BRDA:56,8,1,0
BRDA:74,9,0,0
BRDA:74,9,1,0
BRDA:75,10,0,0
BRDA:75,10,1,0
BRF:22
BRH:10
end_of_record
TN:
SF:backend/modules/roleModule/roleRouter.js
FNF:0
FNH:0
DA:1,29
DA:2,29
DA:3,29
DA:10,29
DA:11,29
DA:12,29
DA:13,29
DA:14,29
DA:17,29
DA:20,29
DA:29,29
DA:32,29
DA:41,29
DA:49,29
LF:14
LH:14
BRF:0
BRH:0
end_of_record
TN:
SF:backend/modules/roleModule/middlewares/validators/deleteRoleValidator.js
FNF:0
FNH:0
DA:1,29
DA:2,29
DA:4,29
DA:13,29
LF:4
LH:4
BRF:0
BRH:0
end_of_record
TN:
SF:backend/modules/roleModule/middlewares/validators/getRoleValidator.js
FNF:0
FNH:0
DA:1,29
DA:2,29
DA:3,29
DA:5,29
DA:14,29
LF:5
LH:5
BRF:0
BRH:0
end_of_record
TN:
SF:backend/modules/roleModule/middlewares/validators/postRoleValidator.js
FNF:0
FNH:0
DA:1,29
DA:2,29
DA:4,29
DA:23,29
LF:4
LH:4
BRF:0
BRH:0
end_of_record
TN:
SF:backend/modules/roleModule/middlewares/validators/putRoleValidator.js
FNF:0
FNH:0
DA:1,29
DA:2,29
DA:4,29
DA:33,29
LF:4
LH:4
BRF:0
BRH:0
end_of_record
TN:
SF:backend/modules/roleModule/services/createRoleService.js
FN:3,(anonymous_0)
FNF:1
FNH:1
FNDA:43,(anonymous_0)
DA:1,29
DA:3,29
DA:4,43
DA:5,43
DA:7,43
DA:9,0
DA:16,29
LF:7
LH:6
BRF:0
BRH:0
end_of_record
TN:
SF:backend/modules/roleModule/services/deleteRoleService.js
FN:3,(anonymous_0)
FNF:1
FNH:0
FNDA:0,(anonymous_0)
DA:1,29
DA:3,29
DA:4,0
DA:5,0
DA:9,0
DA:11,0
DA:15,29
LF:7
LH:3
BRF:0
BRH:0
end_of_record
TN:
SF:backend/modules/roleModule/services/getRoleService.js
FN:3,(anonymous_0)
FNF:1
FNH:1
FNDA:1,(anonymous_0)
DA:1,29
DA:3,29
DA:4,1
DA:5,1
DA:10,1
DA:12,0
DA:19,29
LF:7
LH:6
BRF:0
BRH:0
end_of_record
TN:
SF:backend/modules/roleModule/services/listRoleService.js
FN:3,(anonymous_0)
FNF:1
FNH:1
FNDA:1,(anonymous_0)
DA:1,29
DA:3,29
DA:4,1
DA:5,1
DA:9,1
DA:11,0
DA:18,29
LF:7
LH:6
BRF:0
BRH:0
end_of_record
TN:
SF:backend/modules/roleModule/services/putRoleService.js
FN:3,(anonymous_0)
FNF:1
FNH:1
FNDA:1,(anonymous_0)
DA:1,29
DA:3,29
DA:4,1
DA:5,1
DA:7,1
DA:12,1
DA:14,0
DA:18,29
LF:8
LH:7
BRF:0
BRH:0
end_of_record
TN:
SF:backend/modules/userModule/userController.js
FN:12,(anonymous_0)
FN:21,(anonymous_1)
FN:28,(anonymous_2)
FN:73,(anonymous_3)
FNF:4
FNH:3
FNDA:1,(anonymous_0)
FNDA:1,(anonymous_1)
FNDA:12,(anonymous_2)
FNDA:0,(anonymous_3)
DA:1,29
DA:2,29
DA:3,29
DA:4,29
DA:5,29
DA:6,29
DA:7,29
DA:8,29
DA:10,29
DA:12,29
DA:13,1
DA:15,1
DA:17,1
DA:18,1
DA:19,1
DA:21,29
DA:22,1
DA:24,1
DA:25,1
DA:26,1
DA:28,29
DA:29,12
DA:30,12
DA:32,12
DA:33,0
DA:34,12
DA:36,12
DA:37,12
DA:39,11
DA:41,11
DA:42,0
DA:43,11
DA:45,12
DA:47,0
DA:49,0
DA:52,12
DA:58,12
DA:60,12
DA:61,12
DA:66,0
DA:70,0
DA:73,29
DA:74,0
DA:76,0
DA:78,0
DA:79,0
DA:80,0
LF:47
LH:36
BRDA:17,0,0,0
BRDA:17,0,1,1
BRDA:18,1,0,0
BRDA:18,1,1,1
BRDA:24,2,0,0
BRDA:24,2,1,1
BRDA:25,3,0,0
BRDA:25,3,1,1
BRDA:32,4,0,0
BRDA:32,4,1,12
BRDA:37,5,0,11
BRDA:37,5,1,1
BRDA:41,6,0,0
BRDA:41,6,1,11
BRDA:43,7,0,0
BRDA:43,7,1,11
BRDA:45,8,0,0
BRDA:45,8,1,12
BRDA:49,9,0,0
BRDA:49,9,1,0
BRDA:58,10,0,0
BRDA:58,10,1,12
BRDA:60,11,0,12
BRDA:60,11,1,0
BRDA:78,12,0,0
BRDA:78,12,1,0
BRDA:79,13,0,0
BRDA:79,13,1,0
BRF:28
BRH:12
end_of_record
TN:
SF:backend/modules/userModule/userRouter.js
FNF:0
FNH:0
DA:1,29
DA:2,29
DA:3,29
DA:4,29
DA:5,29
DA:6,29
DA:7,29
DA:8,29
DA:10,29
DA:13,29
DA:16,29
DA:25,29
DA:33,29
LF:13
LH:13
BRF:0
BRH:0
end_of_record
TN:
SF:backend/modules/userModule/middlewares/validators/deleteUserValidator.js
FNF:0
FNH:0
DA:1,29
DA:2,29
DA:4,29
DA:13,29
LF:4
LH:4
BRF:0
BRH:0
end_of_record
TN:
SF:backend/modules/userModule/middlewares/validators/getUserValidator.js
FNF:0
FNH:0
DA:1,29
DA:3,29
DA:5,29
DA:14,29
LF:4
LH:4
BRF:0
BRH:0
end_of_record
TN:
SF:backend/modules/userModule/middlewares/validators/listUsersValidator.js
FN:1,(anonymous_0)
FNF:1
FNH:0
FNDA:0,(anonymous_0)
DA:1,29
DA:3,29
LF:2
LH:2
BRF:0
BRH:0
end_of_record
TN:
SF:backend/modules/userModule/middlewares/validators/putUserValidator.js
FN:63,(anonymous_0)
FNF:1
FNH:0
FNDA:0,(anonymous_0)
DA:1,29
DA:2,29
DA:3,29
DA:5,29
DA:64,0
DA:65,0
DA:67,0
DA:75,29
LF:8
LH:5
BRDA:64,0,0,0
BRDA:64,0,1,0
BRF:2
BRH:0
end_of_record
TN:
SF:backend/modules/userModule/services/deleteUserService.js
FN:3,(anonymous_0)
FNF:1
FNH:0
FNDA:0,(anonymous_0)
DA:1,29
DA:3,29
DA:4,0
DA:5,0
DA:9,0
DA:11,0
DA:15,29
LF:7
LH:3
BRF:0
BRH:0
end_of_record
TN:
SF:backend/modules/userModule/services/findUserService.js
FN:3,(anonymous_0)
FNF:1
FNH:1
FNDA:1,(anonymous_0)
DA:1,29
DA:3,29
DA:4,1
DA:5,1
DA:18,1
DA:20,0
DA:24,29
LF:7
LH:6
BRF:0
BRH:0
end_of_record
TN:
SF:backend/modules/userModule/services/listUsersService.js
FN:3,(anonymous_0)
FNF:1
FNH:1
FNDA:1,(anonymous_0)
DA:1,29
DA:3,29
DA:4,1
DA:5,1
DA:17,1
DA:19,0
DA:23,29
LF:7
LH:6
BRF:0
BRH:0
end_of_record
TN:
SF:backend/modules/userModule/services/putUserClassroomService.js
FN:3,(anonymous_0)
FN:16,(anonymous_1)
FN:25,(anonymous_2)
FNF:3
FNH:0
FNDA:0,(anonymous_0)
FNDA:0,(anonymous_1)
FNDA:0,(anonymous_2)
DA:1,29
DA:3,29
DA:4,0
DA:5,0
DA:12,0
DA:15,0
DA:16,0
DA:17,0
DA:20,0
DA:25,0
DA:26,0
DA:29,0
DA:32,0
DA:34,0
DA:39,0
DA:46,29
LF:16
LH:3
BRDA:15,0,0,0
BRDA:15,0,1,0
BRDA:15,1,0,0
BRDA:15,1,1,0
BRF:4
BRH:0
end_of_record
TN:
SF:backend/modules/userModule/services/putUserRoleService.js
FN:3,(anonymous_0)
FN:12,(anonymous_1)
FN:15,(anonymous_2)
FN:33,(anonymous_3)
FNF:4
FNH:4
FNDA:11,(anonymous_0)
FNDA:11,(anonymous_1)
FNDA:11,(anonymous_2)
FNDA:11,(anonymous_3)
DA:1,29
DA:3,29
DA:4,11
DA:5,11
DA:10,11
DA:11,11
DA:12,11
DA:15,11
DA:16,11
DA:19,11
DA:20,0
DA:30,11
DA:32,11
DA:34,11
DA:35,11
DA:38,11
DA:40,11
DA:50,11
DA:52,0
DA:53,0
DA:61,29
LF:21
LH:18
BRDA:19,0,0,0
BRDA:19,0,1,11
BRF:2
BRH:1
end_of_record
TN:
SF:backend/modules/userModule/services/putUserService.js
FN:3,(anonymous_0)
FNF:1
FNH:1
FNDA:12,(anonymous_0)
DA:1,29
DA:3,29
DA:4,12
DA:5,12
DA:7,12
DA:22,12
DA:24,0
DA:25,0
DA:29,29
LF:9
LH:7
BRF:0
BRH:0
end_of_record
TN:
SF:backend/routes/index.js
FN:6,(anonymous_0)
FNF:1
FNH:0
FNDA:0,(anonymous_0)
DA:1,29
DA:3,29
DA:6,29
DA:7,0
DA:10,29
LF:5
LH:4
BRF:0
BRH:0
end_of_record
TN:
SF:backend/service/backup.js
FN:19,(anonymous_0)
FN:29,(anonymous_1)
FN:34,(anonymous_2)
FNF:3
FNH:0
FNDA:0,(anonymous_0)
FNDA:0,(anonymous_1)
FNDA:0,(anonymous_2)
DA:1,29
DA:2,29
DA:3,29
DA:4,29
DA:6,29
DA:8,29
DA:9,29
DA:10,29
DA:11,29
DA:12,29
DA:14,29
DA:15,29
DA:17,29
DA:19,29
DA:20,0
DA:21,0
DA:22,0
DA:24,0
DA:32,0
DA:35,0
DA:39,29
LF:21
LH:15
BRDA:21,0,0,0
BRDA:21,0,1,0
BRF:2
BRH:0
end_of_record
TN:
SF:backend/service/mailer.js
FN:48,(anonymous_0)
FN:78,(anonymous_1)
FN:112,(anonymous_2)
FN:166,(anonymous_3)
FN:232,(anonymous_4)
FN:256,(anonymous_5)
FN:282,(anonymous_6)
FN:307,(anonymous_7)
FN:331,(anonymous_8)
FNF:9
FNH:0
FNDA:0,(anonymous_0)
FNDA:0,(anonymous_1)
FNDA:0,(anonymous_2)
FNDA:0,(anonymous_3)
FNDA:0,(anonymous_4)
FNDA:0,(anonymous_5)
FNDA:0,(anonymous_6)
FNDA:0,(anonymous_7)
FNDA:0,(anonymous_8)
DA:1,29
DA:2,29
DA:3,29
DA:4,29
DA:5,29
DA:6,29
DA:7,29
DA:8,29
DA:9,29
DA:10,29
DA:11,29
DA:13,29
DA:15,29
DA:19,29
DA:23,29
DA:24,29
DA:26,29
DA:42,29
DA:44,29
DA:48,29
DA:49,0
DA:54,0
DA:55,0
DA:59,0
DA:63,0
DA:64,0
DA:67,0
DA:73,0
DA:75,0
DA:78,29
DA:79,0
DA:84,0
DA:85,0
DA:90,0
DA:91,0
DA:92,0
DA:99,0
DA:106,0
DA:108,0
DA:112,29
DA:113,0
DA:164,0
DA:166,29
DA:167,0
DA:170,0
DA:220,0
DA:221,0
DA:229,0
DA:232,29
DA:233,0
DA:238,0
DA:240,0
DA:247,0
DA:254,0
DA:256,29
DA:257,0
DA:262,0
DA:263,0
DA:273,0
DA:280,0
DA:282,29
DA:283,0
DA:288,0
DA:290,0
DA:298,0
DA:305,0
DA:307,29
DA:308,0
DA:313,0
DA:315,0
DA:322,0
DA:329,0
DA:331,29
DA:332,0
DA:337,0
DA:339,0
DA:347,0
DA:354,0
LF:78
LH:28
BRDA:44,0,0,0
BRDA:44,0,1,29
BRDA:167,1,0,0
BRDA:167,1,1,0
BRDA:220,2,0,0
BRDA:220,2,1,0
BRF:6
BRH:1
end_of_record
TN:
SF:backend/tasks/emailFromClassroomPost.js
FN:8,(anonymous_0)
FNF:1
FNH:0
FNDA:0,(anonymous_0)
DA:1,29
DA:2,29
DA:3,29
DA:5,29
DA:9,0
DA:10,0
DA:18,29
LF:7
LH:5
BRF:0
BRH:0
end_of_record
TN:
SF:backend/tasks/emailFromEntityPost.js
FN:9,(anonymous_0)
FNF:1
FNH:0
FNDA:0,(anonymous_0)
DA:1,29
DA:3,29
DA:4,29
DA:6,29
DA:10,0
DA:11,0
DA:19,29
LF:7
LH:5
BRF:0
BRH:0
end_of_record
TN:
SF:backend/tasks/emailToAllUsers.js
FN:8,(anonymous_0)
FN:10,(anonymous_1)
FN:19,(anonymous_2)
FN:21,(anonymous_3)
FN:23,(anonymous_4)
FNF:5
FNH:0
FNDA:0,(anonymous_0)
FNDA:0,(anonymous_1)
FNDA:0,(anonymous_2)
FNDA:0,(anonymous_3)
FNDA:0,(anonymous_4)
DA:1,29
DA:2,29
DA:3,29
DA:4,29
DA:6,29
DA:9,0
DA:10,0
DA:11,0
DA:14,0
DA:18,0
DA:19,0
DA:20,0
DA:22,0
DA:23,0
DA:24,0
DA:25,0
DA:29,0
DA:30,0
DA:35,0
DA:39,0
DA:48,29
LF:21
LH:6
BRDA:24,0,0,0
BRDA:24,0,1,0
BRF:2
BRH:0
end_of_record
TN:
SF:backend/tasks/makePgDbBackup.js
FN:7,(anonymous_0)
FNF:1
FNH:0
FNDA:0,(anonymous_0)
DA:1,29
DA:2,29
DA:4,29
DA:8,0
DA:9,0
DA:17,29
LF:6
LH:4
BRF:0
BRH:0
end_of_record
TN:
SF:backend/utils/cleanDirectory.js
FN:3,cleanDirectory
FN:7,(anonymous_1)
FN:8,(anonymous_2)
FNF:3
FNH:3
FNDA:24,cleanDirectory
FNDA:24,(anonymous_1)
FNDA:30,(anonymous_2)
DA:1,15
DA:4,24
DA:5,24
DA:8,30
DA:11,0
DA:15,15
LF:6
LH:5
BRF:0
BRH:0
end_of_record
TN:
SF:backend/utils/errorLogger.js
FN:5,(anonymous_0)
FNF:1
FNH:0
FNDA:0,(anonymous_0)
DA:1,29
DA:3,29
DA:5,29
DA:6,0
DA:7,0
DA:11,29
LF:6
LH:4
BRDA:6,0,0,0
BRDA:6,0,1,0
BRF:2
BRH:0
end_of_record
TN:
SF:backend/utils/errors.js
FN:5,(anonymous_0)
FN:10,(anonymous_1)
FNF:2
FNH:2
FNDA:7,(anonymous_0)
FNDA:7,(anonymous_1)
DA:6,7
DA:7,7
DA:11,7
DA:12,1
DA:14,6
DA:15,3
DA:17,3
DA:18,3
DA:20,0
DA:21,0
DA:23,0
DA:24,0
DA:26,0
DA:27,0
DA:30,0
DA:41,29
LF:16
LH:9
BRDA:11,0,0,1
BRDA:11,0,1,6
BRDA:14,1,0,3
BRDA:14,1,1,3
BRDA:17,2,0,3
BRDA:17,2,1,0
BRDA:20,3,0,0
BRDA:20,3,1,0
BRDA:23,4,0,0
BRDA:23,4,1,0
BRDA:26,5,0,0
BRDA:26,5,1,0
BRF:12
BRH:5
end_of_record
TN:
SF:backend/utils/filterAlbumEmailClients.js
FN:13,(anonymous_0)
FN:44,(anonymous_1)
FN:48,(anonymous_2)
FN:57,(anonymous_3)
FN:59,(anonymous_4)
FN:75,(anonymous_5)
FN:77,(anonymous_6)
FNF:7
FNH:0
FNDA:0,(anonymous_0)
FNDA:0,(anonymous_1)
FNDA:0,(anonymous_2)
FNDA:0,(anonymous_3)
FNDA:0,(anonymous_4)
FNDA:0,(anonymous_5)
FNDA:0,(anonymous_6)
DA:1,29
DA:2,29
DA:3,29
DA:4,29
DA:5,29
DA:6,29
DA:7,29
DA:8,29
DA:10,29
DA:11,29
DA:13,29
DA:14,0
DA:15,0
DA:20,0
DA:43,0
DA:45,0
DA:48,0
DA:51,0
DA:52,0
DA:55,0
DA:58,0
DA:59,0
DA:61,0
DA:74,0
DA:76,0
DA:77,0
DA:78,0
DA:79,0
DA:86,0
DA:90,29
LF:30
LH:12
BRDA:43,0,0,0
BRDA:43,0,1,0
BRDA:51,1,0,0
BRDA:51,1,1,0
BRDA:55,2,0,0
BRDA:55,2,1,0
BRDA:58,3,0,0
BRDA:58,3,1,0
BRDA:62,4,0,0
BRDA:62,4,1,0
BRDA:78,5,0,0
BRDA:78,5,1,0
BRF:12
BRH:0
end_of_record
TN:
SF:backend/utils/filterPaperEmailClients.js
FN:15,(anonymous_0)
FN:39,(anonymous_1)
FN:43,(anonymous_2)
FN:49,(anonymous_3)
FN:53,(anonymous_4)
FN:55,(anonymous_5)
FN:71,(anonymous_6)
FN:73,(anonymous_7)
FNF:8
FNH:0
FNDA:0,(anonymous_0)
FNDA:0,(anonymous_1)
FNDA:0,(anonymous_2)
FNDA:0,(anonymous_3)
FNDA:0,(anonymous_4)
FNDA:0,(anonymous_5)
FNDA:0,(anonymous_6)
FNDA:0,(anonymous_7)
DA:1,29
DA:2,29
DA:3,29
DA:4,29
DA:5,29
DA:6,29
DA:7,29
DA:8,29
DA:10,29
DA:11,29
DA:13,29
DA:15,29
DA:16,0
DA:17,0
DA:22,0
DA:38,0
DA:40,0
DA:44,0
DA:48,0
DA:49,0
DA:51,0
DA:54,0
DA:55,0
DA:57,0
DA:70,0
DA:72,0
DA:73,0
DA:74,0
DA:75,0
DA:83,0
DA:87,29
LF:31
LH:13
BRDA:38,0,0,0
BRDA:38,0,1,0
BRDA:44,1,0,0
BRDA:44,1,1,0
BRDA:48,2,0,0
BRDA:48,2,1,0
BRDA:51,3,0,0
BRDA:51,3,1,0
BRDA:54,4,0,0
BRDA:54,4,1,0
BRDA:58,5,0,0
BRDA:58,5,1,0
BRDA:74,6,0,0
BRDA:74,6,1,0
BRF:14
BRH:0
end_of_record
TN:
SF:backend/utils/slugify.js
FN:1,(anonymous_0)
FNF:1
FNH:1
FNDA:144,(anonymous_0)
DA:1,36
DA:2,144
DA:6,36
LF:3
LH:3
BRF:0
BRH:0
end_of_record
TN:
SF:backend/utils/truncate.js
FN:5,(anonymous_0)
FNF:1
FNH:1
FNDA:68,(anonymous_0)
DA:1,36
DA:2,36
DA:3,36
DA:5,36
DA:6,68
DA:7,68
DA:8,68
DA:9,68
DA:18,0
DA:22,36
LF:10
LH:9
BRF:0
BRH:0
end_of_record
